

================================================================
== Vivado HLS Report for 'myproject_axi'
================================================================
* Date:           Wed Sep  8 19:08:49 2021

* Version:        2020.1 (Build 2897737 on Wed May 27 20:21:37 MDT 2020)
* Project:        myproject_prj
* Solution:       solution1
* Product family: zynq
* Target device:  xc7z020-clg400-1


================================================================
== Performance Estimates
================================================================
+ Timing: 
    * Summary: 
    +--------+---------+----------+------------+
    |  Clock |  Target | Estimated| Uncertainty|
    +--------+---------+----------+------------+
    |ap_clk  | 5.00 ns | 4.039 ns |   0.62 ns  |
    +--------+---------+----------+------------+

+ Latency: 
    * Summary: 
    +---------+---------+----------+----------+-----+-----+---------+
    |  Latency (cycles) |  Latency (absolute) |  Interval | Pipeline|
    |   min   |   max   |    min   |    max   | min | max |   Type  |
    +---------+---------+----------+----------+-----+-----+---------+
    |      139|      143| 0.695 us | 0.715 us |  139|  143|   none  |
    +---------+---------+----------+----------+-----+-----+---------+

    + Detail: 
        * Instance: 
        +----------------------+-----------+---------+---------+----------+----------+-----+-----+----------+
        |                      |           |  Latency (cycles) |  Latency (absolute) |  Interval | Pipeline |
        |       Instance       |   Module  |   min   |   max   |    min   |    max   | min | max |   Type   |
        +----------------------+-----------+---------+---------+----------+----------+-----+-----+----------+
        |grp_myproject_fu_299  |myproject  |      116|      120| 0.580 us | 0.600 us |   32|   32| dataflow |
        +----------------------+-----------+---------+---------+----------+----------+-----+-----+----------+

        * Loop: 
        N/A

============================================================
+ Verbose Summary: Synthesis Manager
============================================================
InlineROM: 1
ExposeGlobal: 0
============================================================
+ Verbose Summary: CDFG Model
============================================================
IsTopModel: 1
ResetActiveHigh: 1
IsCombinational: 0
IsDatapathOnly: 0
HasWiredReturn: 1
HasMFsm: 0
HasVarLatency: 1
IsPipeline: 0
IsRtlPipelined: 0
IsInstanceOverlapped: 0
IsDontTouch: 0
HasImplIP: 0
IsGatedGlobalClock: 0


============================================================
+ Verbose Summary: Schedule
============================================================
* Number of FSM states : 24
* Pipeline : 0
* Dataflow Pipeline: 0

* FSM state transitions: 
1 --> 2 
2 --> 3 
3 --> 4 
4 --> 5 
5 --> 6 
6 --> 7 
7 --> 8 
8 --> 9 
9 --> 10 
10 --> 11 
11 --> 12 
12 --> 13 
13 --> 14 
14 --> 15 
15 --> 16 
16 --> 17 
17 --> 18 
18 --> 19 
19 --> 20 
20 --> 21 
21 --> 22 
22 --> 23 
23 --> 24 
24 --> 

* FSM state operations: 

State 1 <SV = 0> <Delay = 2.32>
ST_1 : Operation 25 [1/1] (0.00ns)   --->   "%in_local_V = alloca i256, align 8" [firmware/myproject_axi.cpp:15]   --->   Operation 25 'alloca' 'in_local_V' <Predicate = true> <Delay = 0.00>
ST_1 : Operation 26 [1/1] (0.00ns)   --->   "%out_local_0 = alloca i16, align 2"   --->   Operation 26 'alloca' 'out_local_0' <Predicate = true> <Delay = 0.00>
ST_1 : Operation 27 [1/1] (0.00ns)   --->   "%out_local_1 = alloca i16, align 2"   --->   Operation 27 'alloca' 'out_local_1' <Predicate = true> <Delay = 0.00>
ST_1 : Operation 28 [1/1] (0.00ns)   --->   "%out_local_2 = alloca i16, align 2"   --->   Operation 28 'alloca' 'out_local_2' <Predicate = true> <Delay = 0.00>
ST_1 : Operation 29 [1/1] (0.00ns)   --->   "%out_local_3 = alloca i16, align 2"   --->   Operation 29 'alloca' 'out_local_3' <Predicate = true> <Delay = 0.00>
ST_1 : Operation 30 [1/1] (0.00ns)   --->   "%out_local_4 = alloca i16, align 2"   --->   Operation 30 'alloca' 'out_local_4' <Predicate = true> <Delay = 0.00>
ST_1 : Operation 31 [1/1] (0.00ns)   --->   "%in_V_addr = getelementptr [16 x i16]* %in_V, i64 0, i64 0" [firmware/myproject_axi.cpp:20]   --->   Operation 31 'getelementptr' 'in_V_addr' <Predicate = true> <Delay = 0.00>
ST_1 : Operation 32 [2/2] (2.32ns)   --->   "%in_V_load = load i16* %in_V_addr, align 2" [firmware/myproject_axi.cpp:20]   --->   Operation 32 'load' 'in_V_load' <Predicate = true> <Delay = 2.32> <Core = "RAM_1P">   --->   Core 44 'RAM_1P' <Latency = 1> <II = 1> <Delay = 2.32> <Storage> <Opcode : 'load' 'store'> <Ports = 1> <Width = 16> <Depth = 5> <RAM>

State 2 <SV = 1> <Delay = 2.32>
ST_2 : Operation 33 [1/2] (2.32ns)   --->   "%in_V_load = load i16* %in_V_addr, align 2" [firmware/myproject_axi.cpp:20]   --->   Operation 33 'load' 'in_V_load' <Predicate = true> <Delay = 2.32> <Core = "RAM_1P">   --->   Core 44 'RAM_1P' <Latency = 1> <II = 1> <Delay = 2.32> <Storage> <Opcode : 'load' 'store'> <Ports = 1> <Width = 16> <Depth = 5> <RAM>
ST_2 : Operation 34 [1/1] (0.00ns)   --->   "%in_V_addr_1 = getelementptr [16 x i16]* %in_V, i64 0, i64 1" [firmware/myproject_axi.cpp:20]   --->   Operation 34 'getelementptr' 'in_V_addr_1' <Predicate = true> <Delay = 0.00>
ST_2 : Operation 35 [2/2] (2.32ns)   --->   "%in_V_load_1 = load i16* %in_V_addr_1, align 2" [firmware/myproject_axi.cpp:20]   --->   Operation 35 'load' 'in_V_load_1' <Predicate = true> <Delay = 2.32> <Core = "RAM_1P">   --->   Core 44 'RAM_1P' <Latency = 1> <II = 1> <Delay = 2.32> <Storage> <Opcode : 'load' 'store'> <Ports = 1> <Width = 16> <Depth = 5> <RAM>

State 3 <SV = 2> <Delay = 2.32>
ST_3 : Operation 36 [1/2] (2.32ns)   --->   "%in_V_load_1 = load i16* %in_V_addr_1, align 2" [firmware/myproject_axi.cpp:20]   --->   Operation 36 'load' 'in_V_load_1' <Predicate = true> <Delay = 2.32> <Core = "RAM_1P">   --->   Core 44 'RAM_1P' <Latency = 1> <II = 1> <Delay = 2.32> <Storage> <Opcode : 'load' 'store'> <Ports = 1> <Width = 16> <Depth = 5> <RAM>
ST_3 : Operation 37 [1/1] (0.00ns)   --->   "%in_V_addr_2 = getelementptr [16 x i16]* %in_V, i64 0, i64 2" [firmware/myproject_axi.cpp:20]   --->   Operation 37 'getelementptr' 'in_V_addr_2' <Predicate = true> <Delay = 0.00>
ST_3 : Operation 38 [2/2] (2.32ns)   --->   "%in_V_load_2 = load i16* %in_V_addr_2, align 2" [firmware/myproject_axi.cpp:20]   --->   Operation 38 'load' 'in_V_load_2' <Predicate = true> <Delay = 2.32> <Core = "RAM_1P">   --->   Core 44 'RAM_1P' <Latency = 1> <II = 1> <Delay = 2.32> <Storage> <Opcode : 'load' 'store'> <Ports = 1> <Width = 16> <Depth = 5> <RAM>

State 4 <SV = 3> <Delay = 2.32>
ST_4 : Operation 39 [1/2] (2.32ns)   --->   "%in_V_load_2 = load i16* %in_V_addr_2, align 2" [firmware/myproject_axi.cpp:20]   --->   Operation 39 'load' 'in_V_load_2' <Predicate = true> <Delay = 2.32> <Core = "RAM_1P">   --->   Core 44 'RAM_1P' <Latency = 1> <II = 1> <Delay = 2.32> <Storage> <Opcode : 'load' 'store'> <Ports = 1> <Width = 16> <Depth = 5> <RAM>
ST_4 : Operation 40 [1/1] (0.00ns)   --->   "%in_V_addr_3 = getelementptr [16 x i16]* %in_V, i64 0, i64 3" [firmware/myproject_axi.cpp:20]   --->   Operation 40 'getelementptr' 'in_V_addr_3' <Predicate = true> <Delay = 0.00>
ST_4 : Operation 41 [2/2] (2.32ns)   --->   "%in_V_load_3 = load i16* %in_V_addr_3, align 2" [firmware/myproject_axi.cpp:20]   --->   Operation 41 'load' 'in_V_load_3' <Predicate = true> <Delay = 2.32> <Core = "RAM_1P">   --->   Core 44 'RAM_1P' <Latency = 1> <II = 1> <Delay = 2.32> <Storage> <Opcode : 'load' 'store'> <Ports = 1> <Width = 16> <Depth = 5> <RAM>

State 5 <SV = 4> <Delay = 2.32>
ST_5 : Operation 42 [1/2] (2.32ns)   --->   "%in_V_load_3 = load i16* %in_V_addr_3, align 2" [firmware/myproject_axi.cpp:20]   --->   Operation 42 'load' 'in_V_load_3' <Predicate = true> <Delay = 2.32> <Core = "RAM_1P">   --->   Core 44 'RAM_1P' <Latency = 1> <II = 1> <Delay = 2.32> <Storage> <Opcode : 'load' 'store'> <Ports = 1> <Width = 16> <Depth = 5> <RAM>
ST_5 : Operation 43 [1/1] (0.00ns)   --->   "%in_V_addr_4 = getelementptr [16 x i16]* %in_V, i64 0, i64 4" [firmware/myproject_axi.cpp:20]   --->   Operation 43 'getelementptr' 'in_V_addr_4' <Predicate = true> <Delay = 0.00>
ST_5 : Operation 44 [2/2] (2.32ns)   --->   "%in_V_load_4 = load i16* %in_V_addr_4, align 2" [firmware/myproject_axi.cpp:20]   --->   Operation 44 'load' 'in_V_load_4' <Predicate = true> <Delay = 2.32> <Core = "RAM_1P">   --->   Core 44 'RAM_1P' <Latency = 1> <II = 1> <Delay = 2.32> <Storage> <Opcode : 'load' 'store'> <Ports = 1> <Width = 16> <Depth = 5> <RAM>

State 6 <SV = 5> <Delay = 2.32>
ST_6 : Operation 45 [1/2] (2.32ns)   --->   "%in_V_load_4 = load i16* %in_V_addr_4, align 2" [firmware/myproject_axi.cpp:20]   --->   Operation 45 'load' 'in_V_load_4' <Predicate = true> <Delay = 2.32> <Core = "RAM_1P">   --->   Core 44 'RAM_1P' <Latency = 1> <II = 1> <Delay = 2.32> <Storage> <Opcode : 'load' 'store'> <Ports = 1> <Width = 16> <Depth = 5> <RAM>
ST_6 : Operation 46 [1/1] (0.00ns)   --->   "%in_V_addr_5 = getelementptr [16 x i16]* %in_V, i64 0, i64 5" [firmware/myproject_axi.cpp:20]   --->   Operation 46 'getelementptr' 'in_V_addr_5' <Predicate = true> <Delay = 0.00>
ST_6 : Operation 47 [2/2] (2.32ns)   --->   "%in_V_load_5 = load i16* %in_V_addr_5, align 2" [firmware/myproject_axi.cpp:20]   --->   Operation 47 'load' 'in_V_load_5' <Predicate = true> <Delay = 2.32> <Core = "RAM_1P">   --->   Core 44 'RAM_1P' <Latency = 1> <II = 1> <Delay = 2.32> <Storage> <Opcode : 'load' 'store'> <Ports = 1> <Width = 16> <Depth = 5> <RAM>

State 7 <SV = 6> <Delay = 2.32>
ST_7 : Operation 48 [1/2] (2.32ns)   --->   "%in_V_load_5 = load i16* %in_V_addr_5, align 2" [firmware/myproject_axi.cpp:20]   --->   Operation 48 'load' 'in_V_load_5' <Predicate = true> <Delay = 2.32> <Core = "RAM_1P">   --->   Core 44 'RAM_1P' <Latency = 1> <II = 1> <Delay = 2.32> <Storage> <Opcode : 'load' 'store'> <Ports = 1> <Width = 16> <Depth = 5> <RAM>
ST_7 : Operation 49 [1/1] (0.00ns)   --->   "%in_V_addr_6 = getelementptr [16 x i16]* %in_V, i64 0, i64 6" [firmware/myproject_axi.cpp:20]   --->   Operation 49 'getelementptr' 'in_V_addr_6' <Predicate = true> <Delay = 0.00>
ST_7 : Operation 50 [2/2] (2.32ns)   --->   "%in_V_load_6 = load i16* %in_V_addr_6, align 2" [firmware/myproject_axi.cpp:20]   --->   Operation 50 'load' 'in_V_load_6' <Predicate = true> <Delay = 2.32> <Core = "RAM_1P">   --->   Core 44 'RAM_1P' <Latency = 1> <II = 1> <Delay = 2.32> <Storage> <Opcode : 'load' 'store'> <Ports = 1> <Width = 16> <Depth = 5> <RAM>

State 8 <SV = 7> <Delay = 2.32>
ST_8 : Operation 51 [1/2] (2.32ns)   --->   "%in_V_load_6 = load i16* %in_V_addr_6, align 2" [firmware/myproject_axi.cpp:20]   --->   Operation 51 'load' 'in_V_load_6' <Predicate = true> <Delay = 2.32> <Core = "RAM_1P">   --->   Core 44 'RAM_1P' <Latency = 1> <II = 1> <Delay = 2.32> <Storage> <Opcode : 'load' 'store'> <Ports = 1> <Width = 16> <Depth = 5> <RAM>
ST_8 : Operation 52 [1/1] (0.00ns)   --->   "%in_V_addr_7 = getelementptr [16 x i16]* %in_V, i64 0, i64 7" [firmware/myproject_axi.cpp:20]   --->   Operation 52 'getelementptr' 'in_V_addr_7' <Predicate = true> <Delay = 0.00>
ST_8 : Operation 53 [2/2] (2.32ns)   --->   "%in_V_load_7 = load i16* %in_V_addr_7, align 2" [firmware/myproject_axi.cpp:20]   --->   Operation 53 'load' 'in_V_load_7' <Predicate = true> <Delay = 2.32> <Core = "RAM_1P">   --->   Core 44 'RAM_1P' <Latency = 1> <II = 1> <Delay = 2.32> <Storage> <Opcode : 'load' 'store'> <Ports = 1> <Width = 16> <Depth = 5> <RAM>

State 9 <SV = 8> <Delay = 2.32>
ST_9 : Operation 54 [1/2] (2.32ns)   --->   "%in_V_load_7 = load i16* %in_V_addr_7, align 2" [firmware/myproject_axi.cpp:20]   --->   Operation 54 'load' 'in_V_load_7' <Predicate = true> <Delay = 2.32> <Core = "RAM_1P">   --->   Core 44 'RAM_1P' <Latency = 1> <II = 1> <Delay = 2.32> <Storage> <Opcode : 'load' 'store'> <Ports = 1> <Width = 16> <Depth = 5> <RAM>
ST_9 : Operation 55 [1/1] (0.00ns)   --->   "%in_V_addr_8 = getelementptr [16 x i16]* %in_V, i64 0, i64 8" [firmware/myproject_axi.cpp:20]   --->   Operation 55 'getelementptr' 'in_V_addr_8' <Predicate = true> <Delay = 0.00>
ST_9 : Operation 56 [2/2] (2.32ns)   --->   "%in_V_load_8 = load i16* %in_V_addr_8, align 2" [firmware/myproject_axi.cpp:20]   --->   Operation 56 'load' 'in_V_load_8' <Predicate = true> <Delay = 2.32> <Core = "RAM_1P">   --->   Core 44 'RAM_1P' <Latency = 1> <II = 1> <Delay = 2.32> <Storage> <Opcode : 'load' 'store'> <Ports = 1> <Width = 16> <Depth = 5> <RAM>

State 10 <SV = 9> <Delay = 2.32>
ST_10 : Operation 57 [1/2] (2.32ns)   --->   "%in_V_load_8 = load i16* %in_V_addr_8, align 2" [firmware/myproject_axi.cpp:20]   --->   Operation 57 'load' 'in_V_load_8' <Predicate = true> <Delay = 2.32> <Core = "RAM_1P">   --->   Core 44 'RAM_1P' <Latency = 1> <II = 1> <Delay = 2.32> <Storage> <Opcode : 'load' 'store'> <Ports = 1> <Width = 16> <Depth = 5> <RAM>
ST_10 : Operation 58 [1/1] (0.00ns)   --->   "%in_V_addr_9 = getelementptr [16 x i16]* %in_V, i64 0, i64 9" [firmware/myproject_axi.cpp:20]   --->   Operation 58 'getelementptr' 'in_V_addr_9' <Predicate = true> <Delay = 0.00>
ST_10 : Operation 59 [2/2] (2.32ns)   --->   "%in_V_load_9 = load i16* %in_V_addr_9, align 2" [firmware/myproject_axi.cpp:20]   --->   Operation 59 'load' 'in_V_load_9' <Predicate = true> <Delay = 2.32> <Core = "RAM_1P">   --->   Core 44 'RAM_1P' <Latency = 1> <II = 1> <Delay = 2.32> <Storage> <Opcode : 'load' 'store'> <Ports = 1> <Width = 16> <Depth = 5> <RAM>

State 11 <SV = 10> <Delay = 2.32>
ST_11 : Operation 60 [1/2] (2.32ns)   --->   "%in_V_load_9 = load i16* %in_V_addr_9, align 2" [firmware/myproject_axi.cpp:20]   --->   Operation 60 'load' 'in_V_load_9' <Predicate = true> <Delay = 2.32> <Core = "RAM_1P">   --->   Core 44 'RAM_1P' <Latency = 1> <II = 1> <Delay = 2.32> <Storage> <Opcode : 'load' 'store'> <Ports = 1> <Width = 16> <Depth = 5> <RAM>
ST_11 : Operation 61 [1/1] (0.00ns)   --->   "%in_V_addr_10 = getelementptr [16 x i16]* %in_V, i64 0, i64 10" [firmware/myproject_axi.cpp:20]   --->   Operation 61 'getelementptr' 'in_V_addr_10' <Predicate = true> <Delay = 0.00>
ST_11 : Operation 62 [2/2] (2.32ns)   --->   "%in_V_load_10 = load i16* %in_V_addr_10, align 2" [firmware/myproject_axi.cpp:20]   --->   Operation 62 'load' 'in_V_load_10' <Predicate = true> <Delay = 2.32> <Core = "RAM_1P">   --->   Core 44 'RAM_1P' <Latency = 1> <II = 1> <Delay = 2.32> <Storage> <Opcode : 'load' 'store'> <Ports = 1> <Width = 16> <Depth = 5> <RAM>

State 12 <SV = 11> <Delay = 2.32>
ST_12 : Operation 63 [1/2] (2.32ns)   --->   "%in_V_load_10 = load i16* %in_V_addr_10, align 2" [firmware/myproject_axi.cpp:20]   --->   Operation 63 'load' 'in_V_load_10' <Predicate = true> <Delay = 2.32> <Core = "RAM_1P">   --->   Core 44 'RAM_1P' <Latency = 1> <II = 1> <Delay = 2.32> <Storage> <Opcode : 'load' 'store'> <Ports = 1> <Width = 16> <Depth = 5> <RAM>
ST_12 : Operation 64 [1/1] (0.00ns)   --->   "%in_V_addr_11 = getelementptr [16 x i16]* %in_V, i64 0, i64 11" [firmware/myproject_axi.cpp:20]   --->   Operation 64 'getelementptr' 'in_V_addr_11' <Predicate = true> <Delay = 0.00>
ST_12 : Operation 65 [2/2] (2.32ns)   --->   "%in_V_load_11 = load i16* %in_V_addr_11, align 2" [firmware/myproject_axi.cpp:20]   --->   Operation 65 'load' 'in_V_load_11' <Predicate = true> <Delay = 2.32> <Core = "RAM_1P">   --->   Core 44 'RAM_1P' <Latency = 1> <II = 1> <Delay = 2.32> <Storage> <Opcode : 'load' 'store'> <Ports = 1> <Width = 16> <Depth = 5> <RAM>

State 13 <SV = 12> <Delay = 2.32>
ST_13 : Operation 66 [1/2] (2.32ns)   --->   "%in_V_load_11 = load i16* %in_V_addr_11, align 2" [firmware/myproject_axi.cpp:20]   --->   Operation 66 'load' 'in_V_load_11' <Predicate = true> <Delay = 2.32> <Core = "RAM_1P">   --->   Core 44 'RAM_1P' <Latency = 1> <II = 1> <Delay = 2.32> <Storage> <Opcode : 'load' 'store'> <Ports = 1> <Width = 16> <Depth = 5> <RAM>
ST_13 : Operation 67 [1/1] (0.00ns)   --->   "%in_V_addr_12 = getelementptr [16 x i16]* %in_V, i64 0, i64 12" [firmware/myproject_axi.cpp:20]   --->   Operation 67 'getelementptr' 'in_V_addr_12' <Predicate = true> <Delay = 0.00>
ST_13 : Operation 68 [2/2] (2.32ns)   --->   "%in_V_load_12 = load i16* %in_V_addr_12, align 2" [firmware/myproject_axi.cpp:20]   --->   Operation 68 'load' 'in_V_load_12' <Predicate = true> <Delay = 2.32> <Core = "RAM_1P">   --->   Core 44 'RAM_1P' <Latency = 1> <II = 1> <Delay = 2.32> <Storage> <Opcode : 'load' 'store'> <Ports = 1> <Width = 16> <Depth = 5> <RAM>

State 14 <SV = 13> <Delay = 2.32>
ST_14 : Operation 69 [1/2] (2.32ns)   --->   "%in_V_load_12 = load i16* %in_V_addr_12, align 2" [firmware/myproject_axi.cpp:20]   --->   Operation 69 'load' 'in_V_load_12' <Predicate = true> <Delay = 2.32> <Core = "RAM_1P">   --->   Core 44 'RAM_1P' <Latency = 1> <II = 1> <Delay = 2.32> <Storage> <Opcode : 'load' 'store'> <Ports = 1> <Width = 16> <Depth = 5> <RAM>
ST_14 : Operation 70 [1/1] (0.00ns)   --->   "%in_V_addr_13 = getelementptr [16 x i16]* %in_V, i64 0, i64 13" [firmware/myproject_axi.cpp:20]   --->   Operation 70 'getelementptr' 'in_V_addr_13' <Predicate = true> <Delay = 0.00>
ST_14 : Operation 71 [2/2] (2.32ns)   --->   "%in_V_load_13 = load i16* %in_V_addr_13, align 2" [firmware/myproject_axi.cpp:20]   --->   Operation 71 'load' 'in_V_load_13' <Predicate = true> <Delay = 2.32> <Core = "RAM_1P">   --->   Core 44 'RAM_1P' <Latency = 1> <II = 1> <Delay = 2.32> <Storage> <Opcode : 'load' 'store'> <Ports = 1> <Width = 16> <Depth = 5> <RAM>

State 15 <SV = 14> <Delay = 2.32>
ST_15 : Operation 72 [1/2] (2.32ns)   --->   "%in_V_load_13 = load i16* %in_V_addr_13, align 2" [firmware/myproject_axi.cpp:20]   --->   Operation 72 'load' 'in_V_load_13' <Predicate = true> <Delay = 2.32> <Core = "RAM_1P">   --->   Core 44 'RAM_1P' <Latency = 1> <II = 1> <Delay = 2.32> <Storage> <Opcode : 'load' 'store'> <Ports = 1> <Width = 16> <Depth = 5> <RAM>
ST_15 : Operation 73 [1/1] (0.00ns)   --->   "%in_V_addr_14 = getelementptr [16 x i16]* %in_V, i64 0, i64 14" [firmware/myproject_axi.cpp:20]   --->   Operation 73 'getelementptr' 'in_V_addr_14' <Predicate = true> <Delay = 0.00>
ST_15 : Operation 74 [2/2] (2.32ns)   --->   "%in_V_load_14 = load i16* %in_V_addr_14, align 2" [firmware/myproject_axi.cpp:20]   --->   Operation 74 'load' 'in_V_load_14' <Predicate = true> <Delay = 2.32> <Core = "RAM_1P">   --->   Core 44 'RAM_1P' <Latency = 1> <II = 1> <Delay = 2.32> <Storage> <Opcode : 'load' 'store'> <Ports = 1> <Width = 16> <Depth = 5> <RAM>

State 16 <SV = 15> <Delay = 2.32>
ST_16 : Operation 75 [1/2] (2.32ns)   --->   "%in_V_load_14 = load i16* %in_V_addr_14, align 2" [firmware/myproject_axi.cpp:20]   --->   Operation 75 'load' 'in_V_load_14' <Predicate = true> <Delay = 2.32> <Core = "RAM_1P">   --->   Core 44 'RAM_1P' <Latency = 1> <II = 1> <Delay = 2.32> <Storage> <Opcode : 'load' 'store'> <Ports = 1> <Width = 16> <Depth = 5> <RAM>
ST_16 : Operation 76 [1/1] (0.00ns)   --->   "%in_V_addr_15 = getelementptr [16 x i16]* %in_V, i64 0, i64 15" [firmware/myproject_axi.cpp:20]   --->   Operation 76 'getelementptr' 'in_V_addr_15' <Predicate = true> <Delay = 0.00>
ST_16 : Operation 77 [2/2] (2.32ns)   --->   "%in_V_load_15 = load i16* %in_V_addr_15, align 2" [firmware/myproject_axi.cpp:20]   --->   Operation 77 'load' 'in_V_load_15' <Predicate = true> <Delay = 2.32> <Core = "RAM_1P">   --->   Core 44 'RAM_1P' <Latency = 1> <II = 1> <Delay = 2.32> <Storage> <Opcode : 'load' 'store'> <Ports = 1> <Width = 16> <Depth = 5> <RAM>

State 17 <SV = 16> <Delay = 2.32>
ST_17 : Operation 78 [1/2] (2.32ns)   --->   "%in_V_load_15 = load i16* %in_V_addr_15, align 2" [firmware/myproject_axi.cpp:20]   --->   Operation 78 'load' 'in_V_load_15' <Predicate = true> <Delay = 2.32> <Core = "RAM_1P">   --->   Core 44 'RAM_1P' <Latency = 1> <II = 1> <Delay = 2.32> <Storage> <Opcode : 'load' 'store'> <Ports = 1> <Width = 16> <Depth = 5> <RAM>
ST_17 : Operation 79 [1/1] (0.00ns)   --->   "%in_local_V_1 = call i256 @_ssdm_op_BitConcatenate.i256.i16.i16.i16.i16.i16.i16.i16.i16.i16.i16.i16.i16.i16.i16.i16.i16(i16 %in_V_load_15, i16 %in_V_load_14, i16 %in_V_load_13, i16 %in_V_load_12, i16 %in_V_load_11, i16 %in_V_load_10, i16 %in_V_load_9, i16 %in_V_load_8, i16 %in_V_load_7, i16 %in_V_load_6, i16 %in_V_load_5, i16 %in_V_load_4, i16 %in_V_load_3, i16 %in_V_load_2, i16 %in_V_load_1, i16 %in_V_load)" [firmware/myproject_axi.cpp:20]   --->   Operation 79 'bitconcatenate' 'in_local_V_1' <Predicate = true> <Delay = 0.00>
ST_17 : Operation 80 [1/1] (0.00ns)   --->   "store i256 %in_local_V_1, i256* %in_local_V, align 8" [firmware/myproject_axi.cpp:20]   --->   Operation 80 'store' <Predicate = true> <Delay = 0.00>

State 18 <SV = 17> <Delay = 0.00>
ST_18 : Operation 81 [2/2] (0.00ns)   --->   "call fastcc void @myproject(i256* %in_local_V, i16* %out_local_0, i16* %out_local_1, i16* %out_local_2, i16* %out_local_3, i16* %out_local_4)"   --->   Operation 81 'call' <Predicate = true> <Delay = 0.00> <CoreType = "Generic">   --->   Core 0 '' <Latency = 0> <II = 1> <Delay = 1.00> <Generic> <Opcode : >

State 19 <SV = 18> <Delay = 0.00>
ST_19 : Operation 82 [1/2] (0.00ns)   --->   "call fastcc void @myproject(i256* %in_local_V, i16* %out_local_0, i16* %out_local_1, i16* %out_local_2, i16* %out_local_3, i16* %out_local_4)"   --->   Operation 82 'call' <Predicate = true> <Delay = 0.00> <CoreType = "Generic">   --->   Core 0 '' <Latency = 0> <II = 1> <Delay = 1.00> <Generic> <Opcode : >

State 20 <SV = 19> <Delay = 2.32>
ST_20 : Operation 83 [1/1] (0.00ns)   --->   "%out_local_0_load = load i16* %out_local_0, align 2" [firmware/myproject_axi.cpp:27]   --->   Operation 83 'load' 'out_local_0_load' <Predicate = true> <Delay = 0.00>
ST_20 : Operation 84 [1/1] (0.00ns)   --->   "%out_V_addr = getelementptr [5 x i16]* %out_V, i64 0, i64 0" [firmware/myproject_axi.cpp:27]   --->   Operation 84 'getelementptr' 'out_V_addr' <Predicate = true> <Delay = 0.00>
ST_20 : Operation 85 [1/1] (2.32ns)   --->   "store i16 %out_local_0_load, i16* %out_V_addr, align 2" [firmware/myproject_axi.cpp:27]   --->   Operation 85 'store' <Predicate = true> <Delay = 2.32> <Core = "RAM_1P">   --->   Core 44 'RAM_1P' <Latency = 1> <II = 1> <Delay = 2.32> <Storage> <Opcode : 'load' 'store'> <Ports = 1> <Width = 16> <Depth = 5> <RAM>

State 21 <SV = 20> <Delay = 2.32>
ST_21 : Operation 86 [1/1] (0.00ns)   --->   "%out_local_1_load = load i16* %out_local_1, align 2" [firmware/myproject_axi.cpp:27]   --->   Operation 86 'load' 'out_local_1_load' <Predicate = true> <Delay = 0.00>
ST_21 : Operation 87 [1/1] (0.00ns)   --->   "%out_V_addr_1 = getelementptr [5 x i16]* %out_V, i64 0, i64 1" [firmware/myproject_axi.cpp:27]   --->   Operation 87 'getelementptr' 'out_V_addr_1' <Predicate = true> <Delay = 0.00>
ST_21 : Operation 88 [1/1] (2.32ns)   --->   "store i16 %out_local_1_load, i16* %out_V_addr_1, align 2" [firmware/myproject_axi.cpp:27]   --->   Operation 88 'store' <Predicate = true> <Delay = 2.32> <Core = "RAM_1P">   --->   Core 44 'RAM_1P' <Latency = 1> <II = 1> <Delay = 2.32> <Storage> <Opcode : 'load' 'store'> <Ports = 1> <Width = 16> <Depth = 5> <RAM>

State 22 <SV = 21> <Delay = 2.32>
ST_22 : Operation 89 [1/1] (0.00ns)   --->   "%out_local_2_load = load i16* %out_local_2, align 2" [firmware/myproject_axi.cpp:27]   --->   Operation 89 'load' 'out_local_2_load' <Predicate = true> <Delay = 0.00>
ST_22 : Operation 90 [1/1] (0.00ns)   --->   "%out_V_addr_2 = getelementptr [5 x i16]* %out_V, i64 0, i64 2" [firmware/myproject_axi.cpp:27]   --->   Operation 90 'getelementptr' 'out_V_addr_2' <Predicate = true> <Delay = 0.00>
ST_22 : Operation 91 [1/1] (2.32ns)   --->   "store i16 %out_local_2_load, i16* %out_V_addr_2, align 2" [firmware/myproject_axi.cpp:27]   --->   Operation 91 'store' <Predicate = true> <Delay = 2.32> <Core = "RAM_1P">   --->   Core 44 'RAM_1P' <Latency = 1> <II = 1> <Delay = 2.32> <Storage> <Opcode : 'load' 'store'> <Ports = 1> <Width = 16> <Depth = 5> <RAM>

State 23 <SV = 22> <Delay = 2.32>
ST_23 : Operation 92 [1/1] (0.00ns)   --->   "%out_local_3_load = load i16* %out_local_3, align 2" [firmware/myproject_axi.cpp:27]   --->   Operation 92 'load' 'out_local_3_load' <Predicate = true> <Delay = 0.00>
ST_23 : Operation 93 [1/1] (0.00ns)   --->   "%out_V_addr_3 = getelementptr [5 x i16]* %out_V, i64 0, i64 3" [firmware/myproject_axi.cpp:27]   --->   Operation 93 'getelementptr' 'out_V_addr_3' <Predicate = true> <Delay = 0.00>
ST_23 : Operation 94 [1/1] (2.32ns)   --->   "store i16 %out_local_3_load, i16* %out_V_addr_3, align 2" [firmware/myproject_axi.cpp:27]   --->   Operation 94 'store' <Predicate = true> <Delay = 2.32> <Core = "RAM_1P">   --->   Core 44 'RAM_1P' <Latency = 1> <II = 1> <Delay = 2.32> <Storage> <Opcode : 'load' 'store'> <Ports = 1> <Width = 16> <Depth = 5> <RAM>

State 24 <SV = 23> <Delay = 2.32>
ST_24 : Operation 95 [1/1] (0.00ns)   --->   "call void (...)* @_ssdm_op_SpecBitsMap([16 x i16]* %in_V), !map !190"   --->   Operation 95 'specbitsmap' <Predicate = true> <Delay = 0.00>
ST_24 : Operation 96 [1/1] (0.00ns)   --->   "call void (...)* @_ssdm_op_SpecBitsMap([5 x i16]* %out_V), !map !196"   --->   Operation 96 'specbitsmap' <Predicate = true> <Delay = 0.00>
ST_24 : Operation 97 [1/1] (0.00ns)   --->   "call void (...)* @_ssdm_op_SpecTopModule([14 x i8]* @myproject_axi_str) nounwind"   --->   Operation 97 'spectopmodule' <Predicate = true> <Delay = 0.00>
ST_24 : Operation 98 [1/1] (0.00ns)   --->   "call void (...)* @_ssdm_op_SpecInterface(i32 0, [13 x i8]* @p_str1, i32 0, i32 0, [1 x i8]* @p_str110, i32 0, i32 0, [1 x i8]* @p_str110, [1 x i8]* @p_str110, [1 x i8]* @p_str110, i32 0, i32 0, i32 0, i32 0, [1 x i8]* @p_str110, [1 x i8]* @p_str110) nounwind" [firmware/myproject_axi.cpp:8]   --->   Operation 98 'specinterface' <Predicate = true> <Delay = 0.00>
ST_24 : Operation 99 [1/1] (0.00ns)   --->   "%empty = call i32 (...)* @_ssdm_op_SpecMemCore([16 x i16]* %in_V, [1 x i8]* @p_str, [7 x i8]* @RAM_1P_str, [1 x i8]* @p_str, i32 -1, [1 x i8]* @p_str, [1 x i8]* @p_str, [1 x i8]* @p_str, [1 x i8]* @p_str, [1 x i8]* @p_str)" [firmware/myproject_axi.cpp:9]   --->   Operation 99 'specmemcore' 'empty' <Predicate = true> <Delay = 0.00>
ST_24 : Operation 100 [1/1] (0.00ns)   --->   "call void (...)* @_ssdm_op_SpecInterface([16 x i16]* %in_V, [10 x i8]* @p_str2, i32 0, i32 0, [1 x i8]* @p_str110, i32 0, i32 0, [1 x i8]* @p_str110, [1 x i8]* @p_str110, [1 x i8]* @p_str110, i32 0, i32 0, i32 0, i32 0, [1 x i8]* @p_str110, [1 x i8]* @p_str110) nounwind" [firmware/myproject_axi.cpp:9]   --->   Operation 100 'specinterface' <Predicate = true> <Delay = 0.00>
ST_24 : Operation 101 [1/1] (0.00ns)   --->   "%empty_24 = call i32 (...)* @_ssdm_op_SpecMemCore([5 x i16]* %out_V, [1 x i8]* @p_str, [7 x i8]* @RAM_1P_str, [1 x i8]* @p_str, i32 -1, [1 x i8]* @p_str, [1 x i8]* @p_str, [1 x i8]* @p_str, [1 x i8]* @p_str, [1 x i8]* @p_str)" [firmware/myproject_axi.cpp:10]   --->   Operation 101 'specmemcore' 'empty_24' <Predicate = true> <Delay = 0.00>
ST_24 : Operation 102 [1/1] (0.00ns)   --->   "call void (...)* @_ssdm_op_SpecInterface([5 x i16]* %out_V, [10 x i8]* @p_str2, i32 0, i32 0, [1 x i8]* @p_str110, i32 0, i32 0, [1 x i8]* @p_str110, [1 x i8]* @p_str110, [1 x i8]* @p_str110, i32 0, i32 0, i32 0, i32 0, [1 x i8]* @p_str110, [1 x i8]* @p_str110) nounwind" [firmware/myproject_axi.cpp:10]   --->   Operation 102 'specinterface' <Predicate = true> <Delay = 0.00>
ST_24 : Operation 103 [1/1] (0.00ns)   --->   "%out_local_4_load = load i16* %out_local_4, align 2" [firmware/myproject_axi.cpp:27]   --->   Operation 103 'load' 'out_local_4_load' <Predicate = true> <Delay = 0.00>
ST_24 : Operation 104 [1/1] (0.00ns)   --->   "%out_V_addr_4 = getelementptr [5 x i16]* %out_V, i64 0, i64 4" [firmware/myproject_axi.cpp:27]   --->   Operation 104 'getelementptr' 'out_V_addr_4' <Predicate = true> <Delay = 0.00>
ST_24 : Operation 105 [1/1] (2.32ns)   --->   "store i16 %out_local_4_load, i16* %out_V_addr_4, align 2" [firmware/myproject_axi.cpp:27]   --->   Operation 105 'store' <Predicate = true> <Delay = 2.32> <Core = "RAM_1P">   --->   Core 44 'RAM_1P' <Latency = 1> <II = 1> <Delay = 2.32> <Storage> <Opcode : 'load' 'store'> <Ports = 1> <Width = 16> <Depth = 5> <RAM>
ST_24 : Operation 106 [1/1] (0.00ns)   --->   "ret void" [firmware/myproject_axi.cpp:29]   --->   Operation 106 'ret' <Predicate = true> <Delay = 0.00>


============================================================
+ Verbose Summary: Binding
============================================================
STG Binding: 
---------------- STG Properties BEGIN ----------------
- Is combinational: 0
- Is one-state seq: 0
- Is datapath-only: 0
- Is pipelined: 0
- Is top level: 1
Port [ Return ] is wired: 1; IO mode=ap_ctrl_none:ce=0
Port [ in_V]:  wired=1; compound=1; hidden=0; nouse=0; global=0; static=0; extern=0; dir=0; type=1; pingpong=0; private_global=0; MemPort=[1]; IO mode=ap_memory:ce=0
Port [ out_V]:  wired=1; compound=1; hidden=0; nouse=0; global=0; static=0; extern=0; dir=1; type=1; pingpong=0; private_global=0; MemPort=[0]; IO mode=ap_memory:ce=0
Port [ w2_V]:  wired=0; compound=1; hidden=1; nouse=1; global=1; static=1; extern=0; dir=0; type=1; pingpong=0; private_global=0; linkage=7; visibility=0; MemPort=[1]; IO mode=ap_memory:ce=0
Port [ w5_V]:  wired=0; compound=1; hidden=1; nouse=1; global=1; static=1; extern=0; dir=0; type=1; pingpong=0; private_global=0; linkage=7; visibility=0; MemPort=[1]; IO mode=ap_memory:ce=0
Port [ w8_V]:  wired=0; compound=1; hidden=1; nouse=1; global=1; static=1; extern=0; dir=0; type=1; pingpong=0; private_global=0; linkage=7; visibility=0; MemPort=[1]; IO mode=ap_memory:ce=0
Port [ w11_V]:  wired=0; compound=1; hidden=1; nouse=1; global=1; static=1; extern=0; dir=0; type=1; pingpong=0; private_global=0; linkage=7; visibility=0; MemPort=[1]; IO mode=ap_memory:ce=0
Port [ exp_table1]:  wired=0; compound=1; hidden=1; nouse=1; global=1; static=1; extern=0; dir=0; type=1; pingpong=0; private_global=0; linkage=7; visibility=0; MemPort=[11111]; IO mode=ap_memory:ce=0
Port [ invert_table2]:  wired=0; compound=1; hidden=1; nouse=1; global=1; static=1; extern=0; dir=0; type=1; pingpong=0; private_global=0; linkage=7; visibility=0; MemPort=[1]; IO mode=ap_memory:ce=0
---------------- STG Properties END ------------------

---------------- Datapath Model BEGIN ----------------

<LifeTime>
<method=bitvector/>
in_local_V         (alloca        ) [ 0011111111111111111100000]
out_local_0        (alloca        ) [ 0011111111111111111110000]
out_local_1        (alloca        ) [ 0011111111111111111111000]
out_local_2        (alloca        ) [ 0011111111111111111111100]
out_local_3        (alloca        ) [ 0011111111111111111111110]
out_local_4        (alloca        ) [ 0011111111111111111111111]
in_V_addr          (getelementptr ) [ 0010000000000000000000000]
in_V_load          (load          ) [ 0001111111111111110000000]
in_V_addr_1        (getelementptr ) [ 0001000000000000000000000]
in_V_load_1        (load          ) [ 0000111111111111110000000]
in_V_addr_2        (getelementptr ) [ 0000100000000000000000000]
in_V_load_2        (load          ) [ 0000011111111111110000000]
in_V_addr_3        (getelementptr ) [ 0000010000000000000000000]
in_V_load_3        (load          ) [ 0000001111111111110000000]
in_V_addr_4        (getelementptr ) [ 0000001000000000000000000]
in_V_load_4        (load          ) [ 0000000111111111110000000]
in_V_addr_5        (getelementptr ) [ 0000000100000000000000000]
in_V_load_5        (load          ) [ 0000000011111111110000000]
in_V_addr_6        (getelementptr ) [ 0000000010000000000000000]
in_V_load_6        (load          ) [ 0000000001111111110000000]
in_V_addr_7        (getelementptr ) [ 0000000001000000000000000]
in_V_load_7        (load          ) [ 0000000000111111110000000]
in_V_addr_8        (getelementptr ) [ 0000000000100000000000000]
in_V_load_8        (load          ) [ 0000000000011111110000000]
in_V_addr_9        (getelementptr ) [ 0000000000010000000000000]
in_V_load_9        (load          ) [ 0000000000001111110000000]
in_V_addr_10       (getelementptr ) [ 0000000000001000000000000]
in_V_load_10       (load          ) [ 0000000000000111110000000]
in_V_addr_11       (getelementptr ) [ 0000000000000100000000000]
in_V_load_11       (load          ) [ 0000000000000011110000000]
in_V_addr_12       (getelementptr ) [ 0000000000000010000000000]
in_V_load_12       (load          ) [ 0000000000000001110000000]
in_V_addr_13       (getelementptr ) [ 0000000000000001000000000]
in_V_load_13       (load          ) [ 0000000000000000110000000]
in_V_addr_14       (getelementptr ) [ 0000000000000000100000000]
in_V_load_14       (load          ) [ 0000000000000000010000000]
in_V_addr_15       (getelementptr ) [ 0000000000000000010000000]
in_V_load_15       (load          ) [ 0000000000000000000000000]
in_local_V_1       (bitconcatenate) [ 0000000000000000000000000]
store_ln20         (store         ) [ 0000000000000000000000000]
call_ln0           (call          ) [ 0000000000000000000000000]
out_local_0_load   (load          ) [ 0000000000000000000000000]
out_V_addr         (getelementptr ) [ 0000000000000000000000000]
store_ln27         (store         ) [ 0000000000000000000000000]
out_local_1_load   (load          ) [ 0000000000000000000000000]
out_V_addr_1       (getelementptr ) [ 0000000000000000000000000]
store_ln27         (store         ) [ 0000000000000000000000000]
out_local_2_load   (load          ) [ 0000000000000000000000000]
out_V_addr_2       (getelementptr ) [ 0000000000000000000000000]
store_ln27         (store         ) [ 0000000000000000000000000]
out_local_3_load   (load          ) [ 0000000000000000000000000]
out_V_addr_3       (getelementptr ) [ 0000000000000000000000000]
store_ln27         (store         ) [ 0000000000000000000000000]
specbitsmap_ln0    (specbitsmap   ) [ 0000000000000000000000000]
specbitsmap_ln0    (specbitsmap   ) [ 0000000000000000000000000]
spectopmodule_ln0  (spectopmodule ) [ 0000000000000000000000000]
specinterface_ln8  (specinterface ) [ 0000000000000000000000000]
empty              (specmemcore   ) [ 0000000000000000000000000]
specinterface_ln9  (specinterface ) [ 0000000000000000000000000]
empty_24           (specmemcore   ) [ 0000000000000000000000000]
specinterface_ln10 (specinterface ) [ 0000000000000000000000000]
out_local_4_load   (load          ) [ 0000000000000000000000000]
out_V_addr_4       (getelementptr ) [ 0000000000000000000000000]
store_ln27         (store         ) [ 0000000000000000000000000]
ret_ln29           (ret           ) [ 0000000000000000000000000]
</LifeTime>

<model>

<comp_list>
<comp id="0" class="1000" name="in_V">
<pin_list>
<pin id="1" dir="1" index="0" bw="1" slack="0"/>
</pin_list>
<bind>
<StgValue><ssdm name="in_V"/><MemPortTyVec>1 </MemPortTyVec>
</StgValue>
</bind>
</comp>

<comp id="2" class="1000" name="out_V">
<pin_list>
<pin id="3" dir="1" index="0" bw="1" slack="0"/>
</pin_list>
<bind>
<StgValue><ssdm name="out_V"/><MemPortTyVec>0 </MemPortTyVec>
</StgValue>
</bind>
</comp>

<comp id="4" class="1000" name="w2_V">
<pin_list>
<pin id="5" dir="1" index="0" bw="1" slack="0"/>
</pin_list>
<bind>
<StgValue><ssdm name="w2_V"/><MemPortTyVec>1 </MemPortTyVec>
</StgValue>
</bind>
</comp>

<comp id="6" class="1000" name="w5_V">
<pin_list>
<pin id="7" dir="1" index="0" bw="1" slack="0"/>
</pin_list>
<bind>
<StgValue><ssdm name="w5_V"/><MemPortTyVec>1 </MemPortTyVec>
</StgValue>
</bind>
</comp>

<comp id="8" class="1000" name="w8_V">
<pin_list>
<pin id="9" dir="1" index="0" bw="1" slack="0"/>
</pin_list>
<bind>
<StgValue><ssdm name="w8_V"/><MemPortTyVec>1 </MemPortTyVec>
</StgValue>
</bind>
</comp>

<comp id="10" class="1000" name="w11_V">
<pin_list>
<pin id="11" dir="1" index="0" bw="1" slack="0"/>
</pin_list>
<bind>
<StgValue><ssdm name="w11_V"/><MemPortTyVec>1 </MemPortTyVec>
</StgValue>
</bind>
</comp>

<comp id="12" class="1000" name="exp_table1">
<pin_list>
<pin id="13" dir="1" index="0" bw="1" slack="0"/>
</pin_list>
<bind>
<StgValue><ssdm name="exp_table1"/><MemPortTyVec>1 1 1 1 1 </MemPortTyVec>
</StgValue>
</bind>
</comp>

<comp id="14" class="1000" name="invert_table2">
<pin_list>
<pin id="15" dir="1" index="0" bw="1" slack="0"/>
</pin_list>
<bind>
<StgValue><ssdm name="invert_table2"/><MemPortTyVec>1 </MemPortTyVec>
</StgValue>
</bind>
</comp>

<comp id="16" class="1001" name="const_16">
<pin_list>
<pin id="17" dir="1" index="0" bw="1" slack="0"/>
</pin_list>
<bind>
<StgValue><ssdm name=""/></StgValue>
</bind>
</comp>

<comp id="18" class="1001" name="const_18">
<pin_list>
<pin id="19" dir="1" index="0" bw="1" slack="0"/>
</pin_list>
<bind>
<StgValue><ssdm name=""/></StgValue>
</bind>
</comp>

<comp id="20" class="1001" name="const_20">
<pin_list>
<pin id="21" dir="1" index="0" bw="1" slack="0"/>
</pin_list>
<bind>
<StgValue><ssdm name=""/></StgValue>
</bind>
</comp>

<comp id="22" class="1001" name="const_22">
<pin_list>
<pin id="23" dir="1" index="0" bw="1" slack="0"/>
</pin_list>
<bind>
<StgValue><ssdm name=""/></StgValue>
</bind>
</comp>

<comp id="24" class="1001" name="const_24">
<pin_list>
<pin id="25" dir="1" index="0" bw="1" slack="0"/>
</pin_list>
<bind>
<StgValue><ssdm name=""/></StgValue>
</bind>
</comp>

<comp id="26" class="1001" name="const_26">
<pin_list>
<pin id="27" dir="1" index="0" bw="1" slack="0"/>
</pin_list>
<bind>
<StgValue><ssdm name=""/></StgValue>
</bind>
</comp>

<comp id="28" class="1001" name="const_28">
<pin_list>
<pin id="29" dir="1" index="0" bw="1" slack="0"/>
</pin_list>
<bind>
<StgValue><ssdm name=""/></StgValue>
</bind>
</comp>

<comp id="30" class="1001" name="const_30">
<pin_list>
<pin id="31" dir="1" index="0" bw="1" slack="0"/>
</pin_list>
<bind>
<StgValue><ssdm name=""/></StgValue>
</bind>
</comp>

<comp id="32" class="1001" name="const_32">
<pin_list>
<pin id="33" dir="1" index="0" bw="1" slack="0"/>
</pin_list>
<bind>
<StgValue><ssdm name=""/></StgValue>
</bind>
</comp>

<comp id="34" class="1001" name="const_34">
<pin_list>
<pin id="35" dir="1" index="0" bw="1" slack="0"/>
</pin_list>
<bind>
<StgValue><ssdm name=""/></StgValue>
</bind>
</comp>

<comp id="36" class="1001" name="const_36">
<pin_list>
<pin id="37" dir="1" index="0" bw="1" slack="0"/>
</pin_list>
<bind>
<StgValue><ssdm name=""/></StgValue>
</bind>
</comp>

<comp id="38" class="1001" name="const_38">
<pin_list>
<pin id="39" dir="1" index="0" bw="1" slack="0"/>
</pin_list>
<bind>
<StgValue><ssdm name=""/></StgValue>
</bind>
</comp>

<comp id="40" class="1001" name="const_40">
<pin_list>
<pin id="41" dir="1" index="0" bw="1" slack="0"/>
</pin_list>
<bind>
<StgValue><ssdm name=""/></StgValue>
</bind>
</comp>

<comp id="42" class="1001" name="const_42">
<pin_list>
<pin id="43" dir="1" index="0" bw="1" slack="0"/>
</pin_list>
<bind>
<StgValue><ssdm name=""/></StgValue>
</bind>
</comp>

<comp id="44" class="1001" name="const_44">
<pin_list>
<pin id="45" dir="1" index="0" bw="1" slack="0"/>
</pin_list>
<bind>
<StgValue><ssdm name=""/></StgValue>
</bind>
</comp>

<comp id="46" class="1001" name="const_46">
<pin_list>
<pin id="47" dir="1" index="0" bw="1" slack="0"/>
</pin_list>
<bind>
<StgValue><ssdm name=""/></StgValue>
</bind>
</comp>

<comp id="48" class="1001" name="const_48">
<pin_list>
<pin id="49" dir="1" index="0" bw="1" slack="0"/>
</pin_list>
<bind>
<StgValue><ssdm name="_ssdm_op_BitConcatenate.i256.i16.i16.i16.i16.i16.i16.i16.i16.i16.i16.i16.i16.i16.i16.i16.i16"/></StgValue>
</bind>
</comp>

<comp id="50" class="1001" name="const_50">
<pin_list>
<pin id="51" dir="1" index="0" bw="1" slack="0"/>
</pin_list>
<bind>
<StgValue><ssdm name="myproject"/></StgValue>
</bind>
</comp>

<comp id="52" class="1001" name="const_52">
<pin_list>
<pin id="53" dir="1" index="0" bw="1" slack="2147483647"/>
</pin_list>
<bind>
<StgValue><ssdm name="_ssdm_op_SpecBitsMap"/></StgValue>
</bind>
</comp>

<comp id="54" class="1001" name="const_54">
<pin_list>
<pin id="55" dir="1" index="0" bw="1" slack="2147483647"/>
</pin_list>
<bind>
<StgValue><ssdm name="_ssdm_op_SpecTopModule"/></StgValue>
</bind>
</comp>

<comp id="56" class="1001" name="const_56">
<pin_list>
<pin id="57" dir="1" index="0" bw="1" slack="2147483647"/>
</pin_list>
<bind>
<StgValue><ssdm name="myproject_axi_str"/></StgValue>
</bind>
</comp>

<comp id="58" class="1001" name="const_58">
<pin_list>
<pin id="59" dir="1" index="0" bw="1" slack="2147483647"/>
</pin_list>
<bind>
<StgValue><ssdm name="_ssdm_op_SpecInterface"/></StgValue>
</bind>
</comp>

<comp id="60" class="1001" name="const_60">
<pin_list>
<pin id="61" dir="1" index="0" bw="1" slack="2147483647"/>
</pin_list>
<bind>
<StgValue><ssdm name=""/></StgValue>
</bind>
</comp>

<comp id="62" class="1001" name="const_62">
<pin_list>
<pin id="63" dir="1" index="0" bw="1" slack="2147483647"/>
</pin_list>
<bind>
<StgValue><ssdm name="p_str1"/></StgValue>
</bind>
</comp>

<comp id="64" class="1001" name="const_64">
<pin_list>
<pin id="65" dir="1" index="0" bw="1" slack="2147483647"/>
</pin_list>
<bind>
<StgValue><ssdm name="p_str110"/></StgValue>
</bind>
</comp>

<comp id="66" class="1001" name="const_66">
<pin_list>
<pin id="67" dir="1" index="0" bw="1" slack="2147483647"/>
</pin_list>
<bind>
<StgValue><ssdm name="_ssdm_op_SpecMemCore"/></StgValue>
</bind>
</comp>

<comp id="68" class="1001" name="const_68">
<pin_list>
<pin id="69" dir="1" index="0" bw="1" slack="2147483647"/>
</pin_list>
<bind>
<StgValue><ssdm name="p_str"/></StgValue>
</bind>
</comp>

<comp id="70" class="1001" name="const_70">
<pin_list>
<pin id="71" dir="1" index="0" bw="1" slack="2147483647"/>
</pin_list>
<bind>
<StgValue><ssdm name="RAM_1P_str"/></StgValue>
</bind>
</comp>

<comp id="72" class="1001" name="const_72">
<pin_list>
<pin id="73" dir="1" index="0" bw="1" slack="2147483647"/>
</pin_list>
<bind>
<StgValue><ssdm name=""/></StgValue>
</bind>
</comp>

<comp id="74" class="1001" name="const_74">
<pin_list>
<pin id="75" dir="1" index="0" bw="1" slack="2147483647"/>
</pin_list>
<bind>
<StgValue><ssdm name="p_str2"/></StgValue>
</bind>
</comp>

<comp id="76" class="1004" name="in_local_V_fu_76">
<pin_list>
<pin id="77" dir="0" index="0" bw="1" slack="0"/>
<pin id="78" dir="1" index="1" bw="256" slack="16"/>
</pin_list>
<bind>
<opcode="alloca(26) " fcode="alloca"/>
<opset="in_local_V/1 "/>
</bind>
</comp>

<comp id="80" class="1004" name="out_local_0_fu_80">
<pin_list>
<pin id="81" dir="0" index="0" bw="1" slack="0"/>
<pin id="82" dir="1" index="1" bw="16" slack="17"/>
</pin_list>
<bind>
<opcode="alloca(26) " fcode="alloca"/>
<opset="out_local_0/1 "/>
</bind>
</comp>

<comp id="84" class="1004" name="out_local_1_fu_84">
<pin_list>
<pin id="85" dir="0" index="0" bw="1" slack="0"/>
<pin id="86" dir="1" index="1" bw="16" slack="17"/>
</pin_list>
<bind>
<opcode="alloca(26) " fcode="alloca"/>
<opset="out_local_1/1 "/>
</bind>
</comp>

<comp id="88" class="1004" name="out_local_2_fu_88">
<pin_list>
<pin id="89" dir="0" index="0" bw="1" slack="0"/>
<pin id="90" dir="1" index="1" bw="16" slack="17"/>
</pin_list>
<bind>
<opcode="alloca(26) " fcode="alloca"/>
<opset="out_local_2/1 "/>
</bind>
</comp>

<comp id="92" class="1004" name="out_local_3_fu_92">
<pin_list>
<pin id="93" dir="0" index="0" bw="1" slack="0"/>
<pin id="94" dir="1" index="1" bw="16" slack="17"/>
</pin_list>
<bind>
<opcode="alloca(26) " fcode="alloca"/>
<opset="out_local_3/1 "/>
</bind>
</comp>

<comp id="96" class="1004" name="out_local_4_fu_96">
<pin_list>
<pin id="97" dir="0" index="0" bw="1" slack="0"/>
<pin id="98" dir="1" index="1" bw="16" slack="17"/>
</pin_list>
<bind>
<opcode="alloca(26) " fcode="alloca"/>
<opset="out_local_4/1 "/>
</bind>
</comp>

<comp id="100" class="1004" name="in_V_addr_gep_fu_100">
<pin_list>
<pin id="101" dir="0" index="0" bw="16" slack="0"/>
<pin id="102" dir="0" index="1" bw="1" slack="0"/>
<pin id="103" dir="0" index="2" bw="1" slack="0"/>
<pin id="104" dir="1" index="3" bw="4" slack="0"/>
</pin_list>
<bind>
<opcode="getelementptr(29) " fcode="getelementptr"/>
<opset="in_V_addr/1 "/>
</bind>
</comp>

<comp id="108" class="1004" name="grp_access_fu_108">
<pin_list>
<pin id="109" dir="0" index="0" bw="4" slack="0"/>
<pin id="110" dir="0" index="1" bw="16" slack="2147483647"/>
<pin id="111" dir="0" index="2" bw="0" slack="2147483647"/>
<pin id="112" dir="1" index="3" bw="16" slack="0"/>
</pin_list>
<bind>
<opcode="load(27) " fcode="load"/>
<opset="in_V_load/1 in_V_load_1/2 in_V_load_2/3 in_V_load_3/4 in_V_load_4/5 in_V_load_5/6 in_V_load_6/7 in_V_load_7/8 in_V_load_8/9 in_V_load_9/10 in_V_load_10/11 in_V_load_11/12 in_V_load_12/13 in_V_load_13/14 in_V_load_14/15 in_V_load_15/16 "/>
</bind>
</comp>

<comp id="114" class="1004" name="in_V_addr_1_gep_fu_114">
<pin_list>
<pin id="115" dir="0" index="0" bw="16" slack="0"/>
<pin id="116" dir="0" index="1" bw="1" slack="0"/>
<pin id="117" dir="0" index="2" bw="1" slack="0"/>
<pin id="118" dir="1" index="3" bw="4" slack="0"/>
</pin_list>
<bind>
<opcode="getelementptr(29) " fcode="getelementptr"/>
<opset="in_V_addr_1/2 "/>
</bind>
</comp>

<comp id="123" class="1004" name="in_V_addr_2_gep_fu_123">
<pin_list>
<pin id="124" dir="0" index="0" bw="16" slack="0"/>
<pin id="125" dir="0" index="1" bw="1" slack="0"/>
<pin id="126" dir="0" index="2" bw="3" slack="0"/>
<pin id="127" dir="1" index="3" bw="4" slack="0"/>
</pin_list>
<bind>
<opcode="getelementptr(29) " fcode="getelementptr"/>
<opset="in_V_addr_2/3 "/>
</bind>
</comp>

<comp id="132" class="1004" name="in_V_addr_3_gep_fu_132">
<pin_list>
<pin id="133" dir="0" index="0" bw="16" slack="0"/>
<pin id="134" dir="0" index="1" bw="1" slack="0"/>
<pin id="135" dir="0" index="2" bw="3" slack="0"/>
<pin id="136" dir="1" index="3" bw="4" slack="0"/>
</pin_list>
<bind>
<opcode="getelementptr(29) " fcode="getelementptr"/>
<opset="in_V_addr_3/4 "/>
</bind>
</comp>

<comp id="141" class="1004" name="in_V_addr_4_gep_fu_141">
<pin_list>
<pin id="142" dir="0" index="0" bw="16" slack="0"/>
<pin id="143" dir="0" index="1" bw="1" slack="0"/>
<pin id="144" dir="0" index="2" bw="4" slack="0"/>
<pin id="145" dir="1" index="3" bw="4" slack="0"/>
</pin_list>
<bind>
<opcode="getelementptr(29) " fcode="getelementptr"/>
<opset="in_V_addr_4/5 "/>
</bind>
</comp>

<comp id="150" class="1004" name="in_V_addr_5_gep_fu_150">
<pin_list>
<pin id="151" dir="0" index="0" bw="16" slack="0"/>
<pin id="152" dir="0" index="1" bw="1" slack="0"/>
<pin id="153" dir="0" index="2" bw="4" slack="0"/>
<pin id="154" dir="1" index="3" bw="4" slack="0"/>
</pin_list>
<bind>
<opcode="getelementptr(29) " fcode="getelementptr"/>
<opset="in_V_addr_5/6 "/>
</bind>
</comp>

<comp id="159" class="1004" name="in_V_addr_6_gep_fu_159">
<pin_list>
<pin id="160" dir="0" index="0" bw="16" slack="0"/>
<pin id="161" dir="0" index="1" bw="1" slack="0"/>
<pin id="162" dir="0" index="2" bw="4" slack="0"/>
<pin id="163" dir="1" index="3" bw="4" slack="0"/>
</pin_list>
<bind>
<opcode="getelementptr(29) " fcode="getelementptr"/>
<opset="in_V_addr_6/7 "/>
</bind>
</comp>

<comp id="168" class="1004" name="in_V_addr_7_gep_fu_168">
<pin_list>
<pin id="169" dir="0" index="0" bw="16" slack="0"/>
<pin id="170" dir="0" index="1" bw="1" slack="0"/>
<pin id="171" dir="0" index="2" bw="4" slack="0"/>
<pin id="172" dir="1" index="3" bw="4" slack="0"/>
</pin_list>
<bind>
<opcode="getelementptr(29) " fcode="getelementptr"/>
<opset="in_V_addr_7/8 "/>
</bind>
</comp>

<comp id="177" class="1004" name="in_V_addr_8_gep_fu_177">
<pin_list>
<pin id="178" dir="0" index="0" bw="16" slack="0"/>
<pin id="179" dir="0" index="1" bw="1" slack="0"/>
<pin id="180" dir="0" index="2" bw="5" slack="0"/>
<pin id="181" dir="1" index="3" bw="4" slack="0"/>
</pin_list>
<bind>
<opcode="getelementptr(29) " fcode="getelementptr"/>
<opset="in_V_addr_8/9 "/>
</bind>
</comp>

<comp id="186" class="1004" name="in_V_addr_9_gep_fu_186">
<pin_list>
<pin id="187" dir="0" index="0" bw="16" slack="0"/>
<pin id="188" dir="0" index="1" bw="1" slack="0"/>
<pin id="189" dir="0" index="2" bw="5" slack="0"/>
<pin id="190" dir="1" index="3" bw="4" slack="0"/>
</pin_list>
<bind>
<opcode="getelementptr(29) " fcode="getelementptr"/>
<opset="in_V_addr_9/10 "/>
</bind>
</comp>

<comp id="195" class="1004" name="in_V_addr_10_gep_fu_195">
<pin_list>
<pin id="196" dir="0" index="0" bw="16" slack="0"/>
<pin id="197" dir="0" index="1" bw="1" slack="0"/>
<pin id="198" dir="0" index="2" bw="5" slack="0"/>
<pin id="199" dir="1" index="3" bw="4" slack="0"/>
</pin_list>
<bind>
<opcode="getelementptr(29) " fcode="getelementptr"/>
<opset="in_V_addr_10/11 "/>
</bind>
</comp>

<comp id="204" class="1004" name="in_V_addr_11_gep_fu_204">
<pin_list>
<pin id="205" dir="0" index="0" bw="16" slack="0"/>
<pin id="206" dir="0" index="1" bw="1" slack="0"/>
<pin id="207" dir="0" index="2" bw="5" slack="0"/>
<pin id="208" dir="1" index="3" bw="4" slack="0"/>
</pin_list>
<bind>
<opcode="getelementptr(29) " fcode="getelementptr"/>
<opset="in_V_addr_11/12 "/>
</bind>
</comp>

<comp id="213" class="1004" name="in_V_addr_12_gep_fu_213">
<pin_list>
<pin id="214" dir="0" index="0" bw="16" slack="0"/>
<pin id="215" dir="0" index="1" bw="1" slack="0"/>
<pin id="216" dir="0" index="2" bw="5" slack="0"/>
<pin id="217" dir="1" index="3" bw="4" slack="0"/>
</pin_list>
<bind>
<opcode="getelementptr(29) " fcode="getelementptr"/>
<opset="in_V_addr_12/13 "/>
</bind>
</comp>

<comp id="222" class="1004" name="in_V_addr_13_gep_fu_222">
<pin_list>
<pin id="223" dir="0" index="0" bw="16" slack="0"/>
<pin id="224" dir="0" index="1" bw="1" slack="0"/>
<pin id="225" dir="0" index="2" bw="5" slack="0"/>
<pin id="226" dir="1" index="3" bw="4" slack="0"/>
</pin_list>
<bind>
<opcode="getelementptr(29) " fcode="getelementptr"/>
<opset="in_V_addr_13/14 "/>
</bind>
</comp>

<comp id="231" class="1004" name="in_V_addr_14_gep_fu_231">
<pin_list>
<pin id="232" dir="0" index="0" bw="16" slack="0"/>
<pin id="233" dir="0" index="1" bw="1" slack="0"/>
<pin id="234" dir="0" index="2" bw="5" slack="0"/>
<pin id="235" dir="1" index="3" bw="4" slack="0"/>
</pin_list>
<bind>
<opcode="getelementptr(29) " fcode="getelementptr"/>
<opset="in_V_addr_14/15 "/>
</bind>
</comp>

<comp id="240" class="1004" name="in_V_addr_15_gep_fu_240">
<pin_list>
<pin id="241" dir="0" index="0" bw="16" slack="0"/>
<pin id="242" dir="0" index="1" bw="1" slack="0"/>
<pin id="243" dir="0" index="2" bw="5" slack="0"/>
<pin id="244" dir="1" index="3" bw="4" slack="0"/>
</pin_list>
<bind>
<opcode="getelementptr(29) " fcode="getelementptr"/>
<opset="in_V_addr_15/16 "/>
</bind>
</comp>

<comp id="249" class="1004" name="out_V_addr_gep_fu_249">
<pin_list>
<pin id="250" dir="0" index="0" bw="16" slack="0"/>
<pin id="251" dir="0" index="1" bw="1" slack="0"/>
<pin id="252" dir="0" index="2" bw="1" slack="0"/>
<pin id="253" dir="1" index="3" bw="3" slack="0"/>
</pin_list>
<bind>
<opcode="getelementptr(29) " fcode="getelementptr"/>
<opset="out_V_addr/20 "/>
</bind>
</comp>

<comp id="257" class="1004" name="grp_access_fu_257">
<pin_list>
<pin id="258" dir="0" index="0" bw="3" slack="0"/>
<pin id="259" dir="0" index="1" bw="16" slack="0"/>
<pin id="260" dir="0" index="2" bw="0" slack="2147483647"/>
<pin id="261" dir="1" index="3" bw="16" slack="2147483647"/>
</pin_list>
<bind>
<opcode="store(28) " fcode="store"/>
<opset="store_ln27/20 store_ln27/21 store_ln27/22 store_ln27/23 store_ln27/24 "/>
</bind>
</comp>

<comp id="263" class="1004" name="out_V_addr_1_gep_fu_263">
<pin_list>
<pin id="264" dir="0" index="0" bw="16" slack="0"/>
<pin id="265" dir="0" index="1" bw="1" slack="0"/>
<pin id="266" dir="0" index="2" bw="1" slack="0"/>
<pin id="267" dir="1" index="3" bw="3" slack="0"/>
</pin_list>
<bind>
<opcode="getelementptr(29) " fcode="getelementptr"/>
<opset="out_V_addr_1/21 "/>
</bind>
</comp>

<comp id="272" class="1004" name="out_V_addr_2_gep_fu_272">
<pin_list>
<pin id="273" dir="0" index="0" bw="16" slack="0"/>
<pin id="274" dir="0" index="1" bw="1" slack="0"/>
<pin id="275" dir="0" index="2" bw="3" slack="0"/>
<pin id="276" dir="1" index="3" bw="3" slack="0"/>
</pin_list>
<bind>
<opcode="getelementptr(29) " fcode="getelementptr"/>
<opset="out_V_addr_2/22 "/>
</bind>
</comp>

<comp id="281" class="1004" name="out_V_addr_3_gep_fu_281">
<pin_list>
<pin id="282" dir="0" index="0" bw="16" slack="0"/>
<pin id="283" dir="0" index="1" bw="1" slack="0"/>
<pin id="284" dir="0" index="2" bw="3" slack="0"/>
<pin id="285" dir="1" index="3" bw="3" slack="0"/>
</pin_list>
<bind>
<opcode="getelementptr(29) " fcode="getelementptr"/>
<opset="out_V_addr_3/23 "/>
</bind>
</comp>

<comp id="290" class="1004" name="out_V_addr_4_gep_fu_290">
<pin_list>
<pin id="291" dir="0" index="0" bw="16" slack="0"/>
<pin id="292" dir="0" index="1" bw="1" slack="0"/>
<pin id="293" dir="0" index="2" bw="4" slack="0"/>
<pin id="294" dir="1" index="3" bw="3" slack="0"/>
</pin_list>
<bind>
<opcode="getelementptr(29) " fcode="getelementptr"/>
<opset="out_V_addr_4/24 "/>
</bind>
</comp>

<comp id="299" class="1004" name="grp_myproject_fu_299">
<pin_list>
<pin id="300" dir="0" index="0" bw="0" slack="0"/>
<pin id="301" dir="0" index="1" bw="256" slack="17"/>
<pin id="302" dir="0" index="2" bw="16" slack="17"/>
<pin id="303" dir="0" index="3" bw="16" slack="17"/>
<pin id="304" dir="0" index="4" bw="16" slack="17"/>
<pin id="305" dir="0" index="5" bw="16" slack="17"/>
<pin id="306" dir="0" index="6" bw="16" slack="17"/>
<pin id="307" dir="0" index="7" bw="2041" slack="0"/>
<pin id="308" dir="0" index="8" bw="1019" slack="0"/>
<pin id="309" dir="0" index="9" bw="1018" slack="0"/>
<pin id="310" dir="0" index="10" bw="156" slack="0"/>
<pin id="311" dir="0" index="11" bw="18" slack="0"/>
<pin id="312" dir="0" index="12" bw="18" slack="0"/>
<pin id="313" dir="1" index="13" bw="0" slack="2147483647"/>
</pin_list>
<bind>
<opcode="call(48) " fcode="call"/>
<opset="call_ln0/18 "/>
</bind>
</comp>

<comp id="321" class="1004" name="in_local_V_1_fu_321">
<pin_list>
<pin id="322" dir="0" index="0" bw="256" slack="0"/>
<pin id="323" dir="0" index="1" bw="16" slack="0"/>
<pin id="324" dir="0" index="2" bw="16" slack="1"/>
<pin id="325" dir="0" index="3" bw="16" slack="2"/>
<pin id="326" dir="0" index="4" bw="16" slack="3"/>
<pin id="327" dir="0" index="5" bw="16" slack="4"/>
<pin id="328" dir="0" index="6" bw="16" slack="5"/>
<pin id="329" dir="0" index="7" bw="16" slack="6"/>
<pin id="330" dir="0" index="8" bw="16" slack="7"/>
<pin id="331" dir="0" index="9" bw="16" slack="8"/>
<pin id="332" dir="0" index="10" bw="16" slack="9"/>
<pin id="333" dir="0" index="11" bw="16" slack="10"/>
<pin id="334" dir="0" index="12" bw="16" slack="11"/>
<pin id="335" dir="0" index="13" bw="16" slack="12"/>
<pin id="336" dir="0" index="14" bw="16" slack="13"/>
<pin id="337" dir="0" index="15" bw="16" slack="14"/>
<pin id="338" dir="0" index="16" bw="16" slack="15"/>
<pin id="339" dir="1" index="17" bw="256" slack="0"/>
</pin_list>
<bind>
<opcode="bitconcatenate(1004) " fcode="bitconcatenate"/>
<opset="in_local_V_1/17 "/>
</bind>
</comp>

<comp id="342" class="1004" name="store_ln20_store_fu_342">
<pin_list>
<pin id="343" dir="0" index="0" bw="256" slack="0"/>
<pin id="344" dir="0" index="1" bw="256" slack="16"/>
<pin id="345" dir="1" index="2" bw="0" slack="2147483647"/>
</pin_list>
<bind>
<opcode="store(28) " fcode="store"/>
<opset="store_ln20/17 "/>
</bind>
</comp>

<comp id="347" class="1004" name="out_local_0_load_load_fu_347">
<pin_list>
<pin id="348" dir="0" index="0" bw="16" slack="19"/>
<pin id="349" dir="1" index="1" bw="16" slack="0"/>
</pin_list>
<bind>
<opcode="load(27) " fcode="load"/>
<opset="out_local_0_load/20 "/>
</bind>
</comp>

<comp id="351" class="1004" name="out_local_1_load_load_fu_351">
<pin_list>
<pin id="352" dir="0" index="0" bw="16" slack="20"/>
<pin id="353" dir="1" index="1" bw="16" slack="0"/>
</pin_list>
<bind>
<opcode="load(27) " fcode="load"/>
<opset="out_local_1_load/21 "/>
</bind>
</comp>

<comp id="355" class="1004" name="out_local_2_load_load_fu_355">
<pin_list>
<pin id="356" dir="0" index="0" bw="16" slack="21"/>
<pin id="357" dir="1" index="1" bw="16" slack="0"/>
</pin_list>
<bind>
<opcode="load(27) " fcode="load"/>
<opset="out_local_2_load/22 "/>
</bind>
</comp>

<comp id="359" class="1004" name="out_local_3_load_load_fu_359">
<pin_list>
<pin id="360" dir="0" index="0" bw="16" slack="22"/>
<pin id="361" dir="1" index="1" bw="16" slack="0"/>
</pin_list>
<bind>
<opcode="load(27) " fcode="load"/>
<opset="out_local_3_load/23 "/>
</bind>
</comp>

<comp id="363" class="1004" name="out_local_4_load_load_fu_363">
<pin_list>
<pin id="364" dir="0" index="0" bw="16" slack="23"/>
<pin id="365" dir="1" index="1" bw="16" slack="0"/>
</pin_list>
<bind>
<opcode="load(27) " fcode="load"/>
<opset="out_local_4_load/24 "/>
</bind>
</comp>

<comp id="367" class="1005" name="in_local_V_reg_367">
<pin_list>
<pin id="368" dir="0" index="0" bw="256" slack="16"/>
<pin id="369" dir="1" index="1" bw="256" slack="16"/>
</pin_list>
<bind>
<opset="in_local_V "/>
</bind>
</comp>

<comp id="373" class="1005" name="out_local_0_reg_373">
<pin_list>
<pin id="374" dir="0" index="0" bw="16" slack="17"/>
<pin id="375" dir="1" index="1" bw="16" slack="17"/>
</pin_list>
<bind>
<opset="out_local_0 "/>
</bind>
</comp>

<comp id="379" class="1005" name="out_local_1_reg_379">
<pin_list>
<pin id="380" dir="0" index="0" bw="16" slack="17"/>
<pin id="381" dir="1" index="1" bw="16" slack="17"/>
</pin_list>
<bind>
<opset="out_local_1 "/>
</bind>
</comp>

<comp id="385" class="1005" name="out_local_2_reg_385">
<pin_list>
<pin id="386" dir="0" index="0" bw="16" slack="17"/>
<pin id="387" dir="1" index="1" bw="16" slack="17"/>
</pin_list>
<bind>
<opset="out_local_2 "/>
</bind>
</comp>

<comp id="391" class="1005" name="out_local_3_reg_391">
<pin_list>
<pin id="392" dir="0" index="0" bw="16" slack="17"/>
<pin id="393" dir="1" index="1" bw="16" slack="17"/>
</pin_list>
<bind>
<opset="out_local_3 "/>
</bind>
</comp>

<comp id="397" class="1005" name="out_local_4_reg_397">
<pin_list>
<pin id="398" dir="0" index="0" bw="16" slack="17"/>
<pin id="399" dir="1" index="1" bw="16" slack="17"/>
</pin_list>
<bind>
<opset="out_local_4 "/>
</bind>
</comp>

<comp id="403" class="1005" name="in_V_addr_reg_403">
<pin_list>
<pin id="404" dir="0" index="0" bw="4" slack="1"/>
<pin id="405" dir="1" index="1" bw="4" slack="1"/>
</pin_list>
<bind>
<opset="in_V_addr "/>
</bind>
</comp>

<comp id="408" class="1005" name="in_V_load_reg_408">
<pin_list>
<pin id="409" dir="0" index="0" bw="16" slack="15"/>
<pin id="410" dir="1" index="1" bw="16" slack="15"/>
</pin_list>
<bind>
<opset="in_V_load "/>
</bind>
</comp>

<comp id="413" class="1005" name="in_V_addr_1_reg_413">
<pin_list>
<pin id="414" dir="0" index="0" bw="4" slack="1"/>
<pin id="415" dir="1" index="1" bw="4" slack="1"/>
</pin_list>
<bind>
<opset="in_V_addr_1 "/>
</bind>
</comp>

<comp id="418" class="1005" name="in_V_load_1_reg_418">
<pin_list>
<pin id="419" dir="0" index="0" bw="16" slack="14"/>
<pin id="420" dir="1" index="1" bw="16" slack="14"/>
</pin_list>
<bind>
<opset="in_V_load_1 "/>
</bind>
</comp>

<comp id="423" class="1005" name="in_V_addr_2_reg_423">
<pin_list>
<pin id="424" dir="0" index="0" bw="4" slack="1"/>
<pin id="425" dir="1" index="1" bw="4" slack="1"/>
</pin_list>
<bind>
<opset="in_V_addr_2 "/>
</bind>
</comp>

<comp id="428" class="1005" name="in_V_load_2_reg_428">
<pin_list>
<pin id="429" dir="0" index="0" bw="16" slack="13"/>
<pin id="430" dir="1" index="1" bw="16" slack="13"/>
</pin_list>
<bind>
<opset="in_V_load_2 "/>
</bind>
</comp>

<comp id="433" class="1005" name="in_V_addr_3_reg_433">
<pin_list>
<pin id="434" dir="0" index="0" bw="4" slack="1"/>
<pin id="435" dir="1" index="1" bw="4" slack="1"/>
</pin_list>
<bind>
<opset="in_V_addr_3 "/>
</bind>
</comp>

<comp id="438" class="1005" name="in_V_load_3_reg_438">
<pin_list>
<pin id="439" dir="0" index="0" bw="16" slack="12"/>
<pin id="440" dir="1" index="1" bw="16" slack="12"/>
</pin_list>
<bind>
<opset="in_V_load_3 "/>
</bind>
</comp>

<comp id="443" class="1005" name="in_V_addr_4_reg_443">
<pin_list>
<pin id="444" dir="0" index="0" bw="4" slack="1"/>
<pin id="445" dir="1" index="1" bw="4" slack="1"/>
</pin_list>
<bind>
<opset="in_V_addr_4 "/>
</bind>
</comp>

<comp id="448" class="1005" name="in_V_load_4_reg_448">
<pin_list>
<pin id="449" dir="0" index="0" bw="16" slack="11"/>
<pin id="450" dir="1" index="1" bw="16" slack="11"/>
</pin_list>
<bind>
<opset="in_V_load_4 "/>
</bind>
</comp>

<comp id="453" class="1005" name="in_V_addr_5_reg_453">
<pin_list>
<pin id="454" dir="0" index="0" bw="4" slack="1"/>
<pin id="455" dir="1" index="1" bw="4" slack="1"/>
</pin_list>
<bind>
<opset="in_V_addr_5 "/>
</bind>
</comp>

<comp id="458" class="1005" name="in_V_load_5_reg_458">
<pin_list>
<pin id="459" dir="0" index="0" bw="16" slack="10"/>
<pin id="460" dir="1" index="1" bw="16" slack="10"/>
</pin_list>
<bind>
<opset="in_V_load_5 "/>
</bind>
</comp>

<comp id="463" class="1005" name="in_V_addr_6_reg_463">
<pin_list>
<pin id="464" dir="0" index="0" bw="4" slack="1"/>
<pin id="465" dir="1" index="1" bw="4" slack="1"/>
</pin_list>
<bind>
<opset="in_V_addr_6 "/>
</bind>
</comp>

<comp id="468" class="1005" name="in_V_load_6_reg_468">
<pin_list>
<pin id="469" dir="0" index="0" bw="16" slack="9"/>
<pin id="470" dir="1" index="1" bw="16" slack="9"/>
</pin_list>
<bind>
<opset="in_V_load_6 "/>
</bind>
</comp>

<comp id="473" class="1005" name="in_V_addr_7_reg_473">
<pin_list>
<pin id="474" dir="0" index="0" bw="4" slack="1"/>
<pin id="475" dir="1" index="1" bw="4" slack="1"/>
</pin_list>
<bind>
<opset="in_V_addr_7 "/>
</bind>
</comp>

<comp id="478" class="1005" name="in_V_load_7_reg_478">
<pin_list>
<pin id="479" dir="0" index="0" bw="16" slack="8"/>
<pin id="480" dir="1" index="1" bw="16" slack="8"/>
</pin_list>
<bind>
<opset="in_V_load_7 "/>
</bind>
</comp>

<comp id="483" class="1005" name="in_V_addr_8_reg_483">
<pin_list>
<pin id="484" dir="0" index="0" bw="4" slack="1"/>
<pin id="485" dir="1" index="1" bw="4" slack="1"/>
</pin_list>
<bind>
<opset="in_V_addr_8 "/>
</bind>
</comp>

<comp id="488" class="1005" name="in_V_load_8_reg_488">
<pin_list>
<pin id="489" dir="0" index="0" bw="16" slack="7"/>
<pin id="490" dir="1" index="1" bw="16" slack="7"/>
</pin_list>
<bind>
<opset="in_V_load_8 "/>
</bind>
</comp>

<comp id="493" class="1005" name="in_V_addr_9_reg_493">
<pin_list>
<pin id="494" dir="0" index="0" bw="4" slack="1"/>
<pin id="495" dir="1" index="1" bw="4" slack="1"/>
</pin_list>
<bind>
<opset="in_V_addr_9 "/>
</bind>
</comp>

<comp id="498" class="1005" name="in_V_load_9_reg_498">
<pin_list>
<pin id="499" dir="0" index="0" bw="16" slack="6"/>
<pin id="500" dir="1" index="1" bw="16" slack="6"/>
</pin_list>
<bind>
<opset="in_V_load_9 "/>
</bind>
</comp>

<comp id="503" class="1005" name="in_V_addr_10_reg_503">
<pin_list>
<pin id="504" dir="0" index="0" bw="4" slack="1"/>
<pin id="505" dir="1" index="1" bw="4" slack="1"/>
</pin_list>
<bind>
<opset="in_V_addr_10 "/>
</bind>
</comp>

<comp id="508" class="1005" name="in_V_load_10_reg_508">
<pin_list>
<pin id="509" dir="0" index="0" bw="16" slack="5"/>
<pin id="510" dir="1" index="1" bw="16" slack="5"/>
</pin_list>
<bind>
<opset="in_V_load_10 "/>
</bind>
</comp>

<comp id="513" class="1005" name="in_V_addr_11_reg_513">
<pin_list>
<pin id="514" dir="0" index="0" bw="4" slack="1"/>
<pin id="515" dir="1" index="1" bw="4" slack="1"/>
</pin_list>
<bind>
<opset="in_V_addr_11 "/>
</bind>
</comp>

<comp id="518" class="1005" name="in_V_load_11_reg_518">
<pin_list>
<pin id="519" dir="0" index="0" bw="16" slack="4"/>
<pin id="520" dir="1" index="1" bw="16" slack="4"/>
</pin_list>
<bind>
<opset="in_V_load_11 "/>
</bind>
</comp>

<comp id="523" class="1005" name="in_V_addr_12_reg_523">
<pin_list>
<pin id="524" dir="0" index="0" bw="4" slack="1"/>
<pin id="525" dir="1" index="1" bw="4" slack="1"/>
</pin_list>
<bind>
<opset="in_V_addr_12 "/>
</bind>
</comp>

<comp id="528" class="1005" name="in_V_load_12_reg_528">
<pin_list>
<pin id="529" dir="0" index="0" bw="16" slack="3"/>
<pin id="530" dir="1" index="1" bw="16" slack="3"/>
</pin_list>
<bind>
<opset="in_V_load_12 "/>
</bind>
</comp>

<comp id="533" class="1005" name="in_V_addr_13_reg_533">
<pin_list>
<pin id="534" dir="0" index="0" bw="4" slack="1"/>
<pin id="535" dir="1" index="1" bw="4" slack="1"/>
</pin_list>
<bind>
<opset="in_V_addr_13 "/>
</bind>
</comp>

<comp id="538" class="1005" name="in_V_load_13_reg_538">
<pin_list>
<pin id="539" dir="0" index="0" bw="16" slack="2"/>
<pin id="540" dir="1" index="1" bw="16" slack="2"/>
</pin_list>
<bind>
<opset="in_V_load_13 "/>
</bind>
</comp>

<comp id="543" class="1005" name="in_V_addr_14_reg_543">
<pin_list>
<pin id="544" dir="0" index="0" bw="4" slack="1"/>
<pin id="545" dir="1" index="1" bw="4" slack="1"/>
</pin_list>
<bind>
<opset="in_V_addr_14 "/>
</bind>
</comp>

<comp id="548" class="1005" name="in_V_load_14_reg_548">
<pin_list>
<pin id="549" dir="0" index="0" bw="16" slack="1"/>
<pin id="550" dir="1" index="1" bw="16" slack="1"/>
</pin_list>
<bind>
<opset="in_V_load_14 "/>
</bind>
</comp>

<comp id="553" class="1005" name="in_V_addr_15_reg_553">
<pin_list>
<pin id="554" dir="0" index="0" bw="4" slack="1"/>
<pin id="555" dir="1" index="1" bw="4" slack="1"/>
</pin_list>
<bind>
<opset="in_V_addr_15 "/>
</bind>
</comp>

</comp_list>

<net_list>
<net id="79"><net_src comp="16" pin="0"/><net_sink comp="76" pin=0"/></net>

<net id="83"><net_src comp="16" pin="0"/><net_sink comp="80" pin=0"/></net>

<net id="87"><net_src comp="16" pin="0"/><net_sink comp="84" pin=0"/></net>

<net id="91"><net_src comp="16" pin="0"/><net_sink comp="88" pin=0"/></net>

<net id="95"><net_src comp="16" pin="0"/><net_sink comp="92" pin=0"/></net>

<net id="99"><net_src comp="16" pin="0"/><net_sink comp="96" pin=0"/></net>

<net id="105"><net_src comp="0" pin="0"/><net_sink comp="100" pin=0"/></net>

<net id="106"><net_src comp="18" pin="0"/><net_sink comp="100" pin=1"/></net>

<net id="107"><net_src comp="18" pin="0"/><net_sink comp="100" pin=2"/></net>

<net id="113"><net_src comp="100" pin="3"/><net_sink comp="108" pin=0"/></net>

<net id="119"><net_src comp="0" pin="0"/><net_sink comp="114" pin=0"/></net>

<net id="120"><net_src comp="18" pin="0"/><net_sink comp="114" pin=1"/></net>

<net id="121"><net_src comp="16" pin="0"/><net_sink comp="114" pin=2"/></net>

<net id="122"><net_src comp="114" pin="3"/><net_sink comp="108" pin=0"/></net>

<net id="128"><net_src comp="0" pin="0"/><net_sink comp="123" pin=0"/></net>

<net id="129"><net_src comp="18" pin="0"/><net_sink comp="123" pin=1"/></net>

<net id="130"><net_src comp="20" pin="0"/><net_sink comp="123" pin=2"/></net>

<net id="131"><net_src comp="123" pin="3"/><net_sink comp="108" pin=0"/></net>

<net id="137"><net_src comp="0" pin="0"/><net_sink comp="132" pin=0"/></net>

<net id="138"><net_src comp="18" pin="0"/><net_sink comp="132" pin=1"/></net>

<net id="139"><net_src comp="22" pin="0"/><net_sink comp="132" pin=2"/></net>

<net id="140"><net_src comp="132" pin="3"/><net_sink comp="108" pin=0"/></net>

<net id="146"><net_src comp="0" pin="0"/><net_sink comp="141" pin=0"/></net>

<net id="147"><net_src comp="18" pin="0"/><net_sink comp="141" pin=1"/></net>

<net id="148"><net_src comp="24" pin="0"/><net_sink comp="141" pin=2"/></net>

<net id="149"><net_src comp="141" pin="3"/><net_sink comp="108" pin=0"/></net>

<net id="155"><net_src comp="0" pin="0"/><net_sink comp="150" pin=0"/></net>

<net id="156"><net_src comp="18" pin="0"/><net_sink comp="150" pin=1"/></net>

<net id="157"><net_src comp="26" pin="0"/><net_sink comp="150" pin=2"/></net>

<net id="158"><net_src comp="150" pin="3"/><net_sink comp="108" pin=0"/></net>

<net id="164"><net_src comp="0" pin="0"/><net_sink comp="159" pin=0"/></net>

<net id="165"><net_src comp="18" pin="0"/><net_sink comp="159" pin=1"/></net>

<net id="166"><net_src comp="28" pin="0"/><net_sink comp="159" pin=2"/></net>

<net id="167"><net_src comp="159" pin="3"/><net_sink comp="108" pin=0"/></net>

<net id="173"><net_src comp="0" pin="0"/><net_sink comp="168" pin=0"/></net>

<net id="174"><net_src comp="18" pin="0"/><net_sink comp="168" pin=1"/></net>

<net id="175"><net_src comp="30" pin="0"/><net_sink comp="168" pin=2"/></net>

<net id="176"><net_src comp="168" pin="3"/><net_sink comp="108" pin=0"/></net>

<net id="182"><net_src comp="0" pin="0"/><net_sink comp="177" pin=0"/></net>

<net id="183"><net_src comp="18" pin="0"/><net_sink comp="177" pin=1"/></net>

<net id="184"><net_src comp="32" pin="0"/><net_sink comp="177" pin=2"/></net>

<net id="185"><net_src comp="177" pin="3"/><net_sink comp="108" pin=0"/></net>

<net id="191"><net_src comp="0" pin="0"/><net_sink comp="186" pin=0"/></net>

<net id="192"><net_src comp="18" pin="0"/><net_sink comp="186" pin=1"/></net>

<net id="193"><net_src comp="34" pin="0"/><net_sink comp="186" pin=2"/></net>

<net id="194"><net_src comp="186" pin="3"/><net_sink comp="108" pin=0"/></net>

<net id="200"><net_src comp="0" pin="0"/><net_sink comp="195" pin=0"/></net>

<net id="201"><net_src comp="18" pin="0"/><net_sink comp="195" pin=1"/></net>

<net id="202"><net_src comp="36" pin="0"/><net_sink comp="195" pin=2"/></net>

<net id="203"><net_src comp="195" pin="3"/><net_sink comp="108" pin=0"/></net>

<net id="209"><net_src comp="0" pin="0"/><net_sink comp="204" pin=0"/></net>

<net id="210"><net_src comp="18" pin="0"/><net_sink comp="204" pin=1"/></net>

<net id="211"><net_src comp="38" pin="0"/><net_sink comp="204" pin=2"/></net>

<net id="212"><net_src comp="204" pin="3"/><net_sink comp="108" pin=0"/></net>

<net id="218"><net_src comp="0" pin="0"/><net_sink comp="213" pin=0"/></net>

<net id="219"><net_src comp="18" pin="0"/><net_sink comp="213" pin=1"/></net>

<net id="220"><net_src comp="40" pin="0"/><net_sink comp="213" pin=2"/></net>

<net id="221"><net_src comp="213" pin="3"/><net_sink comp="108" pin=0"/></net>

<net id="227"><net_src comp="0" pin="0"/><net_sink comp="222" pin=0"/></net>

<net id="228"><net_src comp="18" pin="0"/><net_sink comp="222" pin=1"/></net>

<net id="229"><net_src comp="42" pin="0"/><net_sink comp="222" pin=2"/></net>

<net id="230"><net_src comp="222" pin="3"/><net_sink comp="108" pin=0"/></net>

<net id="236"><net_src comp="0" pin="0"/><net_sink comp="231" pin=0"/></net>

<net id="237"><net_src comp="18" pin="0"/><net_sink comp="231" pin=1"/></net>

<net id="238"><net_src comp="44" pin="0"/><net_sink comp="231" pin=2"/></net>

<net id="239"><net_src comp="231" pin="3"/><net_sink comp="108" pin=0"/></net>

<net id="245"><net_src comp="0" pin="0"/><net_sink comp="240" pin=0"/></net>

<net id="246"><net_src comp="18" pin="0"/><net_sink comp="240" pin=1"/></net>

<net id="247"><net_src comp="46" pin="0"/><net_sink comp="240" pin=2"/></net>

<net id="248"><net_src comp="240" pin="3"/><net_sink comp="108" pin=0"/></net>

<net id="254"><net_src comp="2" pin="0"/><net_sink comp="249" pin=0"/></net>

<net id="255"><net_src comp="18" pin="0"/><net_sink comp="249" pin=1"/></net>

<net id="256"><net_src comp="18" pin="0"/><net_sink comp="249" pin=2"/></net>

<net id="262"><net_src comp="249" pin="3"/><net_sink comp="257" pin=0"/></net>

<net id="268"><net_src comp="2" pin="0"/><net_sink comp="263" pin=0"/></net>

<net id="269"><net_src comp="18" pin="0"/><net_sink comp="263" pin=1"/></net>

<net id="270"><net_src comp="16" pin="0"/><net_sink comp="263" pin=2"/></net>

<net id="271"><net_src comp="263" pin="3"/><net_sink comp="257" pin=0"/></net>

<net id="277"><net_src comp="2" pin="0"/><net_sink comp="272" pin=0"/></net>

<net id="278"><net_src comp="18" pin="0"/><net_sink comp="272" pin=1"/></net>

<net id="279"><net_src comp="20" pin="0"/><net_sink comp="272" pin=2"/></net>

<net id="280"><net_src comp="272" pin="3"/><net_sink comp="257" pin=0"/></net>

<net id="286"><net_src comp="2" pin="0"/><net_sink comp="281" pin=0"/></net>

<net id="287"><net_src comp="18" pin="0"/><net_sink comp="281" pin=1"/></net>

<net id="288"><net_src comp="22" pin="0"/><net_sink comp="281" pin=2"/></net>

<net id="289"><net_src comp="281" pin="3"/><net_sink comp="257" pin=0"/></net>

<net id="295"><net_src comp="2" pin="0"/><net_sink comp="290" pin=0"/></net>

<net id="296"><net_src comp="18" pin="0"/><net_sink comp="290" pin=1"/></net>

<net id="297"><net_src comp="24" pin="0"/><net_sink comp="290" pin=2"/></net>

<net id="298"><net_src comp="290" pin="3"/><net_sink comp="257" pin=0"/></net>

<net id="314"><net_src comp="50" pin="0"/><net_sink comp="299" pin=0"/></net>

<net id="315"><net_src comp="4" pin="0"/><net_sink comp="299" pin=7"/></net>

<net id="316"><net_src comp="6" pin="0"/><net_sink comp="299" pin=8"/></net>

<net id="317"><net_src comp="8" pin="0"/><net_sink comp="299" pin=9"/></net>

<net id="318"><net_src comp="10" pin="0"/><net_sink comp="299" pin=10"/></net>

<net id="319"><net_src comp="12" pin="0"/><net_sink comp="299" pin=11"/></net>

<net id="320"><net_src comp="14" pin="0"/><net_sink comp="299" pin=12"/></net>

<net id="340"><net_src comp="48" pin="0"/><net_sink comp="321" pin=0"/></net>

<net id="341"><net_src comp="108" pin="3"/><net_sink comp="321" pin=1"/></net>

<net id="346"><net_src comp="321" pin="17"/><net_sink comp="342" pin=0"/></net>

<net id="350"><net_src comp="347" pin="1"/><net_sink comp="257" pin=1"/></net>

<net id="354"><net_src comp="351" pin="1"/><net_sink comp="257" pin=1"/></net>

<net id="358"><net_src comp="355" pin="1"/><net_sink comp="257" pin=1"/></net>

<net id="362"><net_src comp="359" pin="1"/><net_sink comp="257" pin=1"/></net>

<net id="366"><net_src comp="363" pin="1"/><net_sink comp="257" pin=1"/></net>

<net id="370"><net_src comp="76" pin="1"/><net_sink comp="367" pin=0"/></net>

<net id="371"><net_src comp="367" pin="1"/><net_sink comp="342" pin=1"/></net>

<net id="372"><net_src comp="367" pin="1"/><net_sink comp="299" pin=1"/></net>

<net id="376"><net_src comp="80" pin="1"/><net_sink comp="373" pin=0"/></net>

<net id="377"><net_src comp="373" pin="1"/><net_sink comp="299" pin=2"/></net>

<net id="378"><net_src comp="373" pin="1"/><net_sink comp="347" pin=0"/></net>

<net id="382"><net_src comp="84" pin="1"/><net_sink comp="379" pin=0"/></net>

<net id="383"><net_src comp="379" pin="1"/><net_sink comp="299" pin=3"/></net>

<net id="384"><net_src comp="379" pin="1"/><net_sink comp="351" pin=0"/></net>

<net id="388"><net_src comp="88" pin="1"/><net_sink comp="385" pin=0"/></net>

<net id="389"><net_src comp="385" pin="1"/><net_sink comp="299" pin=4"/></net>

<net id="390"><net_src comp="385" pin="1"/><net_sink comp="355" pin=0"/></net>

<net id="394"><net_src comp="92" pin="1"/><net_sink comp="391" pin=0"/></net>

<net id="395"><net_src comp="391" pin="1"/><net_sink comp="299" pin=5"/></net>

<net id="396"><net_src comp="391" pin="1"/><net_sink comp="359" pin=0"/></net>

<net id="400"><net_src comp="96" pin="1"/><net_sink comp="397" pin=0"/></net>

<net id="401"><net_src comp="397" pin="1"/><net_sink comp="299" pin=6"/></net>

<net id="402"><net_src comp="397" pin="1"/><net_sink comp="363" pin=0"/></net>

<net id="406"><net_src comp="100" pin="3"/><net_sink comp="403" pin=0"/></net>

<net id="407"><net_src comp="403" pin="1"/><net_sink comp="108" pin=0"/></net>

<net id="411"><net_src comp="108" pin="3"/><net_sink comp="408" pin=0"/></net>

<net id="412"><net_src comp="408" pin="1"/><net_sink comp="321" pin=16"/></net>

<net id="416"><net_src comp="114" pin="3"/><net_sink comp="413" pin=0"/></net>

<net id="417"><net_src comp="413" pin="1"/><net_sink comp="108" pin=0"/></net>

<net id="421"><net_src comp="108" pin="3"/><net_sink comp="418" pin=0"/></net>

<net id="422"><net_src comp="418" pin="1"/><net_sink comp="321" pin=15"/></net>

<net id="426"><net_src comp="123" pin="3"/><net_sink comp="423" pin=0"/></net>

<net id="427"><net_src comp="423" pin="1"/><net_sink comp="108" pin=0"/></net>

<net id="431"><net_src comp="108" pin="3"/><net_sink comp="428" pin=0"/></net>

<net id="432"><net_src comp="428" pin="1"/><net_sink comp="321" pin=14"/></net>

<net id="436"><net_src comp="132" pin="3"/><net_sink comp="433" pin=0"/></net>

<net id="437"><net_src comp="433" pin="1"/><net_sink comp="108" pin=0"/></net>

<net id="441"><net_src comp="108" pin="3"/><net_sink comp="438" pin=0"/></net>

<net id="442"><net_src comp="438" pin="1"/><net_sink comp="321" pin=13"/></net>

<net id="446"><net_src comp="141" pin="3"/><net_sink comp="443" pin=0"/></net>

<net id="447"><net_src comp="443" pin="1"/><net_sink comp="108" pin=0"/></net>

<net id="451"><net_src comp="108" pin="3"/><net_sink comp="448" pin=0"/></net>

<net id="452"><net_src comp="448" pin="1"/><net_sink comp="321" pin=12"/></net>

<net id="456"><net_src comp="150" pin="3"/><net_sink comp="453" pin=0"/></net>

<net id="457"><net_src comp="453" pin="1"/><net_sink comp="108" pin=0"/></net>

<net id="461"><net_src comp="108" pin="3"/><net_sink comp="458" pin=0"/></net>

<net id="462"><net_src comp="458" pin="1"/><net_sink comp="321" pin=11"/></net>

<net id="466"><net_src comp="159" pin="3"/><net_sink comp="463" pin=0"/></net>

<net id="467"><net_src comp="463" pin="1"/><net_sink comp="108" pin=0"/></net>

<net id="471"><net_src comp="108" pin="3"/><net_sink comp="468" pin=0"/></net>

<net id="472"><net_src comp="468" pin="1"/><net_sink comp="321" pin=10"/></net>

<net id="476"><net_src comp="168" pin="3"/><net_sink comp="473" pin=0"/></net>

<net id="477"><net_src comp="473" pin="1"/><net_sink comp="108" pin=0"/></net>

<net id="481"><net_src comp="108" pin="3"/><net_sink comp="478" pin=0"/></net>

<net id="482"><net_src comp="478" pin="1"/><net_sink comp="321" pin=9"/></net>

<net id="486"><net_src comp="177" pin="3"/><net_sink comp="483" pin=0"/></net>

<net id="487"><net_src comp="483" pin="1"/><net_sink comp="108" pin=0"/></net>

<net id="491"><net_src comp="108" pin="3"/><net_sink comp="488" pin=0"/></net>

<net id="492"><net_src comp="488" pin="1"/><net_sink comp="321" pin=8"/></net>

<net id="496"><net_src comp="186" pin="3"/><net_sink comp="493" pin=0"/></net>

<net id="497"><net_src comp="493" pin="1"/><net_sink comp="108" pin=0"/></net>

<net id="501"><net_src comp="108" pin="3"/><net_sink comp="498" pin=0"/></net>

<net id="502"><net_src comp="498" pin="1"/><net_sink comp="321" pin=7"/></net>

<net id="506"><net_src comp="195" pin="3"/><net_sink comp="503" pin=0"/></net>

<net id="507"><net_src comp="503" pin="1"/><net_sink comp="108" pin=0"/></net>

<net id="511"><net_src comp="108" pin="3"/><net_sink comp="508" pin=0"/></net>

<net id="512"><net_src comp="508" pin="1"/><net_sink comp="321" pin=6"/></net>

<net id="516"><net_src comp="204" pin="3"/><net_sink comp="513" pin=0"/></net>

<net id="517"><net_src comp="513" pin="1"/><net_sink comp="108" pin=0"/></net>

<net id="521"><net_src comp="108" pin="3"/><net_sink comp="518" pin=0"/></net>

<net id="522"><net_src comp="518" pin="1"/><net_sink comp="321" pin=5"/></net>

<net id="526"><net_src comp="213" pin="3"/><net_sink comp="523" pin=0"/></net>

<net id="527"><net_src comp="523" pin="1"/><net_sink comp="108" pin=0"/></net>

<net id="531"><net_src comp="108" pin="3"/><net_sink comp="528" pin=0"/></net>

<net id="532"><net_src comp="528" pin="1"/><net_sink comp="321" pin=4"/></net>

<net id="536"><net_src comp="222" pin="3"/><net_sink comp="533" pin=0"/></net>

<net id="537"><net_src comp="533" pin="1"/><net_sink comp="108" pin=0"/></net>

<net id="541"><net_src comp="108" pin="3"/><net_sink comp="538" pin=0"/></net>

<net id="542"><net_src comp="538" pin="1"/><net_sink comp="321" pin=3"/></net>

<net id="546"><net_src comp="231" pin="3"/><net_sink comp="543" pin=0"/></net>

<net id="547"><net_src comp="543" pin="1"/><net_sink comp="108" pin=0"/></net>

<net id="551"><net_src comp="108" pin="3"/><net_sink comp="548" pin=0"/></net>

<net id="552"><net_src comp="548" pin="1"/><net_sink comp="321" pin=2"/></net>

<net id="556"><net_src comp="240" pin="3"/><net_sink comp="553" pin=0"/></net>

<net id="557"><net_src comp="553" pin="1"/><net_sink comp="108" pin=0"/></net>

</net_list>

</model> 
---------------- Datapath Model END ------------------

* FSMD analyzer results:
  - Output states:
	Port: out_V | {20 21 22 23 24 }
 - Input state : 
	Port: myproject_axi : in_V | {1 2 3 4 5 6 7 8 9 10 11 12 13 14 15 16 17 }
	Port: myproject_axi : w2_V | {18 19 }
	Port: myproject_axi : w5_V | {18 19 }
	Port: myproject_axi : w8_V | {18 19 }
	Port: myproject_axi : w11_V | {18 19 }
	Port: myproject_axi : exp_table1 | {18 19 }
	Port: myproject_axi : invert_table2 | {18 19 }
  - Chain level:
	State 1
		in_V_load : 1
	State 2
		in_V_load_1 : 1
	State 3
		in_V_load_2 : 1
	State 4
		in_V_load_3 : 1
	State 5
		in_V_load_4 : 1
	State 6
		in_V_load_5 : 1
	State 7
		in_V_load_6 : 1
	State 8
		in_V_load_7 : 1
	State 9
		in_V_load_8 : 1
	State 10
		in_V_load_9 : 1
	State 11
		in_V_load_10 : 1
	State 12
		in_V_load_11 : 1
	State 13
		in_V_load_12 : 1
	State 14
		in_V_load_13 : 1
	State 15
		in_V_load_14 : 1
	State 16
		in_V_load_15 : 1
	State 17
		in_local_V_1 : 1
		store_ln20 : 2
	State 18
	State 19
	State 20
		store_ln27 : 1
	State 21
		store_ln27 : 1
	State 22
		store_ln27 : 1
	State 23
		store_ln27 : 1
	State 24
		store_ln27 : 1


============================================================
+ Verbose Summary: Datapath Resource usage 
============================================================

* Functional unit list:
|----------|----------------------|---------|---------|---------|---------|
| Operation|    Functional Unit   |  DSP48E |  Delay  |    FF   |   LUT   |
|----------|----------------------|---------|---------|---------|---------|
|   call   | grp_myproject_fu_299 |   271   | 994.178 |  43160  |  38321  |
|----------|----------------------|---------|---------|---------|---------|
|bitconcatenate|  in_local_V_1_fu_321 |    0    |    0    |    0    |    0    |
|----------|----------------------|---------|---------|---------|---------|
|   Total  |                      |   271   | 994.178 |  43160  |  38321  |
|----------|----------------------|---------|---------|---------|---------|

Memories:
+-------------+--------+--------+--------+
|             |  BRAM  |   FF   |   LUT  |
+-------------+--------+--------+--------+
|  exp_table1 |    3   |    0   |    0   |
|invert_table2|    1   |    0   |    0   |
|    w11_V    |    5   |    0   |    0   |
|     w2_V    |   57   |    0   |    0   |
|     w5_V    |   29   |    0   |    0   |
|     w8_V    |   29   |    0   |    0   |
+-------------+--------+--------+--------+
|    Total    |   124  |    0   |    0   |
+-------------+--------+--------+--------+

* Register list:
+--------------------+--------+
|                    |   FF   |
+--------------------+--------+
|in_V_addr_10_reg_503|    4   |
|in_V_addr_11_reg_513|    4   |
|in_V_addr_12_reg_523|    4   |
|in_V_addr_13_reg_533|    4   |
|in_V_addr_14_reg_543|    4   |
|in_V_addr_15_reg_553|    4   |
| in_V_addr_1_reg_413|    4   |
| in_V_addr_2_reg_423|    4   |
| in_V_addr_3_reg_433|    4   |
| in_V_addr_4_reg_443|    4   |
| in_V_addr_5_reg_453|    4   |
| in_V_addr_6_reg_463|    4   |
| in_V_addr_7_reg_473|    4   |
| in_V_addr_8_reg_483|    4   |
| in_V_addr_9_reg_493|    4   |
|  in_V_addr_reg_403 |    4   |
|in_V_load_10_reg_508|   16   |
|in_V_load_11_reg_518|   16   |
|in_V_load_12_reg_528|   16   |
|in_V_load_13_reg_538|   16   |
|in_V_load_14_reg_548|   16   |
| in_V_load_1_reg_418|   16   |
| in_V_load_2_reg_428|   16   |
| in_V_load_3_reg_438|   16   |
| in_V_load_4_reg_448|   16   |
| in_V_load_5_reg_458|   16   |
| in_V_load_6_reg_468|   16   |
| in_V_load_7_reg_478|   16   |
| in_V_load_8_reg_488|   16   |
| in_V_load_9_reg_498|   16   |
|  in_V_load_reg_408 |   16   |
| in_local_V_reg_367 |   256  |
| out_local_0_reg_373|   16   |
| out_local_1_reg_379|   16   |
| out_local_2_reg_385|   16   |
| out_local_3_reg_391|   16   |
| out_local_4_reg_397|   16   |
+--------------------+--------+
|        Total       |   640  |
+--------------------+--------+

* Multiplexer (MUX) list: 
|-------------------|------|------|------|--------||---------||---------|
|        Comp       |  Pin | Size |  BW  | S x BW ||  Delay  ||   LUT   |
|-------------------|------|------|------|--------||---------||---------|
| grp_access_fu_108 |  p0  |  32  |   4  |   128  ||   145   |
| grp_access_fu_257 |  p0  |   5  |   3  |   15   ||    27   |
| grp_access_fu_257 |  p1  |   5  |  16  |   80   ||    27   |
|-------------------|------|------|------|--------||---------||---------|
|       Total       |      |      |      |   223  ||  6.5475 ||   199   |
|-------------------|------|------|------|--------||---------||---------|



* Summary:
+-----------+--------+--------+--------+--------+--------+
|           |  BRAM  | DSP48E |  Delay |   FF   |   LUT  |
+-----------+--------+--------+--------+--------+--------+
|  Function |    -   |   271  |   994  |  43160 |  38321 |
|   Memory  |   124  |    -   |    -   |    0   |    0   |
|Multiplexer|    -   |    -   |    6   |    -   |   199  |
|  Register |    -   |    -   |    -   |   640  |    -   |
+-----------+--------+--------+--------+--------+--------+
|   Total   |   124  |   271  |  1000  |  43800 |  38520 |
+-----------+--------+--------+--------+--------+--------+
