0.6929865479469299 0.7006656527519226
0.6925267577171326 0.7071241140365601
0.6931983828544617 0.698028028011322
0.7034458518028259 0.7056246995925903
0.6979363560676575 0.7025103569030762
0.6960757970809937 0.7023695707321167
0.6953567862510681 0.7009883522987366
0.6946656107902527 0.7007619738578796
0.6943642497062683 0.7000951170921326
0.6939895153045654 0.7007138729095459
0.6935552954673767 0.7000325918197632
0.6932946443557739 0.7001859545707703
0.6932611465454102 0.6988251805305481
0.6925238370895386 0.6987650394439697
0.6928954124450684 0.6998153924942017
0.6930670142173767 0.6986896991729736
0.6933261752128601 0.6993945837020874
0.6931859254837036 0.7001219391822815
0.6933876276016235 0.6994005441665649
0.6930779218673706 0.6991909146308899
