

================================================================
== Vivado HLS Report for 'relu_ap_fixed_ap_fixed_16_6_0_0_0_relu_config7_s'
================================================================
* Date:           Wed Sep  8 19:08:43 2021

* Version:        2020.1 (Build 2897737 on Wed May 27 20:21:37 MDT 2020)
* Project:        myproject_prj
* Solution:       solution1
* Product family: zynq
* Target device:  xc7z020-clg400-1


================================================================
== Performance Estimates
================================================================
+ Timing: 
    * Summary: 
    +--------+---------+----------+------------+
    |  Clock |  Target | Estimated| Uncertainty|
    +--------+---------+----------+------------+
    |ap_clk  | 5.00 ns | 3.183 ns |   0.62 ns  |
    +--------+---------+----------+------------+

+ Latency: 
    * Summary: 
    +---------+---------+----------+----------+-----+-----+----------+
    |  Latency (cycles) |  Latency (absolute) |  Interval | Pipeline |
    |   min   |   max   |    min   |    max   | min | max |   Type   |
    +---------+---------+----------+----------+-----+-----+----------+
    |        0|        0|   0 ns   |   0 ns   |    1|    1| function |
    +---------+---------+----------+----------+-----+-----+----------+

    + Detail: 
        * Instance: 
        N/A

        * Loop: 
        N/A

============================================================
+ Verbose Summary: Synthesis Manager
============================================================
InlineROM: 1
ExposeGlobal: 0
============================================================
+ Verbose Summary: CDFG Model
============================================================
IsTopModel: 0
ResetActiveHigh: 1
IsCombinational: 2
IsDatapathOnly: 0
HasWiredReturn: 1
HasMFsm: 2
HasVarLatency: 0
IsPipeline: 1
IsRtlPipelined: 0
IsInstanceOverlapped: 0
IsDontTouch: 0
HasImplIP: 0
IsGatedGlobalClock: 0

+ Individual pipeline summary: 
  * Pipeline-0: initiation interval (II) = 1, depth = 1


============================================================
+ Verbose Summary: Schedule
============================================================
* Number of FSM states : 1
* Pipeline : 1
  Pipeline-0 : II = 1, D = 1, States = { 1 }
* Dataflow Pipeline: 0

* FSM state transitions: 
1 --> 

* FSM state operations: 

State 1 <SV = 0> <Delay = 3.18>
ST_1 : Operation 2 [1/1] (0.00ns)   --->   "%data_31_V_read_1 = call i16 @_ssdm_op_Read.ap_auto.i16(i16 %data_31_V_read)" [firmware/nnet_utils/nnet_activation.h:69]   --->   Operation 2 'read' 'data_31_V_read_1' <Predicate = true> <Delay = 0.00>
ST_1 : Operation 3 [1/1] (0.00ns)   --->   "%data_30_V_read_1 = call i16 @_ssdm_op_Read.ap_auto.i16(i16 %data_30_V_read)" [firmware/nnet_utils/nnet_activation.h:69]   --->   Operation 3 'read' 'data_30_V_read_1' <Predicate = true> <Delay = 0.00>
ST_1 : Operation 4 [1/1] (0.00ns)   --->   "%data_29_V_read_1 = call i16 @_ssdm_op_Read.ap_auto.i16(i16 %data_29_V_read)" [firmware/nnet_utils/nnet_activation.h:69]   --->   Operation 4 'read' 'data_29_V_read_1' <Predicate = true> <Delay = 0.00>
ST_1 : Operation 5 [1/1] (0.00ns)   --->   "%data_28_V_read_1 = call i16 @_ssdm_op_Read.ap_auto.i16(i16 %data_28_V_read)" [firmware/nnet_utils/nnet_activation.h:69]   --->   Operation 5 'read' 'data_28_V_read_1' <Predicate = true> <Delay = 0.00>
ST_1 : Operation 6 [1/1] (0.00ns)   --->   "%data_27_V_read_1 = call i16 @_ssdm_op_Read.ap_auto.i16(i16 %data_27_V_read)" [firmware/nnet_utils/nnet_activation.h:69]   --->   Operation 6 'read' 'data_27_V_read_1' <Predicate = true> <Delay = 0.00>
ST_1 : Operation 7 [1/1] (0.00ns)   --->   "%data_26_V_read_1 = call i16 @_ssdm_op_Read.ap_auto.i16(i16 %data_26_V_read)" [firmware/nnet_utils/nnet_activation.h:69]   --->   Operation 7 'read' 'data_26_V_read_1' <Predicate = true> <Delay = 0.00>
ST_1 : Operation 8 [1/1] (0.00ns)   --->   "%data_25_V_read_1 = call i16 @_ssdm_op_Read.ap_auto.i16(i16 %data_25_V_read)" [firmware/nnet_utils/nnet_activation.h:69]   --->   Operation 8 'read' 'data_25_V_read_1' <Predicate = true> <Delay = 0.00>
ST_1 : Operation 9 [1/1] (0.00ns)   --->   "%data_24_V_read_1 = call i16 @_ssdm_op_Read.ap_auto.i16(i16 %data_24_V_read)" [firmware/nnet_utils/nnet_activation.h:69]   --->   Operation 9 'read' 'data_24_V_read_1' <Predicate = true> <Delay = 0.00>
ST_1 : Operation 10 [1/1] (0.00ns)   --->   "%data_23_V_read_1 = call i16 @_ssdm_op_Read.ap_auto.i16(i16 %data_23_V_read)" [firmware/nnet_utils/nnet_activation.h:69]   --->   Operation 10 'read' 'data_23_V_read_1' <Predicate = true> <Delay = 0.00>
ST_1 : Operation 11 [1/1] (0.00ns)   --->   "%data_22_V_read_1 = call i16 @_ssdm_op_Read.ap_auto.i16(i16 %data_22_V_read)" [firmware/nnet_utils/nnet_activation.h:69]   --->   Operation 11 'read' 'data_22_V_read_1' <Predicate = true> <Delay = 0.00>
ST_1 : Operation 12 [1/1] (0.00ns)   --->   "%data_21_V_read_1 = call i16 @_ssdm_op_Read.ap_auto.i16(i16 %data_21_V_read)" [firmware/nnet_utils/nnet_activation.h:69]   --->   Operation 12 'read' 'data_21_V_read_1' <Predicate = true> <Delay = 0.00>
ST_1 : Operation 13 [1/1] (0.00ns)   --->   "%data_20_V_read_1 = call i16 @_ssdm_op_Read.ap_auto.i16(i16 %data_20_V_read)" [firmware/nnet_utils/nnet_activation.h:69]   --->   Operation 13 'read' 'data_20_V_read_1' <Predicate = true> <Delay = 0.00>
ST_1 : Operation 14 [1/1] (0.00ns)   --->   "%data_19_V_read_1 = call i16 @_ssdm_op_Read.ap_auto.i16(i16 %data_19_V_read)" [firmware/nnet_utils/nnet_activation.h:69]   --->   Operation 14 'read' 'data_19_V_read_1' <Predicate = true> <Delay = 0.00>
ST_1 : Operation 15 [1/1] (0.00ns)   --->   "%data_18_V_read_1 = call i16 @_ssdm_op_Read.ap_auto.i16(i16 %data_18_V_read)" [firmware/nnet_utils/nnet_activation.h:69]   --->   Operation 15 'read' 'data_18_V_read_1' <Predicate = true> <Delay = 0.00>
ST_1 : Operation 16 [1/1] (0.00ns)   --->   "%data_17_V_read_1 = call i16 @_ssdm_op_Read.ap_auto.i16(i16 %data_17_V_read)" [firmware/nnet_utils/nnet_activation.h:69]   --->   Operation 16 'read' 'data_17_V_read_1' <Predicate = true> <Delay = 0.00>
ST_1 : Operation 17 [1/1] (0.00ns)   --->   "%data_16_V_read_1 = call i16 @_ssdm_op_Read.ap_auto.i16(i16 %data_16_V_read)" [firmware/nnet_utils/nnet_activation.h:69]   --->   Operation 17 'read' 'data_16_V_read_1' <Predicate = true> <Delay = 0.00>
ST_1 : Operation 18 [1/1] (0.00ns)   --->   "%data_15_V_read_1 = call i16 @_ssdm_op_Read.ap_auto.i16(i16 %data_15_V_read)" [firmware/nnet_utils/nnet_activation.h:69]   --->   Operation 18 'read' 'data_15_V_read_1' <Predicate = true> <Delay = 0.00>
ST_1 : Operation 19 [1/1] (0.00ns)   --->   "%data_14_V_read_1 = call i16 @_ssdm_op_Read.ap_auto.i16(i16 %data_14_V_read)" [firmware/nnet_utils/nnet_activation.h:69]   --->   Operation 19 'read' 'data_14_V_read_1' <Predicate = true> <Delay = 0.00>
ST_1 : Operation 20 [1/1] (0.00ns)   --->   "%data_13_V_read_1 = call i16 @_ssdm_op_Read.ap_auto.i16(i16 %data_13_V_read)" [firmware/nnet_utils/nnet_activation.h:69]   --->   Operation 20 'read' 'data_13_V_read_1' <Predicate = true> <Delay = 0.00>
ST_1 : Operation 21 [1/1] (0.00ns)   --->   "%data_12_V_read_1 = call i16 @_ssdm_op_Read.ap_auto.i16(i16 %data_12_V_read)" [firmware/nnet_utils/nnet_activation.h:69]   --->   Operation 21 'read' 'data_12_V_read_1' <Predicate = true> <Delay = 0.00>
ST_1 : Operation 22 [1/1] (0.00ns)   --->   "%data_11_V_read_1 = call i16 @_ssdm_op_Read.ap_auto.i16(i16 %data_11_V_read)" [firmware/nnet_utils/nnet_activation.h:69]   --->   Operation 22 'read' 'data_11_V_read_1' <Predicate = true> <Delay = 0.00>
ST_1 : Operation 23 [1/1] (0.00ns)   --->   "%data_10_V_read_1 = call i16 @_ssdm_op_Read.ap_auto.i16(i16 %data_10_V_read)" [firmware/nnet_utils/nnet_activation.h:69]   --->   Operation 23 'read' 'data_10_V_read_1' <Predicate = true> <Delay = 0.00>
ST_1 : Operation 24 [1/1] (0.00ns)   --->   "%data_9_V_read_1 = call i16 @_ssdm_op_Read.ap_auto.i16(i16 %data_9_V_read)" [firmware/nnet_utils/nnet_activation.h:69]   --->   Operation 24 'read' 'data_9_V_read_1' <Predicate = true> <Delay = 0.00>
ST_1 : Operation 25 [1/1] (0.00ns)   --->   "%data_8_V_read_1 = call i16 @_ssdm_op_Read.ap_auto.i16(i16 %data_8_V_read)" [firmware/nnet_utils/nnet_activation.h:69]   --->   Operation 25 'read' 'data_8_V_read_1' <Predicate = true> <Delay = 0.00>
ST_1 : Operation 26 [1/1] (0.00ns)   --->   "%data_7_V_read_1 = call i16 @_ssdm_op_Read.ap_auto.i16(i16 %data_7_V_read)" [firmware/nnet_utils/nnet_activation.h:69]   --->   Operation 26 'read' 'data_7_V_read_1' <Predicate = true> <Delay = 0.00>
ST_1 : Operation 27 [1/1] (0.00ns)   --->   "%data_6_V_read_1 = call i16 @_ssdm_op_Read.ap_auto.i16(i16 %data_6_V_read)" [firmware/nnet_utils/nnet_activation.h:69]   --->   Operation 27 'read' 'data_6_V_read_1' <Predicate = true> <Delay = 0.00>
ST_1 : Operation 28 [1/1] (0.00ns)   --->   "%data_5_V_read_1 = call i16 @_ssdm_op_Read.ap_auto.i16(i16 %data_5_V_read)" [firmware/nnet_utils/nnet_activation.h:69]   --->   Operation 28 'read' 'data_5_V_read_1' <Predicate = true> <Delay = 0.00>
ST_1 : Operation 29 [1/1] (0.00ns)   --->   "%data_4_V_read_2 = call i16 @_ssdm_op_Read.ap_auto.i16(i16 %data_4_V_read)" [firmware/nnet_utils/nnet_activation.h:69]   --->   Operation 29 'read' 'data_4_V_read_2' <Predicate = true> <Delay = 0.00>
ST_1 : Operation 30 [1/1] (0.00ns)   --->   "%data_3_V_read_2 = call i16 @_ssdm_op_Read.ap_auto.i16(i16 %data_3_V_read)" [firmware/nnet_utils/nnet_activation.h:69]   --->   Operation 30 'read' 'data_3_V_read_2' <Predicate = true> <Delay = 0.00>
ST_1 : Operation 31 [1/1] (0.00ns)   --->   "%data_2_V_read_2 = call i16 @_ssdm_op_Read.ap_auto.i16(i16 %data_2_V_read)" [firmware/nnet_utils/nnet_activation.h:69]   --->   Operation 31 'read' 'data_2_V_read_2' <Predicate = true> <Delay = 0.00>
ST_1 : Operation 32 [1/1] (0.00ns)   --->   "%data_1_V_read_2 = call i16 @_ssdm_op_Read.ap_auto.i16(i16 %data_1_V_read)" [firmware/nnet_utils/nnet_activation.h:69]   --->   Operation 32 'read' 'data_1_V_read_2' <Predicate = true> <Delay = 0.00>
ST_1 : Operation 33 [1/1] (0.00ns)   --->   "%data_0_V_read_2 = call i16 @_ssdm_op_Read.ap_auto.i16(i16 %data_0_V_read)" [firmware/nnet_utils/nnet_activation.h:69]   --->   Operation 33 'read' 'data_0_V_read_2' <Predicate = true> <Delay = 0.00>
ST_1 : Operation 34 [1/1] (0.00ns)   --->   "%tmp = call i32 (...)* @_ssdm_op_SpecRegionBegin([13 x i8]* @p_str20)" [firmware/nnet_utils/nnet_activation.h:71]   --->   Operation 34 'specregionbegin' 'tmp' <Predicate = true> <Delay = 0.00>
ST_1 : Operation 35 [1/1] (0.00ns)   --->   "call void (...)* @_ssdm_op_SpecPipeline(i32 -1, i32 1, i32 1, i32 0, [1 x i8]* @p_str9) nounwind" [firmware/nnet_utils/nnet_activation.h:72]   --->   Operation 35 'specpipeline' <Predicate = true> <Delay = 0.00>
ST_1 : Operation 36 [1/1] (0.00ns)   --->   "%empty = call i32 (...)* @_ssdm_op_SpecRegionEnd([13 x i8]* @p_str20, i32 %tmp)" [firmware/nnet_utils/nnet_activation.h:73]   --->   Operation 36 'specregionend' 'empty' <Predicate = true> <Delay = 0.00>
ST_1 : Operation 37 [1/1] (0.00ns)   --->   "%trunc_ln1494 = trunc i16 %data_0_V_read_2 to i15" [firmware/nnet_utils/nnet_activation.h:81]   --->   Operation 37 'trunc' 'trunc_ln1494' <Predicate = (icmp_ln1494)> <Delay = 0.00>
ST_1 : Operation 38 [1/1] (2.42ns)   --->   "%icmp_ln1494 = icmp sgt i16 %data_0_V_read_2, 0" [firmware/nnet_utils/nnet_activation.h:81]   --->   Operation 38 'icmp' 'icmp_ln1494' <Predicate = true> <Delay = 2.42> <Core = "Cmp">   --->   Core 25 'Cmp' <Latency = 0> <II = 1> <Delay = 2.42> <FuncUnit> <Opcode : 'icmp'> <InPorts = 2> <OutPorts = 1>
ST_1 : Operation 39 [1/1] (0.75ns)   --->   "%select_ln81 = select i1 %icmp_ln1494, i15 %trunc_ln1494, i15 0" [firmware/nnet_utils/nnet_activation.h:81]   --->   Operation 39 'select' 'select_ln81' <Predicate = true> <Delay = 0.75> <Core = "Sel">   --->   Core 26 'Sel' <Latency = 0> <II = 1> <Delay = 0.75> <FuncUnit> <Opcode : 'select'> <InPorts = 3> <OutPorts = 1>
ST_1 : Operation 40 [1/1] (0.00ns)   --->   "%trunc_ln1494_1 = trunc i16 %data_1_V_read_2 to i15" [firmware/nnet_utils/nnet_activation.h:81]   --->   Operation 40 'trunc' 'trunc_ln1494_1' <Predicate = (icmp_ln1494_1)> <Delay = 0.00>
ST_1 : Operation 41 [1/1] (2.42ns)   --->   "%icmp_ln1494_1 = icmp sgt i16 %data_1_V_read_2, 0" [firmware/nnet_utils/nnet_activation.h:81]   --->   Operation 41 'icmp' 'icmp_ln1494_1' <Predicate = true> <Delay = 2.42> <Core = "Cmp">   --->   Core 25 'Cmp' <Latency = 0> <II = 1> <Delay = 2.42> <FuncUnit> <Opcode : 'icmp'> <InPorts = 2> <OutPorts = 1>
ST_1 : Operation 42 [1/1] (0.75ns)   --->   "%select_ln81_1 = select i1 %icmp_ln1494_1, i15 %trunc_ln1494_1, i15 0" [firmware/nnet_utils/nnet_activation.h:81]   --->   Operation 42 'select' 'select_ln81_1' <Predicate = true> <Delay = 0.75> <Core = "Sel">   --->   Core 26 'Sel' <Latency = 0> <II = 1> <Delay = 0.75> <FuncUnit> <Opcode : 'select'> <InPorts = 3> <OutPorts = 1>
ST_1 : Operation 43 [1/1] (0.00ns)   --->   "%trunc_ln1494_2 = trunc i16 %data_2_V_read_2 to i15" [firmware/nnet_utils/nnet_activation.h:81]   --->   Operation 43 'trunc' 'trunc_ln1494_2' <Predicate = (icmp_ln1494_2)> <Delay = 0.00>
ST_1 : Operation 44 [1/1] (2.42ns)   --->   "%icmp_ln1494_2 = icmp sgt i16 %data_2_V_read_2, 0" [firmware/nnet_utils/nnet_activation.h:81]   --->   Operation 44 'icmp' 'icmp_ln1494_2' <Predicate = true> <Delay = 2.42> <Core = "Cmp">   --->   Core 25 'Cmp' <Latency = 0> <II = 1> <Delay = 2.42> <FuncUnit> <Opcode : 'icmp'> <InPorts = 2> <OutPorts = 1>
ST_1 : Operation 45 [1/1] (0.75ns)   --->   "%select_ln81_2 = select i1 %icmp_ln1494_2, i15 %trunc_ln1494_2, i15 0" [firmware/nnet_utils/nnet_activation.h:81]   --->   Operation 45 'select' 'select_ln81_2' <Predicate = true> <Delay = 0.75> <Core = "Sel">   --->   Core 26 'Sel' <Latency = 0> <II = 1> <Delay = 0.75> <FuncUnit> <Opcode : 'select'> <InPorts = 3> <OutPorts = 1>
ST_1 : Operation 46 [1/1] (0.00ns)   --->   "%trunc_ln1494_3 = trunc i16 %data_3_V_read_2 to i15" [firmware/nnet_utils/nnet_activation.h:81]   --->   Operation 46 'trunc' 'trunc_ln1494_3' <Predicate = (icmp_ln1494_3)> <Delay = 0.00>
ST_1 : Operation 47 [1/1] (2.42ns)   --->   "%icmp_ln1494_3 = icmp sgt i16 %data_3_V_read_2, 0" [firmware/nnet_utils/nnet_activation.h:81]   --->   Operation 47 'icmp' 'icmp_ln1494_3' <Predicate = true> <Delay = 2.42> <Core = "Cmp">   --->   Core 25 'Cmp' <Latency = 0> <II = 1> <Delay = 2.42> <FuncUnit> <Opcode : 'icmp'> <InPorts = 2> <OutPorts = 1>
ST_1 : Operation 48 [1/1] (0.75ns)   --->   "%select_ln81_3 = select i1 %icmp_ln1494_3, i15 %trunc_ln1494_3, i15 0" [firmware/nnet_utils/nnet_activation.h:81]   --->   Operation 48 'select' 'select_ln81_3' <Predicate = true> <Delay = 0.75> <Core = "Sel">   --->   Core 26 'Sel' <Latency = 0> <II = 1> <Delay = 0.75> <FuncUnit> <Opcode : 'select'> <InPorts = 3> <OutPorts = 1>
ST_1 : Operation 49 [1/1] (0.00ns)   --->   "%trunc_ln1494_4 = trunc i16 %data_4_V_read_2 to i15" [firmware/nnet_utils/nnet_activation.h:81]   --->   Operation 49 'trunc' 'trunc_ln1494_4' <Predicate = (icmp_ln1494_4)> <Delay = 0.00>
ST_1 : Operation 50 [1/1] (2.42ns)   --->   "%icmp_ln1494_4 = icmp sgt i16 %data_4_V_read_2, 0" [firmware/nnet_utils/nnet_activation.h:81]   --->   Operation 50 'icmp' 'icmp_ln1494_4' <Predicate = true> <Delay = 2.42> <Core = "Cmp">   --->   Core 25 'Cmp' <Latency = 0> <II = 1> <Delay = 2.42> <FuncUnit> <Opcode : 'icmp'> <InPorts = 2> <OutPorts = 1>
ST_1 : Operation 51 [1/1] (0.75ns)   --->   "%select_ln81_4 = select i1 %icmp_ln1494_4, i15 %trunc_ln1494_4, i15 0" [firmware/nnet_utils/nnet_activation.h:81]   --->   Operation 51 'select' 'select_ln81_4' <Predicate = true> <Delay = 0.75> <Core = "Sel">   --->   Core 26 'Sel' <Latency = 0> <II = 1> <Delay = 0.75> <FuncUnit> <Opcode : 'select'> <InPorts = 3> <OutPorts = 1>
ST_1 : Operation 52 [1/1] (0.00ns)   --->   "%trunc_ln1494_5 = trunc i16 %data_5_V_read_1 to i15" [firmware/nnet_utils/nnet_activation.h:81]   --->   Operation 52 'trunc' 'trunc_ln1494_5' <Predicate = (icmp_ln1494_5)> <Delay = 0.00>
ST_1 : Operation 53 [1/1] (2.42ns)   --->   "%icmp_ln1494_5 = icmp sgt i16 %data_5_V_read_1, 0" [firmware/nnet_utils/nnet_activation.h:81]   --->   Operation 53 'icmp' 'icmp_ln1494_5' <Predicate = true> <Delay = 2.42> <Core = "Cmp">   --->   Core 25 'Cmp' <Latency = 0> <II = 1> <Delay = 2.42> <FuncUnit> <Opcode : 'icmp'> <InPorts = 2> <OutPorts = 1>
ST_1 : Operation 54 [1/1] (0.75ns)   --->   "%select_ln81_5 = select i1 %icmp_ln1494_5, i15 %trunc_ln1494_5, i15 0" [firmware/nnet_utils/nnet_activation.h:81]   --->   Operation 54 'select' 'select_ln81_5' <Predicate = true> <Delay = 0.75> <Core = "Sel">   --->   Core 26 'Sel' <Latency = 0> <II = 1> <Delay = 0.75> <FuncUnit> <Opcode : 'select'> <InPorts = 3> <OutPorts = 1>
ST_1 : Operation 55 [1/1] (0.00ns)   --->   "%trunc_ln1494_6 = trunc i16 %data_6_V_read_1 to i15" [firmware/nnet_utils/nnet_activation.h:81]   --->   Operation 55 'trunc' 'trunc_ln1494_6' <Predicate = (icmp_ln1494_6)> <Delay = 0.00>
ST_1 : Operation 56 [1/1] (2.42ns)   --->   "%icmp_ln1494_6 = icmp sgt i16 %data_6_V_read_1, 0" [firmware/nnet_utils/nnet_activation.h:81]   --->   Operation 56 'icmp' 'icmp_ln1494_6' <Predicate = true> <Delay = 2.42> <Core = "Cmp">   --->   Core 25 'Cmp' <Latency = 0> <II = 1> <Delay = 2.42> <FuncUnit> <Opcode : 'icmp'> <InPorts = 2> <OutPorts = 1>
ST_1 : Operation 57 [1/1] (0.75ns)   --->   "%select_ln81_6 = select i1 %icmp_ln1494_6, i15 %trunc_ln1494_6, i15 0" [firmware/nnet_utils/nnet_activation.h:81]   --->   Operation 57 'select' 'select_ln81_6' <Predicate = true> <Delay = 0.75> <Core = "Sel">   --->   Core 26 'Sel' <Latency = 0> <II = 1> <Delay = 0.75> <FuncUnit> <Opcode : 'select'> <InPorts = 3> <OutPorts = 1>
ST_1 : Operation 58 [1/1] (0.00ns)   --->   "%trunc_ln1494_7 = trunc i16 %data_7_V_read_1 to i15" [firmware/nnet_utils/nnet_activation.h:81]   --->   Operation 58 'trunc' 'trunc_ln1494_7' <Predicate = (icmp_ln1494_7)> <Delay = 0.00>
ST_1 : Operation 59 [1/1] (2.42ns)   --->   "%icmp_ln1494_7 = icmp sgt i16 %data_7_V_read_1, 0" [firmware/nnet_utils/nnet_activation.h:81]   --->   Operation 59 'icmp' 'icmp_ln1494_7' <Predicate = true> <Delay = 2.42> <Core = "Cmp">   --->   Core 25 'Cmp' <Latency = 0> <II = 1> <Delay = 2.42> <FuncUnit> <Opcode : 'icmp'> <InPorts = 2> <OutPorts = 1>
ST_1 : Operation 60 [1/1] (0.75ns)   --->   "%select_ln81_7 = select i1 %icmp_ln1494_7, i15 %trunc_ln1494_7, i15 0" [firmware/nnet_utils/nnet_activation.h:81]   --->   Operation 60 'select' 'select_ln81_7' <Predicate = true> <Delay = 0.75> <Core = "Sel">   --->   Core 26 'Sel' <Latency = 0> <II = 1> <Delay = 0.75> <FuncUnit> <Opcode : 'select'> <InPorts = 3> <OutPorts = 1>
ST_1 : Operation 61 [1/1] (0.00ns)   --->   "%trunc_ln1494_8 = trunc i16 %data_8_V_read_1 to i15" [firmware/nnet_utils/nnet_activation.h:81]   --->   Operation 61 'trunc' 'trunc_ln1494_8' <Predicate = (icmp_ln1494_8)> <Delay = 0.00>
ST_1 : Operation 62 [1/1] (2.42ns)   --->   "%icmp_ln1494_8 = icmp sgt i16 %data_8_V_read_1, 0" [firmware/nnet_utils/nnet_activation.h:81]   --->   Operation 62 'icmp' 'icmp_ln1494_8' <Predicate = true> <Delay = 2.42> <Core = "Cmp">   --->   Core 25 'Cmp' <Latency = 0> <II = 1> <Delay = 2.42> <FuncUnit> <Opcode : 'icmp'> <InPorts = 2> <OutPorts = 1>
ST_1 : Operation 63 [1/1] (0.75ns)   --->   "%select_ln81_8 = select i1 %icmp_ln1494_8, i15 %trunc_ln1494_8, i15 0" [firmware/nnet_utils/nnet_activation.h:81]   --->   Operation 63 'select' 'select_ln81_8' <Predicate = true> <Delay = 0.75> <Core = "Sel">   --->   Core 26 'Sel' <Latency = 0> <II = 1> <Delay = 0.75> <FuncUnit> <Opcode : 'select'> <InPorts = 3> <OutPorts = 1>
ST_1 : Operation 64 [1/1] (0.00ns)   --->   "%trunc_ln1494_9 = trunc i16 %data_9_V_read_1 to i15" [firmware/nnet_utils/nnet_activation.h:81]   --->   Operation 64 'trunc' 'trunc_ln1494_9' <Predicate = (icmp_ln1494_9)> <Delay = 0.00>
ST_1 : Operation 65 [1/1] (2.42ns)   --->   "%icmp_ln1494_9 = icmp sgt i16 %data_9_V_read_1, 0" [firmware/nnet_utils/nnet_activation.h:81]   --->   Operation 65 'icmp' 'icmp_ln1494_9' <Predicate = true> <Delay = 2.42> <Core = "Cmp">   --->   Core 25 'Cmp' <Latency = 0> <II = 1> <Delay = 2.42> <FuncUnit> <Opcode : 'icmp'> <InPorts = 2> <OutPorts = 1>
ST_1 : Operation 66 [1/1] (0.75ns)   --->   "%select_ln81_9 = select i1 %icmp_ln1494_9, i15 %trunc_ln1494_9, i15 0" [firmware/nnet_utils/nnet_activation.h:81]   --->   Operation 66 'select' 'select_ln81_9' <Predicate = true> <Delay = 0.75> <Core = "Sel">   --->   Core 26 'Sel' <Latency = 0> <II = 1> <Delay = 0.75> <FuncUnit> <Opcode : 'select'> <InPorts = 3> <OutPorts = 1>
ST_1 : Operation 67 [1/1] (0.00ns)   --->   "%trunc_ln1494_10 = trunc i16 %data_10_V_read_1 to i15" [firmware/nnet_utils/nnet_activation.h:81]   --->   Operation 67 'trunc' 'trunc_ln1494_10' <Predicate = (icmp_ln1494_10)> <Delay = 0.00>
ST_1 : Operation 68 [1/1] (2.42ns)   --->   "%icmp_ln1494_10 = icmp sgt i16 %data_10_V_read_1, 0" [firmware/nnet_utils/nnet_activation.h:81]   --->   Operation 68 'icmp' 'icmp_ln1494_10' <Predicate = true> <Delay = 2.42> <Core = "Cmp">   --->   Core 25 'Cmp' <Latency = 0> <II = 1> <Delay = 2.42> <FuncUnit> <Opcode : 'icmp'> <InPorts = 2> <OutPorts = 1>
ST_1 : Operation 69 [1/1] (0.75ns)   --->   "%select_ln81_10 = select i1 %icmp_ln1494_10, i15 %trunc_ln1494_10, i15 0" [firmware/nnet_utils/nnet_activation.h:81]   --->   Operation 69 'select' 'select_ln81_10' <Predicate = true> <Delay = 0.75> <Core = "Sel">   --->   Core 26 'Sel' <Latency = 0> <II = 1> <Delay = 0.75> <FuncUnit> <Opcode : 'select'> <InPorts = 3> <OutPorts = 1>
ST_1 : Operation 70 [1/1] (0.00ns)   --->   "%trunc_ln1494_11 = trunc i16 %data_11_V_read_1 to i15" [firmware/nnet_utils/nnet_activation.h:81]   --->   Operation 70 'trunc' 'trunc_ln1494_11' <Predicate = (icmp_ln1494_11)> <Delay = 0.00>
ST_1 : Operation 71 [1/1] (2.42ns)   --->   "%icmp_ln1494_11 = icmp sgt i16 %data_11_V_read_1, 0" [firmware/nnet_utils/nnet_activation.h:81]   --->   Operation 71 'icmp' 'icmp_ln1494_11' <Predicate = true> <Delay = 2.42> <Core = "Cmp">   --->   Core 25 'Cmp' <Latency = 0> <II = 1> <Delay = 2.42> <FuncUnit> <Opcode : 'icmp'> <InPorts = 2> <OutPorts = 1>
ST_1 : Operation 72 [1/1] (0.75ns)   --->   "%select_ln81_11 = select i1 %icmp_ln1494_11, i15 %trunc_ln1494_11, i15 0" [firmware/nnet_utils/nnet_activation.h:81]   --->   Operation 72 'select' 'select_ln81_11' <Predicate = true> <Delay = 0.75> <Core = "Sel">   --->   Core 26 'Sel' <Latency = 0> <II = 1> <Delay = 0.75> <FuncUnit> <Opcode : 'select'> <InPorts = 3> <OutPorts = 1>
ST_1 : Operation 73 [1/1] (0.00ns)   --->   "%trunc_ln1494_12 = trunc i16 %data_12_V_read_1 to i15" [firmware/nnet_utils/nnet_activation.h:81]   --->   Operation 73 'trunc' 'trunc_ln1494_12' <Predicate = (icmp_ln1494_12)> <Delay = 0.00>
ST_1 : Operation 74 [1/1] (2.42ns)   --->   "%icmp_ln1494_12 = icmp sgt i16 %data_12_V_read_1, 0" [firmware/nnet_utils/nnet_activation.h:81]   --->   Operation 74 'icmp' 'icmp_ln1494_12' <Predicate = true> <Delay = 2.42> <Core = "Cmp">   --->   Core 25 'Cmp' <Latency = 0> <II = 1> <Delay = 2.42> <FuncUnit> <Opcode : 'icmp'> <InPorts = 2> <OutPorts = 1>
ST_1 : Operation 75 [1/1] (0.75ns)   --->   "%select_ln81_12 = select i1 %icmp_ln1494_12, i15 %trunc_ln1494_12, i15 0" [firmware/nnet_utils/nnet_activation.h:81]   --->   Operation 75 'select' 'select_ln81_12' <Predicate = true> <Delay = 0.75> <Core = "Sel">   --->   Core 26 'Sel' <Latency = 0> <II = 1> <Delay = 0.75> <FuncUnit> <Opcode : 'select'> <InPorts = 3> <OutPorts = 1>
ST_1 : Operation 76 [1/1] (0.00ns)   --->   "%trunc_ln1494_13 = trunc i16 %data_13_V_read_1 to i15" [firmware/nnet_utils/nnet_activation.h:81]   --->   Operation 76 'trunc' 'trunc_ln1494_13' <Predicate = (icmp_ln1494_13)> <Delay = 0.00>
ST_1 : Operation 77 [1/1] (2.42ns)   --->   "%icmp_ln1494_13 = icmp sgt i16 %data_13_V_read_1, 0" [firmware/nnet_utils/nnet_activation.h:81]   --->   Operation 77 'icmp' 'icmp_ln1494_13' <Predicate = true> <Delay = 2.42> <Core = "Cmp">   --->   Core 25 'Cmp' <Latency = 0> <II = 1> <Delay = 2.42> <FuncUnit> <Opcode : 'icmp'> <InPorts = 2> <OutPorts = 1>
ST_1 : Operation 78 [1/1] (0.75ns)   --->   "%select_ln81_13 = select i1 %icmp_ln1494_13, i15 %trunc_ln1494_13, i15 0" [firmware/nnet_utils/nnet_activation.h:81]   --->   Operation 78 'select' 'select_ln81_13' <Predicate = true> <Delay = 0.75> <Core = "Sel">   --->   Core 26 'Sel' <Latency = 0> <II = 1> <Delay = 0.75> <FuncUnit> <Opcode : 'select'> <InPorts = 3> <OutPorts = 1>
ST_1 : Operation 79 [1/1] (0.00ns)   --->   "%trunc_ln1494_14 = trunc i16 %data_14_V_read_1 to i15" [firmware/nnet_utils/nnet_activation.h:81]   --->   Operation 79 'trunc' 'trunc_ln1494_14' <Predicate = (icmp_ln1494_14)> <Delay = 0.00>
ST_1 : Operation 80 [1/1] (2.42ns)   --->   "%icmp_ln1494_14 = icmp sgt i16 %data_14_V_read_1, 0" [firmware/nnet_utils/nnet_activation.h:81]   --->   Operation 80 'icmp' 'icmp_ln1494_14' <Predicate = true> <Delay = 2.42> <Core = "Cmp">   --->   Core 25 'Cmp' <Latency = 0> <II = 1> <Delay = 2.42> <FuncUnit> <Opcode : 'icmp'> <InPorts = 2> <OutPorts = 1>
ST_1 : Operation 81 [1/1] (0.75ns)   --->   "%select_ln81_14 = select i1 %icmp_ln1494_14, i15 %trunc_ln1494_14, i15 0" [firmware/nnet_utils/nnet_activation.h:81]   --->   Operation 81 'select' 'select_ln81_14' <Predicate = true> <Delay = 0.75> <Core = "Sel">   --->   Core 26 'Sel' <Latency = 0> <II = 1> <Delay = 0.75> <FuncUnit> <Opcode : 'select'> <InPorts = 3> <OutPorts = 1>
ST_1 : Operation 82 [1/1] (0.00ns)   --->   "%trunc_ln1494_15 = trunc i16 %data_15_V_read_1 to i15" [firmware/nnet_utils/nnet_activation.h:81]   --->   Operation 82 'trunc' 'trunc_ln1494_15' <Predicate = (icmp_ln1494_15)> <Delay = 0.00>
ST_1 : Operation 83 [1/1] (2.42ns)   --->   "%icmp_ln1494_15 = icmp sgt i16 %data_15_V_read_1, 0" [firmware/nnet_utils/nnet_activation.h:81]   --->   Operation 83 'icmp' 'icmp_ln1494_15' <Predicate = true> <Delay = 2.42> <Core = "Cmp">   --->   Core 25 'Cmp' <Latency = 0> <II = 1> <Delay = 2.42> <FuncUnit> <Opcode : 'icmp'> <InPorts = 2> <OutPorts = 1>
ST_1 : Operation 84 [1/1] (0.75ns)   --->   "%select_ln81_15 = select i1 %icmp_ln1494_15, i15 %trunc_ln1494_15, i15 0" [firmware/nnet_utils/nnet_activation.h:81]   --->   Operation 84 'select' 'select_ln81_15' <Predicate = true> <Delay = 0.75> <Core = "Sel">   --->   Core 26 'Sel' <Latency = 0> <II = 1> <Delay = 0.75> <FuncUnit> <Opcode : 'select'> <InPorts = 3> <OutPorts = 1>
ST_1 : Operation 85 [1/1] (0.00ns)   --->   "%trunc_ln1494_16 = trunc i16 %data_16_V_read_1 to i15" [firmware/nnet_utils/nnet_activation.h:81]   --->   Operation 85 'trunc' 'trunc_ln1494_16' <Predicate = (icmp_ln1494_16)> <Delay = 0.00>
ST_1 : Operation 86 [1/1] (2.42ns)   --->   "%icmp_ln1494_16 = icmp sgt i16 %data_16_V_read_1, 0" [firmware/nnet_utils/nnet_activation.h:81]   --->   Operation 86 'icmp' 'icmp_ln1494_16' <Predicate = true> <Delay = 2.42> <Core = "Cmp">   --->   Core 25 'Cmp' <Latency = 0> <II = 1> <Delay = 2.42> <FuncUnit> <Opcode : 'icmp'> <InPorts = 2> <OutPorts = 1>
ST_1 : Operation 87 [1/1] (0.75ns)   --->   "%select_ln81_16 = select i1 %icmp_ln1494_16, i15 %trunc_ln1494_16, i15 0" [firmware/nnet_utils/nnet_activation.h:81]   --->   Operation 87 'select' 'select_ln81_16' <Predicate = true> <Delay = 0.75> <Core = "Sel">   --->   Core 26 'Sel' <Latency = 0> <II = 1> <Delay = 0.75> <FuncUnit> <Opcode : 'select'> <InPorts = 3> <OutPorts = 1>
ST_1 : Operation 88 [1/1] (0.00ns)   --->   "%trunc_ln1494_17 = trunc i16 %data_17_V_read_1 to i15" [firmware/nnet_utils/nnet_activation.h:81]   --->   Operation 88 'trunc' 'trunc_ln1494_17' <Predicate = (icmp_ln1494_17)> <Delay = 0.00>
ST_1 : Operation 89 [1/1] (2.42ns)   --->   "%icmp_ln1494_17 = icmp sgt i16 %data_17_V_read_1, 0" [firmware/nnet_utils/nnet_activation.h:81]   --->   Operation 89 'icmp' 'icmp_ln1494_17' <Predicate = true> <Delay = 2.42> <Core = "Cmp">   --->   Core 25 'Cmp' <Latency = 0> <II = 1> <Delay = 2.42> <FuncUnit> <Opcode : 'icmp'> <InPorts = 2> <OutPorts = 1>
ST_1 : Operation 90 [1/1] (0.75ns)   --->   "%select_ln81_17 = select i1 %icmp_ln1494_17, i15 %trunc_ln1494_17, i15 0" [firmware/nnet_utils/nnet_activation.h:81]   --->   Operation 90 'select' 'select_ln81_17' <Predicate = true> <Delay = 0.75> <Core = "Sel">   --->   Core 26 'Sel' <Latency = 0> <II = 1> <Delay = 0.75> <FuncUnit> <Opcode : 'select'> <InPorts = 3> <OutPorts = 1>
ST_1 : Operation 91 [1/1] (0.00ns)   --->   "%trunc_ln1494_18 = trunc i16 %data_18_V_read_1 to i15" [firmware/nnet_utils/nnet_activation.h:81]   --->   Operation 91 'trunc' 'trunc_ln1494_18' <Predicate = (icmp_ln1494_18)> <Delay = 0.00>
ST_1 : Operation 92 [1/1] (2.42ns)   --->   "%icmp_ln1494_18 = icmp sgt i16 %data_18_V_read_1, 0" [firmware/nnet_utils/nnet_activation.h:81]   --->   Operation 92 'icmp' 'icmp_ln1494_18' <Predicate = true> <Delay = 2.42> <Core = "Cmp">   --->   Core 25 'Cmp' <Latency = 0> <II = 1> <Delay = 2.42> <FuncUnit> <Opcode : 'icmp'> <InPorts = 2> <OutPorts = 1>
ST_1 : Operation 93 [1/1] (0.75ns)   --->   "%select_ln81_18 = select i1 %icmp_ln1494_18, i15 %trunc_ln1494_18, i15 0" [firmware/nnet_utils/nnet_activation.h:81]   --->   Operation 93 'select' 'select_ln81_18' <Predicate = true> <Delay = 0.75> <Core = "Sel">   --->   Core 26 'Sel' <Latency = 0> <II = 1> <Delay = 0.75> <FuncUnit> <Opcode : 'select'> <InPorts = 3> <OutPorts = 1>
ST_1 : Operation 94 [1/1] (0.00ns)   --->   "%trunc_ln1494_19 = trunc i16 %data_19_V_read_1 to i15" [firmware/nnet_utils/nnet_activation.h:81]   --->   Operation 94 'trunc' 'trunc_ln1494_19' <Predicate = (icmp_ln1494_19)> <Delay = 0.00>
ST_1 : Operation 95 [1/1] (2.42ns)   --->   "%icmp_ln1494_19 = icmp sgt i16 %data_19_V_read_1, 0" [firmware/nnet_utils/nnet_activation.h:81]   --->   Operation 95 'icmp' 'icmp_ln1494_19' <Predicate = true> <Delay = 2.42> <Core = "Cmp">   --->   Core 25 'Cmp' <Latency = 0> <II = 1> <Delay = 2.42> <FuncUnit> <Opcode : 'icmp'> <InPorts = 2> <OutPorts = 1>
ST_1 : Operation 96 [1/1] (0.75ns)   --->   "%select_ln81_19 = select i1 %icmp_ln1494_19, i15 %trunc_ln1494_19, i15 0" [firmware/nnet_utils/nnet_activation.h:81]   --->   Operation 96 'select' 'select_ln81_19' <Predicate = true> <Delay = 0.75> <Core = "Sel">   --->   Core 26 'Sel' <Latency = 0> <II = 1> <Delay = 0.75> <FuncUnit> <Opcode : 'select'> <InPorts = 3> <OutPorts = 1>
ST_1 : Operation 97 [1/1] (0.00ns)   --->   "%trunc_ln1494_20 = trunc i16 %data_20_V_read_1 to i15" [firmware/nnet_utils/nnet_activation.h:81]   --->   Operation 97 'trunc' 'trunc_ln1494_20' <Predicate = (icmp_ln1494_20)> <Delay = 0.00>
ST_1 : Operation 98 [1/1] (2.42ns)   --->   "%icmp_ln1494_20 = icmp sgt i16 %data_20_V_read_1, 0" [firmware/nnet_utils/nnet_activation.h:81]   --->   Operation 98 'icmp' 'icmp_ln1494_20' <Predicate = true> <Delay = 2.42> <Core = "Cmp">   --->   Core 25 'Cmp' <Latency = 0> <II = 1> <Delay = 2.42> <FuncUnit> <Opcode : 'icmp'> <InPorts = 2> <OutPorts = 1>
ST_1 : Operation 99 [1/1] (0.75ns)   --->   "%select_ln81_20 = select i1 %icmp_ln1494_20, i15 %trunc_ln1494_20, i15 0" [firmware/nnet_utils/nnet_activation.h:81]   --->   Operation 99 'select' 'select_ln81_20' <Predicate = true> <Delay = 0.75> <Core = "Sel">   --->   Core 26 'Sel' <Latency = 0> <II = 1> <Delay = 0.75> <FuncUnit> <Opcode : 'select'> <InPorts = 3> <OutPorts = 1>
ST_1 : Operation 100 [1/1] (0.00ns)   --->   "%trunc_ln1494_21 = trunc i16 %data_21_V_read_1 to i15" [firmware/nnet_utils/nnet_activation.h:81]   --->   Operation 100 'trunc' 'trunc_ln1494_21' <Predicate = (icmp_ln1494_21)> <Delay = 0.00>
ST_1 : Operation 101 [1/1] (2.42ns)   --->   "%icmp_ln1494_21 = icmp sgt i16 %data_21_V_read_1, 0" [firmware/nnet_utils/nnet_activation.h:81]   --->   Operation 101 'icmp' 'icmp_ln1494_21' <Predicate = true> <Delay = 2.42> <Core = "Cmp">   --->   Core 25 'Cmp' <Latency = 0> <II = 1> <Delay = 2.42> <FuncUnit> <Opcode : 'icmp'> <InPorts = 2> <OutPorts = 1>
ST_1 : Operation 102 [1/1] (0.75ns)   --->   "%select_ln81_21 = select i1 %icmp_ln1494_21, i15 %trunc_ln1494_21, i15 0" [firmware/nnet_utils/nnet_activation.h:81]   --->   Operation 102 'select' 'select_ln81_21' <Predicate = true> <Delay = 0.75> <Core = "Sel">   --->   Core 26 'Sel' <Latency = 0> <II = 1> <Delay = 0.75> <FuncUnit> <Opcode : 'select'> <InPorts = 3> <OutPorts = 1>
ST_1 : Operation 103 [1/1] (0.00ns)   --->   "%trunc_ln1494_22 = trunc i16 %data_22_V_read_1 to i15" [firmware/nnet_utils/nnet_activation.h:81]   --->   Operation 103 'trunc' 'trunc_ln1494_22' <Predicate = (icmp_ln1494_22)> <Delay = 0.00>
ST_1 : Operation 104 [1/1] (2.42ns)   --->   "%icmp_ln1494_22 = icmp sgt i16 %data_22_V_read_1, 0" [firmware/nnet_utils/nnet_activation.h:81]   --->   Operation 104 'icmp' 'icmp_ln1494_22' <Predicate = true> <Delay = 2.42> <Core = "Cmp">   --->   Core 25 'Cmp' <Latency = 0> <II = 1> <Delay = 2.42> <FuncUnit> <Opcode : 'icmp'> <InPorts = 2> <OutPorts = 1>
ST_1 : Operation 105 [1/1] (0.75ns)   --->   "%select_ln81_22 = select i1 %icmp_ln1494_22, i15 %trunc_ln1494_22, i15 0" [firmware/nnet_utils/nnet_activation.h:81]   --->   Operation 105 'select' 'select_ln81_22' <Predicate = true> <Delay = 0.75> <Core = "Sel">   --->   Core 26 'Sel' <Latency = 0> <II = 1> <Delay = 0.75> <FuncUnit> <Opcode : 'select'> <InPorts = 3> <OutPorts = 1>
ST_1 : Operation 106 [1/1] (0.00ns)   --->   "%trunc_ln1494_23 = trunc i16 %data_23_V_read_1 to i15" [firmware/nnet_utils/nnet_activation.h:81]   --->   Operation 106 'trunc' 'trunc_ln1494_23' <Predicate = (icmp_ln1494_23)> <Delay = 0.00>
ST_1 : Operation 107 [1/1] (2.42ns)   --->   "%icmp_ln1494_23 = icmp sgt i16 %data_23_V_read_1, 0" [firmware/nnet_utils/nnet_activation.h:81]   --->   Operation 107 'icmp' 'icmp_ln1494_23' <Predicate = true> <Delay = 2.42> <Core = "Cmp">   --->   Core 25 'Cmp' <Latency = 0> <II = 1> <Delay = 2.42> <FuncUnit> <Opcode : 'icmp'> <InPorts = 2> <OutPorts = 1>
ST_1 : Operation 108 [1/1] (0.75ns)   --->   "%select_ln81_23 = select i1 %icmp_ln1494_23, i15 %trunc_ln1494_23, i15 0" [firmware/nnet_utils/nnet_activation.h:81]   --->   Operation 108 'select' 'select_ln81_23' <Predicate = true> <Delay = 0.75> <Core = "Sel">   --->   Core 26 'Sel' <Latency = 0> <II = 1> <Delay = 0.75> <FuncUnit> <Opcode : 'select'> <InPorts = 3> <OutPorts = 1>
ST_1 : Operation 109 [1/1] (0.00ns)   --->   "%trunc_ln1494_24 = trunc i16 %data_24_V_read_1 to i15" [firmware/nnet_utils/nnet_activation.h:81]   --->   Operation 109 'trunc' 'trunc_ln1494_24' <Predicate = (icmp_ln1494_24)> <Delay = 0.00>
ST_1 : Operation 110 [1/1] (2.42ns)   --->   "%icmp_ln1494_24 = icmp sgt i16 %data_24_V_read_1, 0" [firmware/nnet_utils/nnet_activation.h:81]   --->   Operation 110 'icmp' 'icmp_ln1494_24' <Predicate = true> <Delay = 2.42> <Core = "Cmp">   --->   Core 25 'Cmp' <Latency = 0> <II = 1> <Delay = 2.42> <FuncUnit> <Opcode : 'icmp'> <InPorts = 2> <OutPorts = 1>
ST_1 : Operation 111 [1/1] (0.75ns)   --->   "%select_ln81_24 = select i1 %icmp_ln1494_24, i15 %trunc_ln1494_24, i15 0" [firmware/nnet_utils/nnet_activation.h:81]   --->   Operation 111 'select' 'select_ln81_24' <Predicate = true> <Delay = 0.75> <Core = "Sel">   --->   Core 26 'Sel' <Latency = 0> <II = 1> <Delay = 0.75> <FuncUnit> <Opcode : 'select'> <InPorts = 3> <OutPorts = 1>
ST_1 : Operation 112 [1/1] (0.00ns)   --->   "%trunc_ln1494_25 = trunc i16 %data_25_V_read_1 to i15" [firmware/nnet_utils/nnet_activation.h:81]   --->   Operation 112 'trunc' 'trunc_ln1494_25' <Predicate = (icmp_ln1494_25)> <Delay = 0.00>
ST_1 : Operation 113 [1/1] (2.42ns)   --->   "%icmp_ln1494_25 = icmp sgt i16 %data_25_V_read_1, 0" [firmware/nnet_utils/nnet_activation.h:81]   --->   Operation 113 'icmp' 'icmp_ln1494_25' <Predicate = true> <Delay = 2.42> <Core = "Cmp">   --->   Core 25 'Cmp' <Latency = 0> <II = 1> <Delay = 2.42> <FuncUnit> <Opcode : 'icmp'> <InPorts = 2> <OutPorts = 1>
ST_1 : Operation 114 [1/1] (0.75ns)   --->   "%select_ln81_25 = select i1 %icmp_ln1494_25, i15 %trunc_ln1494_25, i15 0" [firmware/nnet_utils/nnet_activation.h:81]   --->   Operation 114 'select' 'select_ln81_25' <Predicate = true> <Delay = 0.75> <Core = "Sel">   --->   Core 26 'Sel' <Latency = 0> <II = 1> <Delay = 0.75> <FuncUnit> <Opcode : 'select'> <InPorts = 3> <OutPorts = 1>
ST_1 : Operation 115 [1/1] (0.00ns)   --->   "%trunc_ln1494_26 = trunc i16 %data_26_V_read_1 to i15" [firmware/nnet_utils/nnet_activation.h:81]   --->   Operation 115 'trunc' 'trunc_ln1494_26' <Predicate = (icmp_ln1494_26)> <Delay = 0.00>
ST_1 : Operation 116 [1/1] (2.42ns)   --->   "%icmp_ln1494_26 = icmp sgt i16 %data_26_V_read_1, 0" [firmware/nnet_utils/nnet_activation.h:81]   --->   Operation 116 'icmp' 'icmp_ln1494_26' <Predicate = true> <Delay = 2.42> <Core = "Cmp">   --->   Core 25 'Cmp' <Latency = 0> <II = 1> <Delay = 2.42> <FuncUnit> <Opcode : 'icmp'> <InPorts = 2> <OutPorts = 1>
ST_1 : Operation 117 [1/1] (0.75ns)   --->   "%select_ln81_26 = select i1 %icmp_ln1494_26, i15 %trunc_ln1494_26, i15 0" [firmware/nnet_utils/nnet_activation.h:81]   --->   Operation 117 'select' 'select_ln81_26' <Predicate = true> <Delay = 0.75> <Core = "Sel">   --->   Core 26 'Sel' <Latency = 0> <II = 1> <Delay = 0.75> <FuncUnit> <Opcode : 'select'> <InPorts = 3> <OutPorts = 1>
ST_1 : Operation 118 [1/1] (0.00ns)   --->   "%trunc_ln1494_27 = trunc i16 %data_27_V_read_1 to i15" [firmware/nnet_utils/nnet_activation.h:81]   --->   Operation 118 'trunc' 'trunc_ln1494_27' <Predicate = (icmp_ln1494_27)> <Delay = 0.00>
ST_1 : Operation 119 [1/1] (2.42ns)   --->   "%icmp_ln1494_27 = icmp sgt i16 %data_27_V_read_1, 0" [firmware/nnet_utils/nnet_activation.h:81]   --->   Operation 119 'icmp' 'icmp_ln1494_27' <Predicate = true> <Delay = 2.42> <Core = "Cmp">   --->   Core 25 'Cmp' <Latency = 0> <II = 1> <Delay = 2.42> <FuncUnit> <Opcode : 'icmp'> <InPorts = 2> <OutPorts = 1>
ST_1 : Operation 120 [1/1] (0.75ns)   --->   "%select_ln81_27 = select i1 %icmp_ln1494_27, i15 %trunc_ln1494_27, i15 0" [firmware/nnet_utils/nnet_activation.h:81]   --->   Operation 120 'select' 'select_ln81_27' <Predicate = true> <Delay = 0.75> <Core = "Sel">   --->   Core 26 'Sel' <Latency = 0> <II = 1> <Delay = 0.75> <FuncUnit> <Opcode : 'select'> <InPorts = 3> <OutPorts = 1>
ST_1 : Operation 121 [1/1] (0.00ns)   --->   "%trunc_ln1494_28 = trunc i16 %data_28_V_read_1 to i15" [firmware/nnet_utils/nnet_activation.h:81]   --->   Operation 121 'trunc' 'trunc_ln1494_28' <Predicate = (icmp_ln1494_28)> <Delay = 0.00>
ST_1 : Operation 122 [1/1] (2.42ns)   --->   "%icmp_ln1494_28 = icmp sgt i16 %data_28_V_read_1, 0" [firmware/nnet_utils/nnet_activation.h:81]   --->   Operation 122 'icmp' 'icmp_ln1494_28' <Predicate = true> <Delay = 2.42> <Core = "Cmp">   --->   Core 25 'Cmp' <Latency = 0> <II = 1> <Delay = 2.42> <FuncUnit> <Opcode : 'icmp'> <InPorts = 2> <OutPorts = 1>
ST_1 : Operation 123 [1/1] (0.75ns)   --->   "%select_ln81_28 = select i1 %icmp_ln1494_28, i15 %trunc_ln1494_28, i15 0" [firmware/nnet_utils/nnet_activation.h:81]   --->   Operation 123 'select' 'select_ln81_28' <Predicate = true> <Delay = 0.75> <Core = "Sel">   --->   Core 26 'Sel' <Latency = 0> <II = 1> <Delay = 0.75> <FuncUnit> <Opcode : 'select'> <InPorts = 3> <OutPorts = 1>
ST_1 : Operation 124 [1/1] (0.00ns)   --->   "%trunc_ln1494_29 = trunc i16 %data_29_V_read_1 to i15" [firmware/nnet_utils/nnet_activation.h:81]   --->   Operation 124 'trunc' 'trunc_ln1494_29' <Predicate = (icmp_ln1494_29)> <Delay = 0.00>
ST_1 : Operation 125 [1/1] (2.42ns)   --->   "%icmp_ln1494_29 = icmp sgt i16 %data_29_V_read_1, 0" [firmware/nnet_utils/nnet_activation.h:81]   --->   Operation 125 'icmp' 'icmp_ln1494_29' <Predicate = true> <Delay = 2.42> <Core = "Cmp">   --->   Core 25 'Cmp' <Latency = 0> <II = 1> <Delay = 2.42> <FuncUnit> <Opcode : 'icmp'> <InPorts = 2> <OutPorts = 1>
ST_1 : Operation 126 [1/1] (0.75ns)   --->   "%select_ln81_29 = select i1 %icmp_ln1494_29, i15 %trunc_ln1494_29, i15 0" [firmware/nnet_utils/nnet_activation.h:81]   --->   Operation 126 'select' 'select_ln81_29' <Predicate = true> <Delay = 0.75> <Core = "Sel">   --->   Core 26 'Sel' <Latency = 0> <II = 1> <Delay = 0.75> <FuncUnit> <Opcode : 'select'> <InPorts = 3> <OutPorts = 1>
ST_1 : Operation 127 [1/1] (0.00ns)   --->   "%trunc_ln1494_30 = trunc i16 %data_30_V_read_1 to i15" [firmware/nnet_utils/nnet_activation.h:81]   --->   Operation 127 'trunc' 'trunc_ln1494_30' <Predicate = (icmp_ln1494_30)> <Delay = 0.00>
ST_1 : Operation 128 [1/1] (2.42ns)   --->   "%icmp_ln1494_30 = icmp sgt i16 %data_30_V_read_1, 0" [firmware/nnet_utils/nnet_activation.h:81]   --->   Operation 128 'icmp' 'icmp_ln1494_30' <Predicate = true> <Delay = 2.42> <Core = "Cmp">   --->   Core 25 'Cmp' <Latency = 0> <II = 1> <Delay = 2.42> <FuncUnit> <Opcode : 'icmp'> <InPorts = 2> <OutPorts = 1>
ST_1 : Operation 129 [1/1] (0.75ns)   --->   "%select_ln81_30 = select i1 %icmp_ln1494_30, i15 %trunc_ln1494_30, i15 0" [firmware/nnet_utils/nnet_activation.h:81]   --->   Operation 129 'select' 'select_ln81_30' <Predicate = true> <Delay = 0.75> <Core = "Sel">   --->   Core 26 'Sel' <Latency = 0> <II = 1> <Delay = 0.75> <FuncUnit> <Opcode : 'select'> <InPorts = 3> <OutPorts = 1>
ST_1 : Operation 130 [1/1] (0.00ns)   --->   "%trunc_ln1494_31 = trunc i16 %data_31_V_read_1 to i15" [firmware/nnet_utils/nnet_activation.h:81]   --->   Operation 130 'trunc' 'trunc_ln1494_31' <Predicate = (icmp_ln1494_31)> <Delay = 0.00>
ST_1 : Operation 131 [1/1] (2.42ns)   --->   "%icmp_ln1494_31 = icmp sgt i16 %data_31_V_read_1, 0" [firmware/nnet_utils/nnet_activation.h:81]   --->   Operation 131 'icmp' 'icmp_ln1494_31' <Predicate = true> <Delay = 2.42> <Core = "Cmp">   --->   Core 25 'Cmp' <Latency = 0> <II = 1> <Delay = 2.42> <FuncUnit> <Opcode : 'icmp'> <InPorts = 2> <OutPorts = 1>
ST_1 : Operation 132 [1/1] (0.75ns)   --->   "%select_ln81_31 = select i1 %icmp_ln1494_31, i15 %trunc_ln1494_31, i15 0" [firmware/nnet_utils/nnet_activation.h:81]   --->   Operation 132 'select' 'select_ln81_31' <Predicate = true> <Delay = 0.75> <Core = "Sel">   --->   Core 26 'Sel' <Latency = 0> <II = 1> <Delay = 0.75> <FuncUnit> <Opcode : 'select'> <InPorts = 3> <OutPorts = 1>
ST_1 : Operation 133 [1/1] (0.00ns)   --->   "%mrv = insertvalue { i15, i15, i15, i15, i15, i15, i15, i15, i15, i15, i15, i15, i15, i15, i15, i15, i15, i15, i15, i15, i15, i15, i15, i15, i15, i15, i15, i15, i15, i15, i15, i15 } undef, i15 %select_ln81, 0" [firmware/nnet_utils/nnet_activation.h:84]   --->   Operation 133 'insertvalue' 'mrv' <Predicate = true> <Delay = 0.00>
ST_1 : Operation 134 [1/1] (0.00ns)   --->   "%mrv_1 = insertvalue { i15, i15, i15, i15, i15, i15, i15, i15, i15, i15, i15, i15, i15, i15, i15, i15, i15, i15, i15, i15, i15, i15, i15, i15, i15, i15, i15, i15, i15, i15, i15, i15 } %mrv, i15 %select_ln81_1, 1" [firmware/nnet_utils/nnet_activation.h:84]   --->   Operation 134 'insertvalue' 'mrv_1' <Predicate = true> <Delay = 0.00>
ST_1 : Operation 135 [1/1] (0.00ns)   --->   "%mrv_2 = insertvalue { i15, i15, i15, i15, i15, i15, i15, i15, i15, i15, i15, i15, i15, i15, i15, i15, i15, i15, i15, i15, i15, i15, i15, i15, i15, i15, i15, i15, i15, i15, i15, i15 } %mrv_1, i15 %select_ln81_2, 2" [firmware/nnet_utils/nnet_activation.h:84]   --->   Operation 135 'insertvalue' 'mrv_2' <Predicate = true> <Delay = 0.00>
ST_1 : Operation 136 [1/1] (0.00ns)   --->   "%mrv_3 = insertvalue { i15, i15, i15, i15, i15, i15, i15, i15, i15, i15, i15, i15, i15, i15, i15, i15, i15, i15, i15, i15, i15, i15, i15, i15, i15, i15, i15, i15, i15, i15, i15, i15 } %mrv_2, i15 %select_ln81_3, 3" [firmware/nnet_utils/nnet_activation.h:84]   --->   Operation 136 'insertvalue' 'mrv_3' <Predicate = true> <Delay = 0.00>
ST_1 : Operation 137 [1/1] (0.00ns)   --->   "%mrv_4 = insertvalue { i15, i15, i15, i15, i15, i15, i15, i15, i15, i15, i15, i15, i15, i15, i15, i15, i15, i15, i15, i15, i15, i15, i15, i15, i15, i15, i15, i15, i15, i15, i15, i15 } %mrv_3, i15 %select_ln81_4, 4" [firmware/nnet_utils/nnet_activation.h:84]   --->   Operation 137 'insertvalue' 'mrv_4' <Predicate = true> <Delay = 0.00>
ST_1 : Operation 138 [1/1] (0.00ns)   --->   "%mrv_5 = insertvalue { i15, i15, i15, i15, i15, i15, i15, i15, i15, i15, i15, i15, i15, i15, i15, i15, i15, i15, i15, i15, i15, i15, i15, i15, i15, i15, i15, i15, i15, i15, i15, i15 } %mrv_4, i15 %select_ln81_5, 5" [firmware/nnet_utils/nnet_activation.h:84]   --->   Operation 138 'insertvalue' 'mrv_5' <Predicate = true> <Delay = 0.00>
ST_1 : Operation 139 [1/1] (0.00ns)   --->   "%mrv_6 = insertvalue { i15, i15, i15, i15, i15, i15, i15, i15, i15, i15, i15, i15, i15, i15, i15, i15, i15, i15, i15, i15, i15, i15, i15, i15, i15, i15, i15, i15, i15, i15, i15, i15 } %mrv_5, i15 %select_ln81_6, 6" [firmware/nnet_utils/nnet_activation.h:84]   --->   Operation 139 'insertvalue' 'mrv_6' <Predicate = true> <Delay = 0.00>
ST_1 : Operation 140 [1/1] (0.00ns)   --->   "%mrv_7 = insertvalue { i15, i15, i15, i15, i15, i15, i15, i15, i15, i15, i15, i15, i15, i15, i15, i15, i15, i15, i15, i15, i15, i15, i15, i15, i15, i15, i15, i15, i15, i15, i15, i15 } %mrv_6, i15 %select_ln81_7, 7" [firmware/nnet_utils/nnet_activation.h:84]   --->   Operation 140 'insertvalue' 'mrv_7' <Predicate = true> <Delay = 0.00>
ST_1 : Operation 141 [1/1] (0.00ns)   --->   "%mrv_8 = insertvalue { i15, i15, i15, i15, i15, i15, i15, i15, i15, i15, i15, i15, i15, i15, i15, i15, i15, i15, i15, i15, i15, i15, i15, i15, i15, i15, i15, i15, i15, i15, i15, i15 } %mrv_7, i15 %select_ln81_8, 8" [firmware/nnet_utils/nnet_activation.h:84]   --->   Operation 141 'insertvalue' 'mrv_8' <Predicate = true> <Delay = 0.00>
ST_1 : Operation 142 [1/1] (0.00ns)   --->   "%mrv_9 = insertvalue { i15, i15, i15, i15, i15, i15, i15, i15, i15, i15, i15, i15, i15, i15, i15, i15, i15, i15, i15, i15, i15, i15, i15, i15, i15, i15, i15, i15, i15, i15, i15, i15 } %mrv_8, i15 %select_ln81_9, 9" [firmware/nnet_utils/nnet_activation.h:84]   --->   Operation 142 'insertvalue' 'mrv_9' <Predicate = true> <Delay = 0.00>
ST_1 : Operation 143 [1/1] (0.00ns)   --->   "%mrv_s = insertvalue { i15, i15, i15, i15, i15, i15, i15, i15, i15, i15, i15, i15, i15, i15, i15, i15, i15, i15, i15, i15, i15, i15, i15, i15, i15, i15, i15, i15, i15, i15, i15, i15 } %mrv_9, i15 %select_ln81_10, 10" [firmware/nnet_utils/nnet_activation.h:84]   --->   Operation 143 'insertvalue' 'mrv_s' <Predicate = true> <Delay = 0.00>
ST_1 : Operation 144 [1/1] (0.00ns)   --->   "%mrv_10 = insertvalue { i15, i15, i15, i15, i15, i15, i15, i15, i15, i15, i15, i15, i15, i15, i15, i15, i15, i15, i15, i15, i15, i15, i15, i15, i15, i15, i15, i15, i15, i15, i15, i15 } %mrv_s, i15 %select_ln81_11, 11" [firmware/nnet_utils/nnet_activation.h:84]   --->   Operation 144 'insertvalue' 'mrv_10' <Predicate = true> <Delay = 0.00>
ST_1 : Operation 145 [1/1] (0.00ns)   --->   "%mrv_11 = insertvalue { i15, i15, i15, i15, i15, i15, i15, i15, i15, i15, i15, i15, i15, i15, i15, i15, i15, i15, i15, i15, i15, i15, i15, i15, i15, i15, i15, i15, i15, i15, i15, i15 } %mrv_10, i15 %select_ln81_12, 12" [firmware/nnet_utils/nnet_activation.h:84]   --->   Operation 145 'insertvalue' 'mrv_11' <Predicate = true> <Delay = 0.00>
ST_1 : Operation 146 [1/1] (0.00ns)   --->   "%mrv_12 = insertvalue { i15, i15, i15, i15, i15, i15, i15, i15, i15, i15, i15, i15, i15, i15, i15, i15, i15, i15, i15, i15, i15, i15, i15, i15, i15, i15, i15, i15, i15, i15, i15, i15 } %mrv_11, i15 %select_ln81_13, 13" [firmware/nnet_utils/nnet_activation.h:84]   --->   Operation 146 'insertvalue' 'mrv_12' <Predicate = true> <Delay = 0.00>
ST_1 : Operation 147 [1/1] (0.00ns)   --->   "%mrv_13 = insertvalue { i15, i15, i15, i15, i15, i15, i15, i15, i15, i15, i15, i15, i15, i15, i15, i15, i15, i15, i15, i15, i15, i15, i15, i15, i15, i15, i15, i15, i15, i15, i15, i15 } %mrv_12, i15 %select_ln81_14, 14" [firmware/nnet_utils/nnet_activation.h:84]   --->   Operation 147 'insertvalue' 'mrv_13' <Predicate = true> <Delay = 0.00>
ST_1 : Operation 148 [1/1] (0.00ns)   --->   "%mrv_14 = insertvalue { i15, i15, i15, i15, i15, i15, i15, i15, i15, i15, i15, i15, i15, i15, i15, i15, i15, i15, i15, i15, i15, i15, i15, i15, i15, i15, i15, i15, i15, i15, i15, i15 } %mrv_13, i15 %select_ln81_15, 15" [firmware/nnet_utils/nnet_activation.h:84]   --->   Operation 148 'insertvalue' 'mrv_14' <Predicate = true> <Delay = 0.00>
ST_1 : Operation 149 [1/1] (0.00ns)   --->   "%mrv_15 = insertvalue { i15, i15, i15, i15, i15, i15, i15, i15, i15, i15, i15, i15, i15, i15, i15, i15, i15, i15, i15, i15, i15, i15, i15, i15, i15, i15, i15, i15, i15, i15, i15, i15 } %mrv_14, i15 %select_ln81_16, 16" [firmware/nnet_utils/nnet_activation.h:84]   --->   Operation 149 'insertvalue' 'mrv_15' <Predicate = true> <Delay = 0.00>
ST_1 : Operation 150 [1/1] (0.00ns)   --->   "%mrv_16 = insertvalue { i15, i15, i15, i15, i15, i15, i15, i15, i15, i15, i15, i15, i15, i15, i15, i15, i15, i15, i15, i15, i15, i15, i15, i15, i15, i15, i15, i15, i15, i15, i15, i15 } %mrv_15, i15 %select_ln81_17, 17" [firmware/nnet_utils/nnet_activation.h:84]   --->   Operation 150 'insertvalue' 'mrv_16' <Predicate = true> <Delay = 0.00>
ST_1 : Operation 151 [1/1] (0.00ns)   --->   "%mrv_17 = insertvalue { i15, i15, i15, i15, i15, i15, i15, i15, i15, i15, i15, i15, i15, i15, i15, i15, i15, i15, i15, i15, i15, i15, i15, i15, i15, i15, i15, i15, i15, i15, i15, i15 } %mrv_16, i15 %select_ln81_18, 18" [firmware/nnet_utils/nnet_activation.h:84]   --->   Operation 151 'insertvalue' 'mrv_17' <Predicate = true> <Delay = 0.00>
ST_1 : Operation 152 [1/1] (0.00ns)   --->   "%mrv_18 = insertvalue { i15, i15, i15, i15, i15, i15, i15, i15, i15, i15, i15, i15, i15, i15, i15, i15, i15, i15, i15, i15, i15, i15, i15, i15, i15, i15, i15, i15, i15, i15, i15, i15 } %mrv_17, i15 %select_ln81_19, 19" [firmware/nnet_utils/nnet_activation.h:84]   --->   Operation 152 'insertvalue' 'mrv_18' <Predicate = true> <Delay = 0.00>
ST_1 : Operation 153 [1/1] (0.00ns)   --->   "%mrv_19 = insertvalue { i15, i15, i15, i15, i15, i15, i15, i15, i15, i15, i15, i15, i15, i15, i15, i15, i15, i15, i15, i15, i15, i15, i15, i15, i15, i15, i15, i15, i15, i15, i15, i15 } %mrv_18, i15 %select_ln81_20, 20" [firmware/nnet_utils/nnet_activation.h:84]   --->   Operation 153 'insertvalue' 'mrv_19' <Predicate = true> <Delay = 0.00>
ST_1 : Operation 154 [1/1] (0.00ns)   --->   "%mrv_20 = insertvalue { i15, i15, i15, i15, i15, i15, i15, i15, i15, i15, i15, i15, i15, i15, i15, i15, i15, i15, i15, i15, i15, i15, i15, i15, i15, i15, i15, i15, i15, i15, i15, i15 } %mrv_19, i15 %select_ln81_21, 21" [firmware/nnet_utils/nnet_activation.h:84]   --->   Operation 154 'insertvalue' 'mrv_20' <Predicate = true> <Delay = 0.00>
ST_1 : Operation 155 [1/1] (0.00ns)   --->   "%mrv_21 = insertvalue { i15, i15, i15, i15, i15, i15, i15, i15, i15, i15, i15, i15, i15, i15, i15, i15, i15, i15, i15, i15, i15, i15, i15, i15, i15, i15, i15, i15, i15, i15, i15, i15 } %mrv_20, i15 %select_ln81_22, 22" [firmware/nnet_utils/nnet_activation.h:84]   --->   Operation 155 'insertvalue' 'mrv_21' <Predicate = true> <Delay = 0.00>
ST_1 : Operation 156 [1/1] (0.00ns)   --->   "%mrv_22 = insertvalue { i15, i15, i15, i15, i15, i15, i15, i15, i15, i15, i15, i15, i15, i15, i15, i15, i15, i15, i15, i15, i15, i15, i15, i15, i15, i15, i15, i15, i15, i15, i15, i15 } %mrv_21, i15 %select_ln81_23, 23" [firmware/nnet_utils/nnet_activation.h:84]   --->   Operation 156 'insertvalue' 'mrv_22' <Predicate = true> <Delay = 0.00>
ST_1 : Operation 157 [1/1] (0.00ns)   --->   "%mrv_23 = insertvalue { i15, i15, i15, i15, i15, i15, i15, i15, i15, i15, i15, i15, i15, i15, i15, i15, i15, i15, i15, i15, i15, i15, i15, i15, i15, i15, i15, i15, i15, i15, i15, i15 } %mrv_22, i15 %select_ln81_24, 24" [firmware/nnet_utils/nnet_activation.h:84]   --->   Operation 157 'insertvalue' 'mrv_23' <Predicate = true> <Delay = 0.00>
ST_1 : Operation 158 [1/1] (0.00ns)   --->   "%mrv_24 = insertvalue { i15, i15, i15, i15, i15, i15, i15, i15, i15, i15, i15, i15, i15, i15, i15, i15, i15, i15, i15, i15, i15, i15, i15, i15, i15, i15, i15, i15, i15, i15, i15, i15 } %mrv_23, i15 %select_ln81_25, 25" [firmware/nnet_utils/nnet_activation.h:84]   --->   Operation 158 'insertvalue' 'mrv_24' <Predicate = true> <Delay = 0.00>
ST_1 : Operation 159 [1/1] (0.00ns)   --->   "%mrv_25 = insertvalue { i15, i15, i15, i15, i15, i15, i15, i15, i15, i15, i15, i15, i15, i15, i15, i15, i15, i15, i15, i15, i15, i15, i15, i15, i15, i15, i15, i15, i15, i15, i15, i15 } %mrv_24, i15 %select_ln81_26, 26" [firmware/nnet_utils/nnet_activation.h:84]   --->   Operation 159 'insertvalue' 'mrv_25' <Predicate = true> <Delay = 0.00>
ST_1 : Operation 160 [1/1] (0.00ns)   --->   "%mrv_26 = insertvalue { i15, i15, i15, i15, i15, i15, i15, i15, i15, i15, i15, i15, i15, i15, i15, i15, i15, i15, i15, i15, i15, i15, i15, i15, i15, i15, i15, i15, i15, i15, i15, i15 } %mrv_25, i15 %select_ln81_27, 27" [firmware/nnet_utils/nnet_activation.h:84]   --->   Operation 160 'insertvalue' 'mrv_26' <Predicate = true> <Delay = 0.00>
ST_1 : Operation 161 [1/1] (0.00ns)   --->   "%mrv_27 = insertvalue { i15, i15, i15, i15, i15, i15, i15, i15, i15, i15, i15, i15, i15, i15, i15, i15, i15, i15, i15, i15, i15, i15, i15, i15, i15, i15, i15, i15, i15, i15, i15, i15 } %mrv_26, i15 %select_ln81_28, 28" [firmware/nnet_utils/nnet_activation.h:84]   --->   Operation 161 'insertvalue' 'mrv_27' <Predicate = true> <Delay = 0.00>
ST_1 : Operation 162 [1/1] (0.00ns)   --->   "%mrv_28 = insertvalue { i15, i15, i15, i15, i15, i15, i15, i15, i15, i15, i15, i15, i15, i15, i15, i15, i15, i15, i15, i15, i15, i15, i15, i15, i15, i15, i15, i15, i15, i15, i15, i15 } %mrv_27, i15 %select_ln81_29, 29" [firmware/nnet_utils/nnet_activation.h:84]   --->   Operation 162 'insertvalue' 'mrv_28' <Predicate = true> <Delay = 0.00>
ST_1 : Operation 163 [1/1] (0.00ns)   --->   "%mrv_29 = insertvalue { i15, i15, i15, i15, i15, i15, i15, i15, i15, i15, i15, i15, i15, i15, i15, i15, i15, i15, i15, i15, i15, i15, i15, i15, i15, i15, i15, i15, i15, i15, i15, i15 } %mrv_28, i15 %select_ln81_30, 30" [firmware/nnet_utils/nnet_activation.h:84]   --->   Operation 163 'insertvalue' 'mrv_29' <Predicate = true> <Delay = 0.00>
ST_1 : Operation 164 [1/1] (0.00ns)   --->   "%mrv_30 = insertvalue { i15, i15, i15, i15, i15, i15, i15, i15, i15, i15, i15, i15, i15, i15, i15, i15, i15, i15, i15, i15, i15, i15, i15, i15, i15, i15, i15, i15, i15, i15, i15, i15 } %mrv_29, i15 %select_ln81_31, 31" [firmware/nnet_utils/nnet_activation.h:84]   --->   Operation 164 'insertvalue' 'mrv_30' <Predicate = true> <Delay = 0.00>
ST_1 : Operation 165 [1/1] (0.00ns)   --->   "ret { i15, i15, i15, i15, i15, i15, i15, i15, i15, i15, i15, i15, i15, i15, i15, i15, i15, i15, i15, i15, i15, i15, i15, i15, i15, i15, i15, i15, i15, i15, i15, i15 } %mrv_30" [firmware/nnet_utils/nnet_activation.h:84]   --->   Operation 165 'ret' <Predicate = true> <Delay = 0.00>


============================================================
+ Verbose Summary: Timing violations
============================================================
Target clock period: 5ns, clock uncertainty: 0.625ns.

 <State 1>: 3.18ns
The critical path consists of the following:
	wire read on port 'data_31_V_read' (firmware/nnet_utils/nnet_activation.h:69) [33]  (0 ns)
	'icmp' operation ('icmp_ln1494_31', firmware/nnet_utils/nnet_activation.h:81) [162]  (2.43 ns)
	'select' operation ('res[31].V', firmware/nnet_utils/nnet_activation.h:81) [163]  (0.754 ns)


============================================================
+ Verbose Summary: Binding
============================================================
N/A
* FSMD analyzer results:
  - Output states:
 - Input state : 
  - Chain level:
	State 1


============================================================
+ Verbose Summary: Datapath Resource usage 
============================================================
N/A
