

================================================================
== Vivado HLS Report for 'dense_resource_ap_fixed_ap_fixed_16_6_5_3_0_config5_s'
================================================================
* Date:           Wed Sep  8 19:00:23 2021

* Version:        2020.1 (Build 2897737 on Wed May 27 20:21:37 MDT 2020)
* Project:        myproject_prj
* Solution:       solution1
* Product family: zynq
* Target device:  xc7z020-clg400-1


================================================================
== Performance Estimates
================================================================
+ Timing: 
    * Summary: 
    +--------+---------+----------+------------+
    |  Clock |  Target | Estimated| Uncertainty|
    +--------+---------+----------+------------+
    |ap_clk  | 5.00 ns | 4.304 ns |   0.62 ns  |
    +--------+---------+----------+------------+

+ Latency: 
    * Summary: 
    +---------+---------+----------+----------+-----+-----+---------------------------------------------+
    |  Latency (cycles) |  Latency (absolute) |  Interval |                   Pipeline                  |
    |   min   |   max   |    min   |    max   | min | max |                     Type                    |
    +---------+---------+----------+----------+-----+-----+---------------------------------------------+
    |       35|       36| 0.175 us | 0.180 us |   32|   32| loop rewind(delay=0 initiation interval(s)) |
    +---------+---------+----------+----------+-----+-----+---------------------------------------------+

    + Detail: 
        * Instance: 
        N/A

        * Loop: 
        +-------------+---------+---------+----------+-----------+-----------+------+----------+
        |             |  Latency (cycles) | Iteration|  Initiation Interval  | Trip |          |
        |  Loop Name  |   min   |   max   |  Latency |  achieved |   target  | Count| Pipelined|
        +-------------+---------+---------+----------+-----------+-----------+------+----------+
        |- ReuseLoop  |       35|       35|         5|          1|          1|    32|    yes   |
        +-------------+---------+---------+----------+-----------+-----------+------+----------+



================================================================
== Utilization Estimates
================================================================
* Summary: 
+-----------------+---------+-------+--------+-------+-----+
|       Name      | BRAM_18K| DSP48E|   FF   |  LUT  | URAM|
+-----------------+---------+-------+--------+-------+-----+
|DSP              |        -|     32|       -|      -|    -|
|Expression       |        -|      0|       0|   1602|    -|
|FIFO             |        -|      -|       -|      -|    -|
|Instance         |        -|      -|       0|   9280|    -|
|Memory           |       11|      -|       0|      0|    -|
|Multiplexer      |        -|      -|       -|   2193|    -|
|Register         |        0|      -|    2835|     32|    -|
+-----------------+---------+-------+--------+-------+-----+
|Total            |       11|     32|    2835|  13107|    0|
+-----------------+---------+-------+--------+-------+-----+
|Available        |      280|    220|  106400|  53200|    0|
+-----------------+---------+-------+--------+-------+-----+
|Utilization (%)  |        3|     14|       2|     24|    0|
+-----------------+---------+-------+--------+-------+-----+

+ Detail: 
    * Instance: 
    +----------------------------------+-----------------------------+---------+-------+---+-----+-----+
    |             Instance             |            Module           | BRAM_18K| DSP48E| FF| LUT | URAM|
    +----------------------------------+-----------------------------+---------+-------+---+-----+-----+
    |myproject_axi_mux_646_5_1_1_U202  |myproject_axi_mux_646_5_1_1  |        0|      0|  0|  145|    0|
    |myproject_axi_mux_646_5_1_1_U203  |myproject_axi_mux_646_5_1_1  |        0|      0|  0|  145|    0|
    |myproject_axi_mux_646_5_1_1_U204  |myproject_axi_mux_646_5_1_1  |        0|      0|  0|  145|    0|
    |myproject_axi_mux_646_5_1_1_U205  |myproject_axi_mux_646_5_1_1  |        0|      0|  0|  145|    0|
    |myproject_axi_mux_646_5_1_1_U206  |myproject_axi_mux_646_5_1_1  |        0|      0|  0|  145|    0|
    |myproject_axi_mux_646_5_1_1_U207  |myproject_axi_mux_646_5_1_1  |        0|      0|  0|  145|    0|
    |myproject_axi_mux_646_5_1_1_U208  |myproject_axi_mux_646_5_1_1  |        0|      0|  0|  145|    0|
    |myproject_axi_mux_646_5_1_1_U209  |myproject_axi_mux_646_5_1_1  |        0|      0|  0|  145|    0|
    |myproject_axi_mux_646_5_1_1_U210  |myproject_axi_mux_646_5_1_1  |        0|      0|  0|  145|    0|
    |myproject_axi_mux_646_5_1_1_U211  |myproject_axi_mux_646_5_1_1  |        0|      0|  0|  145|    0|
    |myproject_axi_mux_646_5_1_1_U212  |myproject_axi_mux_646_5_1_1  |        0|      0|  0|  145|    0|
    |myproject_axi_mux_646_5_1_1_U213  |myproject_axi_mux_646_5_1_1  |        0|      0|  0|  145|    0|
    |myproject_axi_mux_646_5_1_1_U214  |myproject_axi_mux_646_5_1_1  |        0|      0|  0|  145|    0|
    |myproject_axi_mux_646_5_1_1_U215  |myproject_axi_mux_646_5_1_1  |        0|      0|  0|  145|    0|
    |myproject_axi_mux_646_5_1_1_U216  |myproject_axi_mux_646_5_1_1  |        0|      0|  0|  145|    0|
    |myproject_axi_mux_646_5_1_1_U217  |myproject_axi_mux_646_5_1_1  |        0|      0|  0|  145|    0|
    |myproject_axi_mux_646_5_1_1_U218  |myproject_axi_mux_646_5_1_1  |        0|      0|  0|  145|    0|
    |myproject_axi_mux_646_5_1_1_U219  |myproject_axi_mux_646_5_1_1  |        0|      0|  0|  145|    0|
    |myproject_axi_mux_646_5_1_1_U220  |myproject_axi_mux_646_5_1_1  |        0|      0|  0|  145|    0|
    |myproject_axi_mux_646_5_1_1_U221  |myproject_axi_mux_646_5_1_1  |        0|      0|  0|  145|    0|
    |myproject_axi_mux_646_5_1_1_U222  |myproject_axi_mux_646_5_1_1  |        0|      0|  0|  145|    0|
    |myproject_axi_mux_646_5_1_1_U223  |myproject_axi_mux_646_5_1_1  |        0|      0|  0|  145|    0|
    |myproject_axi_mux_646_5_1_1_U224  |myproject_axi_mux_646_5_1_1  |        0|      0|  0|  145|    0|
    |myproject_axi_mux_646_5_1_1_U225  |myproject_axi_mux_646_5_1_1  |        0|      0|  0|  145|    0|
    |myproject_axi_mux_646_5_1_1_U226  |myproject_axi_mux_646_5_1_1  |        0|      0|  0|  145|    0|
    |myproject_axi_mux_646_5_1_1_U227  |myproject_axi_mux_646_5_1_1  |        0|      0|  0|  145|    0|
    |myproject_axi_mux_646_5_1_1_U228  |myproject_axi_mux_646_5_1_1  |        0|      0|  0|  145|    0|
    |myproject_axi_mux_646_5_1_1_U229  |myproject_axi_mux_646_5_1_1  |        0|      0|  0|  145|    0|
    |myproject_axi_mux_646_5_1_1_U230  |myproject_axi_mux_646_5_1_1  |        0|      0|  0|  145|    0|
    |myproject_axi_mux_646_5_1_1_U231  |myproject_axi_mux_646_5_1_1  |        0|      0|  0|  145|    0|
    |myproject_axi_mux_646_5_1_1_U232  |myproject_axi_mux_646_5_1_1  |        0|      0|  0|  145|    0|
    |myproject_axi_mux_646_5_1_1_U233  |myproject_axi_mux_646_5_1_1  |        0|      0|  0|  145|    0|
    |myproject_axi_mux_646_5_1_1_U234  |myproject_axi_mux_646_5_1_1  |        0|      0|  0|  145|    0|
    |myproject_axi_mux_646_5_1_1_U235  |myproject_axi_mux_646_5_1_1  |        0|      0|  0|  145|    0|
    |myproject_axi_mux_646_5_1_1_U236  |myproject_axi_mux_646_5_1_1  |        0|      0|  0|  145|    0|
    |myproject_axi_mux_646_5_1_1_U237  |myproject_axi_mux_646_5_1_1  |        0|      0|  0|  145|    0|
    |myproject_axi_mux_646_5_1_1_U238  |myproject_axi_mux_646_5_1_1  |        0|      0|  0|  145|    0|
    |myproject_axi_mux_646_5_1_1_U239  |myproject_axi_mux_646_5_1_1  |        0|      0|  0|  145|    0|
    |myproject_axi_mux_646_5_1_1_U240  |myproject_axi_mux_646_5_1_1  |        0|      0|  0|  145|    0|
    |myproject_axi_mux_646_5_1_1_U241  |myproject_axi_mux_646_5_1_1  |        0|      0|  0|  145|    0|
    |myproject_axi_mux_646_5_1_1_U242  |myproject_axi_mux_646_5_1_1  |        0|      0|  0|  145|    0|
    |myproject_axi_mux_646_5_1_1_U243  |myproject_axi_mux_646_5_1_1  |        0|      0|  0|  145|    0|
    |myproject_axi_mux_646_5_1_1_U244  |myproject_axi_mux_646_5_1_1  |        0|      0|  0|  145|    0|
    |myproject_axi_mux_646_5_1_1_U245  |myproject_axi_mux_646_5_1_1  |        0|      0|  0|  145|    0|
    |myproject_axi_mux_646_5_1_1_U246  |myproject_axi_mux_646_5_1_1  |        0|      0|  0|  145|    0|
    |myproject_axi_mux_646_5_1_1_U247  |myproject_axi_mux_646_5_1_1  |        0|      0|  0|  145|    0|
    |myproject_axi_mux_646_5_1_1_U248  |myproject_axi_mux_646_5_1_1  |        0|      0|  0|  145|    0|
    |myproject_axi_mux_646_5_1_1_U249  |myproject_axi_mux_646_5_1_1  |        0|      0|  0|  145|    0|
    |myproject_axi_mux_646_5_1_1_U250  |myproject_axi_mux_646_5_1_1  |        0|      0|  0|  145|    0|
    |myproject_axi_mux_646_5_1_1_U251  |myproject_axi_mux_646_5_1_1  |        0|      0|  0|  145|    0|
    |myproject_axi_mux_646_5_1_1_U252  |myproject_axi_mux_646_5_1_1  |        0|      0|  0|  145|    0|
    |myproject_axi_mux_646_5_1_1_U253  |myproject_axi_mux_646_5_1_1  |        0|      0|  0|  145|    0|
    |myproject_axi_mux_646_5_1_1_U254  |myproject_axi_mux_646_5_1_1  |        0|      0|  0|  145|    0|
    |myproject_axi_mux_646_5_1_1_U255  |myproject_axi_mux_646_5_1_1  |        0|      0|  0|  145|    0|
    |myproject_axi_mux_646_5_1_1_U256  |myproject_axi_mux_646_5_1_1  |        0|      0|  0|  145|    0|
    |myproject_axi_mux_646_5_1_1_U257  |myproject_axi_mux_646_5_1_1  |        0|      0|  0|  145|    0|
    |myproject_axi_mux_646_5_1_1_U258  |myproject_axi_mux_646_5_1_1  |        0|      0|  0|  145|    0|
    |myproject_axi_mux_646_5_1_1_U259  |myproject_axi_mux_646_5_1_1  |        0|      0|  0|  145|    0|
    |myproject_axi_mux_646_5_1_1_U260  |myproject_axi_mux_646_5_1_1  |        0|      0|  0|  145|    0|
    |myproject_axi_mux_646_5_1_1_U261  |myproject_axi_mux_646_5_1_1  |        0|      0|  0|  145|    0|
    |myproject_axi_mux_646_5_1_1_U262  |myproject_axi_mux_646_5_1_1  |        0|      0|  0|  145|    0|
    |myproject_axi_mux_646_5_1_1_U263  |myproject_axi_mux_646_5_1_1  |        0|      0|  0|  145|    0|
    |myproject_axi_mux_646_5_1_1_U264  |myproject_axi_mux_646_5_1_1  |        0|      0|  0|  145|    0|
    |myproject_axi_mux_646_5_1_1_U265  |myproject_axi_mux_646_5_1_1  |        0|      0|  0|  145|    0|
    +----------------------------------+-----------------------------+---------+-------+---+-----+-----+
    |Total                             |                             |        0|      0|  0| 9280|    0|
    +----------------------------------+-----------------------------+---------+-------+---+-----+-----+

    * DSP48E: 
    +-------------------------------------------------+--------------------------------------------+--------------+
    |                     Instance                    |                   Module                   |  Expression  |
    +-------------------------------------------------+--------------------------------------------+--------------+
    |myproject_axi_mac_muladd_6s_5ns_11s_12_3_1_U266  |myproject_axi_mac_muladd_6s_5ns_11s_12_3_1  | i0 + i1 * i2 |
    |myproject_axi_mac_muladd_6s_5ns_11s_12_3_1_U267  |myproject_axi_mac_muladd_6s_5ns_11s_12_3_1  | i0 + i1 * i2 |
    |myproject_axi_mac_muladd_6s_5ns_11s_12_3_1_U268  |myproject_axi_mac_muladd_6s_5ns_11s_12_3_1  | i0 + i1 * i2 |
    |myproject_axi_mac_muladd_6s_5ns_11s_12_3_1_U269  |myproject_axi_mac_muladd_6s_5ns_11s_12_3_1  | i0 + i1 * i2 |
    |myproject_axi_mac_muladd_6s_5ns_11s_12_3_1_U270  |myproject_axi_mac_muladd_6s_5ns_11s_12_3_1  | i0 + i1 * i2 |
    |myproject_axi_mac_muladd_6s_5ns_11s_12_3_1_U271  |myproject_axi_mac_muladd_6s_5ns_11s_12_3_1  | i0 + i1 * i2 |
    |myproject_axi_mac_muladd_6s_5ns_11s_12_3_1_U272  |myproject_axi_mac_muladd_6s_5ns_11s_12_3_1  | i0 + i1 * i2 |
    |myproject_axi_mac_muladd_6s_5ns_11s_12_3_1_U273  |myproject_axi_mac_muladd_6s_5ns_11s_12_3_1  | i0 + i1 * i2 |
    |myproject_axi_mac_muladd_6s_5ns_11s_12_3_1_U274  |myproject_axi_mac_muladd_6s_5ns_11s_12_3_1  | i0 + i1 * i2 |
    |myproject_axi_mac_muladd_6s_5ns_11s_12_3_1_U275  |myproject_axi_mac_muladd_6s_5ns_11s_12_3_1  | i0 + i1 * i2 |
    |myproject_axi_mac_muladd_6s_5ns_11s_12_3_1_U276  |myproject_axi_mac_muladd_6s_5ns_11s_12_3_1  | i0 + i1 * i2 |
    |myproject_axi_mac_muladd_6s_5ns_11s_12_3_1_U277  |myproject_axi_mac_muladd_6s_5ns_11s_12_3_1  | i0 + i1 * i2 |
    |myproject_axi_mac_muladd_6s_5ns_11s_12_3_1_U278  |myproject_axi_mac_muladd_6s_5ns_11s_12_3_1  | i0 + i1 * i2 |
    |myproject_axi_mac_muladd_6s_5ns_11s_12_3_1_U279  |myproject_axi_mac_muladd_6s_5ns_11s_12_3_1  | i0 + i1 * i2 |
    |myproject_axi_mac_muladd_6s_5ns_11s_12_3_1_U280  |myproject_axi_mac_muladd_6s_5ns_11s_12_3_1  | i0 + i1 * i2 |
    |myproject_axi_mac_muladd_6s_5ns_11s_12_3_1_U281  |myproject_axi_mac_muladd_6s_5ns_11s_12_3_1  | i0 + i1 * i2 |
    |myproject_axi_mac_muladd_6s_5ns_11s_12_3_1_U282  |myproject_axi_mac_muladd_6s_5ns_11s_12_3_1  | i0 + i1 * i2 |
    |myproject_axi_mac_muladd_6s_5ns_11s_12_3_1_U283  |myproject_axi_mac_muladd_6s_5ns_11s_12_3_1  | i0 + i1 * i2 |
    |myproject_axi_mac_muladd_6s_5ns_11s_12_3_1_U284  |myproject_axi_mac_muladd_6s_5ns_11s_12_3_1  | i0 + i1 * i2 |
    |myproject_axi_mac_muladd_6s_5ns_11s_12_3_1_U285  |myproject_axi_mac_muladd_6s_5ns_11s_12_3_1  | i0 + i1 * i2 |
    |myproject_axi_mac_muladd_6s_5ns_11s_12_3_1_U286  |myproject_axi_mac_muladd_6s_5ns_11s_12_3_1  | i0 + i1 * i2 |
    |myproject_axi_mac_muladd_6s_5ns_11s_12_3_1_U287  |myproject_axi_mac_muladd_6s_5ns_11s_12_3_1  | i0 + i1 * i2 |
    |myproject_axi_mac_muladd_6s_5ns_11s_12_3_1_U288  |myproject_axi_mac_muladd_6s_5ns_11s_12_3_1  | i0 + i1 * i2 |
    |myproject_axi_mac_muladd_6s_5ns_11s_12_3_1_U289  |myproject_axi_mac_muladd_6s_5ns_11s_12_3_1  | i0 + i1 * i2 |
    |myproject_axi_mac_muladd_6s_5ns_11s_12_3_1_U290  |myproject_axi_mac_muladd_6s_5ns_11s_12_3_1  | i0 + i1 * i2 |
    |myproject_axi_mac_muladd_6s_5ns_11s_12_3_1_U291  |myproject_axi_mac_muladd_6s_5ns_11s_12_3_1  | i0 + i1 * i2 |
    |myproject_axi_mac_muladd_6s_5ns_11s_12_3_1_U292  |myproject_axi_mac_muladd_6s_5ns_11s_12_3_1  | i0 + i1 * i2 |
    |myproject_axi_mac_muladd_6s_5ns_11s_12_3_1_U293  |myproject_axi_mac_muladd_6s_5ns_11s_12_3_1  | i0 + i1 * i2 |
    |myproject_axi_mac_muladd_6s_5ns_11s_12_3_1_U294  |myproject_axi_mac_muladd_6s_5ns_11s_12_3_1  | i0 + i1 * i2 |
    |myproject_axi_mac_muladd_6s_5ns_11s_12_3_1_U295  |myproject_axi_mac_muladd_6s_5ns_11s_12_3_1  | i0 + i1 * i2 |
    |myproject_axi_mac_muladd_6s_5ns_11s_12_3_1_U296  |myproject_axi_mac_muladd_6s_5ns_11s_12_3_1  | i0 + i1 * i2 |
    |myproject_axi_mac_muladd_6s_5ns_11s_12_3_1_U297  |myproject_axi_mac_muladd_6s_5ns_11s_12_3_1  | i0 + i1 * i2 |
    +-------------------------------------------------+--------------------------------------------+--------------+

    * Memory: 
    +--------+------------------------------------------------------------+---------+---+----+-----+------+-----+------+-------------+
    | Memory |                           Module                           | BRAM_18K| FF| LUT| URAM| Words| Bits| Banks| W*Bits*Banks|
    +--------+------------------------------------------------------------+---------+---+----+-----+------+-----+------+-------------+
    |w5_V_U  |dense_resource_ap_fixed_ap_fixed_16_6_5_3_0_config5_s_w5_V  |       11|  0|   0|    0|    32|  384|     1|        12288|
    +--------+------------------------------------------------------------+---------+---+----+-----+------+-----+------+-------------+
    |Total   |                                                            |       11|  0|   0|    0|    32|  384|     1|        12288|
    +--------+------------------------------------------------------------+---------+---+----+-----+------+-----+------+-------------+

    * FIFO: 
    N/A

    * Expression: 
    +----------------------------+----------+-------+---+----+------------+------------+
    |        Variable Name       | Operation| DSP48E| FF| LUT| Bitwidth P0| Bitwidth P1|
    +----------------------------+----------+-------+---+----+------------+------------+
    |mul_ln1118_100_fu_12755_p2  |     *    |      0|  0|  26|           6|           5|
    |mul_ln1118_102_fu_12767_p2  |     *    |      0|  0|  26|           6|           5|
    |mul_ln1118_104_fu_12779_p2  |     *    |      0|  0|  26|           6|           5|
    |mul_ln1118_106_fu_12791_p2  |     *    |      0|  0|  26|           6|           5|
    |mul_ln1118_108_fu_12803_p2  |     *    |      0|  0|  26|           6|           5|
    |mul_ln1118_110_fu_12815_p2  |     *    |      0|  0|  26|           6|           5|
    |mul_ln1118_112_fu_12827_p2  |     *    |      0|  0|  26|           6|           5|
    |mul_ln1118_114_fu_12839_p2  |     *    |      0|  0|  26|           6|           5|
    |mul_ln1118_116_fu_12851_p2  |     *    |      0|  0|  26|           6|           5|
    |mul_ln1118_118_fu_12863_p2  |     *    |      0|  0|  26|           6|           5|
    |mul_ln1118_120_fu_12875_p2  |     *    |      0|  0|  26|           6|           5|
    |mul_ln1118_122_fu_12887_p2  |     *    |      0|  0|  26|           6|           5|
    |mul_ln1118_124_fu_12899_p2  |     *    |      0|  0|  26|           6|           5|
    |mul_ln1118_126_fu_12911_p2  |     *    |      0|  0|  26|           6|           5|
    |mul_ln1118_128_fu_12923_p2  |     *    |      0|  0|  26|           6|           5|
    |mul_ln1118_130_fu_12935_p2  |     *    |      0|  0|  26|           6|           5|
    |mul_ln1118_68_fu_12563_p2   |     *    |      0|  0|  26|           6|           5|
    |mul_ln1118_70_fu_12575_p2   |     *    |      0|  0|  26|           6|           5|
    |mul_ln1118_72_fu_12587_p2   |     *    |      0|  0|  26|           6|           5|
    |mul_ln1118_74_fu_12599_p2   |     *    |      0|  0|  26|           6|           5|
    |mul_ln1118_76_fu_12611_p2   |     *    |      0|  0|  26|           6|           5|
    |mul_ln1118_78_fu_12623_p2   |     *    |      0|  0|  26|           6|           5|
    |mul_ln1118_80_fu_12635_p2   |     *    |      0|  0|  26|           6|           5|
    |mul_ln1118_82_fu_12647_p2   |     *    |      0|  0|  26|           6|           5|
    |mul_ln1118_84_fu_12659_p2   |     *    |      0|  0|  26|           6|           5|
    |mul_ln1118_86_fu_12671_p2   |     *    |      0|  0|  26|           6|           5|
    |mul_ln1118_88_fu_12683_p2   |     *    |      0|  0|  26|           6|           5|
    |mul_ln1118_90_fu_12695_p2   |     *    |      0|  0|  26|           6|           5|
    |mul_ln1118_92_fu_12707_p2   |     *    |      0|  0|  26|           6|           5|
    |mul_ln1118_94_fu_12719_p2   |     *    |      0|  0|  26|           6|           5|
    |mul_ln1118_96_fu_12731_p2   |     *    |      0|  0|  26|           6|           5|
    |mul_ln1118_98_fu_12743_p2   |     *    |      0|  0|  26|           6|           5|
    |acc_0_V_fu_13040_p2         |     +    |      0|  0|  23|          16|          16|
    |acc_10_V_fu_13130_p2        |     +    |      0|  0|  23|          16|          16|
    |acc_11_V_fu_13139_p2        |     +    |      0|  0|  23|          16|          16|
    |acc_12_V_fu_13148_p2        |     +    |      0|  0|  23|          16|          16|
    |acc_13_V_fu_13157_p2        |     +    |      0|  0|  23|          16|          16|
    |acc_14_V_fu_13166_p2        |     +    |      0|  0|  23|          16|          16|
    |acc_15_V_fu_13175_p2        |     +    |      0|  0|  23|          16|          16|
    |acc_16_V_fu_13184_p2        |     +    |      0|  0|  23|          16|          16|
    |acc_17_V_fu_13193_p2        |     +    |      0|  0|  23|          16|          16|
    |acc_18_V_fu_13202_p2        |     +    |      0|  0|  23|          16|          16|
    |acc_19_V_fu_13211_p2        |     +    |      0|  0|  23|          16|          16|
    |acc_1_V_fu_13049_p2         |     +    |      0|  0|  23|          16|          16|
    |acc_20_V_fu_13220_p2        |     +    |      0|  0|  23|          16|          16|
    |acc_21_V_fu_13229_p2        |     +    |      0|  0|  23|          16|          16|
    |acc_22_V_fu_13238_p2        |     +    |      0|  0|  23|          16|          16|
    |acc_23_V_fu_13247_p2        |     +    |      0|  0|  23|          16|          16|
    |acc_24_V_fu_13256_p2        |     +    |      0|  0|  23|          16|          16|
    |acc_25_V_fu_13265_p2        |     +    |      0|  0|  23|          16|          16|
    |acc_26_V_fu_13274_p2        |     +    |      0|  0|  23|          16|          16|
    |acc_27_V_fu_13283_p2        |     +    |      0|  0|  23|          16|          16|
    |acc_28_V_fu_13292_p2        |     +    |      0|  0|  23|          16|          16|
    |acc_29_V_fu_13301_p2        |     +    |      0|  0|  23|          16|          16|
    |acc_2_V_fu_13058_p2         |     +    |      0|  0|  23|          16|          16|
    |acc_30_V_fu_13310_p2        |     +    |      0|  0|  23|          16|          16|
    |acc_31_V_fu_13319_p2        |     +    |      0|  0|  23|          16|          16|
    |acc_3_V_fu_13067_p2         |     +    |      0|  0|  23|          16|          16|
    |acc_4_V_fu_13076_p2         |     +    |      0|  0|  23|          16|          16|
    |acc_5_V_fu_13085_p2         |     +    |      0|  0|  23|          16|          16|
    |acc_6_V_fu_13094_p2         |     +    |      0|  0|  23|          16|          16|
    |acc_7_V_fu_13103_p2         |     +    |      0|  0|  23|          16|          16|
    |acc_8_V_fu_13112_p2         |     +    |      0|  0|  23|          16|          16|
    |acc_9_V_fu_13121_p2         |     +    |      0|  0|  23|          16|          16|
    |w_index_fu_3067_p2          |     +    |      0|  0|  15|           1|           5|
    |ap_condition_45             |    and   |      0|  0|   2|           1|           1|
    |ap_condition_962            |    and   |      0|  0|   2|           1|           1|
    |icmp_ln64_fu_3073_p2        |   icmp   |      0|  0|  11|           5|           2|
    |ap_block_state1             |    or    |      0|  0|   2|           1|           1|
    |ap_enable_pp0               |    xor   |      0|  0|   2|           1|           2|
    +----------------------------+----------+-------+---+----+------------+------------+
    |Total                       |          |      0|  0|1602|         714|         684|
    +----------------------------+----------+-------+---+----+------------+------------+

    * Multiplexer: 
    +----------------------------------------------------+----+-----------+-----+-----------+
    |                        Name                        | LUT| Input Size| Bits| Total Bits|
    +----------------------------------------------------+----+-----------+-----+-----------+
    |ap_NS_fsm                                           |  15|          3|    1|          3|
    |ap_done                                             |   9|          2|    1|          2|
    |ap_enable_reg_pp0_iter1                             |   9|          2|    1|          2|
    |ap_enable_reg_pp0_iter4                             |   9|          2|    1|          2|
    |ap_phi_mux_data_0_V_read68_rewind_phi_fu_875_p6     |   9|          2|    5|         10|
    |ap_phi_mux_data_10_V_read78_rewind_phi_fu_1015_p6   |   9|          2|    5|         10|
    |ap_phi_mux_data_11_V_read79_rewind_phi_fu_1029_p6   |   9|          2|    5|         10|
    |ap_phi_mux_data_12_V_read80_rewind_phi_fu_1043_p6   |   9|          2|    5|         10|
    |ap_phi_mux_data_13_V_read81_rewind_phi_fu_1057_p6   |   9|          2|    5|         10|
    |ap_phi_mux_data_14_V_read82_rewind_phi_fu_1071_p6   |   9|          2|    5|         10|
    |ap_phi_mux_data_15_V_read83_rewind_phi_fu_1085_p6   |   9|          2|    5|         10|
    |ap_phi_mux_data_16_V_read84_rewind_phi_fu_1099_p6   |   9|          2|    5|         10|
    |ap_phi_mux_data_17_V_read85_rewind_phi_fu_1113_p6   |   9|          2|    5|         10|
    |ap_phi_mux_data_18_V_read86_rewind_phi_fu_1127_p6   |   9|          2|    5|         10|
    |ap_phi_mux_data_19_V_read87_rewind_phi_fu_1141_p6   |   9|          2|    5|         10|
    |ap_phi_mux_data_1_V_read69_rewind_phi_fu_889_p6     |   9|          2|    5|         10|
    |ap_phi_mux_data_20_V_read88_rewind_phi_fu_1155_p6   |   9|          2|    5|         10|
    |ap_phi_mux_data_21_V_read89_rewind_phi_fu_1169_p6   |   9|          2|    5|         10|
    |ap_phi_mux_data_22_V_read90_rewind_phi_fu_1183_p6   |   9|          2|    5|         10|
    |ap_phi_mux_data_23_V_read91_rewind_phi_fu_1197_p6   |   9|          2|    5|         10|
    |ap_phi_mux_data_24_V_read92_rewind_phi_fu_1211_p6   |   9|          2|    5|         10|
    |ap_phi_mux_data_25_V_read93_rewind_phi_fu_1225_p6   |   9|          2|    5|         10|
    |ap_phi_mux_data_26_V_read94_rewind_phi_fu_1239_p6   |   9|          2|    5|         10|
    |ap_phi_mux_data_27_V_read95_rewind_phi_fu_1253_p6   |   9|          2|    5|         10|
    |ap_phi_mux_data_28_V_read96_rewind_phi_fu_1267_p6   |   9|          2|    5|         10|
    |ap_phi_mux_data_29_V_read97_rewind_phi_fu_1281_p6   |   9|          2|    5|         10|
    |ap_phi_mux_data_2_V_read70_rewind_phi_fu_903_p6     |   9|          2|    5|         10|
    |ap_phi_mux_data_30_V_read98_rewind_phi_fu_1295_p6   |   9|          2|    5|         10|
    |ap_phi_mux_data_31_V_read99_rewind_phi_fu_1309_p6   |   9|          2|    5|         10|
    |ap_phi_mux_data_32_V_read100_rewind_phi_fu_1323_p6  |   9|          2|    5|         10|
    |ap_phi_mux_data_33_V_read101_rewind_phi_fu_1337_p6  |   9|          2|    5|         10|
    |ap_phi_mux_data_34_V_read102_rewind_phi_fu_1351_p6  |   9|          2|    5|         10|
    |ap_phi_mux_data_35_V_read103_rewind_phi_fu_1365_p6  |   9|          2|    5|         10|
    |ap_phi_mux_data_36_V_read104_rewind_phi_fu_1379_p6  |   9|          2|    5|         10|
    |ap_phi_mux_data_37_V_read105_rewind_phi_fu_1393_p6  |   9|          2|    5|         10|
    |ap_phi_mux_data_38_V_read106_rewind_phi_fu_1407_p6  |   9|          2|    5|         10|
    |ap_phi_mux_data_39_V_read107_rewind_phi_fu_1421_p6  |   9|          2|    5|         10|
    |ap_phi_mux_data_3_V_read71_rewind_phi_fu_917_p6     |   9|          2|    5|         10|
    |ap_phi_mux_data_40_V_read108_rewind_phi_fu_1435_p6  |   9|          2|    5|         10|
    |ap_phi_mux_data_41_V_read109_rewind_phi_fu_1449_p6  |   9|          2|    5|         10|
    |ap_phi_mux_data_42_V_read110_rewind_phi_fu_1463_p6  |   9|          2|    5|         10|
    |ap_phi_mux_data_43_V_read111_rewind_phi_fu_1477_p6  |   9|          2|    5|         10|
    |ap_phi_mux_data_44_V_read112_rewind_phi_fu_1491_p6  |   9|          2|    5|         10|
    |ap_phi_mux_data_45_V_read113_rewind_phi_fu_1505_p6  |   9|          2|    5|         10|
    |ap_phi_mux_data_46_V_read114_rewind_phi_fu_1519_p6  |   9|          2|    5|         10|
    |ap_phi_mux_data_47_V_read115_rewind_phi_fu_1533_p6  |   9|          2|    5|         10|
    |ap_phi_mux_data_48_V_read116_rewind_phi_fu_1547_p6  |   9|          2|    5|         10|
    |ap_phi_mux_data_49_V_read117_rewind_phi_fu_1561_p6  |   9|          2|    5|         10|
    |ap_phi_mux_data_4_V_read72_rewind_phi_fu_931_p6     |   9|          2|    5|         10|
    |ap_phi_mux_data_50_V_read118_rewind_phi_fu_1575_p6  |   9|          2|    5|         10|
    |ap_phi_mux_data_51_V_read119_rewind_phi_fu_1589_p6  |   9|          2|    5|         10|
    |ap_phi_mux_data_52_V_read120_rewind_phi_fu_1603_p6  |   9|          2|    5|         10|
    |ap_phi_mux_data_53_V_read121_rewind_phi_fu_1617_p6  |   9|          2|    5|         10|
    |ap_phi_mux_data_54_V_read122_rewind_phi_fu_1631_p6  |   9|          2|    5|         10|
    |ap_phi_mux_data_55_V_read123_rewind_phi_fu_1645_p6  |   9|          2|    5|         10|
    |ap_phi_mux_data_56_V_read124_rewind_phi_fu_1659_p6  |   9|          2|    5|         10|
    |ap_phi_mux_data_57_V_read125_rewind_phi_fu_1673_p6  |   9|          2|    5|         10|
    |ap_phi_mux_data_58_V_read126_rewind_phi_fu_1687_p6  |   9|          2|    5|         10|
    |ap_phi_mux_data_59_V_read127_rewind_phi_fu_1701_p6  |   9|          2|    5|         10|
    |ap_phi_mux_data_5_V_read73_rewind_phi_fu_945_p6     |   9|          2|    5|         10|
    |ap_phi_mux_data_60_V_read128_rewind_phi_fu_1715_p6  |   9|          2|    5|         10|
    |ap_phi_mux_data_61_V_read129_rewind_phi_fu_1729_p6  |   9|          2|    5|         10|
    |ap_phi_mux_data_62_V_read130_rewind_phi_fu_1743_p6  |   9|          2|    5|         10|
    |ap_phi_mux_data_63_V_read131_rewind_phi_fu_1757_p6  |   9|          2|    5|         10|
    |ap_phi_mux_data_6_V_read74_rewind_phi_fu_959_p6     |   9|          2|    5|         10|
    |ap_phi_mux_data_7_V_read75_rewind_phi_fu_973_p6     |   9|          2|    5|         10|
    |ap_phi_mux_data_8_V_read76_rewind_phi_fu_987_p6     |   9|          2|    5|         10|
    |ap_phi_mux_data_9_V_read77_rewind_phi_fu_1001_p6    |   9|          2|    5|         10|
    |ap_phi_mux_do_init_phi_fu_859_p6                    |  15|          3|    1|          3|
    |ap_phi_mux_w_index67_phi_fu_1771_p6                 |  15|          3|    5|         15|
    |ap_return_0                                         |   9|          2|   16|         32|
    |ap_return_1                                         |   9|          2|   16|         32|
    |ap_return_10                                        |   9|          2|   16|         32|
    |ap_return_11                                        |   9|          2|   16|         32|
    |ap_return_12                                        |   9|          2|   16|         32|
    |ap_return_13                                        |   9|          2|   16|         32|
    |ap_return_14                                        |   9|          2|   16|         32|
    |ap_return_15                                        |   9|          2|   16|         32|
    |ap_return_16                                        |   9|          2|   16|         32|
    |ap_return_17                                        |   9|          2|   16|         32|
    |ap_return_18                                        |   9|          2|   16|         32|
    |ap_return_19                                        |   9|          2|   16|         32|
    |ap_return_2                                         |   9|          2|   16|         32|
    |ap_return_20                                        |   9|          2|   16|         32|
    |ap_return_21                                        |   9|          2|   16|         32|
    |ap_return_22                                        |   9|          2|   16|         32|
    |ap_return_23                                        |   9|          2|   16|         32|
    |ap_return_24                                        |   9|          2|   16|         32|
    |ap_return_25                                        |   9|          2|   16|         32|
    |ap_return_26                                        |   9|          2|   16|         32|
    |ap_return_27                                        |   9|          2|   16|         32|
    |ap_return_28                                        |   9|          2|   16|         32|
    |ap_return_29                                        |   9|          2|   16|         32|
    |ap_return_3                                         |   9|          2|   16|         32|
    |ap_return_30                                        |   9|          2|   16|         32|
    |ap_return_31                                        |   9|          2|   16|         32|
    |ap_return_4                                         |   9|          2|   16|         32|
    |ap_return_5                                         |   9|          2|   16|         32|
    |ap_return_6                                         |   9|          2|   16|         32|
    |ap_return_7                                         |   9|          2|   16|         32|
    |ap_return_8                                         |   9|          2|   16|         32|
    |ap_return_9                                         |   9|          2|   16|         32|
    |data_0_V_read68_phi_reg_1782                        |  15|          3|    5|         15|
    |data_10_V_read78_phi_reg_1912                       |  15|          3|    5|         15|
    |data_11_V_read79_phi_reg_1925                       |  15|          3|    5|         15|
    |data_12_V_read80_phi_reg_1938                       |  15|          3|    5|         15|
    |data_13_V_read81_phi_reg_1951                       |  15|          3|    5|         15|
    |data_14_V_read82_phi_reg_1964                       |  15|          3|    5|         15|
    |data_15_V_read83_phi_reg_1977                       |  15|          3|    5|         15|
    |data_16_V_read84_phi_reg_1990                       |  15|          3|    5|         15|
    |data_17_V_read85_phi_reg_2003                       |  15|          3|    5|         15|
    |data_18_V_read86_phi_reg_2016                       |  15|          3|    5|         15|
    |data_19_V_read87_phi_reg_2029                       |  15|          3|    5|         15|
    |data_1_V_read69_phi_reg_1795                        |  15|          3|    5|         15|
    |data_20_V_read88_phi_reg_2042                       |  15|          3|    5|         15|
    |data_21_V_read89_phi_reg_2055                       |  15|          3|    5|         15|
    |data_22_V_read90_phi_reg_2068                       |  15|          3|    5|         15|
    |data_23_V_read91_phi_reg_2081                       |  15|          3|    5|         15|
    |data_24_V_read92_phi_reg_2094                       |  15|          3|    5|         15|
    |data_25_V_read93_phi_reg_2107                       |  15|          3|    5|         15|
    |data_26_V_read94_phi_reg_2120                       |  15|          3|    5|         15|
    |data_27_V_read95_phi_reg_2133                       |  15|          3|    5|         15|
    |data_28_V_read96_phi_reg_2146                       |  15|          3|    5|         15|
    |data_29_V_read97_phi_reg_2159                       |  15|          3|    5|         15|
    |data_2_V_read70_phi_reg_1808                        |  15|          3|    5|         15|
    |data_30_V_read98_phi_reg_2172                       |  15|          3|    5|         15|
    |data_31_V_read99_phi_reg_2185                       |  15|          3|    5|         15|
    |data_32_V_read100_phi_reg_2198                      |  15|          3|    5|         15|
    |data_33_V_read101_phi_reg_2211                      |  15|          3|    5|         15|
    |data_34_V_read102_phi_reg_2224                      |  15|          3|    5|         15|
    |data_35_V_read103_phi_reg_2237                      |  15|          3|    5|         15|
    |data_36_V_read104_phi_reg_2250                      |  15|          3|    5|         15|
    |data_37_V_read105_phi_reg_2263                      |  15|          3|    5|         15|
    |data_38_V_read106_phi_reg_2276                      |  15|          3|    5|         15|
    |data_39_V_read107_phi_reg_2289                      |  15|          3|    5|         15|
    |data_3_V_read71_phi_reg_1821                        |  15|          3|    5|         15|
    |data_40_V_read108_phi_reg_2302                      |  15|          3|    5|         15|
    |data_41_V_read109_phi_reg_2315                      |  15|          3|    5|         15|
    |data_42_V_read110_phi_reg_2328                      |  15|          3|    5|         15|
    |data_43_V_read111_phi_reg_2341                      |  15|          3|    5|         15|
    |data_44_V_read112_phi_reg_2354                      |  15|          3|    5|         15|
    |data_45_V_read113_phi_reg_2367                      |  15|          3|    5|         15|
    |data_46_V_read114_phi_reg_2380                      |  15|          3|    5|         15|
    |data_47_V_read115_phi_reg_2393                      |  15|          3|    5|         15|
    |data_48_V_read116_phi_reg_2406                      |  15|          3|    5|         15|
    |data_49_V_read117_phi_reg_2419                      |  15|          3|    5|         15|
    |data_4_V_read72_phi_reg_1834                        |  15|          3|    5|         15|
    |data_50_V_read118_phi_reg_2432                      |  15|          3|    5|         15|
    |data_51_V_read119_phi_reg_2445                      |  15|          3|    5|         15|
    |data_52_V_read120_phi_reg_2458                      |  15|          3|    5|         15|
    |data_53_V_read121_phi_reg_2471                      |  15|          3|    5|         15|
    |data_54_V_read122_phi_reg_2484                      |  15|          3|    5|         15|
    |data_55_V_read123_phi_reg_2497                      |  15|          3|    5|         15|
    |data_56_V_read124_phi_reg_2510                      |  15|          3|    5|         15|
    |data_57_V_read125_phi_reg_2523                      |  15|          3|    5|         15|
    |data_58_V_read126_phi_reg_2536                      |  15|          3|    5|         15|
    |data_59_V_read127_phi_reg_2549                      |  15|          3|    5|         15|
    |data_5_V_read73_phi_reg_1847                        |  15|          3|    5|         15|
    |data_60_V_read128_phi_reg_2562                      |  15|          3|    5|         15|
    |data_61_V_read129_phi_reg_2575                      |  15|          3|    5|         15|
    |data_62_V_read130_phi_reg_2588                      |  15|          3|    5|         15|
    |data_63_V_read131_phi_reg_2601                      |  15|          3|    5|         15|
    |data_6_V_read74_phi_reg_1860                        |  15|          3|    5|         15|
    |data_7_V_read75_phi_reg_1873                        |  15|          3|    5|         15|
    |data_8_V_read76_phi_reg_1886                        |  15|          3|    5|         15|
    |data_9_V_read77_phi_reg_1899                        |  15|          3|    5|         15|
    |res_0_V_write_assign65_reg_2614                     |   9|          2|   16|         32|
    |res_10_V_write_assign45_reg_2754                    |   9|          2|   16|         32|
    |res_11_V_write_assign43_reg_2768                    |   9|          2|   16|         32|
    |res_12_V_write_assign41_reg_2782                    |   9|          2|   16|         32|
    |res_13_V_write_assign39_reg_2796                    |   9|          2|   16|         32|
    |res_14_V_write_assign37_reg_2810                    |   9|          2|   16|         32|
    |res_15_V_write_assign35_reg_2824                    |   9|          2|   16|         32|
    |res_16_V_write_assign33_reg_2838                    |   9|          2|   16|         32|
    |res_17_V_write_assign31_reg_2852                    |   9|          2|   16|         32|
    |res_18_V_write_assign29_reg_2866                    |   9|          2|   16|         32|
    |res_19_V_write_assign27_reg_2880                    |   9|          2|   16|         32|
    |res_1_V_write_assign63_reg_2628                     |   9|          2|   16|         32|
    |res_20_V_write_assign25_reg_2894                    |   9|          2|   16|         32|
    |res_21_V_write_assign23_reg_2908                    |   9|          2|   16|         32|
    |res_22_V_write_assign21_reg_2922                    |   9|          2|   16|         32|
    |res_23_V_write_assign19_reg_2936                    |   9|          2|   16|         32|
    |res_24_V_write_assign17_reg_2950                    |   9|          2|   16|         32|
    |res_25_V_write_assign15_reg_2964                    |   9|          2|   16|         32|
    |res_26_V_write_assign13_reg_2978                    |   9|          2|   16|         32|
    |res_27_V_write_assign11_reg_2992                    |   9|          2|   16|         32|
    |res_28_V_write_assign9_reg_3006                     |   9|          2|   16|         32|
    |res_29_V_write_assign7_reg_3020                     |   9|          2|   16|         32|
    |res_2_V_write_assign61_reg_2642                     |   9|          2|   16|         32|
    |res_30_V_write_assign5_reg_3034                     |   9|          2|   16|         32|
    |res_31_V_write_assign3_reg_3048                     |   9|          2|   16|         32|
    |res_3_V_write_assign59_reg_2656                     |   9|          2|   16|         32|
    |res_4_V_write_assign57_reg_2670                     |   9|          2|   16|         32|
    |res_5_V_write_assign55_reg_2684                     |   9|          2|   16|         32|
    |res_6_V_write_assign53_reg_2698                     |   9|          2|   16|         32|
    |res_7_V_write_assign51_reg_2712                     |   9|          2|   16|         32|
    |res_8_V_write_assign49_reg_2726                     |   9|          2|   16|         32|
    |res_9_V_write_assign47_reg_2740                     |   9|          2|   16|         32|
    |w_index67_reg_1767                                  |   9|          2|    5|         10|
    +----------------------------------------------------+----+-----------+-----+-----------+
    |Total                                               |2193|        465| 1679|       3685|
    +----------------------------------------------------+----+-----------+-----+-----------+

    * Register: 
    +-----------------------------------+----+----+-----+-----------+
    |                Name               | FF | LUT| Bits| Const Bits|
    +-----------------------------------+----+----+-----+-----------+
    |add_ln703_100_reg_14676            |  12|   0|   12|          0|
    |add_ln703_102_reg_14681            |  12|   0|   12|          0|
    |add_ln703_104_reg_14686            |  12|   0|   12|          0|
    |add_ln703_106_reg_14691            |  12|   0|   12|          0|
    |add_ln703_108_reg_14696            |  12|   0|   12|          0|
    |add_ln703_110_reg_14701            |  12|   0|   12|          0|
    |add_ln703_112_reg_14706            |  12|   0|   12|          0|
    |add_ln703_114_reg_14711            |  12|   0|   12|          0|
    |add_ln703_116_reg_14716            |  12|   0|   12|          0|
    |add_ln703_118_reg_14721            |  12|   0|   12|          0|
    |add_ln703_120_reg_14726            |  12|   0|   12|          0|
    |add_ln703_122_reg_14731            |  12|   0|   12|          0|
    |add_ln703_124_reg_14736            |  12|   0|   12|          0|
    |add_ln703_126_reg_14741            |  12|   0|   12|          0|
    |add_ln703_128_reg_14746            |  12|   0|   12|          0|
    |add_ln703_68_reg_14596             |  12|   0|   12|          0|
    |add_ln703_70_reg_14601             |  12|   0|   12|          0|
    |add_ln703_72_reg_14606             |  12|   0|   12|          0|
    |add_ln703_74_reg_14611             |  12|   0|   12|          0|
    |add_ln703_76_reg_14616             |  12|   0|   12|          0|
    |add_ln703_78_reg_14621             |  12|   0|   12|          0|
    |add_ln703_80_reg_14626             |  12|   0|   12|          0|
    |add_ln703_82_reg_14631             |  12|   0|   12|          0|
    |add_ln703_84_reg_14636             |  12|   0|   12|          0|
    |add_ln703_86_reg_14641             |  12|   0|   12|          0|
    |add_ln703_88_reg_14646             |  12|   0|   12|          0|
    |add_ln703_90_reg_14651             |  12|   0|   12|          0|
    |add_ln703_92_reg_14656             |  12|   0|   12|          0|
    |add_ln703_94_reg_14661             |  12|   0|   12|          0|
    |add_ln703_96_reg_14666             |  12|   0|   12|          0|
    |add_ln703_98_reg_14671             |  12|   0|   12|          0|
    |add_ln703_reg_14591                |  12|   0|   12|          0|
    |ap_CS_fsm                          |   2|   0|    2|          0|
    |ap_done_reg                        |   1|   0|    1|          0|
    |ap_enable_reg_pp0_iter1            |   1|   0|    1|          0|
    |ap_enable_reg_pp0_iter2            |   1|   0|    1|          0|
    |ap_enable_reg_pp0_iter3            |   1|   0|    1|          0|
    |ap_enable_reg_pp0_iter4            |   1|   0|    1|          0|
    |ap_return_0_preg                   |  16|   0|   16|          0|
    |ap_return_10_preg                  |  16|   0|   16|          0|
    |ap_return_11_preg                  |  16|   0|   16|          0|
    |ap_return_12_preg                  |  16|   0|   16|          0|
    |ap_return_13_preg                  |  16|   0|   16|          0|
    |ap_return_14_preg                  |  16|   0|   16|          0|
    |ap_return_15_preg                  |  16|   0|   16|          0|
    |ap_return_16_preg                  |  16|   0|   16|          0|
    |ap_return_17_preg                  |  16|   0|   16|          0|
    |ap_return_18_preg                  |  16|   0|   16|          0|
    |ap_return_19_preg                  |  16|   0|   16|          0|
    |ap_return_1_preg                   |  16|   0|   16|          0|
    |ap_return_20_preg                  |  16|   0|   16|          0|
    |ap_return_21_preg                  |  16|   0|   16|          0|
    |ap_return_22_preg                  |  16|   0|   16|          0|
    |ap_return_23_preg                  |  16|   0|   16|          0|
    |ap_return_24_preg                  |  16|   0|   16|          0|
    |ap_return_25_preg                  |  16|   0|   16|          0|
    |ap_return_26_preg                  |  16|   0|   16|          0|
    |ap_return_27_preg                  |  16|   0|   16|          0|
    |ap_return_28_preg                  |  16|   0|   16|          0|
    |ap_return_29_preg                  |  16|   0|   16|          0|
    |ap_return_2_preg                   |  16|   0|   16|          0|
    |ap_return_30_preg                  |  16|   0|   16|          0|
    |ap_return_31_preg                  |  16|   0|   16|          0|
    |ap_return_3_preg                   |  16|   0|   16|          0|
    |ap_return_4_preg                   |  16|   0|   16|          0|
    |ap_return_5_preg                   |  16|   0|   16|          0|
    |ap_return_6_preg                   |  16|   0|   16|          0|
    |ap_return_7_preg                   |  16|   0|   16|          0|
    |ap_return_8_preg                   |  16|   0|   16|          0|
    |ap_return_9_preg                   |  16|   0|   16|          0|
    |data_0_V_read68_phi_reg_1782       |   5|   0|    5|          0|
    |data_0_V_read68_rewind_reg_871     |   5|   0|    5|          0|
    |data_10_V_read78_phi_reg_1912      |   5|   0|    5|          0|
    |data_10_V_read78_rewind_reg_1011   |   5|   0|    5|          0|
    |data_11_V_read79_phi_reg_1925      |   5|   0|    5|          0|
    |data_11_V_read79_rewind_reg_1025   |   5|   0|    5|          0|
    |data_12_V_read80_phi_reg_1938      |   5|   0|    5|          0|
    |data_12_V_read80_rewind_reg_1039   |   5|   0|    5|          0|
    |data_13_V_read81_phi_reg_1951      |   5|   0|    5|          0|
    |data_13_V_read81_rewind_reg_1053   |   5|   0|    5|          0|
    |data_14_V_read82_phi_reg_1964      |   5|   0|    5|          0|
    |data_14_V_read82_rewind_reg_1067   |   5|   0|    5|          0|
    |data_15_V_read83_phi_reg_1977      |   5|   0|    5|          0|
    |data_15_V_read83_rewind_reg_1081   |   5|   0|    5|          0|
    |data_16_V_read84_phi_reg_1990      |   5|   0|    5|          0|
    |data_16_V_read84_rewind_reg_1095   |   5|   0|    5|          0|
    |data_17_V_read85_phi_reg_2003      |   5|   0|    5|          0|
    |data_17_V_read85_rewind_reg_1109   |   5|   0|    5|          0|
    |data_18_V_read86_phi_reg_2016      |   5|   0|    5|          0|
    |data_18_V_read86_rewind_reg_1123   |   5|   0|    5|          0|
    |data_19_V_read87_phi_reg_2029      |   5|   0|    5|          0|
    |data_19_V_read87_rewind_reg_1137   |   5|   0|    5|          0|
    |data_1_V_read69_phi_reg_1795       |   5|   0|    5|          0|
    |data_1_V_read69_rewind_reg_885     |   5|   0|    5|          0|
    |data_20_V_read88_phi_reg_2042      |   5|   0|    5|          0|
    |data_20_V_read88_rewind_reg_1151   |   5|   0|    5|          0|
    |data_21_V_read89_phi_reg_2055      |   5|   0|    5|          0|
    |data_21_V_read89_rewind_reg_1165   |   5|   0|    5|          0|
    |data_22_V_read90_phi_reg_2068      |   5|   0|    5|          0|
    |data_22_V_read90_rewind_reg_1179   |   5|   0|    5|          0|
    |data_23_V_read91_phi_reg_2081      |   5|   0|    5|          0|
    |data_23_V_read91_rewind_reg_1193   |   5|   0|    5|          0|
    |data_24_V_read92_phi_reg_2094      |   5|   0|    5|          0|
    |data_24_V_read92_rewind_reg_1207   |   5|   0|    5|          0|
    |data_25_V_read93_phi_reg_2107      |   5|   0|    5|          0|
    |data_25_V_read93_rewind_reg_1221   |   5|   0|    5|          0|
    |data_26_V_read94_phi_reg_2120      |   5|   0|    5|          0|
    |data_26_V_read94_rewind_reg_1235   |   5|   0|    5|          0|
    |data_27_V_read95_phi_reg_2133      |   5|   0|    5|          0|
    |data_27_V_read95_rewind_reg_1249   |   5|   0|    5|          0|
    |data_28_V_read96_phi_reg_2146      |   5|   0|    5|          0|
    |data_28_V_read96_rewind_reg_1263   |   5|   0|    5|          0|
    |data_29_V_read97_phi_reg_2159      |   5|   0|    5|          0|
    |data_29_V_read97_rewind_reg_1277   |   5|   0|    5|          0|
    |data_2_V_read70_phi_reg_1808       |   5|   0|    5|          0|
    |data_2_V_read70_rewind_reg_899     |   5|   0|    5|          0|
    |data_30_V_read98_phi_reg_2172      |   5|   0|    5|          0|
    |data_30_V_read98_rewind_reg_1291   |   5|   0|    5|          0|
    |data_31_V_read99_phi_reg_2185      |   5|   0|    5|          0|
    |data_31_V_read99_rewind_reg_1305   |   5|   0|    5|          0|
    |data_32_V_read100_phi_reg_2198     |   5|   0|    5|          0|
    |data_32_V_read100_rewind_reg_1319  |   5|   0|    5|          0|
    |data_33_V_read101_phi_reg_2211     |   5|   0|    5|          0|
    |data_33_V_read101_rewind_reg_1333  |   5|   0|    5|          0|
    |data_34_V_read102_phi_reg_2224     |   5|   0|    5|          0|
    |data_34_V_read102_rewind_reg_1347  |   5|   0|    5|          0|
    |data_35_V_read103_phi_reg_2237     |   5|   0|    5|          0|
    |data_35_V_read103_rewind_reg_1361  |   5|   0|    5|          0|
    |data_36_V_read104_phi_reg_2250     |   5|   0|    5|          0|
    |data_36_V_read104_rewind_reg_1375  |   5|   0|    5|          0|
    |data_37_V_read105_phi_reg_2263     |   5|   0|    5|          0|
    |data_37_V_read105_rewind_reg_1389  |   5|   0|    5|          0|
    |data_38_V_read106_phi_reg_2276     |   5|   0|    5|          0|
    |data_38_V_read106_rewind_reg_1403  |   5|   0|    5|          0|
    |data_39_V_read107_phi_reg_2289     |   5|   0|    5|          0|
    |data_39_V_read107_rewind_reg_1417  |   5|   0|    5|          0|
    |data_3_V_read71_phi_reg_1821       |   5|   0|    5|          0|
    |data_3_V_read71_rewind_reg_913     |   5|   0|    5|          0|
    |data_40_V_read108_phi_reg_2302     |   5|   0|    5|          0|
    |data_40_V_read108_rewind_reg_1431  |   5|   0|    5|          0|
    |data_41_V_read109_phi_reg_2315     |   5|   0|    5|          0|
    |data_41_V_read109_rewind_reg_1445  |   5|   0|    5|          0|
    |data_42_V_read110_phi_reg_2328     |   5|   0|    5|          0|
    |data_42_V_read110_rewind_reg_1459  |   5|   0|    5|          0|
    |data_43_V_read111_phi_reg_2341     |   5|   0|    5|          0|
    |data_43_V_read111_rewind_reg_1473  |   5|   0|    5|          0|
    |data_44_V_read112_phi_reg_2354     |   5|   0|    5|          0|
    |data_44_V_read112_rewind_reg_1487  |   5|   0|    5|          0|
    |data_45_V_read113_phi_reg_2367     |   5|   0|    5|          0|
    |data_45_V_read113_rewind_reg_1501  |   5|   0|    5|          0|
    |data_46_V_read114_phi_reg_2380     |   5|   0|    5|          0|
    |data_46_V_read114_rewind_reg_1515  |   5|   0|    5|          0|
    |data_47_V_read115_phi_reg_2393     |   5|   0|    5|          0|
    |data_47_V_read115_rewind_reg_1529  |   5|   0|    5|          0|
    |data_48_V_read116_phi_reg_2406     |   5|   0|    5|          0|
    |data_48_V_read116_rewind_reg_1543  |   5|   0|    5|          0|
    |data_49_V_read117_phi_reg_2419     |   5|   0|    5|          0|
    |data_49_V_read117_rewind_reg_1557  |   5|   0|    5|          0|
    |data_4_V_read72_phi_reg_1834       |   5|   0|    5|          0|
    |data_4_V_read72_rewind_reg_927     |   5|   0|    5|          0|
    |data_50_V_read118_phi_reg_2432     |   5|   0|    5|          0|
    |data_50_V_read118_rewind_reg_1571  |   5|   0|    5|          0|
    |data_51_V_read119_phi_reg_2445     |   5|   0|    5|          0|
    |data_51_V_read119_rewind_reg_1585  |   5|   0|    5|          0|
    |data_52_V_read120_phi_reg_2458     |   5|   0|    5|          0|
    |data_52_V_read120_rewind_reg_1599  |   5|   0|    5|          0|
    |data_53_V_read121_phi_reg_2471     |   5|   0|    5|          0|
    |data_53_V_read121_rewind_reg_1613  |   5|   0|    5|          0|
    |data_54_V_read122_phi_reg_2484     |   5|   0|    5|          0|
    |data_54_V_read122_rewind_reg_1627  |   5|   0|    5|          0|
    |data_55_V_read123_phi_reg_2497     |   5|   0|    5|          0|
    |data_55_V_read123_rewind_reg_1641  |   5|   0|    5|          0|
    |data_56_V_read124_phi_reg_2510     |   5|   0|    5|          0|
    |data_56_V_read124_rewind_reg_1655  |   5|   0|    5|          0|
    |data_57_V_read125_phi_reg_2523     |   5|   0|    5|          0|
    |data_57_V_read125_rewind_reg_1669  |   5|   0|    5|          0|
    |data_58_V_read126_phi_reg_2536     |   5|   0|    5|          0|
    |data_58_V_read126_rewind_reg_1683  |   5|   0|    5|          0|
    |data_59_V_read127_phi_reg_2549     |   5|   0|    5|          0|
    |data_59_V_read127_rewind_reg_1697  |   5|   0|    5|          0|
    |data_5_V_read73_phi_reg_1847       |   5|   0|    5|          0|
    |data_5_V_read73_rewind_reg_941     |   5|   0|    5|          0|
    |data_60_V_read128_phi_reg_2562     |   5|   0|    5|          0|
    |data_60_V_read128_rewind_reg_1711  |   5|   0|    5|          0|
    |data_61_V_read129_phi_reg_2575     |   5|   0|    5|          0|
    |data_61_V_read129_rewind_reg_1725  |   5|   0|    5|          0|
    |data_62_V_read130_phi_reg_2588     |   5|   0|    5|          0|
    |data_62_V_read130_rewind_reg_1739  |   5|   0|    5|          0|
    |data_63_V_read131_phi_reg_2601     |   5|   0|    5|          0|
    |data_63_V_read131_rewind_reg_1753  |   5|   0|    5|          0|
    |data_6_V_read74_phi_reg_1860       |   5|   0|    5|          0|
    |data_6_V_read74_rewind_reg_955     |   5|   0|    5|          0|
    |data_7_V_read75_phi_reg_1873       |   5|   0|    5|          0|
    |data_7_V_read75_rewind_reg_969     |   5|   0|    5|          0|
    |data_8_V_read76_phi_reg_1886       |   5|   0|    5|          0|
    |data_8_V_read76_rewind_reg_983     |   5|   0|    5|          0|
    |data_9_V_read77_phi_reg_1899       |   5|   0|    5|          0|
    |data_9_V_read77_rewind_reg_997     |   5|   0|    5|          0|
    |do_init_reg_855                    |   1|   0|    1|          0|
    |icmp_ln64_reg_13787                |   1|   0|    1|          0|
    |mul_ln1118_100_reg_14511           |  11|   0|   11|          0|
    |mul_ln1118_102_reg_14516           |  11|   0|   11|          0|
    |mul_ln1118_104_reg_14521           |  11|   0|   11|          0|
    |mul_ln1118_106_reg_14526           |  11|   0|   11|          0|
    |mul_ln1118_108_reg_14531           |  11|   0|   11|          0|
    |mul_ln1118_110_reg_14536           |  11|   0|   11|          0|
    |mul_ln1118_112_reg_14541           |  11|   0|   11|          0|
    |mul_ln1118_114_reg_14546           |  11|   0|   11|          0|
    |mul_ln1118_116_reg_14551           |  11|   0|   11|          0|
    |mul_ln1118_118_reg_14556           |  11|   0|   11|          0|
    |mul_ln1118_120_reg_14561           |  11|   0|   11|          0|
    |mul_ln1118_122_reg_14566           |  11|   0|   11|          0|
    |mul_ln1118_124_reg_14571           |  11|   0|   11|          0|
    |mul_ln1118_126_reg_14576           |  11|   0|   11|          0|
    |mul_ln1118_128_reg_14581           |  11|   0|   11|          0|
    |mul_ln1118_130_reg_14586           |  11|   0|   11|          0|
    |mul_ln1118_68_reg_14431            |  11|   0|   11|          0|
    |mul_ln1118_70_reg_14436            |  11|   0|   11|          0|
    |mul_ln1118_72_reg_14441            |  11|   0|   11|          0|
    |mul_ln1118_74_reg_14446            |  11|   0|   11|          0|
    |mul_ln1118_76_reg_14451            |  11|   0|   11|          0|
    |mul_ln1118_78_reg_14456            |  11|   0|   11|          0|
    |mul_ln1118_80_reg_14461            |  11|   0|   11|          0|
    |mul_ln1118_82_reg_14466            |  11|   0|   11|          0|
    |mul_ln1118_84_reg_14471            |  11|   0|   11|          0|
    |mul_ln1118_86_reg_14476            |  11|   0|   11|          0|
    |mul_ln1118_88_reg_14481            |  11|   0|   11|          0|
    |mul_ln1118_90_reg_14486            |  11|   0|   11|          0|
    |mul_ln1118_92_reg_14491            |  11|   0|   11|          0|
    |mul_ln1118_94_reg_14496            |  11|   0|   11|          0|
    |mul_ln1118_96_reg_14501            |  11|   0|   11|          0|
    |mul_ln1118_98_reg_14506            |  11|   0|   11|          0|
    |phi_ln76_100_reg_14181             |   5|   0|    5|          0|
    |phi_ln76_102_reg_14201             |   5|   0|    5|          0|
    |phi_ln76_104_reg_14221             |   5|   0|    5|          0|
    |phi_ln76_106_reg_14241             |   5|   0|    5|          0|
    |phi_ln76_108_reg_14261             |   5|   0|    5|          0|
    |phi_ln76_110_reg_14281             |   5|   0|    5|          0|
    |phi_ln76_112_reg_14301             |   5|   0|    5|          0|
    |phi_ln76_114_reg_14321             |   5|   0|    5|          0|
    |phi_ln76_116_reg_14341             |   5|   0|    5|          0|
    |phi_ln76_118_reg_14361             |   5|   0|    5|          0|
    |phi_ln76_120_reg_14381             |   5|   0|    5|          0|
    |phi_ln76_122_reg_14401             |   5|   0|    5|          0|
    |phi_ln76_124_reg_14421             |   5|   0|    5|          0|
    |phi_ln76_64_reg_13821              |   5|   0|    5|          0|
    |phi_ln76_66_reg_13841              |   5|   0|    5|          0|
    |phi_ln76_68_reg_13861              |   5|   0|    5|          0|
    |phi_ln76_70_reg_13881              |   5|   0|    5|          0|
    |phi_ln76_72_reg_13901              |   5|   0|    5|          0|
    |phi_ln76_74_reg_13921              |   5|   0|    5|          0|
    |phi_ln76_76_reg_13941              |   5|   0|    5|          0|
    |phi_ln76_78_reg_13961              |   5|   0|    5|          0|
    |phi_ln76_80_reg_13981              |   5|   0|    5|          0|
    |phi_ln76_82_reg_14001              |   5|   0|    5|          0|
    |phi_ln76_84_reg_14021              |   5|   0|    5|          0|
    |phi_ln76_86_reg_14041              |   5|   0|    5|          0|
    |phi_ln76_88_reg_14061              |   5|   0|    5|          0|
    |phi_ln76_90_reg_14081              |   5|   0|    5|          0|
    |phi_ln76_92_reg_14101              |   5|   0|    5|          0|
    |phi_ln76_94_reg_14121              |   5|   0|    5|          0|
    |phi_ln76_96_reg_14141              |   5|   0|    5|          0|
    |phi_ln76_98_reg_14161              |   5|   0|    5|          0|
    |phi_ln76_s_reg_13801               |   5|   0|    5|          0|
    |res_0_V_write_assign65_reg_2614    |  16|   0|   16|          0|
    |res_10_V_write_assign45_reg_2754   |  16|   0|   16|          0|
    |res_11_V_write_assign43_reg_2768   |  16|   0|   16|          0|
    |res_12_V_write_assign41_reg_2782   |  16|   0|   16|          0|
    |res_13_V_write_assign39_reg_2796   |  16|   0|   16|          0|
    |res_14_V_write_assign37_reg_2810   |  16|   0|   16|          0|
    |res_15_V_write_assign35_reg_2824   |  16|   0|   16|          0|
    |res_16_V_write_assign33_reg_2838   |  16|   0|   16|          0|
    |res_17_V_write_assign31_reg_2852   |  16|   0|   16|          0|
    |res_18_V_write_assign29_reg_2866   |  16|   0|   16|          0|
    |res_19_V_write_assign27_reg_2880   |  16|   0|   16|          0|
    |res_1_V_write_assign63_reg_2628    |  16|   0|   16|          0|
    |res_20_V_write_assign25_reg_2894   |  16|   0|   16|          0|
    |res_21_V_write_assign23_reg_2908   |  16|   0|   16|          0|
    |res_22_V_write_assign21_reg_2922   |  16|   0|   16|          0|
    |res_23_V_write_assign19_reg_2936   |  16|   0|   16|          0|
    |res_24_V_write_assign17_reg_2950   |  16|   0|   16|          0|
    |res_25_V_write_assign15_reg_2964   |  16|   0|   16|          0|
    |res_26_V_write_assign13_reg_2978   |  16|   0|   16|          0|
    |res_27_V_write_assign11_reg_2992   |  16|   0|   16|          0|
    |res_28_V_write_assign9_reg_3006    |  16|   0|   16|          0|
    |res_29_V_write_assign7_reg_3020    |  16|   0|   16|          0|
    |res_2_V_write_assign61_reg_2642    |  16|   0|   16|          0|
    |res_30_V_write_assign5_reg_3034    |  16|   0|   16|          0|
    |res_31_V_write_assign3_reg_3048    |  16|   0|   16|          0|
    |res_3_V_write_assign59_reg_2656    |  16|   0|   16|          0|
    |res_4_V_write_assign57_reg_2670    |  16|   0|   16|          0|
    |res_5_V_write_assign55_reg_2684    |  16|   0|   16|          0|
    |res_6_V_write_assign53_reg_2698    |  16|   0|   16|          0|
    |res_7_V_write_assign51_reg_2712    |  16|   0|   16|          0|
    |res_8_V_write_assign49_reg_2726    |  16|   0|   16|          0|
    |res_9_V_write_assign47_reg_2740    |  16|   0|   16|          0|
    |tmp_100_reg_14186                  |   6|   0|    6|          0|
    |tmp_102_reg_14206                  |   6|   0|    6|          0|
    |tmp_104_reg_14226                  |   6|   0|    6|          0|
    |tmp_106_reg_14246                  |   6|   0|    6|          0|
    |tmp_108_reg_14266                  |   6|   0|    6|          0|
    |tmp_110_reg_14286                  |   6|   0|    6|          0|
    |tmp_112_reg_14306                  |   6|   0|    6|          0|
    |tmp_114_reg_14326                  |   6|   0|    6|          0|
    |tmp_116_reg_14346                  |   6|   0|    6|          0|
    |tmp_118_reg_14366                  |   6|   0|    6|          0|
    |tmp_120_reg_14386                  |   6|   0|    6|          0|
    |tmp_122_reg_14406                  |   6|   0|    6|          0|
    |tmp_124_reg_14426                  |   6|   0|    6|          0|
    |tmp_64_reg_13826                   |   6|   0|    6|          0|
    |tmp_66_reg_13846                   |   6|   0|    6|          0|
    |tmp_68_reg_13866                   |   6|   0|    6|          0|
    |tmp_70_reg_13886                   |   6|   0|    6|          0|
    |tmp_72_reg_13906                   |   6|   0|    6|          0|
    |tmp_74_reg_13926                   |   6|   0|    6|          0|
    |tmp_76_reg_13946                   |   6|   0|    6|          0|
    |tmp_78_reg_13966                   |   6|   0|    6|          0|
    |tmp_80_reg_13986                   |   6|   0|    6|          0|
    |tmp_82_reg_14006                   |   6|   0|    6|          0|
    |tmp_84_reg_14026                   |   6|   0|    6|          0|
    |tmp_86_reg_14046                   |   6|   0|    6|          0|
    |tmp_88_reg_14066                   |   6|   0|    6|          0|
    |tmp_90_reg_14086                   |   6|   0|    6|          0|
    |tmp_92_reg_14106                   |   6|   0|    6|          0|
    |tmp_94_reg_14126                   |   6|   0|    6|          0|
    |tmp_96_reg_14146                   |   6|   0|    6|          0|
    |tmp_98_reg_14166                   |   6|   0|    6|          0|
    |tmp_s_reg_13806                    |   6|   0|    6|          0|
    |w_index67_reg_1767                 |   5|   0|    5|          0|
    |w_index_reg_13782                  |   5|   0|    5|          0|
    |icmp_ln64_reg_13787                |  64|  32|    1|          0|
    +-----------------------------------+----+----+-----+-----------+
    |Total                              |2835|  32| 2772|          0|
    +-----------------------------------+----+----+-----+-----------+



================================================================
== Interface
================================================================
* Summary: 
+----------------+-----+-----+------------+-------------------------------------------------------+--------------+
|    RTL Ports   | Dir | Bits|  Protocol  |                     Source Object                     |    C Type    |
+----------------+-----+-----+------------+-------------------------------------------------------+--------------+
|ap_clk          |  in |    1| ap_ctrl_hs | dense_resource<ap_fixed,ap_fixed<16,6,5,3,0>,config5> | return value |
|ap_rst          |  in |    1| ap_ctrl_hs | dense_resource<ap_fixed,ap_fixed<16,6,5,3,0>,config5> | return value |
|ap_start        |  in |    1| ap_ctrl_hs | dense_resource<ap_fixed,ap_fixed<16,6,5,3,0>,config5> | return value |
|ap_done         | out |    1| ap_ctrl_hs | dense_resource<ap_fixed,ap_fixed<16,6,5,3,0>,config5> | return value |
|ap_continue     |  in |    1| ap_ctrl_hs | dense_resource<ap_fixed,ap_fixed<16,6,5,3,0>,config5> | return value |
|ap_idle         | out |    1| ap_ctrl_hs | dense_resource<ap_fixed,ap_fixed<16,6,5,3,0>,config5> | return value |
|ap_ready        | out |    1| ap_ctrl_hs | dense_resource<ap_fixed,ap_fixed<16,6,5,3,0>,config5> | return value |
|ap_return_0     | out |   16| ap_ctrl_hs | dense_resource<ap_fixed,ap_fixed<16,6,5,3,0>,config5> | return value |
|ap_return_1     | out |   16| ap_ctrl_hs | dense_resource<ap_fixed,ap_fixed<16,6,5,3,0>,config5> | return value |
|ap_return_2     | out |   16| ap_ctrl_hs | dense_resource<ap_fixed,ap_fixed<16,6,5,3,0>,config5> | return value |
|ap_return_3     | out |   16| ap_ctrl_hs | dense_resource<ap_fixed,ap_fixed<16,6,5,3,0>,config5> | return value |
|ap_return_4     | out |   16| ap_ctrl_hs | dense_resource<ap_fixed,ap_fixed<16,6,5,3,0>,config5> | return value |
|ap_return_5     | out |   16| ap_ctrl_hs | dense_resource<ap_fixed,ap_fixed<16,6,5,3,0>,config5> | return value |
|ap_return_6     | out |   16| ap_ctrl_hs | dense_resource<ap_fixed,ap_fixed<16,6,5,3,0>,config5> | return value |
|ap_return_7     | out |   16| ap_ctrl_hs | dense_resource<ap_fixed,ap_fixed<16,6,5,3,0>,config5> | return value |
|ap_return_8     | out |   16| ap_ctrl_hs | dense_resource<ap_fixed,ap_fixed<16,6,5,3,0>,config5> | return value |
|ap_return_9     | out |   16| ap_ctrl_hs | dense_resource<ap_fixed,ap_fixed<16,6,5,3,0>,config5> | return value |
|ap_return_10    | out |   16| ap_ctrl_hs | dense_resource<ap_fixed,ap_fixed<16,6,5,3,0>,config5> | return value |
|ap_return_11    | out |   16| ap_ctrl_hs | dense_resource<ap_fixed,ap_fixed<16,6,5,3,0>,config5> | return value |
|ap_return_12    | out |   16| ap_ctrl_hs | dense_resource<ap_fixed,ap_fixed<16,6,5,3,0>,config5> | return value |
|ap_return_13    | out |   16| ap_ctrl_hs | dense_resource<ap_fixed,ap_fixed<16,6,5,3,0>,config5> | return value |
|ap_return_14    | out |   16| ap_ctrl_hs | dense_resource<ap_fixed,ap_fixed<16,6,5,3,0>,config5> | return value |
|ap_return_15    | out |   16| ap_ctrl_hs | dense_resource<ap_fixed,ap_fixed<16,6,5,3,0>,config5> | return value |
|ap_return_16    | out |   16| ap_ctrl_hs | dense_resource<ap_fixed,ap_fixed<16,6,5,3,0>,config5> | return value |
|ap_return_17    | out |   16| ap_ctrl_hs | dense_resource<ap_fixed,ap_fixed<16,6,5,3,0>,config5> | return value |
|ap_return_18    | out |   16| ap_ctrl_hs | dense_resource<ap_fixed,ap_fixed<16,6,5,3,0>,config5> | return value |
|ap_return_19    | out |   16| ap_ctrl_hs | dense_resource<ap_fixed,ap_fixed<16,6,5,3,0>,config5> | return value |
|ap_return_20    | out |   16| ap_ctrl_hs | dense_resource<ap_fixed,ap_fixed<16,6,5,3,0>,config5> | return value |
|ap_return_21    | out |   16| ap_ctrl_hs | dense_resource<ap_fixed,ap_fixed<16,6,5,3,0>,config5> | return value |
|ap_return_22    | out |   16| ap_ctrl_hs | dense_resource<ap_fixed,ap_fixed<16,6,5,3,0>,config5> | return value |
|ap_return_23    | out |   16| ap_ctrl_hs | dense_resource<ap_fixed,ap_fixed<16,6,5,3,0>,config5> | return value |
|ap_return_24    | out |   16| ap_ctrl_hs | dense_resource<ap_fixed,ap_fixed<16,6,5,3,0>,config5> | return value |
|ap_return_25    | out |   16| ap_ctrl_hs | dense_resource<ap_fixed,ap_fixed<16,6,5,3,0>,config5> | return value |
|ap_return_26    | out |   16| ap_ctrl_hs | dense_resource<ap_fixed,ap_fixed<16,6,5,3,0>,config5> | return value |
|ap_return_27    | out |   16| ap_ctrl_hs | dense_resource<ap_fixed,ap_fixed<16,6,5,3,0>,config5> | return value |
|ap_return_28    | out |   16| ap_ctrl_hs | dense_resource<ap_fixed,ap_fixed<16,6,5,3,0>,config5> | return value |
|ap_return_29    | out |   16| ap_ctrl_hs | dense_resource<ap_fixed,ap_fixed<16,6,5,3,0>,config5> | return value |
|ap_return_30    | out |   16| ap_ctrl_hs | dense_resource<ap_fixed,ap_fixed<16,6,5,3,0>,config5> | return value |
|ap_return_31    | out |   16| ap_ctrl_hs | dense_resource<ap_fixed,ap_fixed<16,6,5,3,0>,config5> | return value |
|data_0_V_read   |  in |    5|   ap_none  |                     data_0_V_read                     |    scalar    |
|data_1_V_read   |  in |    5|   ap_none  |                     data_1_V_read                     |    scalar    |
|data_2_V_read   |  in |    5|   ap_none  |                     data_2_V_read                     |    scalar    |
|data_3_V_read   |  in |    5|   ap_none  |                     data_3_V_read                     |    scalar    |
|data_4_V_read   |  in |    5|   ap_none  |                     data_4_V_read                     |    scalar    |
|data_5_V_read   |  in |    5|   ap_none  |                     data_5_V_read                     |    scalar    |
|data_6_V_read   |  in |    5|   ap_none  |                     data_6_V_read                     |    scalar    |
|data_7_V_read   |  in |    5|   ap_none  |                     data_7_V_read                     |    scalar    |
|data_8_V_read   |  in |    5|   ap_none  |                     data_8_V_read                     |    scalar    |
|data_9_V_read   |  in |    5|   ap_none  |                     data_9_V_read                     |    scalar    |
|data_10_V_read  |  in |    5|   ap_none  |                     data_10_V_read                    |    scalar    |
|data_11_V_read  |  in |    5|   ap_none  |                     data_11_V_read                    |    scalar    |
|data_12_V_read  |  in |    5|   ap_none  |                     data_12_V_read                    |    scalar    |
|data_13_V_read  |  in |    5|   ap_none  |                     data_13_V_read                    |    scalar    |
|data_14_V_read  |  in |    5|   ap_none  |                     data_14_V_read                    |    scalar    |
|data_15_V_read  |  in |    5|   ap_none  |                     data_15_V_read                    |    scalar    |
|data_16_V_read  |  in |    5|   ap_none  |                     data_16_V_read                    |    scalar    |
|data_17_V_read  |  in |    5|   ap_none  |                     data_17_V_read                    |    scalar    |
|data_18_V_read  |  in |    5|   ap_none  |                     data_18_V_read                    |    scalar    |
|data_19_V_read  |  in |    5|   ap_none  |                     data_19_V_read                    |    scalar    |
|data_20_V_read  |  in |    5|   ap_none  |                     data_20_V_read                    |    scalar    |
|data_21_V_read  |  in |    5|   ap_none  |                     data_21_V_read                    |    scalar    |
|data_22_V_read  |  in |    5|   ap_none  |                     data_22_V_read                    |    scalar    |
|data_23_V_read  |  in |    5|   ap_none  |                     data_23_V_read                    |    scalar    |
|data_24_V_read  |  in |    5|   ap_none  |                     data_24_V_read                    |    scalar    |
|data_25_V_read  |  in |    5|   ap_none  |                     data_25_V_read                    |    scalar    |
|data_26_V_read  |  in |    5|   ap_none  |                     data_26_V_read                    |    scalar    |
|data_27_V_read  |  in |    5|   ap_none  |                     data_27_V_read                    |    scalar    |
|data_28_V_read  |  in |    5|   ap_none  |                     data_28_V_read                    |    scalar    |
|data_29_V_read  |  in |    5|   ap_none  |                     data_29_V_read                    |    scalar    |
|data_30_V_read  |  in |    5|   ap_none  |                     data_30_V_read                    |    scalar    |
|data_31_V_read  |  in |    5|   ap_none  |                     data_31_V_read                    |    scalar    |
|data_32_V_read  |  in |    5|   ap_none  |                     data_32_V_read                    |    scalar    |
|data_33_V_read  |  in |    5|   ap_none  |                     data_33_V_read                    |    scalar    |
|data_34_V_read  |  in |    5|   ap_none  |                     data_34_V_read                    |    scalar    |
|data_35_V_read  |  in |    5|   ap_none  |                     data_35_V_read                    |    scalar    |
|data_36_V_read  |  in |    5|   ap_none  |                     data_36_V_read                    |    scalar    |
|data_37_V_read  |  in |    5|   ap_none  |                     data_37_V_read                    |    scalar    |
|data_38_V_read  |  in |    5|   ap_none  |                     data_38_V_read                    |    scalar    |
|data_39_V_read  |  in |    5|   ap_none  |                     data_39_V_read                    |    scalar    |
|data_40_V_read  |  in |    5|   ap_none  |                     data_40_V_read                    |    scalar    |
|data_41_V_read  |  in |    5|   ap_none  |                     data_41_V_read                    |    scalar    |
|data_42_V_read  |  in |    5|   ap_none  |                     data_42_V_read                    |    scalar    |
|data_43_V_read  |  in |    5|   ap_none  |                     data_43_V_read                    |    scalar    |
|data_44_V_read  |  in |    5|   ap_none  |                     data_44_V_read                    |    scalar    |
|data_45_V_read  |  in |    5|   ap_none  |                     data_45_V_read                    |    scalar    |
|data_46_V_read  |  in |    5|   ap_none  |                     data_46_V_read                    |    scalar    |
|data_47_V_read  |  in |    5|   ap_none  |                     data_47_V_read                    |    scalar    |
|data_48_V_read  |  in |    5|   ap_none  |                     data_48_V_read                    |    scalar    |
|data_49_V_read  |  in |    5|   ap_none  |                     data_49_V_read                    |    scalar    |
|data_50_V_read  |  in |    5|   ap_none  |                     data_50_V_read                    |    scalar    |
|data_51_V_read  |  in |    5|   ap_none  |                     data_51_V_read                    |    scalar    |
|data_52_V_read  |  in |    5|   ap_none  |                     data_52_V_read                    |    scalar    |
|data_53_V_read  |  in |    5|   ap_none  |                     data_53_V_read                    |    scalar    |
|data_54_V_read  |  in |    5|   ap_none  |                     data_54_V_read                    |    scalar    |
|data_55_V_read  |  in |    5|   ap_none  |                     data_55_V_read                    |    scalar    |
|data_56_V_read  |  in |    5|   ap_none  |                     data_56_V_read                    |    scalar    |
|data_57_V_read  |  in |    5|   ap_none  |                     data_57_V_read                    |    scalar    |
|data_58_V_read  |  in |    5|   ap_none  |                     data_58_V_read                    |    scalar    |
|data_59_V_read  |  in |    5|   ap_none  |                     data_59_V_read                    |    scalar    |
|data_60_V_read  |  in |    5|   ap_none  |                     data_60_V_read                    |    scalar    |
|data_61_V_read  |  in |    5|   ap_none  |                     data_61_V_read                    |    scalar    |
|data_62_V_read  |  in |    5|   ap_none  |                     data_62_V_read                    |    scalar    |
|data_63_V_read  |  in |    5|   ap_none  |                     data_63_V_read                    |    scalar    |
+----------------+-----+-----+------------+-------------------------------------------------------+--------------+

