

================================================================
== Vivado HLS Report for 'relu_ap_fixed_ap_fixed_6_1_0_0_0_relu_config4_s'
================================================================
* Date:           Wed Sep  8 19:00:20 2021

* Version:        2020.1 (Build 2897737 on Wed May 27 20:21:37 MDT 2020)
* Project:        myproject_prj
* Solution:       solution1
* Product family: zynq
* Target device:  xc7z020-clg400-1


================================================================
== Performance Estimates
================================================================
+ Timing: 
    * Summary: 
    +--------+---------+----------+------------+
    |  Clock |  Target | Estimated| Uncertainty|
    +--------+---------+----------+------------+
    |ap_clk  | 5.00 ns | 4.255 ns |   0.62 ns  |
    +--------+---------+----------+------------+

+ Latency: 
    * Summary: 
    +---------+---------+----------+----------+-----+-----+----------+
    |  Latency (cycles) |  Latency (absolute) |  Interval | Pipeline |
    |   min   |   max   |    min   |    max   | min | max |   Type   |
    +---------+---------+----------+----------+-----+-----+----------+
    |        0|        0|   0 ns   |   0 ns   |    1|    1| function |
    +---------+---------+----------+----------+-----+-----+----------+

    + Detail: 
        * Instance: 
        N/A

        * Loop: 
        N/A



================================================================
== Utilization Estimates
================================================================
* Summary: 
+-----------------+---------+-------+--------+-------+-----+
|       Name      | BRAM_18K| DSP48E|   FF   |  LUT  | URAM|
+-----------------+---------+-------+--------+-------+-----+
|DSP              |        -|      -|       -|      -|    -|
|Expression       |        -|      -|       0|   5442|    -|
|FIFO             |        -|      -|       -|      -|    -|
|Instance         |        -|      -|       -|      -|    -|
|Memory           |        -|      -|       -|      -|    -|
|Multiplexer      |        -|      -|       -|    585|    -|
|Register         |        -|      -|     322|      -|    -|
+-----------------+---------+-------+--------+-------+-----+
|Total            |        0|      0|     322|   6027|    0|
+-----------------+---------+-------+--------+-------+-----+
|Available        |      280|    220|  106400|  53200|    0|
+-----------------+---------+-------+--------+-------+-----+
|Utilization (%)  |        0|      0|   ~0   |     11|    0|
+-----------------+---------+-------+--------+-------+-----+

+ Detail: 
    * Instance: 
    N/A

    * DSP48E: 
    N/A

    * Memory: 
    N/A

    * FIFO: 
    N/A

    * Expression: 
    +------------------------------+----------+-------+---+----+------------+------------+
    |         Variable Name        | Operation| DSP48E| FF| LUT| Bitwidth P0| Bitwidth P1|
    +------------------------------+----------+-------+---+----+------------+------------+
    |add_ln415_32_fu_758_p2        |     +    |      0|  0|  15|           6|           6|
    |add_ln415_33_fu_906_p2        |     +    |      0|  0|  15|           6|           6|
    |add_ln415_34_fu_1054_p2       |     +    |      0|  0|  15|           6|           6|
    |add_ln415_35_fu_1202_p2       |     +    |      0|  0|  15|           6|           6|
    |add_ln415_36_fu_1350_p2       |     +    |      0|  0|  15|           6|           6|
    |add_ln415_37_fu_1498_p2       |     +    |      0|  0|  15|           6|           6|
    |add_ln415_38_fu_1646_p2       |     +    |      0|  0|  15|           6|           6|
    |add_ln415_39_fu_1794_p2       |     +    |      0|  0|  15|           6|           6|
    |add_ln415_40_fu_1942_p2       |     +    |      0|  0|  15|           6|           6|
    |add_ln415_41_fu_2090_p2       |     +    |      0|  0|  15|           6|           6|
    |add_ln415_42_fu_2238_p2       |     +    |      0|  0|  15|           6|           6|
    |add_ln415_43_fu_2386_p2       |     +    |      0|  0|  15|           6|           6|
    |add_ln415_44_fu_2534_p2       |     +    |      0|  0|  15|           6|           6|
    |add_ln415_45_fu_2682_p2       |     +    |      0|  0|  15|           6|           6|
    |add_ln415_46_fu_2830_p2       |     +    |      0|  0|  15|           6|           6|
    |add_ln415_47_fu_2978_p2       |     +    |      0|  0|  15|           6|           6|
    |add_ln415_48_fu_3126_p2       |     +    |      0|  0|  15|           6|           6|
    |add_ln415_49_fu_3274_p2       |     +    |      0|  0|  15|           6|           6|
    |add_ln415_50_fu_3422_p2       |     +    |      0|  0|  15|           6|           6|
    |add_ln415_51_fu_3570_p2       |     +    |      0|  0|  15|           6|           6|
    |add_ln415_52_fu_3718_p2       |     +    |      0|  0|  15|           6|           6|
    |add_ln415_53_fu_3866_p2       |     +    |      0|  0|  15|           6|           6|
    |add_ln415_54_fu_4014_p2       |     +    |      0|  0|  15|           6|           6|
    |add_ln415_55_fu_4162_p2       |     +    |      0|  0|  15|           6|           6|
    |add_ln415_56_fu_4310_p2       |     +    |      0|  0|  15|           6|           6|
    |add_ln415_57_fu_4458_p2       |     +    |      0|  0|  15|           6|           6|
    |add_ln415_58_fu_4606_p2       |     +    |      0|  0|  15|           6|           6|
    |add_ln415_59_fu_4754_p2       |     +    |      0|  0|  15|           6|           6|
    |add_ln415_60_fu_4902_p2       |     +    |      0|  0|  15|           6|           6|
    |add_ln415_61_fu_5050_p2       |     +    |      0|  0|  15|           6|           6|
    |add_ln415_62_fu_5198_p2       |     +    |      0|  0|  15|           6|           6|
    |add_ln415_63_fu_5346_p2       |     +    |      0|  0|  15|           6|           6|
    |add_ln415_64_fu_5494_p2       |     +    |      0|  0|  15|           6|           6|
    |add_ln415_65_fu_5642_p2       |     +    |      0|  0|  15|           6|           6|
    |add_ln415_66_fu_5790_p2       |     +    |      0|  0|  15|           6|           6|
    |add_ln415_67_fu_5938_p2       |     +    |      0|  0|  15|           6|           6|
    |add_ln415_68_fu_6086_p2       |     +    |      0|  0|  15|           6|           6|
    |add_ln415_69_fu_6234_p2       |     +    |      0|  0|  15|           6|           6|
    |add_ln415_70_fu_6382_p2       |     +    |      0|  0|  15|           6|           6|
    |add_ln415_71_fu_6530_p2       |     +    |      0|  0|  15|           6|           6|
    |add_ln415_72_fu_6678_p2       |     +    |      0|  0|  15|           6|           6|
    |add_ln415_73_fu_6826_p2       |     +    |      0|  0|  15|           6|           6|
    |add_ln415_74_fu_6974_p2       |     +    |      0|  0|  15|           6|           6|
    |add_ln415_75_fu_7122_p2       |     +    |      0|  0|  15|           6|           6|
    |add_ln415_76_fu_7270_p2       |     +    |      0|  0|  15|           6|           6|
    |add_ln415_77_fu_7418_p2       |     +    |      0|  0|  15|           6|           6|
    |add_ln415_78_fu_7566_p2       |     +    |      0|  0|  15|           6|           6|
    |add_ln415_79_fu_7714_p2       |     +    |      0|  0|  15|           6|           6|
    |add_ln415_80_fu_7862_p2       |     +    |      0|  0|  15|           6|           6|
    |add_ln415_81_fu_8010_p2       |     +    |      0|  0|  15|           6|           6|
    |add_ln415_82_fu_8158_p2       |     +    |      0|  0|  15|           6|           6|
    |add_ln415_83_fu_8306_p2       |     +    |      0|  0|  15|           6|           6|
    |add_ln415_84_fu_8454_p2       |     +    |      0|  0|  15|           6|           6|
    |add_ln415_85_fu_8602_p2       |     +    |      0|  0|  15|           6|           6|
    |add_ln415_86_fu_8750_p2       |     +    |      0|  0|  15|           6|           6|
    |add_ln415_87_fu_8898_p2       |     +    |      0|  0|  15|           6|           6|
    |add_ln415_88_fu_9046_p2       |     +    |      0|  0|  15|           6|           6|
    |add_ln415_89_fu_9194_p2       |     +    |      0|  0|  15|           6|           6|
    |add_ln415_90_fu_9342_p2       |     +    |      0|  0|  15|           6|           6|
    |add_ln415_91_fu_9490_p2       |     +    |      0|  0|  15|           6|           6|
    |add_ln415_92_fu_9638_p2       |     +    |      0|  0|  15|           6|           6|
    |add_ln415_93_fu_9786_p2       |     +    |      0|  0|  15|           6|           6|
    |add_ln415_94_fu_9934_p2       |     +    |      0|  0|  15|           6|           6|
    |add_ln415_fu_610_p2           |     +    |      0|  0|  15|           6|           6|
    |add_ln416_32_fu_764_p2        |     +    |      0|  0|  15|           5|           5|
    |add_ln416_33_fu_912_p2        |     +    |      0|  0|  15|           5|           5|
    |add_ln416_34_fu_1060_p2       |     +    |      0|  0|  15|           5|           5|
    |add_ln416_35_fu_1208_p2       |     +    |      0|  0|  15|           5|           5|
    |add_ln416_36_fu_1356_p2       |     +    |      0|  0|  15|           5|           5|
    |add_ln416_37_fu_1504_p2       |     +    |      0|  0|  15|           5|           5|
    |add_ln416_38_fu_1652_p2       |     +    |      0|  0|  15|           5|           5|
    |add_ln416_39_fu_1800_p2       |     +    |      0|  0|  15|           5|           5|
    |add_ln416_40_fu_1948_p2       |     +    |      0|  0|  15|           5|           5|
    |add_ln416_41_fu_2096_p2       |     +    |      0|  0|  15|           5|           5|
    |add_ln416_42_fu_2244_p2       |     +    |      0|  0|  15|           5|           5|
    |add_ln416_43_fu_2392_p2       |     +    |      0|  0|  15|           5|           5|
    |add_ln416_44_fu_2540_p2       |     +    |      0|  0|  15|           5|           5|
    |add_ln416_45_fu_2688_p2       |     +    |      0|  0|  15|           5|           5|
    |add_ln416_46_fu_2836_p2       |     +    |      0|  0|  15|           5|           5|
    |add_ln416_47_fu_2984_p2       |     +    |      0|  0|  15|           5|           5|
    |add_ln416_48_fu_3132_p2       |     +    |      0|  0|  15|           5|           5|
    |add_ln416_49_fu_3280_p2       |     +    |      0|  0|  15|           5|           5|
    |add_ln416_50_fu_3428_p2       |     +    |      0|  0|  15|           5|           5|
    |add_ln416_51_fu_3576_p2       |     +    |      0|  0|  15|           5|           5|
    |add_ln416_52_fu_3724_p2       |     +    |      0|  0|  15|           5|           5|
    |add_ln416_53_fu_3872_p2       |     +    |      0|  0|  15|           5|           5|
    |add_ln416_54_fu_4020_p2       |     +    |      0|  0|  15|           5|           5|
    |add_ln416_55_fu_4168_p2       |     +    |      0|  0|  15|           5|           5|
    |add_ln416_56_fu_4316_p2       |     +    |      0|  0|  15|           5|           5|
    |add_ln416_57_fu_4464_p2       |     +    |      0|  0|  15|           5|           5|
    |add_ln416_58_fu_4612_p2       |     +    |      0|  0|  15|           5|           5|
    |add_ln416_59_fu_4760_p2       |     +    |      0|  0|  15|           5|           5|
    |add_ln416_60_fu_4908_p2       |     +    |      0|  0|  15|           5|           5|
    |add_ln416_61_fu_5056_p2       |     +    |      0|  0|  15|           5|           5|
    |add_ln416_62_fu_5204_p2       |     +    |      0|  0|  15|           5|           5|
    |add_ln416_63_fu_5352_p2       |     +    |      0|  0|  15|           5|           5|
    |add_ln416_64_fu_5500_p2       |     +    |      0|  0|  15|           5|           5|
    |add_ln416_65_fu_5648_p2       |     +    |      0|  0|  15|           5|           5|
    |add_ln416_66_fu_5796_p2       |     +    |      0|  0|  15|           5|           5|
    |add_ln416_67_fu_5944_p2       |     +    |      0|  0|  15|           5|           5|
    |add_ln416_68_fu_6092_p2       |     +    |      0|  0|  15|           5|           5|
    |add_ln416_69_fu_6240_p2       |     +    |      0|  0|  15|           5|           5|
    |add_ln416_70_fu_6388_p2       |     +    |      0|  0|  15|           5|           5|
    |add_ln416_71_fu_6536_p2       |     +    |      0|  0|  15|           5|           5|
    |add_ln416_72_fu_6684_p2       |     +    |      0|  0|  15|           5|           5|
    |add_ln416_73_fu_6832_p2       |     +    |      0|  0|  15|           5|           5|
    |add_ln416_74_fu_6980_p2       |     +    |      0|  0|  15|           5|           5|
    |add_ln416_75_fu_7128_p2       |     +    |      0|  0|  15|           5|           5|
    |add_ln416_76_fu_7276_p2       |     +    |      0|  0|  15|           5|           5|
    |add_ln416_77_fu_7424_p2       |     +    |      0|  0|  15|           5|           5|
    |add_ln416_78_fu_7572_p2       |     +    |      0|  0|  15|           5|           5|
    |add_ln416_79_fu_7720_p2       |     +    |      0|  0|  15|           5|           5|
    |add_ln416_80_fu_7868_p2       |     +    |      0|  0|  15|           5|           5|
    |add_ln416_81_fu_8016_p2       |     +    |      0|  0|  15|           5|           5|
    |add_ln416_82_fu_8164_p2       |     +    |      0|  0|  15|           5|           5|
    |add_ln416_83_fu_8312_p2       |     +    |      0|  0|  15|           5|           5|
    |add_ln416_84_fu_8460_p2       |     +    |      0|  0|  15|           5|           5|
    |add_ln416_85_fu_8608_p2       |     +    |      0|  0|  15|           5|           5|
    |add_ln416_86_fu_8756_p2       |     +    |      0|  0|  15|           5|           5|
    |add_ln416_87_fu_8904_p2       |     +    |      0|  0|  15|           5|           5|
    |add_ln416_88_fu_9052_p2       |     +    |      0|  0|  15|           5|           5|
    |add_ln416_89_fu_9200_p2       |     +    |      0|  0|  15|           5|           5|
    |add_ln416_90_fu_9348_p2       |     +    |      0|  0|  15|           5|           5|
    |add_ln416_91_fu_9496_p2       |     +    |      0|  0|  15|           5|           5|
    |add_ln416_92_fu_9644_p2       |     +    |      0|  0|  15|           5|           5|
    |add_ln416_93_fu_9792_p2       |     +    |      0|  0|  15|           5|           5|
    |add_ln416_94_fu_9940_p2       |     +    |      0|  0|  15|           5|           5|
    |add_ln416_fu_616_p2           |     +    |      0|  0|  15|           5|           5|
    |and_ln416_32_fu_784_p2        |    and   |      0|  0|   2|           1|           1|
    |and_ln416_33_fu_932_p2        |    and   |      0|  0|   2|           1|           1|
    |and_ln416_34_fu_1080_p2       |    and   |      0|  0|   2|           1|           1|
    |and_ln416_35_fu_1228_p2       |    and   |      0|  0|   2|           1|           1|
    |and_ln416_36_fu_1376_p2       |    and   |      0|  0|   2|           1|           1|
    |and_ln416_37_fu_1524_p2       |    and   |      0|  0|   2|           1|           1|
    |and_ln416_38_fu_1672_p2       |    and   |      0|  0|   2|           1|           1|
    |and_ln416_39_fu_1820_p2       |    and   |      0|  0|   2|           1|           1|
    |and_ln416_40_fu_1968_p2       |    and   |      0|  0|   2|           1|           1|
    |and_ln416_41_fu_2116_p2       |    and   |      0|  0|   2|           1|           1|
    |and_ln416_42_fu_2264_p2       |    and   |      0|  0|   2|           1|           1|
    |and_ln416_43_fu_2412_p2       |    and   |      0|  0|   2|           1|           1|
    |and_ln416_44_fu_2560_p2       |    and   |      0|  0|   2|           1|           1|
    |and_ln416_45_fu_2708_p2       |    and   |      0|  0|   2|           1|           1|
    |and_ln416_46_fu_2856_p2       |    and   |      0|  0|   2|           1|           1|
    |and_ln416_47_fu_3004_p2       |    and   |      0|  0|   2|           1|           1|
    |and_ln416_48_fu_3152_p2       |    and   |      0|  0|   2|           1|           1|
    |and_ln416_49_fu_3300_p2       |    and   |      0|  0|   2|           1|           1|
    |and_ln416_50_fu_3448_p2       |    and   |      0|  0|   2|           1|           1|
    |and_ln416_51_fu_3596_p2       |    and   |      0|  0|   2|           1|           1|
    |and_ln416_52_fu_3744_p2       |    and   |      0|  0|   2|           1|           1|
    |and_ln416_53_fu_3892_p2       |    and   |      0|  0|   2|           1|           1|
    |and_ln416_54_fu_4040_p2       |    and   |      0|  0|   2|           1|           1|
    |and_ln416_55_fu_4188_p2       |    and   |      0|  0|   2|           1|           1|
    |and_ln416_56_fu_4336_p2       |    and   |      0|  0|   2|           1|           1|
    |and_ln416_57_fu_4484_p2       |    and   |      0|  0|   2|           1|           1|
    |and_ln416_58_fu_4632_p2       |    and   |      0|  0|   2|           1|           1|
    |and_ln416_59_fu_4780_p2       |    and   |      0|  0|   2|           1|           1|
    |and_ln416_60_fu_4928_p2       |    and   |      0|  0|   2|           1|           1|
    |and_ln416_61_fu_5076_p2       |    and   |      0|  0|   2|           1|           1|
    |and_ln416_62_fu_5224_p2       |    and   |      0|  0|   2|           1|           1|
    |and_ln416_63_fu_5372_p2       |    and   |      0|  0|   2|           1|           1|
    |and_ln416_64_fu_5520_p2       |    and   |      0|  0|   2|           1|           1|
    |and_ln416_65_fu_5668_p2       |    and   |      0|  0|   2|           1|           1|
    |and_ln416_66_fu_5816_p2       |    and   |      0|  0|   2|           1|           1|
    |and_ln416_67_fu_5964_p2       |    and   |      0|  0|   2|           1|           1|
    |and_ln416_68_fu_6112_p2       |    and   |      0|  0|   2|           1|           1|
    |and_ln416_69_fu_6260_p2       |    and   |      0|  0|   2|           1|           1|
    |and_ln416_70_fu_6408_p2       |    and   |      0|  0|   2|           1|           1|
    |and_ln416_71_fu_6556_p2       |    and   |      0|  0|   2|           1|           1|
    |and_ln416_72_fu_6704_p2       |    and   |      0|  0|   2|           1|           1|
    |and_ln416_73_fu_6852_p2       |    and   |      0|  0|   2|           1|           1|
    |and_ln416_74_fu_7000_p2       |    and   |      0|  0|   2|           1|           1|
    |and_ln416_75_fu_7148_p2       |    and   |      0|  0|   2|           1|           1|
    |and_ln416_76_fu_7296_p2       |    and   |      0|  0|   2|           1|           1|
    |and_ln416_77_fu_7444_p2       |    and   |      0|  0|   2|           1|           1|
    |and_ln416_78_fu_7592_p2       |    and   |      0|  0|   2|           1|           1|
    |and_ln416_79_fu_7740_p2       |    and   |      0|  0|   2|           1|           1|
    |and_ln416_80_fu_7888_p2       |    and   |      0|  0|   2|           1|           1|
    |and_ln416_81_fu_8036_p2       |    and   |      0|  0|   2|           1|           1|
    |and_ln416_82_fu_8184_p2       |    and   |      0|  0|   2|           1|           1|
    |and_ln416_83_fu_8332_p2       |    and   |      0|  0|   2|           1|           1|
    |and_ln416_84_fu_8480_p2       |    and   |      0|  0|   2|           1|           1|
    |and_ln416_85_fu_8628_p2       |    and   |      0|  0|   2|           1|           1|
    |and_ln416_86_fu_8776_p2       |    and   |      0|  0|   2|           1|           1|
    |and_ln416_87_fu_8924_p2       |    and   |      0|  0|   2|           1|           1|
    |and_ln416_88_fu_9072_p2       |    and   |      0|  0|   2|           1|           1|
    |and_ln416_89_fu_9220_p2       |    and   |      0|  0|   2|           1|           1|
    |and_ln416_90_fu_9368_p2       |    and   |      0|  0|   2|           1|           1|
    |and_ln416_91_fu_9516_p2       |    and   |      0|  0|   2|           1|           1|
    |and_ln416_92_fu_9664_p2       |    and   |      0|  0|   2|           1|           1|
    |and_ln416_93_fu_9812_p2       |    and   |      0|  0|   2|           1|           1|
    |and_ln416_94_fu_9960_p2       |    and   |      0|  0|   2|           1|           1|
    |and_ln416_fu_636_p2           |    and   |      0|  0|   2|           1|           1|
    |icmp_ln1494_10_fu_2040_p2     |   icmp   |      0|  0|  13|          16|           1|
    |icmp_ln1494_11_fu_2188_p2     |   icmp   |      0|  0|  13|          16|           1|
    |icmp_ln1494_12_fu_2336_p2     |   icmp   |      0|  0|  13|          16|           1|
    |icmp_ln1494_13_fu_2484_p2     |   icmp   |      0|  0|  13|          16|           1|
    |icmp_ln1494_14_fu_2632_p2     |   icmp   |      0|  0|  13|          16|           1|
    |icmp_ln1494_15_fu_2780_p2     |   icmp   |      0|  0|  13|          16|           1|
    |icmp_ln1494_16_fu_2928_p2     |   icmp   |      0|  0|  13|          16|           1|
    |icmp_ln1494_17_fu_3076_p2     |   icmp   |      0|  0|  13|          16|           1|
    |icmp_ln1494_18_fu_3224_p2     |   icmp   |      0|  0|  13|          16|           1|
    |icmp_ln1494_19_fu_3372_p2     |   icmp   |      0|  0|  13|          16|           1|
    |icmp_ln1494_1_fu_708_p2       |   icmp   |      0|  0|  13|          16|           1|
    |icmp_ln1494_20_fu_3520_p2     |   icmp   |      0|  0|  13|          16|           1|
    |icmp_ln1494_21_fu_3668_p2     |   icmp   |      0|  0|  13|          16|           1|
    |icmp_ln1494_22_fu_3816_p2     |   icmp   |      0|  0|  13|          16|           1|
    |icmp_ln1494_23_fu_3964_p2     |   icmp   |      0|  0|  13|          16|           1|
    |icmp_ln1494_24_fu_4112_p2     |   icmp   |      0|  0|  13|          16|           1|
    |icmp_ln1494_25_fu_4260_p2     |   icmp   |      0|  0|  13|          16|           1|
    |icmp_ln1494_26_fu_4408_p2     |   icmp   |      0|  0|  13|          16|           1|
    |icmp_ln1494_27_fu_4556_p2     |   icmp   |      0|  0|  13|          16|           1|
    |icmp_ln1494_28_fu_4704_p2     |   icmp   |      0|  0|  13|          16|           1|
    |icmp_ln1494_29_fu_4852_p2     |   icmp   |      0|  0|  13|          16|           1|
    |icmp_ln1494_2_fu_856_p2       |   icmp   |      0|  0|  13|          16|           1|
    |icmp_ln1494_30_fu_5000_p2     |   icmp   |      0|  0|  13|          16|           1|
    |icmp_ln1494_31_fu_5148_p2     |   icmp   |      0|  0|  13|          16|           1|
    |icmp_ln1494_32_fu_5296_p2     |   icmp   |      0|  0|  13|          16|           1|
    |icmp_ln1494_33_fu_5444_p2     |   icmp   |      0|  0|  13|          16|           1|
    |icmp_ln1494_34_fu_5592_p2     |   icmp   |      0|  0|  13|          16|           1|
    |icmp_ln1494_35_fu_5740_p2     |   icmp   |      0|  0|  13|          16|           1|
    |icmp_ln1494_36_fu_5888_p2     |   icmp   |      0|  0|  13|          16|           1|
    |icmp_ln1494_37_fu_6036_p2     |   icmp   |      0|  0|  13|          16|           1|
    |icmp_ln1494_38_fu_6184_p2     |   icmp   |      0|  0|  13|          16|           1|
    |icmp_ln1494_39_fu_6332_p2     |   icmp   |      0|  0|  13|          16|           1|
    |icmp_ln1494_3_fu_1004_p2      |   icmp   |      0|  0|  13|          16|           1|
    |icmp_ln1494_40_fu_6480_p2     |   icmp   |      0|  0|  13|          16|           1|
    |icmp_ln1494_41_fu_6628_p2     |   icmp   |      0|  0|  13|          16|           1|
    |icmp_ln1494_42_fu_6776_p2     |   icmp   |      0|  0|  13|          16|           1|
    |icmp_ln1494_43_fu_6924_p2     |   icmp   |      0|  0|  13|          16|           1|
    |icmp_ln1494_44_fu_7072_p2     |   icmp   |      0|  0|  13|          16|           1|
    |icmp_ln1494_45_fu_7220_p2     |   icmp   |      0|  0|  13|          16|           1|
    |icmp_ln1494_46_fu_7368_p2     |   icmp   |      0|  0|  13|          16|           1|
    |icmp_ln1494_47_fu_7516_p2     |   icmp   |      0|  0|  13|          16|           1|
    |icmp_ln1494_48_fu_7664_p2     |   icmp   |      0|  0|  13|          16|           1|
    |icmp_ln1494_49_fu_7812_p2     |   icmp   |      0|  0|  13|          16|           1|
    |icmp_ln1494_4_fu_1152_p2      |   icmp   |      0|  0|  13|          16|           1|
    |icmp_ln1494_50_fu_7960_p2     |   icmp   |      0|  0|  13|          16|           1|
    |icmp_ln1494_51_fu_8108_p2     |   icmp   |      0|  0|  13|          16|           1|
    |icmp_ln1494_52_fu_8256_p2     |   icmp   |      0|  0|  13|          16|           1|
    |icmp_ln1494_53_fu_8404_p2     |   icmp   |      0|  0|  13|          16|           1|
    |icmp_ln1494_54_fu_8552_p2     |   icmp   |      0|  0|  13|          16|           1|
    |icmp_ln1494_55_fu_8700_p2     |   icmp   |      0|  0|  13|          16|           1|
    |icmp_ln1494_56_fu_8848_p2     |   icmp   |      0|  0|  13|          16|           1|
    |icmp_ln1494_57_fu_8996_p2     |   icmp   |      0|  0|  13|          16|           1|
    |icmp_ln1494_58_fu_9144_p2     |   icmp   |      0|  0|  13|          16|           1|
    |icmp_ln1494_59_fu_9292_p2     |   icmp   |      0|  0|  13|          16|           1|
    |icmp_ln1494_5_fu_1300_p2      |   icmp   |      0|  0|  13|          16|           1|
    |icmp_ln1494_60_fu_9440_p2     |   icmp   |      0|  0|  13|          16|           1|
    |icmp_ln1494_61_fu_9588_p2     |   icmp   |      0|  0|  13|          16|           1|
    |icmp_ln1494_62_fu_9736_p2     |   icmp   |      0|  0|  13|          16|           1|
    |icmp_ln1494_63_fu_9884_p2     |   icmp   |      0|  0|  13|          16|           1|
    |icmp_ln1494_6_fu_1448_p2      |   icmp   |      0|  0|  13|          16|           1|
    |icmp_ln1494_7_fu_1596_p2      |   icmp   |      0|  0|  13|          16|           1|
    |icmp_ln1494_8_fu_1744_p2      |   icmp   |      0|  0|  13|          16|           1|
    |icmp_ln1494_9_fu_1892_p2      |   icmp   |      0|  0|  13|          16|           1|
    |icmp_ln1494_fu_560_p2         |   icmp   |      0|  0|  13|          16|           1|
    |icmp_ln768_32_fu_814_p2       |   icmp   |      0|  0|  11|           5|           1|
    |icmp_ln768_33_fu_962_p2       |   icmp   |      0|  0|  11|           5|           1|
    |icmp_ln768_34_fu_1110_p2      |   icmp   |      0|  0|  11|           5|           1|
    |icmp_ln768_35_fu_1258_p2      |   icmp   |      0|  0|  11|           5|           1|
    |icmp_ln768_36_fu_1406_p2      |   icmp   |      0|  0|  11|           5|           1|
    |icmp_ln768_37_fu_1554_p2      |   icmp   |      0|  0|  11|           5|           1|
    |icmp_ln768_38_fu_1702_p2      |   icmp   |      0|  0|  11|           5|           1|
    |icmp_ln768_39_fu_1850_p2      |   icmp   |      0|  0|  11|           5|           1|
    |icmp_ln768_40_fu_1998_p2      |   icmp   |      0|  0|  11|           5|           1|
    |icmp_ln768_41_fu_2146_p2      |   icmp   |      0|  0|  11|           5|           1|
    |icmp_ln768_42_fu_2294_p2      |   icmp   |      0|  0|  11|           5|           1|
    |icmp_ln768_43_fu_2442_p2      |   icmp   |      0|  0|  11|           5|           1|
    |icmp_ln768_44_fu_2590_p2      |   icmp   |      0|  0|  11|           5|           1|
    |icmp_ln768_45_fu_2738_p2      |   icmp   |      0|  0|  11|           5|           1|
    |icmp_ln768_46_fu_2886_p2      |   icmp   |      0|  0|  11|           5|           1|
    |icmp_ln768_47_fu_3034_p2      |   icmp   |      0|  0|  11|           5|           1|
    |icmp_ln768_48_fu_3182_p2      |   icmp   |      0|  0|  11|           5|           1|
    |icmp_ln768_49_fu_3330_p2      |   icmp   |      0|  0|  11|           5|           1|
    |icmp_ln768_50_fu_3478_p2      |   icmp   |      0|  0|  11|           5|           1|
    |icmp_ln768_51_fu_3626_p2      |   icmp   |      0|  0|  11|           5|           1|
    |icmp_ln768_52_fu_3774_p2      |   icmp   |      0|  0|  11|           5|           1|
    |icmp_ln768_53_fu_3922_p2      |   icmp   |      0|  0|  11|           5|           1|
    |icmp_ln768_54_fu_4070_p2      |   icmp   |      0|  0|  11|           5|           1|
    |icmp_ln768_55_fu_4218_p2      |   icmp   |      0|  0|  11|           5|           1|
    |icmp_ln768_56_fu_4366_p2      |   icmp   |      0|  0|  11|           5|           1|
    |icmp_ln768_57_fu_4514_p2      |   icmp   |      0|  0|  11|           5|           1|
    |icmp_ln768_58_fu_4662_p2      |   icmp   |      0|  0|  11|           5|           1|
    |icmp_ln768_59_fu_4810_p2      |   icmp   |      0|  0|  11|           5|           1|
    |icmp_ln768_60_fu_4958_p2      |   icmp   |      0|  0|  11|           5|           1|
    |icmp_ln768_61_fu_5106_p2      |   icmp   |      0|  0|  11|           5|           1|
    |icmp_ln768_62_fu_5254_p2      |   icmp   |      0|  0|  11|           5|           1|
    |icmp_ln768_63_fu_5402_p2      |   icmp   |      0|  0|  11|           5|           1|
    |icmp_ln768_64_fu_5550_p2      |   icmp   |      0|  0|  11|           5|           1|
    |icmp_ln768_65_fu_5698_p2      |   icmp   |      0|  0|  11|           5|           1|
    |icmp_ln768_66_fu_5846_p2      |   icmp   |      0|  0|  11|           5|           1|
    |icmp_ln768_67_fu_5994_p2      |   icmp   |      0|  0|  11|           5|           1|
    |icmp_ln768_68_fu_6142_p2      |   icmp   |      0|  0|  11|           5|           1|
    |icmp_ln768_69_fu_6290_p2      |   icmp   |      0|  0|  11|           5|           1|
    |icmp_ln768_70_fu_6438_p2      |   icmp   |      0|  0|  11|           5|           1|
    |icmp_ln768_71_fu_6586_p2      |   icmp   |      0|  0|  11|           5|           1|
    |icmp_ln768_72_fu_6734_p2      |   icmp   |      0|  0|  11|           5|           1|
    |icmp_ln768_73_fu_6882_p2      |   icmp   |      0|  0|  11|           5|           1|
    |icmp_ln768_74_fu_7030_p2      |   icmp   |      0|  0|  11|           5|           1|
    |icmp_ln768_75_fu_7178_p2      |   icmp   |      0|  0|  11|           5|           1|
    |icmp_ln768_76_fu_7326_p2      |   icmp   |      0|  0|  11|           5|           1|
    |icmp_ln768_77_fu_7474_p2      |   icmp   |      0|  0|  11|           5|           1|
    |icmp_ln768_78_fu_7622_p2      |   icmp   |      0|  0|  11|           5|           1|
    |icmp_ln768_79_fu_7770_p2      |   icmp   |      0|  0|  11|           5|           1|
    |icmp_ln768_80_fu_7918_p2      |   icmp   |      0|  0|  11|           5|           1|
    |icmp_ln768_81_fu_8066_p2      |   icmp   |      0|  0|  11|           5|           1|
    |icmp_ln768_82_fu_8214_p2      |   icmp   |      0|  0|  11|           5|           1|
    |icmp_ln768_83_fu_8362_p2      |   icmp   |      0|  0|  11|           5|           1|
    |icmp_ln768_84_fu_8510_p2      |   icmp   |      0|  0|  11|           5|           1|
    |icmp_ln768_85_fu_8658_p2      |   icmp   |      0|  0|  11|           5|           1|
    |icmp_ln768_86_fu_8806_p2      |   icmp   |      0|  0|  11|           5|           1|
    |icmp_ln768_87_fu_8954_p2      |   icmp   |      0|  0|  11|           5|           1|
    |icmp_ln768_88_fu_9102_p2      |   icmp   |      0|  0|  11|           5|           1|
    |icmp_ln768_89_fu_9250_p2      |   icmp   |      0|  0|  11|           5|           1|
    |icmp_ln768_90_fu_9398_p2      |   icmp   |      0|  0|  11|           5|           1|
    |icmp_ln768_91_fu_9546_p2      |   icmp   |      0|  0|  11|           5|           1|
    |icmp_ln768_92_fu_9694_p2      |   icmp   |      0|  0|  11|           5|           1|
    |icmp_ln768_93_fu_9842_p2      |   icmp   |      0|  0|  11|           5|           1|
    |icmp_ln768_94_fu_9990_p2      |   icmp   |      0|  0|  11|           5|           1|
    |icmp_ln768_fu_666_p2          |   icmp   |      0|  0|  11|           5|           1|
    |icmp_ln879_32_fu_808_p2       |   icmp   |      0|  0|  11|           5|           2|
    |icmp_ln879_33_fu_956_p2       |   icmp   |      0|  0|  11|           5|           2|
    |icmp_ln879_34_fu_1104_p2      |   icmp   |      0|  0|  11|           5|           2|
    |icmp_ln879_35_fu_1252_p2      |   icmp   |      0|  0|  11|           5|           2|
    |icmp_ln879_36_fu_1400_p2      |   icmp   |      0|  0|  11|           5|           2|
    |icmp_ln879_37_fu_1548_p2      |   icmp   |      0|  0|  11|           5|           2|
    |icmp_ln879_38_fu_1696_p2      |   icmp   |      0|  0|  11|           5|           2|
    |icmp_ln879_39_fu_1844_p2      |   icmp   |      0|  0|  11|           5|           2|
    |icmp_ln879_40_fu_1992_p2      |   icmp   |      0|  0|  11|           5|           2|
    |icmp_ln879_41_fu_2140_p2      |   icmp   |      0|  0|  11|           5|           2|
    |icmp_ln879_42_fu_2288_p2      |   icmp   |      0|  0|  11|           5|           2|
    |icmp_ln879_43_fu_2436_p2      |   icmp   |      0|  0|  11|           5|           2|
    |icmp_ln879_44_fu_2584_p2      |   icmp   |      0|  0|  11|           5|           2|
    |icmp_ln879_45_fu_2732_p2      |   icmp   |      0|  0|  11|           5|           2|
    |icmp_ln879_46_fu_2880_p2      |   icmp   |      0|  0|  11|           5|           2|
    |icmp_ln879_47_fu_3028_p2      |   icmp   |      0|  0|  11|           5|           2|
    |icmp_ln879_48_fu_3176_p2      |   icmp   |      0|  0|  11|           5|           2|
    |icmp_ln879_49_fu_3324_p2      |   icmp   |      0|  0|  11|           5|           2|
    |icmp_ln879_50_fu_3472_p2      |   icmp   |      0|  0|  11|           5|           2|
    |icmp_ln879_51_fu_3620_p2      |   icmp   |      0|  0|  11|           5|           2|
    |icmp_ln879_52_fu_3768_p2      |   icmp   |      0|  0|  11|           5|           2|
    |icmp_ln879_53_fu_3916_p2      |   icmp   |      0|  0|  11|           5|           2|
    |icmp_ln879_54_fu_4064_p2      |   icmp   |      0|  0|  11|           5|           2|
    |icmp_ln879_55_fu_4212_p2      |   icmp   |      0|  0|  11|           5|           2|
    |icmp_ln879_56_fu_4360_p2      |   icmp   |      0|  0|  11|           5|           2|
    |icmp_ln879_57_fu_4508_p2      |   icmp   |      0|  0|  11|           5|           2|
    |icmp_ln879_58_fu_4656_p2      |   icmp   |      0|  0|  11|           5|           2|
    |icmp_ln879_59_fu_4804_p2      |   icmp   |      0|  0|  11|           5|           2|
    |icmp_ln879_60_fu_4952_p2      |   icmp   |      0|  0|  11|           5|           2|
    |icmp_ln879_61_fu_5100_p2      |   icmp   |      0|  0|  11|           5|           2|
    |icmp_ln879_62_fu_5248_p2      |   icmp   |      0|  0|  11|           5|           2|
    |icmp_ln879_63_fu_5396_p2      |   icmp   |      0|  0|  11|           5|           2|
    |icmp_ln879_64_fu_5544_p2      |   icmp   |      0|  0|  11|           5|           2|
    |icmp_ln879_65_fu_5692_p2      |   icmp   |      0|  0|  11|           5|           2|
    |icmp_ln879_66_fu_5840_p2      |   icmp   |      0|  0|  11|           5|           2|
    |icmp_ln879_67_fu_5988_p2      |   icmp   |      0|  0|  11|           5|           2|
    |icmp_ln879_68_fu_6136_p2      |   icmp   |      0|  0|  11|           5|           2|
    |icmp_ln879_69_fu_6284_p2      |   icmp   |      0|  0|  11|           5|           2|
    |icmp_ln879_70_fu_6432_p2      |   icmp   |      0|  0|  11|           5|           2|
    |icmp_ln879_71_fu_6580_p2      |   icmp   |      0|  0|  11|           5|           2|
    |icmp_ln879_72_fu_6728_p2      |   icmp   |      0|  0|  11|           5|           2|
    |icmp_ln879_73_fu_6876_p2      |   icmp   |      0|  0|  11|           5|           2|
    |icmp_ln879_74_fu_7024_p2      |   icmp   |      0|  0|  11|           5|           2|
    |icmp_ln879_75_fu_7172_p2      |   icmp   |      0|  0|  11|           5|           2|
    |icmp_ln879_76_fu_7320_p2      |   icmp   |      0|  0|  11|           5|           2|
    |icmp_ln879_77_fu_7468_p2      |   icmp   |      0|  0|  11|           5|           2|
    |icmp_ln879_78_fu_7616_p2      |   icmp   |      0|  0|  11|           5|           2|
    |icmp_ln879_79_fu_7764_p2      |   icmp   |      0|  0|  11|           5|           2|
    |icmp_ln879_80_fu_7912_p2      |   icmp   |      0|  0|  11|           5|           2|
    |icmp_ln879_81_fu_8060_p2      |   icmp   |      0|  0|  11|           5|           2|
    |icmp_ln879_82_fu_8208_p2      |   icmp   |      0|  0|  11|           5|           2|
    |icmp_ln879_83_fu_8356_p2      |   icmp   |      0|  0|  11|           5|           2|
    |icmp_ln879_84_fu_8504_p2      |   icmp   |      0|  0|  11|           5|           2|
    |icmp_ln879_85_fu_8652_p2      |   icmp   |      0|  0|  11|           5|           2|
    |icmp_ln879_86_fu_8800_p2      |   icmp   |      0|  0|  11|           5|           2|
    |icmp_ln879_87_fu_8948_p2      |   icmp   |      0|  0|  11|           5|           2|
    |icmp_ln879_88_fu_9096_p2      |   icmp   |      0|  0|  11|           5|           2|
    |icmp_ln879_89_fu_9244_p2      |   icmp   |      0|  0|  11|           5|           2|
    |icmp_ln879_90_fu_9392_p2      |   icmp   |      0|  0|  11|           5|           2|
    |icmp_ln879_91_fu_9540_p2      |   icmp   |      0|  0|  11|           5|           2|
    |icmp_ln879_92_fu_9688_p2      |   icmp   |      0|  0|  11|           5|           2|
    |icmp_ln879_93_fu_9836_p2      |   icmp   |      0|  0|  11|           5|           2|
    |icmp_ln879_94_fu_9984_p2      |   icmp   |      0|  0|  11|           5|           2|
    |icmp_ln879_fu_660_p2          |   icmp   |      0|  0|  11|           5|           2|
    |ap_block_state1               |    or    |      0|  0|   2|           1|           1|
    |or_ln340_10_fu_2166_p2        |    or    |      0|  0|   2|           1|           1|
    |or_ln340_11_fu_2314_p2        |    or    |      0|  0|   2|           1|           1|
    |or_ln340_12_fu_2462_p2        |    or    |      0|  0|   2|           1|           1|
    |or_ln340_13_fu_2610_p2        |    or    |      0|  0|   2|           1|           1|
    |or_ln340_14_fu_2758_p2        |    or    |      0|  0|   2|           1|           1|
    |or_ln340_15_fu_2906_p2        |    or    |      0|  0|   2|           1|           1|
    |or_ln340_16_fu_3054_p2        |    or    |      0|  0|   2|           1|           1|
    |or_ln340_17_fu_3202_p2        |    or    |      0|  0|   2|           1|           1|
    |or_ln340_18_fu_3350_p2        |    or    |      0|  0|   2|           1|           1|
    |or_ln340_19_fu_3498_p2        |    or    |      0|  0|   2|           1|           1|
    |or_ln340_1_fu_834_p2          |    or    |      0|  0|   2|           1|           1|
    |or_ln340_20_fu_3646_p2        |    or    |      0|  0|   2|           1|           1|
    |or_ln340_21_fu_3794_p2        |    or    |      0|  0|   2|           1|           1|
    |or_ln340_22_fu_3942_p2        |    or    |      0|  0|   2|           1|           1|
    |or_ln340_23_fu_4090_p2        |    or    |      0|  0|   2|           1|           1|
    |or_ln340_24_fu_4238_p2        |    or    |      0|  0|   2|           1|           1|
    |or_ln340_25_fu_4386_p2        |    or    |      0|  0|   2|           1|           1|
    |or_ln340_26_fu_4534_p2        |    or    |      0|  0|   2|           1|           1|
    |or_ln340_27_fu_4682_p2        |    or    |      0|  0|   2|           1|           1|
    |or_ln340_28_fu_4830_p2        |    or    |      0|  0|   2|           1|           1|
    |or_ln340_29_fu_4978_p2        |    or    |      0|  0|   2|           1|           1|
    |or_ln340_2_fu_982_p2          |    or    |      0|  0|   2|           1|           1|
    |or_ln340_30_fu_5126_p2        |    or    |      0|  0|   2|           1|           1|
    |or_ln340_31_fu_5274_p2        |    or    |      0|  0|   2|           1|           1|
    |or_ln340_32_fu_5422_p2        |    or    |      0|  0|   2|           1|           1|
    |or_ln340_33_fu_5570_p2        |    or    |      0|  0|   2|           1|           1|
    |or_ln340_34_fu_5718_p2        |    or    |      0|  0|   2|           1|           1|
    |or_ln340_35_fu_5866_p2        |    or    |      0|  0|   2|           1|           1|
    |or_ln340_36_fu_6014_p2        |    or    |      0|  0|   2|           1|           1|
    |or_ln340_37_fu_6162_p2        |    or    |      0|  0|   2|           1|           1|
    |or_ln340_38_fu_6310_p2        |    or    |      0|  0|   2|           1|           1|
    |or_ln340_39_fu_6458_p2        |    or    |      0|  0|   2|           1|           1|
    |or_ln340_3_fu_1130_p2         |    or    |      0|  0|   2|           1|           1|
    |or_ln340_40_fu_6606_p2        |    or    |      0|  0|   2|           1|           1|
    |or_ln340_41_fu_6754_p2        |    or    |      0|  0|   2|           1|           1|
    |or_ln340_42_fu_6902_p2        |    or    |      0|  0|   2|           1|           1|
    |or_ln340_43_fu_7050_p2        |    or    |      0|  0|   2|           1|           1|
    |or_ln340_44_fu_7198_p2        |    or    |      0|  0|   2|           1|           1|
    |or_ln340_45_fu_7346_p2        |    or    |      0|  0|   2|           1|           1|
    |or_ln340_46_fu_7494_p2        |    or    |      0|  0|   2|           1|           1|
    |or_ln340_47_fu_7642_p2        |    or    |      0|  0|   2|           1|           1|
    |or_ln340_48_fu_7790_p2        |    or    |      0|  0|   2|           1|           1|
    |or_ln340_49_fu_7938_p2        |    or    |      0|  0|   2|           1|           1|
    |or_ln340_4_fu_1278_p2         |    or    |      0|  0|   2|           1|           1|
    |or_ln340_50_fu_8086_p2        |    or    |      0|  0|   2|           1|           1|
    |or_ln340_51_fu_8234_p2        |    or    |      0|  0|   2|           1|           1|
    |or_ln340_52_fu_8382_p2        |    or    |      0|  0|   2|           1|           1|
    |or_ln340_53_fu_8530_p2        |    or    |      0|  0|   2|           1|           1|
    |or_ln340_54_fu_8678_p2        |    or    |      0|  0|   2|           1|           1|
    |or_ln340_55_fu_8826_p2        |    or    |      0|  0|   2|           1|           1|
    |or_ln340_56_fu_8974_p2        |    or    |      0|  0|   2|           1|           1|
    |or_ln340_57_fu_9122_p2        |    or    |      0|  0|   2|           1|           1|
    |or_ln340_58_fu_9270_p2        |    or    |      0|  0|   2|           1|           1|
    |or_ln340_59_fu_9418_p2        |    or    |      0|  0|   2|           1|           1|
    |or_ln340_5_fu_1426_p2         |    or    |      0|  0|   2|           1|           1|
    |or_ln340_60_fu_9566_p2        |    or    |      0|  0|   2|           1|           1|
    |or_ln340_61_fu_9714_p2        |    or    |      0|  0|   2|           1|           1|
    |or_ln340_62_fu_9862_p2        |    or    |      0|  0|   2|           1|           1|
    |or_ln340_63_fu_10010_p2       |    or    |      0|  0|   2|           1|           1|
    |or_ln340_6_fu_1574_p2         |    or    |      0|  0|   2|           1|           1|
    |or_ln340_7_fu_1722_p2         |    or    |      0|  0|   2|           1|           1|
    |or_ln340_8_fu_1870_p2         |    or    |      0|  0|   2|           1|           1|
    |or_ln340_9_fu_2018_p2         |    or    |      0|  0|   2|           1|           1|
    |or_ln340_fu_686_p2            |    or    |      0|  0|   2|           1|           1|
    |select_ln1494_32_fu_848_p3    |  select  |      0|  0|   5|           1|           5|
    |select_ln1494_33_fu_996_p3    |  select  |      0|  0|   5|           1|           5|
    |select_ln1494_34_fu_1144_p3   |  select  |      0|  0|   5|           1|           5|
    |select_ln1494_35_fu_1292_p3   |  select  |      0|  0|   5|           1|           5|
    |select_ln1494_36_fu_1440_p3   |  select  |      0|  0|   5|           1|           5|
    |select_ln1494_37_fu_1588_p3   |  select  |      0|  0|   5|           1|           5|
    |select_ln1494_38_fu_1736_p3   |  select  |      0|  0|   5|           1|           5|
    |select_ln1494_39_fu_1884_p3   |  select  |      0|  0|   5|           1|           5|
    |select_ln1494_40_fu_2032_p3   |  select  |      0|  0|   5|           1|           5|
    |select_ln1494_41_fu_2180_p3   |  select  |      0|  0|   5|           1|           5|
    |select_ln1494_42_fu_2328_p3   |  select  |      0|  0|   5|           1|           5|
    |select_ln1494_43_fu_2476_p3   |  select  |      0|  0|   5|           1|           5|
    |select_ln1494_44_fu_2624_p3   |  select  |      0|  0|   5|           1|           5|
    |select_ln1494_45_fu_2772_p3   |  select  |      0|  0|   5|           1|           5|
    |select_ln1494_46_fu_2920_p3   |  select  |      0|  0|   5|           1|           5|
    |select_ln1494_47_fu_3068_p3   |  select  |      0|  0|   5|           1|           5|
    |select_ln1494_48_fu_3216_p3   |  select  |      0|  0|   5|           1|           5|
    |select_ln1494_49_fu_3364_p3   |  select  |      0|  0|   5|           1|           5|
    |select_ln1494_50_fu_3512_p3   |  select  |      0|  0|   5|           1|           5|
    |select_ln1494_51_fu_3660_p3   |  select  |      0|  0|   5|           1|           5|
    |select_ln1494_52_fu_3808_p3   |  select  |      0|  0|   5|           1|           5|
    |select_ln1494_53_fu_3956_p3   |  select  |      0|  0|   5|           1|           5|
    |select_ln1494_54_fu_4104_p3   |  select  |      0|  0|   5|           1|           5|
    |select_ln1494_55_fu_4252_p3   |  select  |      0|  0|   5|           1|           5|
    |select_ln1494_56_fu_4400_p3   |  select  |      0|  0|   5|           1|           5|
    |select_ln1494_57_fu_4548_p3   |  select  |      0|  0|   5|           1|           5|
    |select_ln1494_58_fu_4696_p3   |  select  |      0|  0|   5|           1|           5|
    |select_ln1494_59_fu_4844_p3   |  select  |      0|  0|   5|           1|           5|
    |select_ln1494_60_fu_4992_p3   |  select  |      0|  0|   5|           1|           5|
    |select_ln1494_61_fu_5140_p3   |  select  |      0|  0|   5|           1|           5|
    |select_ln1494_62_fu_5288_p3   |  select  |      0|  0|   5|           1|           5|
    |select_ln1494_63_fu_5436_p3   |  select  |      0|  0|   5|           1|           5|
    |select_ln1494_64_fu_5584_p3   |  select  |      0|  0|   5|           1|           5|
    |select_ln1494_65_fu_5732_p3   |  select  |      0|  0|   5|           1|           5|
    |select_ln1494_66_fu_5880_p3   |  select  |      0|  0|   5|           1|           5|
    |select_ln1494_67_fu_6028_p3   |  select  |      0|  0|   5|           1|           5|
    |select_ln1494_68_fu_6176_p3   |  select  |      0|  0|   5|           1|           5|
    |select_ln1494_69_fu_6324_p3   |  select  |      0|  0|   5|           1|           5|
    |select_ln1494_70_fu_6472_p3   |  select  |      0|  0|   5|           1|           5|
    |select_ln1494_71_fu_6620_p3   |  select  |      0|  0|   5|           1|           5|
    |select_ln1494_72_fu_6768_p3   |  select  |      0|  0|   5|           1|           5|
    |select_ln1494_73_fu_6916_p3   |  select  |      0|  0|   5|           1|           5|
    |select_ln1494_74_fu_7064_p3   |  select  |      0|  0|   5|           1|           5|
    |select_ln1494_75_fu_7212_p3   |  select  |      0|  0|   5|           1|           5|
    |select_ln1494_76_fu_7360_p3   |  select  |      0|  0|   5|           1|           5|
    |select_ln1494_77_fu_7508_p3   |  select  |      0|  0|   5|           1|           5|
    |select_ln1494_78_fu_7656_p3   |  select  |      0|  0|   5|           1|           5|
    |select_ln1494_79_fu_7804_p3   |  select  |      0|  0|   5|           1|           5|
    |select_ln1494_80_fu_7952_p3   |  select  |      0|  0|   5|           1|           5|
    |select_ln1494_81_fu_8100_p3   |  select  |      0|  0|   5|           1|           5|
    |select_ln1494_82_fu_8248_p3   |  select  |      0|  0|   5|           1|           5|
    |select_ln1494_83_fu_8396_p3   |  select  |      0|  0|   5|           1|           5|
    |select_ln1494_84_fu_8544_p3   |  select  |      0|  0|   5|           1|           5|
    |select_ln1494_85_fu_8692_p3   |  select  |      0|  0|   5|           1|           5|
    |select_ln1494_86_fu_8840_p3   |  select  |      0|  0|   5|           1|           5|
    |select_ln1494_87_fu_8988_p3   |  select  |      0|  0|   5|           1|           5|
    |select_ln1494_88_fu_9136_p3   |  select  |      0|  0|   5|           1|           5|
    |select_ln1494_89_fu_9284_p3   |  select  |      0|  0|   5|           1|           5|
    |select_ln1494_90_fu_9432_p3   |  select  |      0|  0|   5|           1|           5|
    |select_ln1494_91_fu_9580_p3   |  select  |      0|  0|   5|           1|           5|
    |select_ln1494_92_fu_9728_p3   |  select  |      0|  0|   5|           1|           5|
    |select_ln1494_93_fu_9876_p3   |  select  |      0|  0|   5|           1|           5|
    |select_ln1494_94_fu_10024_p3  |  select  |      0|  0|   5|           1|           5|
    |select_ln1494_fu_700_p3       |  select  |      0|  0|   5|           1|           5|
    |select_ln340_10_fu_2172_p3    |  select  |      0|  0|   5|           1|           2|
    |select_ln340_11_fu_2320_p3    |  select  |      0|  0|   5|           1|           2|
    |select_ln340_12_fu_2468_p3    |  select  |      0|  0|   5|           1|           2|
    |select_ln340_13_fu_2616_p3    |  select  |      0|  0|   5|           1|           2|
    |select_ln340_14_fu_2764_p3    |  select  |      0|  0|   5|           1|           2|
    |select_ln340_15_fu_2912_p3    |  select  |      0|  0|   5|           1|           2|
    |select_ln340_16_fu_3060_p3    |  select  |      0|  0|   5|           1|           2|
    |select_ln340_17_fu_3208_p3    |  select  |      0|  0|   5|           1|           2|
    |select_ln340_18_fu_3356_p3    |  select  |      0|  0|   5|           1|           2|
    |select_ln340_19_fu_3504_p3    |  select  |      0|  0|   5|           1|           2|
    |select_ln340_1_fu_840_p3      |  select  |      0|  0|   5|           1|           2|
    |select_ln340_20_fu_3652_p3    |  select  |      0|  0|   5|           1|           2|
    |select_ln340_21_fu_3800_p3    |  select  |      0|  0|   5|           1|           2|
    |select_ln340_22_fu_3948_p3    |  select  |      0|  0|   5|           1|           2|
    |select_ln340_23_fu_4096_p3    |  select  |      0|  0|   5|           1|           2|
    |select_ln340_24_fu_4244_p3    |  select  |      0|  0|   5|           1|           2|
    |select_ln340_25_fu_4392_p3    |  select  |      0|  0|   5|           1|           2|
    |select_ln340_26_fu_4540_p3    |  select  |      0|  0|   5|           1|           2|
    |select_ln340_27_fu_4688_p3    |  select  |      0|  0|   5|           1|           2|
    |select_ln340_28_fu_4836_p3    |  select  |      0|  0|   5|           1|           2|
    |select_ln340_29_fu_4984_p3    |  select  |      0|  0|   5|           1|           2|
    |select_ln340_2_fu_988_p3      |  select  |      0|  0|   5|           1|           2|
    |select_ln340_30_fu_5132_p3    |  select  |      0|  0|   5|           1|           2|
    |select_ln340_31_fu_5280_p3    |  select  |      0|  0|   5|           1|           2|
    |select_ln340_32_fu_5428_p3    |  select  |      0|  0|   5|           1|           2|
    |select_ln340_33_fu_5576_p3    |  select  |      0|  0|   5|           1|           2|
    |select_ln340_34_fu_5724_p3    |  select  |      0|  0|   5|           1|           2|
    |select_ln340_35_fu_5872_p3    |  select  |      0|  0|   5|           1|           2|
    |select_ln340_36_fu_6020_p3    |  select  |      0|  0|   5|           1|           2|
    |select_ln340_37_fu_6168_p3    |  select  |      0|  0|   5|           1|           2|
    |select_ln340_38_fu_6316_p3    |  select  |      0|  0|   5|           1|           2|
    |select_ln340_39_fu_6464_p3    |  select  |      0|  0|   5|           1|           2|
    |select_ln340_3_fu_1136_p3     |  select  |      0|  0|   5|           1|           2|
    |select_ln340_40_fu_6612_p3    |  select  |      0|  0|   5|           1|           2|
    |select_ln340_41_fu_6760_p3    |  select  |      0|  0|   5|           1|           2|
    |select_ln340_42_fu_6908_p3    |  select  |      0|  0|   5|           1|           2|
    |select_ln340_43_fu_7056_p3    |  select  |      0|  0|   5|           1|           2|
    |select_ln340_44_fu_7204_p3    |  select  |      0|  0|   5|           1|           2|
    |select_ln340_45_fu_7352_p3    |  select  |      0|  0|   5|           1|           2|
    |select_ln340_46_fu_7500_p3    |  select  |      0|  0|   5|           1|           2|
    |select_ln340_47_fu_7648_p3    |  select  |      0|  0|   5|           1|           2|
    |select_ln340_48_fu_7796_p3    |  select  |      0|  0|   5|           1|           2|
    |select_ln340_49_fu_7944_p3    |  select  |      0|  0|   5|           1|           2|
    |select_ln340_4_fu_1284_p3     |  select  |      0|  0|   5|           1|           2|
    |select_ln340_50_fu_8092_p3    |  select  |      0|  0|   5|           1|           2|
    |select_ln340_51_fu_8240_p3    |  select  |      0|  0|   5|           1|           2|
    |select_ln340_52_fu_8388_p3    |  select  |      0|  0|   5|           1|           2|
    |select_ln340_53_fu_8536_p3    |  select  |      0|  0|   5|           1|           2|
    |select_ln340_54_fu_8684_p3    |  select  |      0|  0|   5|           1|           2|
    |select_ln340_55_fu_8832_p3    |  select  |      0|  0|   5|           1|           2|
    |select_ln340_56_fu_8980_p3    |  select  |      0|  0|   5|           1|           2|
    |select_ln340_57_fu_9128_p3    |  select  |      0|  0|   5|           1|           2|
    |select_ln340_58_fu_9276_p3    |  select  |      0|  0|   5|           1|           2|
    |select_ln340_59_fu_9424_p3    |  select  |      0|  0|   5|           1|           2|
    |select_ln340_5_fu_1432_p3     |  select  |      0|  0|   5|           1|           2|
    |select_ln340_60_fu_9572_p3    |  select  |      0|  0|   5|           1|           2|
    |select_ln340_61_fu_9720_p3    |  select  |      0|  0|   5|           1|           2|
    |select_ln340_62_fu_9868_p3    |  select  |      0|  0|   5|           1|           2|
    |select_ln340_63_fu_10016_p3   |  select  |      0|  0|   5|           1|           2|
    |select_ln340_6_fu_1580_p3     |  select  |      0|  0|   5|           1|           2|
    |select_ln340_7_fu_1728_p3     |  select  |      0|  0|   5|           1|           2|
    |select_ln340_8_fu_1876_p3     |  select  |      0|  0|   5|           1|           2|
    |select_ln340_9_fu_2024_p3     |  select  |      0|  0|   5|           1|           2|
    |select_ln340_fu_692_p3        |  select  |      0|  0|   5|           1|           2|
    |select_ln777_32_fu_820_p3     |  select  |      0|  0|   2|           1|           1|
    |select_ln777_33_fu_968_p3     |  select  |      0|  0|   2|           1|           1|
    |select_ln777_34_fu_1116_p3    |  select  |      0|  0|   2|           1|           1|
    |select_ln777_35_fu_1264_p3    |  select  |      0|  0|   2|           1|           1|
    |select_ln777_36_fu_1412_p3    |  select  |      0|  0|   2|           1|           1|
    |select_ln777_37_fu_1560_p3    |  select  |      0|  0|   2|           1|           1|
    |select_ln777_38_fu_1708_p3    |  select  |      0|  0|   2|           1|           1|
    |select_ln777_39_fu_1856_p3    |  select  |      0|  0|   2|           1|           1|
    |select_ln777_40_fu_2004_p3    |  select  |      0|  0|   2|           1|           1|
    |select_ln777_41_fu_2152_p3    |  select  |      0|  0|   2|           1|           1|
    |select_ln777_42_fu_2300_p3    |  select  |      0|  0|   2|           1|           1|
    |select_ln777_43_fu_2448_p3    |  select  |      0|  0|   2|           1|           1|
    |select_ln777_44_fu_2596_p3    |  select  |      0|  0|   2|           1|           1|
    |select_ln777_45_fu_2744_p3    |  select  |      0|  0|   2|           1|           1|
    |select_ln777_46_fu_2892_p3    |  select  |      0|  0|   2|           1|           1|
    |select_ln777_47_fu_3040_p3    |  select  |      0|  0|   2|           1|           1|
    |select_ln777_48_fu_3188_p3    |  select  |      0|  0|   2|           1|           1|
    |select_ln777_49_fu_3336_p3    |  select  |      0|  0|   2|           1|           1|
    |select_ln777_50_fu_3484_p3    |  select  |      0|  0|   2|           1|           1|
    |select_ln777_51_fu_3632_p3    |  select  |      0|  0|   2|           1|           1|
    |select_ln777_52_fu_3780_p3    |  select  |      0|  0|   2|           1|           1|
    |select_ln777_53_fu_3928_p3    |  select  |      0|  0|   2|           1|           1|
    |select_ln777_54_fu_4076_p3    |  select  |      0|  0|   2|           1|           1|
    |select_ln777_55_fu_4224_p3    |  select  |      0|  0|   2|           1|           1|
    |select_ln777_56_fu_4372_p3    |  select  |      0|  0|   2|           1|           1|
    |select_ln777_57_fu_4520_p3    |  select  |      0|  0|   2|           1|           1|
    |select_ln777_58_fu_4668_p3    |  select  |      0|  0|   2|           1|           1|
    |select_ln777_59_fu_4816_p3    |  select  |      0|  0|   2|           1|           1|
    |select_ln777_60_fu_4964_p3    |  select  |      0|  0|   2|           1|           1|
    |select_ln777_61_fu_5112_p3    |  select  |      0|  0|   2|           1|           1|
    |select_ln777_62_fu_5260_p3    |  select  |      0|  0|   2|           1|           1|
    |select_ln777_63_fu_5408_p3    |  select  |      0|  0|   2|           1|           1|
    |select_ln777_64_fu_5556_p3    |  select  |      0|  0|   2|           1|           1|
    |select_ln777_65_fu_5704_p3    |  select  |      0|  0|   2|           1|           1|
    |select_ln777_66_fu_5852_p3    |  select  |      0|  0|   2|           1|           1|
    |select_ln777_67_fu_6000_p3    |  select  |      0|  0|   2|           1|           1|
    |select_ln777_68_fu_6148_p3    |  select  |      0|  0|   2|           1|           1|
    |select_ln777_69_fu_6296_p3    |  select  |      0|  0|   2|           1|           1|
    |select_ln777_70_fu_6444_p3    |  select  |      0|  0|   2|           1|           1|
    |select_ln777_71_fu_6592_p3    |  select  |      0|  0|   2|           1|           1|
    |select_ln777_72_fu_6740_p3    |  select  |      0|  0|   2|           1|           1|
    |select_ln777_73_fu_6888_p3    |  select  |      0|  0|   2|           1|           1|
    |select_ln777_74_fu_7036_p3    |  select  |      0|  0|   2|           1|           1|
    |select_ln777_75_fu_7184_p3    |  select  |      0|  0|   2|           1|           1|
    |select_ln777_76_fu_7332_p3    |  select  |      0|  0|   2|           1|           1|
    |select_ln777_77_fu_7480_p3    |  select  |      0|  0|   2|           1|           1|
    |select_ln777_78_fu_7628_p3    |  select  |      0|  0|   2|           1|           1|
    |select_ln777_79_fu_7776_p3    |  select  |      0|  0|   2|           1|           1|
    |select_ln777_80_fu_7924_p3    |  select  |      0|  0|   2|           1|           1|
    |select_ln777_81_fu_8072_p3    |  select  |      0|  0|   2|           1|           1|
    |select_ln777_82_fu_8220_p3    |  select  |      0|  0|   2|           1|           1|
    |select_ln777_83_fu_8368_p3    |  select  |      0|  0|   2|           1|           1|
    |select_ln777_84_fu_8516_p3    |  select  |      0|  0|   2|           1|           1|
    |select_ln777_85_fu_8664_p3    |  select  |      0|  0|   2|           1|           1|
    |select_ln777_86_fu_8812_p3    |  select  |      0|  0|   2|           1|           1|
    |select_ln777_87_fu_8960_p3    |  select  |      0|  0|   2|           1|           1|
    |select_ln777_88_fu_9108_p3    |  select  |      0|  0|   2|           1|           1|
    |select_ln777_89_fu_9256_p3    |  select  |      0|  0|   2|           1|           1|
    |select_ln777_90_fu_9404_p3    |  select  |      0|  0|   2|           1|           1|
    |select_ln777_91_fu_9552_p3    |  select  |      0|  0|   2|           1|           1|
    |select_ln777_92_fu_9700_p3    |  select  |      0|  0|   2|           1|           1|
    |select_ln777_93_fu_9848_p3    |  select  |      0|  0|   2|           1|           1|
    |select_ln777_94_fu_9996_p3    |  select  |      0|  0|   2|           1|           1|
    |select_ln777_fu_672_p3        |  select  |      0|  0|   2|           1|           1|
    |xor_ln416_32_fu_778_p2        |    xor   |      0|  0|   2|           1|           2|
    |xor_ln416_33_fu_926_p2        |    xor   |      0|  0|   2|           1|           2|
    |xor_ln416_34_fu_1074_p2       |    xor   |      0|  0|   2|           1|           2|
    |xor_ln416_35_fu_1222_p2       |    xor   |      0|  0|   2|           1|           2|
    |xor_ln416_36_fu_1370_p2       |    xor   |      0|  0|   2|           1|           2|
    |xor_ln416_37_fu_1518_p2       |    xor   |      0|  0|   2|           1|           2|
    |xor_ln416_38_fu_1666_p2       |    xor   |      0|  0|   2|           1|           2|
    |xor_ln416_39_fu_1814_p2       |    xor   |      0|  0|   2|           1|           2|
    |xor_ln416_40_fu_1962_p2       |    xor   |      0|  0|   2|           1|           2|
    |xor_ln416_41_fu_2110_p2       |    xor   |      0|  0|   2|           1|           2|
    |xor_ln416_42_fu_2258_p2       |    xor   |      0|  0|   2|           1|           2|
    |xor_ln416_43_fu_2406_p2       |    xor   |      0|  0|   2|           1|           2|
    |xor_ln416_44_fu_2554_p2       |    xor   |      0|  0|   2|           1|           2|
    |xor_ln416_45_fu_2702_p2       |    xor   |      0|  0|   2|           1|           2|
    |xor_ln416_46_fu_2850_p2       |    xor   |      0|  0|   2|           1|           2|
    |xor_ln416_47_fu_2998_p2       |    xor   |      0|  0|   2|           1|           2|
    |xor_ln416_48_fu_3146_p2       |    xor   |      0|  0|   2|           1|           2|
    |xor_ln416_49_fu_3294_p2       |    xor   |      0|  0|   2|           1|           2|
    |xor_ln416_50_fu_3442_p2       |    xor   |      0|  0|   2|           1|           2|
    |xor_ln416_51_fu_3590_p2       |    xor   |      0|  0|   2|           1|           2|
    |xor_ln416_52_fu_3738_p2       |    xor   |      0|  0|   2|           1|           2|
    |xor_ln416_53_fu_3886_p2       |    xor   |      0|  0|   2|           1|           2|
    |xor_ln416_54_fu_4034_p2       |    xor   |      0|  0|   2|           1|           2|
    |xor_ln416_55_fu_4182_p2       |    xor   |      0|  0|   2|           1|           2|
    |xor_ln416_56_fu_4330_p2       |    xor   |      0|  0|   2|           1|           2|
    |xor_ln416_57_fu_4478_p2       |    xor   |      0|  0|   2|           1|           2|
    |xor_ln416_58_fu_4626_p2       |    xor   |      0|  0|   2|           1|           2|
    |xor_ln416_59_fu_4774_p2       |    xor   |      0|  0|   2|           1|           2|
    |xor_ln416_60_fu_4922_p2       |    xor   |      0|  0|   2|           1|           2|
    |xor_ln416_61_fu_5070_p2       |    xor   |      0|  0|   2|           1|           2|
    |xor_ln416_62_fu_5218_p2       |    xor   |      0|  0|   2|           1|           2|
    |xor_ln416_63_fu_5366_p2       |    xor   |      0|  0|   2|           1|           2|
    |xor_ln416_64_fu_5514_p2       |    xor   |      0|  0|   2|           1|           2|
    |xor_ln416_65_fu_5662_p2       |    xor   |      0|  0|   2|           1|           2|
    |xor_ln416_66_fu_5810_p2       |    xor   |      0|  0|   2|           1|           2|
    |xor_ln416_67_fu_5958_p2       |    xor   |      0|  0|   2|           1|           2|
    |xor_ln416_68_fu_6106_p2       |    xor   |      0|  0|   2|           1|           2|
    |xor_ln416_69_fu_6254_p2       |    xor   |      0|  0|   2|           1|           2|
    |xor_ln416_70_fu_6402_p2       |    xor   |      0|  0|   2|           1|           2|
    |xor_ln416_71_fu_6550_p2       |    xor   |      0|  0|   2|           1|           2|
    |xor_ln416_72_fu_6698_p2       |    xor   |      0|  0|   2|           1|           2|
    |xor_ln416_73_fu_6846_p2       |    xor   |      0|  0|   2|           1|           2|
    |xor_ln416_74_fu_6994_p2       |    xor   |      0|  0|   2|           1|           2|
    |xor_ln416_75_fu_7142_p2       |    xor   |      0|  0|   2|           1|           2|
    |xor_ln416_76_fu_7290_p2       |    xor   |      0|  0|   2|           1|           2|
    |xor_ln416_77_fu_7438_p2       |    xor   |      0|  0|   2|           1|           2|
    |xor_ln416_78_fu_7586_p2       |    xor   |      0|  0|   2|           1|           2|
    |xor_ln416_79_fu_7734_p2       |    xor   |      0|  0|   2|           1|           2|
    |xor_ln416_80_fu_7882_p2       |    xor   |      0|  0|   2|           1|           2|
    |xor_ln416_81_fu_8030_p2       |    xor   |      0|  0|   2|           1|           2|
    |xor_ln416_82_fu_8178_p2       |    xor   |      0|  0|   2|           1|           2|
    |xor_ln416_83_fu_8326_p2       |    xor   |      0|  0|   2|           1|           2|
    |xor_ln416_84_fu_8474_p2       |    xor   |      0|  0|   2|           1|           2|
    |xor_ln416_85_fu_8622_p2       |    xor   |      0|  0|   2|           1|           2|
    |xor_ln416_86_fu_8770_p2       |    xor   |      0|  0|   2|           1|           2|
    |xor_ln416_87_fu_8918_p2       |    xor   |      0|  0|   2|           1|           2|
    |xor_ln416_88_fu_9066_p2       |    xor   |      0|  0|   2|           1|           2|
    |xor_ln416_89_fu_9214_p2       |    xor   |      0|  0|   2|           1|           2|
    |xor_ln416_90_fu_9362_p2       |    xor   |      0|  0|   2|           1|           2|
    |xor_ln416_91_fu_9510_p2       |    xor   |      0|  0|   2|           1|           2|
    |xor_ln416_92_fu_9658_p2       |    xor   |      0|  0|   2|           1|           2|
    |xor_ln416_93_fu_9806_p2       |    xor   |      0|  0|   2|           1|           2|
    |xor_ln416_94_fu_9954_p2       |    xor   |      0|  0|   2|           1|           2|
    |xor_ln416_fu_630_p2           |    xor   |      0|  0|   2|           1|           2|
    |xor_ln785_10_fu_2160_p2       |    xor   |      0|  0|   2|           1|           2|
    |xor_ln785_11_fu_2308_p2       |    xor   |      0|  0|   2|           1|           2|
    |xor_ln785_12_fu_2456_p2       |    xor   |      0|  0|   2|           1|           2|
    |xor_ln785_13_fu_2604_p2       |    xor   |      0|  0|   2|           1|           2|
    |xor_ln785_14_fu_2752_p2       |    xor   |      0|  0|   2|           1|           2|
    |xor_ln785_15_fu_2900_p2       |    xor   |      0|  0|   2|           1|           2|
    |xor_ln785_16_fu_3048_p2       |    xor   |      0|  0|   2|           1|           2|
    |xor_ln785_17_fu_3196_p2       |    xor   |      0|  0|   2|           1|           2|
    |xor_ln785_18_fu_3344_p2       |    xor   |      0|  0|   2|           1|           2|
    |xor_ln785_19_fu_3492_p2       |    xor   |      0|  0|   2|           1|           2|
    |xor_ln785_1_fu_828_p2         |    xor   |      0|  0|   2|           1|           2|
    |xor_ln785_20_fu_3640_p2       |    xor   |      0|  0|   2|           1|           2|
    |xor_ln785_21_fu_3788_p2       |    xor   |      0|  0|   2|           1|           2|
    |xor_ln785_22_fu_3936_p2       |    xor   |      0|  0|   2|           1|           2|
    |xor_ln785_23_fu_4084_p2       |    xor   |      0|  0|   2|           1|           2|
    |xor_ln785_24_fu_4232_p2       |    xor   |      0|  0|   2|           1|           2|
    |xor_ln785_25_fu_4380_p2       |    xor   |      0|  0|   2|           1|           2|
    |xor_ln785_26_fu_4528_p2       |    xor   |      0|  0|   2|           1|           2|
    |xor_ln785_27_fu_4676_p2       |    xor   |      0|  0|   2|           1|           2|
    |xor_ln785_28_fu_4824_p2       |    xor   |      0|  0|   2|           1|           2|
    |xor_ln785_29_fu_4972_p2       |    xor   |      0|  0|   2|           1|           2|
    |xor_ln785_2_fu_976_p2         |    xor   |      0|  0|   2|           1|           2|
    |xor_ln785_30_fu_5120_p2       |    xor   |      0|  0|   2|           1|           2|
    |xor_ln785_31_fu_5268_p2       |    xor   |      0|  0|   2|           1|           2|
    |xor_ln785_32_fu_5416_p2       |    xor   |      0|  0|   2|           1|           2|
    |xor_ln785_33_fu_5564_p2       |    xor   |      0|  0|   2|           1|           2|
    |xor_ln785_34_fu_5712_p2       |    xor   |      0|  0|   2|           1|           2|
    |xor_ln785_35_fu_5860_p2       |    xor   |      0|  0|   2|           1|           2|
    |xor_ln785_36_fu_6008_p2       |    xor   |      0|  0|   2|           1|           2|
    |xor_ln785_37_fu_6156_p2       |    xor   |      0|  0|   2|           1|           2|
    |xor_ln785_38_fu_6304_p2       |    xor   |      0|  0|   2|           1|           2|
    |xor_ln785_39_fu_6452_p2       |    xor   |      0|  0|   2|           1|           2|
    |xor_ln785_3_fu_1124_p2        |    xor   |      0|  0|   2|           1|           2|
    |xor_ln785_40_fu_6600_p2       |    xor   |      0|  0|   2|           1|           2|
    |xor_ln785_41_fu_6748_p2       |    xor   |      0|  0|   2|           1|           2|
    |xor_ln785_42_fu_6896_p2       |    xor   |      0|  0|   2|           1|           2|
    |xor_ln785_43_fu_7044_p2       |    xor   |      0|  0|   2|           1|           2|
    |xor_ln785_44_fu_7192_p2       |    xor   |      0|  0|   2|           1|           2|
    |xor_ln785_45_fu_7340_p2       |    xor   |      0|  0|   2|           1|           2|
    |xor_ln785_46_fu_7488_p2       |    xor   |      0|  0|   2|           1|           2|
    |xor_ln785_47_fu_7636_p2       |    xor   |      0|  0|   2|           1|           2|
    |xor_ln785_48_fu_7784_p2       |    xor   |      0|  0|   2|           1|           2|
    |xor_ln785_49_fu_7932_p2       |    xor   |      0|  0|   2|           1|           2|
    |xor_ln785_4_fu_1272_p2        |    xor   |      0|  0|   2|           1|           2|
    |xor_ln785_50_fu_8080_p2       |    xor   |      0|  0|   2|           1|           2|
    |xor_ln785_51_fu_8228_p2       |    xor   |      0|  0|   2|           1|           2|
    |xor_ln785_52_fu_8376_p2       |    xor   |      0|  0|   2|           1|           2|
    |xor_ln785_53_fu_8524_p2       |    xor   |      0|  0|   2|           1|           2|
    |xor_ln785_54_fu_8672_p2       |    xor   |      0|  0|   2|           1|           2|
    |xor_ln785_55_fu_8820_p2       |    xor   |      0|  0|   2|           1|           2|
    |xor_ln785_56_fu_8968_p2       |    xor   |      0|  0|   2|           1|           2|
    |xor_ln785_57_fu_9116_p2       |    xor   |      0|  0|   2|           1|           2|
    |xor_ln785_58_fu_9264_p2       |    xor   |      0|  0|   2|           1|           2|
    |xor_ln785_59_fu_9412_p2       |    xor   |      0|  0|   2|           1|           2|
    |xor_ln785_5_fu_1420_p2        |    xor   |      0|  0|   2|           1|           2|
    |xor_ln785_60_fu_9560_p2       |    xor   |      0|  0|   2|           1|           2|
    |xor_ln785_61_fu_9708_p2       |    xor   |      0|  0|   2|           1|           2|
    |xor_ln785_62_fu_9856_p2       |    xor   |      0|  0|   2|           1|           2|
    |xor_ln785_63_fu_10004_p2      |    xor   |      0|  0|   2|           1|           2|
    |xor_ln785_6_fu_1568_p2        |    xor   |      0|  0|   2|           1|           2|
    |xor_ln785_7_fu_1716_p2        |    xor   |      0|  0|   2|           1|           2|
    |xor_ln785_8_fu_1864_p2        |    xor   |      0|  0|   2|           1|           2|
    |xor_ln785_9_fu_2012_p2        |    xor   |      0|  0|   2|           1|           2|
    |xor_ln785_fu_680_p2           |    xor   |      0|  0|   2|           1|           2|
    +------------------------------+----------+-------+---+----+------------+------------+
    |Total                         |          |      0|  0|5442|        2817|        1857|
    +------------------------------+----------+-------+---+----+------------+------------+

    * Multiplexer: 
    +--------------+----+-----------+-----+-----------+
    |     Name     | LUT| Input Size| Bits| Total Bits|
    +--------------+----+-----------+-----+-----------+
    |ap_done       |   9|          2|    1|          2|
    |ap_return_0   |   9|          2|    5|         10|
    |ap_return_1   |   9|          2|    5|         10|
    |ap_return_10  |   9|          2|    5|         10|
    |ap_return_11  |   9|          2|    5|         10|
    |ap_return_12  |   9|          2|    5|         10|
    |ap_return_13  |   9|          2|    5|         10|
    |ap_return_14  |   9|          2|    5|         10|
    |ap_return_15  |   9|          2|    5|         10|
    |ap_return_16  |   9|          2|    5|         10|
    |ap_return_17  |   9|          2|    5|         10|
    |ap_return_18  |   9|          2|    5|         10|
    |ap_return_19  |   9|          2|    5|         10|
    |ap_return_2   |   9|          2|    5|         10|
    |ap_return_20  |   9|          2|    5|         10|
    |ap_return_21  |   9|          2|    5|         10|
    |ap_return_22  |   9|          2|    5|         10|
    |ap_return_23  |   9|          2|    5|         10|
    |ap_return_24  |   9|          2|    5|         10|
    |ap_return_25  |   9|          2|    5|         10|
    |ap_return_26  |   9|          2|    5|         10|
    |ap_return_27  |   9|          2|    5|         10|
    |ap_return_28  |   9|          2|    5|         10|
    |ap_return_29  |   9|          2|    5|         10|
    |ap_return_3   |   9|          2|    5|         10|
    |ap_return_30  |   9|          2|    5|         10|
    |ap_return_31  |   9|          2|    5|         10|
    |ap_return_32  |   9|          2|    5|         10|
    |ap_return_33  |   9|          2|    5|         10|
    |ap_return_34  |   9|          2|    5|         10|
    |ap_return_35  |   9|          2|    5|         10|
    |ap_return_36  |   9|          2|    5|         10|
    |ap_return_37  |   9|          2|    5|         10|
    |ap_return_38  |   9|          2|    5|         10|
    |ap_return_39  |   9|          2|    5|         10|
    |ap_return_4   |   9|          2|    5|         10|
    |ap_return_40  |   9|          2|    5|         10|
    |ap_return_41  |   9|          2|    5|         10|
    |ap_return_42  |   9|          2|    5|         10|
    |ap_return_43  |   9|          2|    5|         10|
    |ap_return_44  |   9|          2|    5|         10|
    |ap_return_45  |   9|          2|    5|         10|
    |ap_return_46  |   9|          2|    5|         10|
    |ap_return_47  |   9|          2|    5|         10|
    |ap_return_48  |   9|          2|    5|         10|
    |ap_return_49  |   9|          2|    5|         10|
    |ap_return_5   |   9|          2|    5|         10|
    |ap_return_50  |   9|          2|    5|         10|
    |ap_return_51  |   9|          2|    5|         10|
    |ap_return_52  |   9|          2|    5|         10|
    |ap_return_53  |   9|          2|    5|         10|
    |ap_return_54  |   9|          2|    5|         10|
    |ap_return_55  |   9|          2|    5|         10|
    |ap_return_56  |   9|          2|    5|         10|
    |ap_return_57  |   9|          2|    5|         10|
    |ap_return_58  |   9|          2|    5|         10|
    |ap_return_59  |   9|          2|    5|         10|
    |ap_return_6   |   9|          2|    5|         10|
    |ap_return_60  |   9|          2|    5|         10|
    |ap_return_61  |   9|          2|    5|         10|
    |ap_return_62  |   9|          2|    5|         10|
    |ap_return_63  |   9|          2|    5|         10|
    |ap_return_7   |   9|          2|    5|         10|
    |ap_return_8   |   9|          2|    5|         10|
    |ap_return_9   |   9|          2|    5|         10|
    +--------------+----+-----------+-----+-----------+
    |Total         | 585|        130|  321|        642|
    +--------------+----+-----------+-----+-----------+

    * Register: 
    +-------------------+---+----+-----+-----------+
    |        Name       | FF| LUT| Bits| Const Bits|
    +-------------------+---+----+-----+-----------+
    |ap_CS_fsm          |  1|   0|    1|          0|
    |ap_done_reg        |  1|   0|    1|          0|
    |ap_return_0_preg   |  5|   0|    5|          0|
    |ap_return_10_preg  |  5|   0|    5|          0|
    |ap_return_11_preg  |  5|   0|    5|          0|
    |ap_return_12_preg  |  5|   0|    5|          0|
    |ap_return_13_preg  |  5|   0|    5|          0|
    |ap_return_14_preg  |  5|   0|    5|          0|
    |ap_return_15_preg  |  5|   0|    5|          0|
    |ap_return_16_preg  |  5|   0|    5|          0|
    |ap_return_17_preg  |  5|   0|    5|          0|
    |ap_return_18_preg  |  5|   0|    5|          0|
    |ap_return_19_preg  |  5|   0|    5|          0|
    |ap_return_1_preg   |  5|   0|    5|          0|
    |ap_return_20_preg  |  5|   0|    5|          0|
    |ap_return_21_preg  |  5|   0|    5|          0|
    |ap_return_22_preg  |  5|   0|    5|          0|
    |ap_return_23_preg  |  5|   0|    5|          0|
    |ap_return_24_preg  |  5|   0|    5|          0|
    |ap_return_25_preg  |  5|   0|    5|          0|
    |ap_return_26_preg  |  5|   0|    5|          0|
    |ap_return_27_preg  |  5|   0|    5|          0|
    |ap_return_28_preg  |  5|   0|    5|          0|
    |ap_return_29_preg  |  5|   0|    5|          0|
    |ap_return_2_preg   |  5|   0|    5|          0|
    |ap_return_30_preg  |  5|   0|    5|          0|
    |ap_return_31_preg  |  5|   0|    5|          0|
    |ap_return_32_preg  |  5|   0|    5|          0|
    |ap_return_33_preg  |  5|   0|    5|          0|
    |ap_return_34_preg  |  5|   0|    5|          0|
    |ap_return_35_preg  |  5|   0|    5|          0|
    |ap_return_36_preg  |  5|   0|    5|          0|
    |ap_return_37_preg  |  5|   0|    5|          0|
    |ap_return_38_preg  |  5|   0|    5|          0|
    |ap_return_39_preg  |  5|   0|    5|          0|
    |ap_return_3_preg   |  5|   0|    5|          0|
    |ap_return_40_preg  |  5|   0|    5|          0|
    |ap_return_41_preg  |  5|   0|    5|          0|
    |ap_return_42_preg  |  5|   0|    5|          0|
    |ap_return_43_preg  |  5|   0|    5|          0|
    |ap_return_44_preg  |  5|   0|    5|          0|
    |ap_return_45_preg  |  5|   0|    5|          0|
    |ap_return_46_preg  |  5|   0|    5|          0|
    |ap_return_47_preg  |  5|   0|    5|          0|
    |ap_return_48_preg  |  5|   0|    5|          0|
    |ap_return_49_preg  |  5|   0|    5|          0|
    |ap_return_4_preg   |  5|   0|    5|          0|
    |ap_return_50_preg  |  5|   0|    5|          0|
    |ap_return_51_preg  |  5|   0|    5|          0|
    |ap_return_52_preg  |  5|   0|    5|          0|
    |ap_return_53_preg  |  5|   0|    5|          0|
    |ap_return_54_preg  |  5|   0|    5|          0|
    |ap_return_55_preg  |  5|   0|    5|          0|
    |ap_return_56_preg  |  5|   0|    5|          0|
    |ap_return_57_preg  |  5|   0|    5|          0|
    |ap_return_58_preg  |  5|   0|    5|          0|
    |ap_return_59_preg  |  5|   0|    5|          0|
    |ap_return_5_preg   |  5|   0|    5|          0|
    |ap_return_60_preg  |  5|   0|    5|          0|
    |ap_return_61_preg  |  5|   0|    5|          0|
    |ap_return_62_preg  |  5|   0|    5|          0|
    |ap_return_63_preg  |  5|   0|    5|          0|
    |ap_return_6_preg   |  5|   0|    5|          0|
    |ap_return_7_preg   |  5|   0|    5|          0|
    |ap_return_8_preg   |  5|   0|    5|          0|
    |ap_return_9_preg   |  5|   0|    5|          0|
    +-------------------+---+----+-----+-----------+
    |Total              |322|   0|  322|          0|
    +-------------------+---+----+-----+-----------+



================================================================
== Interface
================================================================
* Summary: 
+----------------+-----+-----+------------+-------------------------------------------------+--------------+
|    RTL Ports   | Dir | Bits|  Protocol  |                  Source Object                  |    C Type    |
+----------------+-----+-----+------------+-------------------------------------------------+--------------+
|ap_clk          |  in |    1| ap_ctrl_hs | relu<ap_fixed,ap_fixed<6,1,0,0,0>,relu_config4> | return value |
|ap_rst          |  in |    1| ap_ctrl_hs | relu<ap_fixed,ap_fixed<6,1,0,0,0>,relu_config4> | return value |
|ap_start        |  in |    1| ap_ctrl_hs | relu<ap_fixed,ap_fixed<6,1,0,0,0>,relu_config4> | return value |
|ap_done         | out |    1| ap_ctrl_hs | relu<ap_fixed,ap_fixed<6,1,0,0,0>,relu_config4> | return value |
|ap_continue     |  in |    1| ap_ctrl_hs | relu<ap_fixed,ap_fixed<6,1,0,0,0>,relu_config4> | return value |
|ap_idle         | out |    1| ap_ctrl_hs | relu<ap_fixed,ap_fixed<6,1,0,0,0>,relu_config4> | return value |
|ap_ready        | out |    1| ap_ctrl_hs | relu<ap_fixed,ap_fixed<6,1,0,0,0>,relu_config4> | return value |
|ap_return_0     | out |    5| ap_ctrl_hs | relu<ap_fixed,ap_fixed<6,1,0,0,0>,relu_config4> | return value |
|ap_return_1     | out |    5| ap_ctrl_hs | relu<ap_fixed,ap_fixed<6,1,0,0,0>,relu_config4> | return value |
|ap_return_2     | out |    5| ap_ctrl_hs | relu<ap_fixed,ap_fixed<6,1,0,0,0>,relu_config4> | return value |
|ap_return_3     | out |    5| ap_ctrl_hs | relu<ap_fixed,ap_fixed<6,1,0,0,0>,relu_config4> | return value |
|ap_return_4     | out |    5| ap_ctrl_hs | relu<ap_fixed,ap_fixed<6,1,0,0,0>,relu_config4> | return value |
|ap_return_5     | out |    5| ap_ctrl_hs | relu<ap_fixed,ap_fixed<6,1,0,0,0>,relu_config4> | return value |
|ap_return_6     | out |    5| ap_ctrl_hs | relu<ap_fixed,ap_fixed<6,1,0,0,0>,relu_config4> | return value |
|ap_return_7     | out |    5| ap_ctrl_hs | relu<ap_fixed,ap_fixed<6,1,0,0,0>,relu_config4> | return value |
|ap_return_8     | out |    5| ap_ctrl_hs | relu<ap_fixed,ap_fixed<6,1,0,0,0>,relu_config4> | return value |
|ap_return_9     | out |    5| ap_ctrl_hs | relu<ap_fixed,ap_fixed<6,1,0,0,0>,relu_config4> | return value |
|ap_return_10    | out |    5| ap_ctrl_hs | relu<ap_fixed,ap_fixed<6,1,0,0,0>,relu_config4> | return value |
|ap_return_11    | out |    5| ap_ctrl_hs | relu<ap_fixed,ap_fixed<6,1,0,0,0>,relu_config4> | return value |
|ap_return_12    | out |    5| ap_ctrl_hs | relu<ap_fixed,ap_fixed<6,1,0,0,0>,relu_config4> | return value |
|ap_return_13    | out |    5| ap_ctrl_hs | relu<ap_fixed,ap_fixed<6,1,0,0,0>,relu_config4> | return value |
|ap_return_14    | out |    5| ap_ctrl_hs | relu<ap_fixed,ap_fixed<6,1,0,0,0>,relu_config4> | return value |
|ap_return_15    | out |    5| ap_ctrl_hs | relu<ap_fixed,ap_fixed<6,1,0,0,0>,relu_config4> | return value |
|ap_return_16    | out |    5| ap_ctrl_hs | relu<ap_fixed,ap_fixed<6,1,0,0,0>,relu_config4> | return value |
|ap_return_17    | out |    5| ap_ctrl_hs | relu<ap_fixed,ap_fixed<6,1,0,0,0>,relu_config4> | return value |
|ap_return_18    | out |    5| ap_ctrl_hs | relu<ap_fixed,ap_fixed<6,1,0,0,0>,relu_config4> | return value |
|ap_return_19    | out |    5| ap_ctrl_hs | relu<ap_fixed,ap_fixed<6,1,0,0,0>,relu_config4> | return value |
|ap_return_20    | out |    5| ap_ctrl_hs | relu<ap_fixed,ap_fixed<6,1,0,0,0>,relu_config4> | return value |
|ap_return_21    | out |    5| ap_ctrl_hs | relu<ap_fixed,ap_fixed<6,1,0,0,0>,relu_config4> | return value |
|ap_return_22    | out |    5| ap_ctrl_hs | relu<ap_fixed,ap_fixed<6,1,0,0,0>,relu_config4> | return value |
|ap_return_23    | out |    5| ap_ctrl_hs | relu<ap_fixed,ap_fixed<6,1,0,0,0>,relu_config4> | return value |
|ap_return_24    | out |    5| ap_ctrl_hs | relu<ap_fixed,ap_fixed<6,1,0,0,0>,relu_config4> | return value |
|ap_return_25    | out |    5| ap_ctrl_hs | relu<ap_fixed,ap_fixed<6,1,0,0,0>,relu_config4> | return value |
|ap_return_26    | out |    5| ap_ctrl_hs | relu<ap_fixed,ap_fixed<6,1,0,0,0>,relu_config4> | return value |
|ap_return_27    | out |    5| ap_ctrl_hs | relu<ap_fixed,ap_fixed<6,1,0,0,0>,relu_config4> | return value |
|ap_return_28    | out |    5| ap_ctrl_hs | relu<ap_fixed,ap_fixed<6,1,0,0,0>,relu_config4> | return value |
|ap_return_29    | out |    5| ap_ctrl_hs | relu<ap_fixed,ap_fixed<6,1,0,0,0>,relu_config4> | return value |
|ap_return_30    | out |    5| ap_ctrl_hs | relu<ap_fixed,ap_fixed<6,1,0,0,0>,relu_config4> | return value |
|ap_return_31    | out |    5| ap_ctrl_hs | relu<ap_fixed,ap_fixed<6,1,0,0,0>,relu_config4> | return value |
|ap_return_32    | out |    5| ap_ctrl_hs | relu<ap_fixed,ap_fixed<6,1,0,0,0>,relu_config4> | return value |
|ap_return_33    | out |    5| ap_ctrl_hs | relu<ap_fixed,ap_fixed<6,1,0,0,0>,relu_config4> | return value |
|ap_return_34    | out |    5| ap_ctrl_hs | relu<ap_fixed,ap_fixed<6,1,0,0,0>,relu_config4> | return value |
|ap_return_35    | out |    5| ap_ctrl_hs | relu<ap_fixed,ap_fixed<6,1,0,0,0>,relu_config4> | return value |
|ap_return_36    | out |    5| ap_ctrl_hs | relu<ap_fixed,ap_fixed<6,1,0,0,0>,relu_config4> | return value |
|ap_return_37    | out |    5| ap_ctrl_hs | relu<ap_fixed,ap_fixed<6,1,0,0,0>,relu_config4> | return value |
|ap_return_38    | out |    5| ap_ctrl_hs | relu<ap_fixed,ap_fixed<6,1,0,0,0>,relu_config4> | return value |
|ap_return_39    | out |    5| ap_ctrl_hs | relu<ap_fixed,ap_fixed<6,1,0,0,0>,relu_config4> | return value |
|ap_return_40    | out |    5| ap_ctrl_hs | relu<ap_fixed,ap_fixed<6,1,0,0,0>,relu_config4> | return value |
|ap_return_41    | out |    5| ap_ctrl_hs | relu<ap_fixed,ap_fixed<6,1,0,0,0>,relu_config4> | return value |
|ap_return_42    | out |    5| ap_ctrl_hs | relu<ap_fixed,ap_fixed<6,1,0,0,0>,relu_config4> | return value |
|ap_return_43    | out |    5| ap_ctrl_hs | relu<ap_fixed,ap_fixed<6,1,0,0,0>,relu_config4> | return value |
|ap_return_44    | out |    5| ap_ctrl_hs | relu<ap_fixed,ap_fixed<6,1,0,0,0>,relu_config4> | return value |
|ap_return_45    | out |    5| ap_ctrl_hs | relu<ap_fixed,ap_fixed<6,1,0,0,0>,relu_config4> | return value |
|ap_return_46    | out |    5| ap_ctrl_hs | relu<ap_fixed,ap_fixed<6,1,0,0,0>,relu_config4> | return value |
|ap_return_47    | out |    5| ap_ctrl_hs | relu<ap_fixed,ap_fixed<6,1,0,0,0>,relu_config4> | return value |
|ap_return_48    | out |    5| ap_ctrl_hs | relu<ap_fixed,ap_fixed<6,1,0,0,0>,relu_config4> | return value |
|ap_return_49    | out |    5| ap_ctrl_hs | relu<ap_fixed,ap_fixed<6,1,0,0,0>,relu_config4> | return value |
|ap_return_50    | out |    5| ap_ctrl_hs | relu<ap_fixed,ap_fixed<6,1,0,0,0>,relu_config4> | return value |
|ap_return_51    | out |    5| ap_ctrl_hs | relu<ap_fixed,ap_fixed<6,1,0,0,0>,relu_config4> | return value |
|ap_return_52    | out |    5| ap_ctrl_hs | relu<ap_fixed,ap_fixed<6,1,0,0,0>,relu_config4> | return value |
|ap_return_53    | out |    5| ap_ctrl_hs | relu<ap_fixed,ap_fixed<6,1,0,0,0>,relu_config4> | return value |
|ap_return_54    | out |    5| ap_ctrl_hs | relu<ap_fixed,ap_fixed<6,1,0,0,0>,relu_config4> | return value |
|ap_return_55    | out |    5| ap_ctrl_hs | relu<ap_fixed,ap_fixed<6,1,0,0,0>,relu_config4> | return value |
|ap_return_56    | out |    5| ap_ctrl_hs | relu<ap_fixed,ap_fixed<6,1,0,0,0>,relu_config4> | return value |
|ap_return_57    | out |    5| ap_ctrl_hs | relu<ap_fixed,ap_fixed<6,1,0,0,0>,relu_config4> | return value |
|ap_return_58    | out |    5| ap_ctrl_hs | relu<ap_fixed,ap_fixed<6,1,0,0,0>,relu_config4> | return value |
|ap_return_59    | out |    5| ap_ctrl_hs | relu<ap_fixed,ap_fixed<6,1,0,0,0>,relu_config4> | return value |
|ap_return_60    | out |    5| ap_ctrl_hs | relu<ap_fixed,ap_fixed<6,1,0,0,0>,relu_config4> | return value |
|ap_return_61    | out |    5| ap_ctrl_hs | relu<ap_fixed,ap_fixed<6,1,0,0,0>,relu_config4> | return value |
|ap_return_62    | out |    5| ap_ctrl_hs | relu<ap_fixed,ap_fixed<6,1,0,0,0>,relu_config4> | return value |
|ap_return_63    | out |    5| ap_ctrl_hs | relu<ap_fixed,ap_fixed<6,1,0,0,0>,relu_config4> | return value |
|data_0_V_read   |  in |   16|   ap_none  |                  data_0_V_read                  |    scalar    |
|data_1_V_read   |  in |   16|   ap_none  |                  data_1_V_read                  |    scalar    |
|data_2_V_read   |  in |   16|   ap_none  |                  data_2_V_read                  |    scalar    |
|data_3_V_read   |  in |   16|   ap_none  |                  data_3_V_read                  |    scalar    |
|data_4_V_read   |  in |   16|   ap_none  |                  data_4_V_read                  |    scalar    |
|data_5_V_read   |  in |   16|   ap_none  |                  data_5_V_read                  |    scalar    |
|data_6_V_read   |  in |   16|   ap_none  |                  data_6_V_read                  |    scalar    |
|data_7_V_read   |  in |   16|   ap_none  |                  data_7_V_read                  |    scalar    |
|data_8_V_read   |  in |   16|   ap_none  |                  data_8_V_read                  |    scalar    |
|data_9_V_read   |  in |   16|   ap_none  |                  data_9_V_read                  |    scalar    |
|data_10_V_read  |  in |   16|   ap_none  |                  data_10_V_read                 |    scalar    |
|data_11_V_read  |  in |   16|   ap_none  |                  data_11_V_read                 |    scalar    |
|data_12_V_read  |  in |   16|   ap_none  |                  data_12_V_read                 |    scalar    |
|data_13_V_read  |  in |   16|   ap_none  |                  data_13_V_read                 |    scalar    |
|data_14_V_read  |  in |   16|   ap_none  |                  data_14_V_read                 |    scalar    |
|data_15_V_read  |  in |   16|   ap_none  |                  data_15_V_read                 |    scalar    |
|data_16_V_read  |  in |   16|   ap_none  |                  data_16_V_read                 |    scalar    |
|data_17_V_read  |  in |   16|   ap_none  |                  data_17_V_read                 |    scalar    |
|data_18_V_read  |  in |   16|   ap_none  |                  data_18_V_read                 |    scalar    |
|data_19_V_read  |  in |   16|   ap_none  |                  data_19_V_read                 |    scalar    |
|data_20_V_read  |  in |   16|   ap_none  |                  data_20_V_read                 |    scalar    |
|data_21_V_read  |  in |   16|   ap_none  |                  data_21_V_read                 |    scalar    |
|data_22_V_read  |  in |   16|   ap_none  |                  data_22_V_read                 |    scalar    |
|data_23_V_read  |  in |   16|   ap_none  |                  data_23_V_read                 |    scalar    |
|data_24_V_read  |  in |   16|   ap_none  |                  data_24_V_read                 |    scalar    |
|data_25_V_read  |  in |   16|   ap_none  |                  data_25_V_read                 |    scalar    |
|data_26_V_read  |  in |   16|   ap_none  |                  data_26_V_read                 |    scalar    |
|data_27_V_read  |  in |   16|   ap_none  |                  data_27_V_read                 |    scalar    |
|data_28_V_read  |  in |   16|   ap_none  |                  data_28_V_read                 |    scalar    |
|data_29_V_read  |  in |   16|   ap_none  |                  data_29_V_read                 |    scalar    |
|data_30_V_read  |  in |   16|   ap_none  |                  data_30_V_read                 |    scalar    |
|data_31_V_read  |  in |   16|   ap_none  |                  data_31_V_read                 |    scalar    |
|data_32_V_read  |  in |   16|   ap_none  |                  data_32_V_read                 |    scalar    |
|data_33_V_read  |  in |   16|   ap_none  |                  data_33_V_read                 |    scalar    |
|data_34_V_read  |  in |   16|   ap_none  |                  data_34_V_read                 |    scalar    |
|data_35_V_read  |  in |   16|   ap_none  |                  data_35_V_read                 |    scalar    |
|data_36_V_read  |  in |   16|   ap_none  |                  data_36_V_read                 |    scalar    |
|data_37_V_read  |  in |   16|   ap_none  |                  data_37_V_read                 |    scalar    |
|data_38_V_read  |  in |   16|   ap_none  |                  data_38_V_read                 |    scalar    |
|data_39_V_read  |  in |   16|   ap_none  |                  data_39_V_read                 |    scalar    |
|data_40_V_read  |  in |   16|   ap_none  |                  data_40_V_read                 |    scalar    |
|data_41_V_read  |  in |   16|   ap_none  |                  data_41_V_read                 |    scalar    |
|data_42_V_read  |  in |   16|   ap_none  |                  data_42_V_read                 |    scalar    |
|data_43_V_read  |  in |   16|   ap_none  |                  data_43_V_read                 |    scalar    |
|data_44_V_read  |  in |   16|   ap_none  |                  data_44_V_read                 |    scalar    |
|data_45_V_read  |  in |   16|   ap_none  |                  data_45_V_read                 |    scalar    |
|data_46_V_read  |  in |   16|   ap_none  |                  data_46_V_read                 |    scalar    |
|data_47_V_read  |  in |   16|   ap_none  |                  data_47_V_read                 |    scalar    |
|data_48_V_read  |  in |   16|   ap_none  |                  data_48_V_read                 |    scalar    |
|data_49_V_read  |  in |   16|   ap_none  |                  data_49_V_read                 |    scalar    |
|data_50_V_read  |  in |   16|   ap_none  |                  data_50_V_read                 |    scalar    |
|data_51_V_read  |  in |   16|   ap_none  |                  data_51_V_read                 |    scalar    |
|data_52_V_read  |  in |   16|   ap_none  |                  data_52_V_read                 |    scalar    |
|data_53_V_read  |  in |   16|   ap_none  |                  data_53_V_read                 |    scalar    |
|data_54_V_read  |  in |   16|   ap_none  |                  data_54_V_read                 |    scalar    |
|data_55_V_read  |  in |   16|   ap_none  |                  data_55_V_read                 |    scalar    |
|data_56_V_read  |  in |   16|   ap_none  |                  data_56_V_read                 |    scalar    |
|data_57_V_read  |  in |   16|   ap_none  |                  data_57_V_read                 |    scalar    |
|data_58_V_read  |  in |   16|   ap_none  |                  data_58_V_read                 |    scalar    |
|data_59_V_read  |  in |   16|   ap_none  |                  data_59_V_read                 |    scalar    |
|data_60_V_read  |  in |   16|   ap_none  |                  data_60_V_read                 |    scalar    |
|data_61_V_read  |  in |   16|   ap_none  |                  data_61_V_read                 |    scalar    |
|data_62_V_read  |  in |   16|   ap_none  |                  data_62_V_read                 |    scalar    |
|data_63_V_read  |  in |   16|   ap_none  |                  data_63_V_read                 |    scalar    |
+----------------+-----+-----+------------+-------------------------------------------------+--------------+

