

================================================================
== Vivado HLS Report for 'dense_resource_ap_fixed_ap_fixed_16_6_5_3_0_config8_s'
================================================================
* Date:           Wed Sep  8 19:08:56 2021

* Version:        2020.1 (Build 2897737 on Wed May 27 20:21:37 MDT 2020)
* Project:        myproject_prj
* Solution:       solution1
* Product family: zynq
* Target device:  xc7z020-clg400-1


================================================================
== Performance Estimates
================================================================
+ Timing: 
    * Summary: 
    +--------+---------+----------+------------+
    |  Clock |  Target | Estimated| Uncertainty|
    +--------+---------+----------+------------+
    |ap_clk  | 5.00 ns | 3.903 ns |   0.62 ns  |
    +--------+---------+----------+------------+

+ Latency: 
    * Summary: 
    +---------+---------+----------+----------+-----+-----+---------------------------------------------+
    |  Latency (cycles) |  Latency (absolute) |  Interval |                   Pipeline                  |
    |   min   |   max   |    min   |    max   | min | max |                     Type                    |
    +---------+---------+----------+----------+-----+-----+---------------------------------------------+
    |       20|       21| 0.100 us | 0.105 us |   16|   16| loop rewind(delay=0 initiation interval(s)) |
    +---------+---------+----------+----------+-----+-----+---------------------------------------------+

    + Detail: 
        * Instance: 
        N/A

        * Loop: 
        +-------------+---------+---------+----------+-----------+-----------+------+----------+
        |             |  Latency (cycles) | Iteration|  Initiation Interval  | Trip |          |
        |  Loop Name  |   min   |   max   |  Latency |  achieved |   target  | Count| Pipelined|
        +-------------+---------+---------+----------+-----------+-----------+------+----------+
        |- ReuseLoop  |       20|       20|         6|          1|          1|    16|    yes   |
        +-------------+---------+---------+----------+-----------+-----------+------+----------+



================================================================
== Utilization Estimates
================================================================
* Summary: 
+-----------------+---------+-------+--------+-------+-----+
|       Name      | BRAM_18K| DSP48E|   FF   |  LUT  | URAM|
+-----------------+---------+-------+--------+-------+-----+
|DSP              |        -|     64|       -|      -|    -|
|Expression       |        -|      -|       0|   1182|    -|
|FIFO             |        -|      -|       -|      -|    -|
|Instance         |        -|      -|       0|   9280|    -|
|Memory           |       29|      -|       0|      0|    -|
|Multiplexer      |        -|      -|       -|   1425|    -|
|Register         |        0|      -|    5707|     32|    -|
+-----------------+---------+-------+--------+-------+-----+
|Total            |       29|     64|    5707|  11919|    0|
+-----------------+---------+-------+--------+-------+-----+
|Available        |      280|    220|  106400|  53200|    0|
+-----------------+---------+-------+--------+-------+-----+
|Utilization (%)  |       10|     29|       5|     22|    0|
+-----------------+---------+-------+--------+-------+-----+

+ Detail: 
    * Instance: 
    +-----------------------------------+------------------------------+---------+-------+---+-----+-----+
    |              Instance             |            Module            | BRAM_18K| DSP48E| FF| LUT | URAM|
    +-----------------------------------+------------------------------+---------+-------+---+-----+-----+
    |myproject_axi_mux_325_15_1_1_U430  |myproject_axi_mux_325_15_1_1  |        0|      0|  0|  145|    0|
    |myproject_axi_mux_325_15_1_1_U431  |myproject_axi_mux_325_15_1_1  |        0|      0|  0|  145|    0|
    |myproject_axi_mux_325_15_1_1_U432  |myproject_axi_mux_325_15_1_1  |        0|      0|  0|  145|    0|
    |myproject_axi_mux_325_15_1_1_U433  |myproject_axi_mux_325_15_1_1  |        0|      0|  0|  145|    0|
    |myproject_axi_mux_325_15_1_1_U434  |myproject_axi_mux_325_15_1_1  |        0|      0|  0|  145|    0|
    |myproject_axi_mux_325_15_1_1_U435  |myproject_axi_mux_325_15_1_1  |        0|      0|  0|  145|    0|
    |myproject_axi_mux_325_15_1_1_U436  |myproject_axi_mux_325_15_1_1  |        0|      0|  0|  145|    0|
    |myproject_axi_mux_325_15_1_1_U437  |myproject_axi_mux_325_15_1_1  |        0|      0|  0|  145|    0|
    |myproject_axi_mux_325_15_1_1_U438  |myproject_axi_mux_325_15_1_1  |        0|      0|  0|  145|    0|
    |myproject_axi_mux_325_15_1_1_U439  |myproject_axi_mux_325_15_1_1  |        0|      0|  0|  145|    0|
    |myproject_axi_mux_325_15_1_1_U440  |myproject_axi_mux_325_15_1_1  |        0|      0|  0|  145|    0|
    |myproject_axi_mux_325_15_1_1_U441  |myproject_axi_mux_325_15_1_1  |        0|      0|  0|  145|    0|
    |myproject_axi_mux_325_15_1_1_U442  |myproject_axi_mux_325_15_1_1  |        0|      0|  0|  145|    0|
    |myproject_axi_mux_325_15_1_1_U443  |myproject_axi_mux_325_15_1_1  |        0|      0|  0|  145|    0|
    |myproject_axi_mux_325_15_1_1_U444  |myproject_axi_mux_325_15_1_1  |        0|      0|  0|  145|    0|
    |myproject_axi_mux_325_15_1_1_U445  |myproject_axi_mux_325_15_1_1  |        0|      0|  0|  145|    0|
    |myproject_axi_mux_325_15_1_1_U446  |myproject_axi_mux_325_15_1_1  |        0|      0|  0|  145|    0|
    |myproject_axi_mux_325_15_1_1_U447  |myproject_axi_mux_325_15_1_1  |        0|      0|  0|  145|    0|
    |myproject_axi_mux_325_15_1_1_U448  |myproject_axi_mux_325_15_1_1  |        0|      0|  0|  145|    0|
    |myproject_axi_mux_325_15_1_1_U449  |myproject_axi_mux_325_15_1_1  |        0|      0|  0|  145|    0|
    |myproject_axi_mux_325_15_1_1_U450  |myproject_axi_mux_325_15_1_1  |        0|      0|  0|  145|    0|
    |myproject_axi_mux_325_15_1_1_U451  |myproject_axi_mux_325_15_1_1  |        0|      0|  0|  145|    0|
    |myproject_axi_mux_325_15_1_1_U452  |myproject_axi_mux_325_15_1_1  |        0|      0|  0|  145|    0|
    |myproject_axi_mux_325_15_1_1_U453  |myproject_axi_mux_325_15_1_1  |        0|      0|  0|  145|    0|
    |myproject_axi_mux_325_15_1_1_U454  |myproject_axi_mux_325_15_1_1  |        0|      0|  0|  145|    0|
    |myproject_axi_mux_325_15_1_1_U455  |myproject_axi_mux_325_15_1_1  |        0|      0|  0|  145|    0|
    |myproject_axi_mux_325_15_1_1_U456  |myproject_axi_mux_325_15_1_1  |        0|      0|  0|  145|    0|
    |myproject_axi_mux_325_15_1_1_U457  |myproject_axi_mux_325_15_1_1  |        0|      0|  0|  145|    0|
    |myproject_axi_mux_325_15_1_1_U458  |myproject_axi_mux_325_15_1_1  |        0|      0|  0|  145|    0|
    |myproject_axi_mux_325_15_1_1_U459  |myproject_axi_mux_325_15_1_1  |        0|      0|  0|  145|    0|
    |myproject_axi_mux_325_15_1_1_U460  |myproject_axi_mux_325_15_1_1  |        0|      0|  0|  145|    0|
    |myproject_axi_mux_325_15_1_1_U461  |myproject_axi_mux_325_15_1_1  |        0|      0|  0|  145|    0|
    |myproject_axi_mux_325_15_1_1_U462  |myproject_axi_mux_325_15_1_1  |        0|      0|  0|  145|    0|
    |myproject_axi_mux_325_15_1_1_U463  |myproject_axi_mux_325_15_1_1  |        0|      0|  0|  145|    0|
    |myproject_axi_mux_325_15_1_1_U464  |myproject_axi_mux_325_15_1_1  |        0|      0|  0|  145|    0|
    |myproject_axi_mux_325_15_1_1_U465  |myproject_axi_mux_325_15_1_1  |        0|      0|  0|  145|    0|
    |myproject_axi_mux_325_15_1_1_U466  |myproject_axi_mux_325_15_1_1  |        0|      0|  0|  145|    0|
    |myproject_axi_mux_325_15_1_1_U467  |myproject_axi_mux_325_15_1_1  |        0|      0|  0|  145|    0|
    |myproject_axi_mux_325_15_1_1_U468  |myproject_axi_mux_325_15_1_1  |        0|      0|  0|  145|    0|
    |myproject_axi_mux_325_15_1_1_U469  |myproject_axi_mux_325_15_1_1  |        0|      0|  0|  145|    0|
    |myproject_axi_mux_325_15_1_1_U470  |myproject_axi_mux_325_15_1_1  |        0|      0|  0|  145|    0|
    |myproject_axi_mux_325_15_1_1_U471  |myproject_axi_mux_325_15_1_1  |        0|      0|  0|  145|    0|
    |myproject_axi_mux_325_15_1_1_U472  |myproject_axi_mux_325_15_1_1  |        0|      0|  0|  145|    0|
    |myproject_axi_mux_325_15_1_1_U473  |myproject_axi_mux_325_15_1_1  |        0|      0|  0|  145|    0|
    |myproject_axi_mux_325_15_1_1_U474  |myproject_axi_mux_325_15_1_1  |        0|      0|  0|  145|    0|
    |myproject_axi_mux_325_15_1_1_U475  |myproject_axi_mux_325_15_1_1  |        0|      0|  0|  145|    0|
    |myproject_axi_mux_325_15_1_1_U476  |myproject_axi_mux_325_15_1_1  |        0|      0|  0|  145|    0|
    |myproject_axi_mux_325_15_1_1_U477  |myproject_axi_mux_325_15_1_1  |        0|      0|  0|  145|    0|
    |myproject_axi_mux_325_15_1_1_U478  |myproject_axi_mux_325_15_1_1  |        0|      0|  0|  145|    0|
    |myproject_axi_mux_325_15_1_1_U479  |myproject_axi_mux_325_15_1_1  |        0|      0|  0|  145|    0|
    |myproject_axi_mux_325_15_1_1_U480  |myproject_axi_mux_325_15_1_1  |        0|      0|  0|  145|    0|
    |myproject_axi_mux_325_15_1_1_U481  |myproject_axi_mux_325_15_1_1  |        0|      0|  0|  145|    0|
    |myproject_axi_mux_325_15_1_1_U482  |myproject_axi_mux_325_15_1_1  |        0|      0|  0|  145|    0|
    |myproject_axi_mux_325_15_1_1_U483  |myproject_axi_mux_325_15_1_1  |        0|      0|  0|  145|    0|
    |myproject_axi_mux_325_15_1_1_U484  |myproject_axi_mux_325_15_1_1  |        0|      0|  0|  145|    0|
    |myproject_axi_mux_325_15_1_1_U485  |myproject_axi_mux_325_15_1_1  |        0|      0|  0|  145|    0|
    |myproject_axi_mux_325_15_1_1_U486  |myproject_axi_mux_325_15_1_1  |        0|      0|  0|  145|    0|
    |myproject_axi_mux_325_15_1_1_U487  |myproject_axi_mux_325_15_1_1  |        0|      0|  0|  145|    0|
    |myproject_axi_mux_325_15_1_1_U488  |myproject_axi_mux_325_15_1_1  |        0|      0|  0|  145|    0|
    |myproject_axi_mux_325_15_1_1_U489  |myproject_axi_mux_325_15_1_1  |        0|      0|  0|  145|    0|
    |myproject_axi_mux_325_15_1_1_U490  |myproject_axi_mux_325_15_1_1  |        0|      0|  0|  145|    0|
    |myproject_axi_mux_325_15_1_1_U491  |myproject_axi_mux_325_15_1_1  |        0|      0|  0|  145|    0|
    |myproject_axi_mux_325_15_1_1_U492  |myproject_axi_mux_325_15_1_1  |        0|      0|  0|  145|    0|
    |myproject_axi_mux_325_15_1_1_U493  |myproject_axi_mux_325_15_1_1  |        0|      0|  0|  145|    0|
    +-----------------------------------+------------------------------+---------+-------+---+-----+-----+
    |Total                              |                              |        0|      0|  0| 9280|    0|
    +-----------------------------------+------------------------------+---------+-------+---+-----+-----+

    * DSP48E: 
    +--------------------------------------------+---------------------------------------+-----------+
    |                  Instance                  |                 Module                | Expression|
    +--------------------------------------------+---------------------------------------+-----------+
    |myproject_axi_mul_mul_15ns_10s_25_3_1_U557  |myproject_axi_mul_mul_15ns_10s_25_3_1  |  i0 * i1  |
    |myproject_axi_mul_mul_16s_15ns_26_3_1_U494  |myproject_axi_mul_mul_16s_15ns_26_3_1  |  i0 * i1  |
    |myproject_axi_mul_mul_16s_15ns_26_3_1_U495  |myproject_axi_mul_mul_16s_15ns_26_3_1  |  i0 * i1  |
    |myproject_axi_mul_mul_16s_15ns_26_3_1_U496  |myproject_axi_mul_mul_16s_15ns_26_3_1  |  i0 * i1  |
    |myproject_axi_mul_mul_16s_15ns_26_3_1_U497  |myproject_axi_mul_mul_16s_15ns_26_3_1  |  i0 * i1  |
    |myproject_axi_mul_mul_16s_15ns_26_3_1_U498  |myproject_axi_mul_mul_16s_15ns_26_3_1  |  i0 * i1  |
    |myproject_axi_mul_mul_16s_15ns_26_3_1_U499  |myproject_axi_mul_mul_16s_15ns_26_3_1  |  i0 * i1  |
    |myproject_axi_mul_mul_16s_15ns_26_3_1_U500  |myproject_axi_mul_mul_16s_15ns_26_3_1  |  i0 * i1  |
    |myproject_axi_mul_mul_16s_15ns_26_3_1_U501  |myproject_axi_mul_mul_16s_15ns_26_3_1  |  i0 * i1  |
    |myproject_axi_mul_mul_16s_15ns_26_3_1_U502  |myproject_axi_mul_mul_16s_15ns_26_3_1  |  i0 * i1  |
    |myproject_axi_mul_mul_16s_15ns_26_3_1_U503  |myproject_axi_mul_mul_16s_15ns_26_3_1  |  i0 * i1  |
    |myproject_axi_mul_mul_16s_15ns_26_3_1_U504  |myproject_axi_mul_mul_16s_15ns_26_3_1  |  i0 * i1  |
    |myproject_axi_mul_mul_16s_15ns_26_3_1_U505  |myproject_axi_mul_mul_16s_15ns_26_3_1  |  i0 * i1  |
    |myproject_axi_mul_mul_16s_15ns_26_3_1_U506  |myproject_axi_mul_mul_16s_15ns_26_3_1  |  i0 * i1  |
    |myproject_axi_mul_mul_16s_15ns_26_3_1_U507  |myproject_axi_mul_mul_16s_15ns_26_3_1  |  i0 * i1  |
    |myproject_axi_mul_mul_16s_15ns_26_3_1_U508  |myproject_axi_mul_mul_16s_15ns_26_3_1  |  i0 * i1  |
    |myproject_axi_mul_mul_16s_15ns_26_3_1_U509  |myproject_axi_mul_mul_16s_15ns_26_3_1  |  i0 * i1  |
    |myproject_axi_mul_mul_16s_15ns_26_3_1_U510  |myproject_axi_mul_mul_16s_15ns_26_3_1  |  i0 * i1  |
    |myproject_axi_mul_mul_16s_15ns_26_3_1_U511  |myproject_axi_mul_mul_16s_15ns_26_3_1  |  i0 * i1  |
    |myproject_axi_mul_mul_16s_15ns_26_3_1_U512  |myproject_axi_mul_mul_16s_15ns_26_3_1  |  i0 * i1  |
    |myproject_axi_mul_mul_16s_15ns_26_3_1_U513  |myproject_axi_mul_mul_16s_15ns_26_3_1  |  i0 * i1  |
    |myproject_axi_mul_mul_16s_15ns_26_3_1_U514  |myproject_axi_mul_mul_16s_15ns_26_3_1  |  i0 * i1  |
    |myproject_axi_mul_mul_16s_15ns_26_3_1_U515  |myproject_axi_mul_mul_16s_15ns_26_3_1  |  i0 * i1  |
    |myproject_axi_mul_mul_16s_15ns_26_3_1_U516  |myproject_axi_mul_mul_16s_15ns_26_3_1  |  i0 * i1  |
    |myproject_axi_mul_mul_16s_15ns_26_3_1_U517  |myproject_axi_mul_mul_16s_15ns_26_3_1  |  i0 * i1  |
    |myproject_axi_mul_mul_16s_15ns_26_3_1_U518  |myproject_axi_mul_mul_16s_15ns_26_3_1  |  i0 * i1  |
    |myproject_axi_mul_mul_16s_15ns_26_3_1_U519  |myproject_axi_mul_mul_16s_15ns_26_3_1  |  i0 * i1  |
    |myproject_axi_mul_mul_16s_15ns_26_3_1_U520  |myproject_axi_mul_mul_16s_15ns_26_3_1  |  i0 * i1  |
    |myproject_axi_mul_mul_16s_15ns_26_3_1_U521  |myproject_axi_mul_mul_16s_15ns_26_3_1  |  i0 * i1  |
    |myproject_axi_mul_mul_16s_15ns_26_3_1_U522  |myproject_axi_mul_mul_16s_15ns_26_3_1  |  i0 * i1  |
    |myproject_axi_mul_mul_16s_15ns_26_3_1_U523  |myproject_axi_mul_mul_16s_15ns_26_3_1  |  i0 * i1  |
    |myproject_axi_mul_mul_16s_15ns_26_3_1_U524  |myproject_axi_mul_mul_16s_15ns_26_3_1  |  i0 * i1  |
    |myproject_axi_mul_mul_16s_15ns_26_3_1_U525  |myproject_axi_mul_mul_16s_15ns_26_3_1  |  i0 * i1  |
    |myproject_axi_mul_mul_16s_15ns_26_3_1_U526  |myproject_axi_mul_mul_16s_15ns_26_3_1  |  i0 * i1  |
    |myproject_axi_mul_mul_16s_15ns_26_3_1_U527  |myproject_axi_mul_mul_16s_15ns_26_3_1  |  i0 * i1  |
    |myproject_axi_mul_mul_16s_15ns_26_3_1_U528  |myproject_axi_mul_mul_16s_15ns_26_3_1  |  i0 * i1  |
    |myproject_axi_mul_mul_16s_15ns_26_3_1_U529  |myproject_axi_mul_mul_16s_15ns_26_3_1  |  i0 * i1  |
    |myproject_axi_mul_mul_16s_15ns_26_3_1_U530  |myproject_axi_mul_mul_16s_15ns_26_3_1  |  i0 * i1  |
    |myproject_axi_mul_mul_16s_15ns_26_3_1_U531  |myproject_axi_mul_mul_16s_15ns_26_3_1  |  i0 * i1  |
    |myproject_axi_mul_mul_16s_15ns_26_3_1_U532  |myproject_axi_mul_mul_16s_15ns_26_3_1  |  i0 * i1  |
    |myproject_axi_mul_mul_16s_15ns_26_3_1_U533  |myproject_axi_mul_mul_16s_15ns_26_3_1  |  i0 * i1  |
    |myproject_axi_mul_mul_16s_15ns_26_3_1_U534  |myproject_axi_mul_mul_16s_15ns_26_3_1  |  i0 * i1  |
    |myproject_axi_mul_mul_16s_15ns_26_3_1_U535  |myproject_axi_mul_mul_16s_15ns_26_3_1  |  i0 * i1  |
    |myproject_axi_mul_mul_16s_15ns_26_3_1_U536  |myproject_axi_mul_mul_16s_15ns_26_3_1  |  i0 * i1  |
    |myproject_axi_mul_mul_16s_15ns_26_3_1_U537  |myproject_axi_mul_mul_16s_15ns_26_3_1  |  i0 * i1  |
    |myproject_axi_mul_mul_16s_15ns_26_3_1_U538  |myproject_axi_mul_mul_16s_15ns_26_3_1  |  i0 * i1  |
    |myproject_axi_mul_mul_16s_15ns_26_3_1_U539  |myproject_axi_mul_mul_16s_15ns_26_3_1  |  i0 * i1  |
    |myproject_axi_mul_mul_16s_15ns_26_3_1_U540  |myproject_axi_mul_mul_16s_15ns_26_3_1  |  i0 * i1  |
    |myproject_axi_mul_mul_16s_15ns_26_3_1_U541  |myproject_axi_mul_mul_16s_15ns_26_3_1  |  i0 * i1  |
    |myproject_axi_mul_mul_16s_15ns_26_3_1_U542  |myproject_axi_mul_mul_16s_15ns_26_3_1  |  i0 * i1  |
    |myproject_axi_mul_mul_16s_15ns_26_3_1_U543  |myproject_axi_mul_mul_16s_15ns_26_3_1  |  i0 * i1  |
    |myproject_axi_mul_mul_16s_15ns_26_3_1_U544  |myproject_axi_mul_mul_16s_15ns_26_3_1  |  i0 * i1  |
    |myproject_axi_mul_mul_16s_15ns_26_3_1_U545  |myproject_axi_mul_mul_16s_15ns_26_3_1  |  i0 * i1  |
    |myproject_axi_mul_mul_16s_15ns_26_3_1_U546  |myproject_axi_mul_mul_16s_15ns_26_3_1  |  i0 * i1  |
    |myproject_axi_mul_mul_16s_15ns_26_3_1_U547  |myproject_axi_mul_mul_16s_15ns_26_3_1  |  i0 * i1  |
    |myproject_axi_mul_mul_16s_15ns_26_3_1_U548  |myproject_axi_mul_mul_16s_15ns_26_3_1  |  i0 * i1  |
    |myproject_axi_mul_mul_16s_15ns_26_3_1_U549  |myproject_axi_mul_mul_16s_15ns_26_3_1  |  i0 * i1  |
    |myproject_axi_mul_mul_16s_15ns_26_3_1_U550  |myproject_axi_mul_mul_16s_15ns_26_3_1  |  i0 * i1  |
    |myproject_axi_mul_mul_16s_15ns_26_3_1_U551  |myproject_axi_mul_mul_16s_15ns_26_3_1  |  i0 * i1  |
    |myproject_axi_mul_mul_16s_15ns_26_3_1_U552  |myproject_axi_mul_mul_16s_15ns_26_3_1  |  i0 * i1  |
    |myproject_axi_mul_mul_16s_15ns_26_3_1_U553  |myproject_axi_mul_mul_16s_15ns_26_3_1  |  i0 * i1  |
    |myproject_axi_mul_mul_16s_15ns_26_3_1_U554  |myproject_axi_mul_mul_16s_15ns_26_3_1  |  i0 * i1  |
    |myproject_axi_mul_mul_16s_15ns_26_3_1_U555  |myproject_axi_mul_mul_16s_15ns_26_3_1  |  i0 * i1  |
    |myproject_axi_mul_mul_16s_15ns_26_3_1_U556  |myproject_axi_mul_mul_16s_15ns_26_3_1  |  i0 * i1  |
    +--------------------------------------------+---------------------------------------+-----------+

    * Memory: 
    +--------+------------------------------------------------------------+---------+---+----+-----+------+------+------+-------------+
    | Memory |                           Module                           | BRAM_18K| FF| LUT| URAM| Words| Bits | Banks| W*Bits*Banks|
    +--------+------------------------------------------------------------+---------+---+----+-----+------+------+------+-------------+
    |w8_V_U  |dense_resource_ap_fixed_ap_fixed_16_6_5_3_0_config8_s_w8_V  |       29|  0|   0|    0|    16|  1018|     1|        16288|
    +--------+------------------------------------------------------------+---------+---+----+-----+------+------+------+-------------+
    |Total   |                                                            |       29|  0|   0|    0|    16|  1018|     1|        16288|
    +--------+------------------------------------------------------------+---------+---+----+-----+------+------+------+-------------+

    * FIFO: 
    N/A

    * Expression: 
    +-------------------------+----------+-------+---+----+------------+------------+
    |      Variable Name      | Operation| DSP48E| FF| LUT| Bitwidth P0| Bitwidth P1|
    +-------------------------+----------+-------+---+----+------------+------------+
    |acc_0_V_fu_7537_p2       |     +    |      0|  0|  18|          16|          16|
    |acc_10_V_fu_7837_p2      |     +    |      0|  0|  18|          16|          16|
    |acc_11_V_fu_7867_p2      |     +    |      0|  0|  18|          16|          16|
    |acc_12_V_fu_7897_p2      |     +    |      0|  0|  18|          16|          16|
    |acc_13_V_fu_7927_p2      |     +    |      0|  0|  18|          16|          16|
    |acc_14_V_fu_7957_p2      |     +    |      0|  0|  18|          16|          16|
    |acc_15_V_fu_7987_p2      |     +    |      0|  0|  18|          16|          16|
    |acc_16_V_fu_8017_p2      |     +    |      0|  0|  18|          16|          16|
    |acc_17_V_fu_8047_p2      |     +    |      0|  0|  18|          16|          16|
    |acc_18_V_fu_8077_p2      |     +    |      0|  0|  18|          16|          16|
    |acc_19_V_fu_8107_p2      |     +    |      0|  0|  18|          16|          16|
    |acc_1_V_fu_7567_p2       |     +    |      0|  0|  18|          16|          16|
    |acc_20_V_fu_8137_p2      |     +    |      0|  0|  18|          16|          16|
    |acc_21_V_fu_8167_p2      |     +    |      0|  0|  18|          16|          16|
    |acc_22_V_fu_8197_p2      |     +    |      0|  0|  18|          16|          16|
    |acc_23_V_fu_8227_p2      |     +    |      0|  0|  18|          16|          16|
    |acc_24_V_fu_8257_p2      |     +    |      0|  0|  18|          16|          16|
    |acc_25_V_fu_8287_p2      |     +    |      0|  0|  18|          16|          16|
    |acc_26_V_fu_8317_p2      |     +    |      0|  0|  18|          16|          16|
    |acc_27_V_fu_8347_p2      |     +    |      0|  0|  18|          16|          16|
    |acc_28_V_fu_8377_p2      |     +    |      0|  0|  18|          16|          16|
    |acc_29_V_fu_8407_p2      |     +    |      0|  0|  18|          16|          16|
    |acc_2_V_fu_7597_p2       |     +    |      0|  0|  18|          16|          16|
    |acc_30_V_fu_8437_p2      |     +    |      0|  0|  18|          16|          16|
    |acc_31_V_fu_8471_p2      |     +    |      0|  0|  18|          16|          16|
    |acc_3_V_fu_7627_p2       |     +    |      0|  0|  18|          16|          16|
    |acc_4_V_fu_7657_p2       |     +    |      0|  0|  18|          16|          16|
    |acc_5_V_fu_7687_p2       |     +    |      0|  0|  18|          16|          16|
    |acc_6_V_fu_7717_p2       |     +    |      0|  0|  18|          16|          16|
    |acc_7_V_fu_7747_p2       |     +    |      0|  0|  18|          16|          16|
    |acc_8_V_fu_7777_p2       |     +    |      0|  0|  18|          16|          16|
    |acc_9_V_fu_7807_p2       |     +    |      0|  0|  18|          16|          16|
    |add_ln703_11_fu_7651_p2  |     +    |      0|  0|  18|          16|          16|
    |add_ln703_13_fu_7681_p2  |     +    |      0|  0|  18|          16|          16|
    |add_ln703_15_fu_7711_p2  |     +    |      0|  0|  18|          16|          16|
    |add_ln703_17_fu_7741_p2  |     +    |      0|  0|  18|          16|          16|
    |add_ln703_19_fu_7771_p2  |     +    |      0|  0|  18|          16|          16|
    |add_ln703_21_fu_7801_p2  |     +    |      0|  0|  18|          16|          16|
    |add_ln703_23_fu_7831_p2  |     +    |      0|  0|  18|          16|          16|
    |add_ln703_25_fu_7861_p2  |     +    |      0|  0|  18|          16|          16|
    |add_ln703_27_fu_7891_p2  |     +    |      0|  0|  18|          16|          16|
    |add_ln703_29_fu_7921_p2  |     +    |      0|  0|  18|          16|          16|
    |add_ln703_31_fu_7951_p2  |     +    |      0|  0|  18|          16|          16|
    |add_ln703_33_fu_7981_p2  |     +    |      0|  0|  18|          16|          16|
    |add_ln703_35_fu_8011_p2  |     +    |      0|  0|  18|          16|          16|
    |add_ln703_37_fu_8041_p2  |     +    |      0|  0|  18|          16|          16|
    |add_ln703_39_fu_8071_p2  |     +    |      0|  0|  18|          16|          16|
    |add_ln703_41_fu_8101_p2  |     +    |      0|  0|  18|          16|          16|
    |add_ln703_43_fu_8131_p2  |     +    |      0|  0|  18|          16|          16|
    |add_ln703_45_fu_8161_p2  |     +    |      0|  0|  18|          16|          16|
    |add_ln703_47_fu_8191_p2  |     +    |      0|  0|  18|          16|          16|
    |add_ln703_49_fu_8221_p2  |     +    |      0|  0|  18|          16|          16|
    |add_ln703_51_fu_8251_p2  |     +    |      0|  0|  18|          16|          16|
    |add_ln703_53_fu_8281_p2  |     +    |      0|  0|  18|          16|          16|
    |add_ln703_55_fu_8311_p2  |     +    |      0|  0|  18|          16|          16|
    |add_ln703_57_fu_8341_p2  |     +    |      0|  0|  18|          16|          16|
    |add_ln703_59_fu_8371_p2  |     +    |      0|  0|  18|          16|          16|
    |add_ln703_5_fu_7561_p2   |     +    |      0|  0|  18|          16|          16|
    |add_ln703_61_fu_8401_p2  |     +    |      0|  0|  18|          16|          16|
    |add_ln703_63_fu_8431_p2  |     +    |      0|  0|  18|          16|          16|
    |add_ln703_65_fu_8465_p2  |     +    |      0|  0|  18|          16|          16|
    |add_ln703_7_fu_7591_p2   |     +    |      0|  0|  18|          16|          16|
    |add_ln703_9_fu_7621_p2   |     +    |      0|  0|  18|          16|          16|
    |add_ln703_fu_7531_p2     |     +    |      0|  0|  18|          16|          16|
    |w_index_fu_1991_p2       |     +    |      0|  0|  13|           1|           4|
    |ap_condition_1060        |    and   |      0|  0|   2|           1|           1|
    |ap_condition_46          |    and   |      0|  0|   2|           1|           1|
    |icmp_ln64_fu_1997_p2     |   icmp   |      0|  0|   9|           4|           2|
    |ap_block_state1          |    or    |      0|  0|   2|           1|           1|
    |ap_enable_pp0            |    xor   |      0|  0|   2|           1|           2|
    +-------------------------+----------+-------+---+----+------------+------------+
    |Total                    |          |      0|  0|1182|        1033|        1035|
    +-------------------------+----------+-------+---+----+------------+------------+

    * Multiplexer: 
    +---------------------------------------------------+----+-----------+-----+-----------+
    |                        Name                       | LUT| Input Size| Bits| Total Bits|
    +---------------------------------------------------+----+-----------+-----+-----------+
    |ap_NS_fsm                                          |  15|          3|    1|          3|
    |ap_done                                            |   9|          2|    1|          2|
    |ap_enable_reg_pp0_iter1                            |   9|          2|    1|          2|
    |ap_enable_reg_pp0_iter5                            |   9|          2|    1|          2|
    |ap_phi_mux_data_0_V_read68_rewind_phi_fu_663_p6    |   9|          2|   15|         30|
    |ap_phi_mux_data_10_V_read78_rewind_phi_fu_803_p6   |   9|          2|   15|         30|
    |ap_phi_mux_data_11_V_read79_rewind_phi_fu_817_p6   |   9|          2|   15|         30|
    |ap_phi_mux_data_12_V_read80_rewind_phi_fu_831_p6   |   9|          2|   15|         30|
    |ap_phi_mux_data_13_V_read81_rewind_phi_fu_845_p6   |   9|          2|   15|         30|
    |ap_phi_mux_data_14_V_read82_rewind_phi_fu_859_p6   |   9|          2|   15|         30|
    |ap_phi_mux_data_15_V_read83_rewind_phi_fu_873_p6   |   9|          2|   15|         30|
    |ap_phi_mux_data_16_V_read84_rewind_phi_fu_887_p6   |   9|          2|   15|         30|
    |ap_phi_mux_data_17_V_read85_rewind_phi_fu_901_p6   |   9|          2|   15|         30|
    |ap_phi_mux_data_18_V_read86_rewind_phi_fu_915_p6   |   9|          2|   15|         30|
    |ap_phi_mux_data_19_V_read87_rewind_phi_fu_929_p6   |   9|          2|   15|         30|
    |ap_phi_mux_data_1_V_read69_rewind_phi_fu_677_p6    |   9|          2|   15|         30|
    |ap_phi_mux_data_20_V_read88_rewind_phi_fu_943_p6   |   9|          2|   15|         30|
    |ap_phi_mux_data_21_V_read89_rewind_phi_fu_957_p6   |   9|          2|   15|         30|
    |ap_phi_mux_data_22_V_read90_rewind_phi_fu_971_p6   |   9|          2|   15|         30|
    |ap_phi_mux_data_23_V_read91_rewind_phi_fu_985_p6   |   9|          2|   15|         30|
    |ap_phi_mux_data_24_V_read92_rewind_phi_fu_999_p6   |   9|          2|   15|         30|
    |ap_phi_mux_data_25_V_read93_rewind_phi_fu_1013_p6  |   9|          2|   15|         30|
    |ap_phi_mux_data_26_V_read94_rewind_phi_fu_1027_p6  |   9|          2|   15|         30|
    |ap_phi_mux_data_27_V_read95_rewind_phi_fu_1041_p6  |   9|          2|   15|         30|
    |ap_phi_mux_data_28_V_read96_rewind_phi_fu_1055_p6  |   9|          2|   15|         30|
    |ap_phi_mux_data_29_V_read97_rewind_phi_fu_1069_p6  |   9|          2|   15|         30|
    |ap_phi_mux_data_2_V_read70_rewind_phi_fu_691_p6    |   9|          2|   15|         30|
    |ap_phi_mux_data_30_V_read98_rewind_phi_fu_1083_p6  |   9|          2|   15|         30|
    |ap_phi_mux_data_31_V_read99_rewind_phi_fu_1097_p6  |   9|          2|   15|         30|
    |ap_phi_mux_data_3_V_read71_rewind_phi_fu_705_p6    |   9|          2|   15|         30|
    |ap_phi_mux_data_4_V_read72_rewind_phi_fu_719_p6    |   9|          2|   15|         30|
    |ap_phi_mux_data_5_V_read73_rewind_phi_fu_733_p6    |   9|          2|   15|         30|
    |ap_phi_mux_data_6_V_read74_rewind_phi_fu_747_p6    |   9|          2|   15|         30|
    |ap_phi_mux_data_7_V_read75_rewind_phi_fu_761_p6    |   9|          2|   15|         30|
    |ap_phi_mux_data_8_V_read76_rewind_phi_fu_775_p6    |   9|          2|   15|         30|
    |ap_phi_mux_data_9_V_read77_rewind_phi_fu_789_p6    |   9|          2|   15|         30|
    |ap_phi_mux_do_init_phi_fu_647_p6                   |  15|          3|    1|          3|
    |ap_phi_mux_w_index67_phi_fu_1111_p6                |  15|          3|    4|         12|
    |ap_return_0                                        |   9|          2|   16|         32|
    |ap_return_1                                        |   9|          2|   16|         32|
    |ap_return_10                                       |   9|          2|   16|         32|
    |ap_return_11                                       |   9|          2|   16|         32|
    |ap_return_12                                       |   9|          2|   16|         32|
    |ap_return_13                                       |   9|          2|   16|         32|
    |ap_return_14                                       |   9|          2|   16|         32|
    |ap_return_15                                       |   9|          2|   16|         32|
    |ap_return_16                                       |   9|          2|   16|         32|
    |ap_return_17                                       |   9|          2|   16|         32|
    |ap_return_18                                       |   9|          2|   16|         32|
    |ap_return_19                                       |   9|          2|   16|         32|
    |ap_return_2                                        |   9|          2|   16|         32|
    |ap_return_20                                       |   9|          2|   16|         32|
    |ap_return_21                                       |   9|          2|   16|         32|
    |ap_return_22                                       |   9|          2|   16|         32|
    |ap_return_23                                       |   9|          2|   16|         32|
    |ap_return_24                                       |   9|          2|   16|         32|
    |ap_return_25                                       |   9|          2|   16|         32|
    |ap_return_26                                       |   9|          2|   16|         32|
    |ap_return_27                                       |   9|          2|   16|         32|
    |ap_return_28                                       |   9|          2|   16|         32|
    |ap_return_29                                       |   9|          2|   16|         32|
    |ap_return_3                                        |   9|          2|   16|         32|
    |ap_return_30                                       |   9|          2|   16|         32|
    |ap_return_31                                       |   9|          2|   16|         32|
    |ap_return_4                                        |   9|          2|   16|         32|
    |ap_return_5                                        |   9|          2|   16|         32|
    |ap_return_6                                        |   9|          2|   16|         32|
    |ap_return_7                                        |   9|          2|   16|         32|
    |ap_return_8                                        |   9|          2|   16|         32|
    |ap_return_9                                        |   9|          2|   16|         32|
    |data_0_V_read68_phi_reg_1122                       |  15|          3|   15|         45|
    |data_10_V_read78_phi_reg_1252                      |  15|          3|   15|         45|
    |data_11_V_read79_phi_reg_1265                      |  15|          3|   15|         45|
    |data_12_V_read80_phi_reg_1278                      |  15|          3|   15|         45|
    |data_13_V_read81_phi_reg_1291                      |  15|          3|   15|         45|
    |data_14_V_read82_phi_reg_1304                      |  15|          3|   15|         45|
    |data_15_V_read83_phi_reg_1317                      |  15|          3|   15|         45|
    |data_16_V_read84_phi_reg_1330                      |  15|          3|   15|         45|
    |data_17_V_read85_phi_reg_1343                      |  15|          3|   15|         45|
    |data_18_V_read86_phi_reg_1356                      |  15|          3|   15|         45|
    |data_19_V_read87_phi_reg_1369                      |  15|          3|   15|         45|
    |data_1_V_read69_phi_reg_1135                       |  15|          3|   15|         45|
    |data_20_V_read88_phi_reg_1382                      |  15|          3|   15|         45|
    |data_21_V_read89_phi_reg_1395                      |  15|          3|   15|         45|
    |data_22_V_read90_phi_reg_1408                      |  15|          3|   15|         45|
    |data_23_V_read91_phi_reg_1421                      |  15|          3|   15|         45|
    |data_24_V_read92_phi_reg_1434                      |  15|          3|   15|         45|
    |data_25_V_read93_phi_reg_1447                      |  15|          3|   15|         45|
    |data_26_V_read94_phi_reg_1460                      |  15|          3|   15|         45|
    |data_27_V_read95_phi_reg_1473                      |  15|          3|   15|         45|
    |data_28_V_read96_phi_reg_1486                      |  15|          3|   15|         45|
    |data_29_V_read97_phi_reg_1499                      |  15|          3|   15|         45|
    |data_2_V_read70_phi_reg_1148                       |  15|          3|   15|         45|
    |data_30_V_read98_phi_reg_1512                      |  15|          3|   15|         45|
    |data_31_V_read99_phi_reg_1525                      |  15|          3|   15|         45|
    |data_3_V_read71_phi_reg_1161                       |  15|          3|   15|         45|
    |data_4_V_read72_phi_reg_1174                       |  15|          3|   15|         45|
    |data_5_V_read73_phi_reg_1187                       |  15|          3|   15|         45|
    |data_6_V_read74_phi_reg_1200                       |  15|          3|   15|         45|
    |data_7_V_read75_phi_reg_1213                       |  15|          3|   15|         45|
    |data_8_V_read76_phi_reg_1226                       |  15|          3|   15|         45|
    |data_9_V_read77_phi_reg_1239                       |  15|          3|   15|         45|
    |res_0_V_write_assign65_reg_1538                    |   9|          2|   16|         32|
    |res_10_V_write_assign45_reg_1678                   |   9|          2|   16|         32|
    |res_11_V_write_assign43_reg_1692                   |   9|          2|   16|         32|
    |res_12_V_write_assign41_reg_1706                   |   9|          2|   16|         32|
    |res_13_V_write_assign39_reg_1720                   |   9|          2|   16|         32|
    |res_14_V_write_assign37_reg_1734                   |   9|          2|   16|         32|
    |res_15_V_write_assign35_reg_1748                   |   9|          2|   16|         32|
    |res_16_V_write_assign33_reg_1762                   |   9|          2|   16|         32|
    |res_17_V_write_assign31_reg_1776                   |   9|          2|   16|         32|
    |res_18_V_write_assign29_reg_1790                   |   9|          2|   16|         32|
    |res_19_V_write_assign27_reg_1804                   |   9|          2|   16|         32|
    |res_1_V_write_assign63_reg_1552                    |   9|          2|   16|         32|
    |res_20_V_write_assign25_reg_1818                   |   9|          2|   16|         32|
    |res_21_V_write_assign23_reg_1832                   |   9|          2|   16|         32|
    |res_22_V_write_assign21_reg_1846                   |   9|          2|   16|         32|
    |res_23_V_write_assign19_reg_1860                   |   9|          2|   16|         32|
    |res_24_V_write_assign17_reg_1874                   |   9|          2|   16|         32|
    |res_25_V_write_assign15_reg_1888                   |   9|          2|   16|         32|
    |res_26_V_write_assign13_reg_1902                   |   9|          2|   16|         32|
    |res_27_V_write_assign11_reg_1916                   |   9|          2|   16|         32|
    |res_28_V_write_assign9_reg_1930                    |   9|          2|   16|         32|
    |res_29_V_write_assign7_reg_1944                    |   9|          2|   16|         32|
    |res_2_V_write_assign61_reg_1566                    |   9|          2|   16|         32|
    |res_30_V_write_assign5_reg_1958                    |   9|          2|   16|         32|
    |res_31_V_write_assign3_reg_1972                    |   9|          2|   16|         32|
    |res_3_V_write_assign59_reg_1580                    |   9|          2|   16|         32|
    |res_4_V_write_assign57_reg_1594                    |   9|          2|   16|         32|
    |res_5_V_write_assign55_reg_1608                    |   9|          2|   16|         32|
    |res_6_V_write_assign53_reg_1622                    |   9|          2|   16|         32|
    |res_7_V_write_assign51_reg_1636                    |   9|          2|   16|         32|
    |res_8_V_write_assign49_reg_1650                    |   9|          2|   16|         32|
    |res_9_V_write_assign47_reg_1664                    |   9|          2|   16|         32|
    |w_index67_reg_1107                                 |   9|          2|    4|          8|
    +---------------------------------------------------+----+-----------+-----+-----------+
    |Total                                              |1425|        305| 1997|       4480|
    +---------------------------------------------------+----+-----------+-----+-----------+

    * Register: 
    +----------------------------------+----+----+-----+-----------+
    |               Name               | FF | LUT| Bits| Const Bits|
    +----------------------------------+----+----+-----+-----------+
    |ap_CS_fsm                         |   2|   0|    2|          0|
    |ap_done_reg                       |   1|   0|    1|          0|
    |ap_enable_reg_pp0_iter1           |   1|   0|    1|          0|
    |ap_enable_reg_pp0_iter2           |   1|   0|    1|          0|
    |ap_enable_reg_pp0_iter3           |   1|   0|    1|          0|
    |ap_enable_reg_pp0_iter4           |   1|   0|    1|          0|
    |ap_enable_reg_pp0_iter5           |   1|   0|    1|          0|
    |ap_return_0_preg                  |  16|   0|   16|          0|
    |ap_return_10_preg                 |  16|   0|   16|          0|
    |ap_return_11_preg                 |  16|   0|   16|          0|
    |ap_return_12_preg                 |  16|   0|   16|          0|
    |ap_return_13_preg                 |  16|   0|   16|          0|
    |ap_return_14_preg                 |  16|   0|   16|          0|
    |ap_return_15_preg                 |  16|   0|   16|          0|
    |ap_return_16_preg                 |  16|   0|   16|          0|
    |ap_return_17_preg                 |  16|   0|   16|          0|
    |ap_return_18_preg                 |  16|   0|   16|          0|
    |ap_return_19_preg                 |  16|   0|   16|          0|
    |ap_return_1_preg                  |  16|   0|   16|          0|
    |ap_return_20_preg                 |  16|   0|   16|          0|
    |ap_return_21_preg                 |  16|   0|   16|          0|
    |ap_return_22_preg                 |  16|   0|   16|          0|
    |ap_return_23_preg                 |  16|   0|   16|          0|
    |ap_return_24_preg                 |  16|   0|   16|          0|
    |ap_return_25_preg                 |  16|   0|   16|          0|
    |ap_return_26_preg                 |  16|   0|   16|          0|
    |ap_return_27_preg                 |  16|   0|   16|          0|
    |ap_return_28_preg                 |  16|   0|   16|          0|
    |ap_return_29_preg                 |  16|   0|   16|          0|
    |ap_return_2_preg                  |  16|   0|   16|          0|
    |ap_return_30_preg                 |  16|   0|   16|          0|
    |ap_return_31_preg                 |  16|   0|   16|          0|
    |ap_return_3_preg                  |  16|   0|   16|          0|
    |ap_return_4_preg                  |  16|   0|   16|          0|
    |ap_return_5_preg                  |  16|   0|   16|          0|
    |ap_return_6_preg                  |  16|   0|   16|          0|
    |ap_return_7_preg                  |  16|   0|   16|          0|
    |ap_return_8_preg                  |  16|   0|   16|          0|
    |ap_return_9_preg                  |  16|   0|   16|          0|
    |data_0_V_read68_phi_reg_1122      |  15|   0|   15|          0|
    |data_0_V_read68_rewind_reg_659    |  15|   0|   15|          0|
    |data_10_V_read78_phi_reg_1252     |  15|   0|   15|          0|
    |data_10_V_read78_rewind_reg_799   |  15|   0|   15|          0|
    |data_11_V_read79_phi_reg_1265     |  15|   0|   15|          0|
    |data_11_V_read79_rewind_reg_813   |  15|   0|   15|          0|
    |data_12_V_read80_phi_reg_1278     |  15|   0|   15|          0|
    |data_12_V_read80_rewind_reg_827   |  15|   0|   15|          0|
    |data_13_V_read81_phi_reg_1291     |  15|   0|   15|          0|
    |data_13_V_read81_rewind_reg_841   |  15|   0|   15|          0|
    |data_14_V_read82_phi_reg_1304     |  15|   0|   15|          0|
    |data_14_V_read82_rewind_reg_855   |  15|   0|   15|          0|
    |data_15_V_read83_phi_reg_1317     |  15|   0|   15|          0|
    |data_15_V_read83_rewind_reg_869   |  15|   0|   15|          0|
    |data_16_V_read84_phi_reg_1330     |  15|   0|   15|          0|
    |data_16_V_read84_rewind_reg_883   |  15|   0|   15|          0|
    |data_17_V_read85_phi_reg_1343     |  15|   0|   15|          0|
    |data_17_V_read85_rewind_reg_897   |  15|   0|   15|          0|
    |data_18_V_read86_phi_reg_1356     |  15|   0|   15|          0|
    |data_18_V_read86_rewind_reg_911   |  15|   0|   15|          0|
    |data_19_V_read87_phi_reg_1369     |  15|   0|   15|          0|
    |data_19_V_read87_rewind_reg_925   |  15|   0|   15|          0|
    |data_1_V_read69_phi_reg_1135      |  15|   0|   15|          0|
    |data_1_V_read69_rewind_reg_673    |  15|   0|   15|          0|
    |data_20_V_read88_phi_reg_1382     |  15|   0|   15|          0|
    |data_20_V_read88_rewind_reg_939   |  15|   0|   15|          0|
    |data_21_V_read89_phi_reg_1395     |  15|   0|   15|          0|
    |data_21_V_read89_rewind_reg_953   |  15|   0|   15|          0|
    |data_22_V_read90_phi_reg_1408     |  15|   0|   15|          0|
    |data_22_V_read90_rewind_reg_967   |  15|   0|   15|          0|
    |data_23_V_read91_phi_reg_1421     |  15|   0|   15|          0|
    |data_23_V_read91_rewind_reg_981   |  15|   0|   15|          0|
    |data_24_V_read92_phi_reg_1434     |  15|   0|   15|          0|
    |data_24_V_read92_rewind_reg_995   |  15|   0|   15|          0|
    |data_25_V_read93_phi_reg_1447     |  15|   0|   15|          0|
    |data_25_V_read93_rewind_reg_1009  |  15|   0|   15|          0|
    |data_26_V_read94_phi_reg_1460     |  15|   0|   15|          0|
    |data_26_V_read94_rewind_reg_1023  |  15|   0|   15|          0|
    |data_27_V_read95_phi_reg_1473     |  15|   0|   15|          0|
    |data_27_V_read95_rewind_reg_1037  |  15|   0|   15|          0|
    |data_28_V_read96_phi_reg_1486     |  15|   0|   15|          0|
    |data_28_V_read96_rewind_reg_1051  |  15|   0|   15|          0|
    |data_29_V_read97_phi_reg_1499     |  15|   0|   15|          0|
    |data_29_V_read97_rewind_reg_1065  |  15|   0|   15|          0|
    |data_2_V_read70_phi_reg_1148      |  15|   0|   15|          0|
    |data_2_V_read70_rewind_reg_687    |  15|   0|   15|          0|
    |data_30_V_read98_phi_reg_1512     |  15|   0|   15|          0|
    |data_30_V_read98_rewind_reg_1079  |  15|   0|   15|          0|
    |data_31_V_read99_phi_reg_1525     |  15|   0|   15|          0|
    |data_31_V_read99_rewind_reg_1093  |  15|   0|   15|          0|
    |data_3_V_read71_phi_reg_1161      |  15|   0|   15|          0|
    |data_3_V_read71_rewind_reg_701    |  15|   0|   15|          0|
    |data_4_V_read72_phi_reg_1174      |  15|   0|   15|          0|
    |data_4_V_read72_rewind_reg_715    |  15|   0|   15|          0|
    |data_5_V_read73_phi_reg_1187      |  15|   0|   15|          0|
    |data_5_V_read73_rewind_reg_729    |  15|   0|   15|          0|
    |data_6_V_read74_phi_reg_1200      |  15|   0|   15|          0|
    |data_6_V_read74_rewind_reg_743    |  15|   0|   15|          0|
    |data_7_V_read75_phi_reg_1213      |  15|   0|   15|          0|
    |data_7_V_read75_rewind_reg_757    |  15|   0|   15|          0|
    |data_8_V_read76_phi_reg_1226      |  15|   0|   15|          0|
    |data_8_V_read76_rewind_reg_771    |  15|   0|   15|          0|
    |data_9_V_read77_phi_reg_1239      |  15|   0|   15|          0|
    |data_9_V_read77_rewind_reg_785    |  15|   0|   15|          0|
    |do_init_reg_643                   |   1|   0|    1|          0|
    |icmp_ln64_reg_9067                |   1|   0|    1|          0|
    |mul_ln1118_10_reg_10381           |  26|   0|   26|          0|
    |mul_ln1118_11_reg_10386           |  26|   0|   26|          0|
    |mul_ln1118_12_reg_10391           |  26|   0|   26|          0|
    |mul_ln1118_13_reg_10396           |  26|   0|   26|          0|
    |mul_ln1118_14_reg_10401           |  26|   0|   26|          0|
    |mul_ln1118_15_reg_10406           |  26|   0|   26|          0|
    |mul_ln1118_16_reg_10411           |  26|   0|   26|          0|
    |mul_ln1118_17_reg_10416           |  26|   0|   26|          0|
    |mul_ln1118_18_reg_10421           |  26|   0|   26|          0|
    |mul_ln1118_19_reg_10426           |  26|   0|   26|          0|
    |mul_ln1118_20_reg_10431           |  26|   0|   26|          0|
    |mul_ln1118_21_reg_10436           |  26|   0|   26|          0|
    |mul_ln1118_22_reg_10441           |  26|   0|   26|          0|
    |mul_ln1118_23_reg_10446           |  26|   0|   26|          0|
    |mul_ln1118_24_reg_10451           |  26|   0|   26|          0|
    |mul_ln1118_25_reg_10456           |  26|   0|   26|          0|
    |mul_ln1118_26_reg_10461           |  26|   0|   26|          0|
    |mul_ln1118_27_reg_10466           |  26|   0|   26|          0|
    |mul_ln1118_28_reg_10471           |  26|   0|   26|          0|
    |mul_ln1118_29_reg_10476           |  26|   0|   26|          0|
    |mul_ln1118_30_reg_10481           |  26|   0|   26|          0|
    |mul_ln1118_31_reg_10486           |  26|   0|   26|          0|
    |mul_ln1118_32_reg_10491           |  26|   0|   26|          0|
    |mul_ln1118_33_reg_10496           |  26|   0|   26|          0|
    |mul_ln1118_34_reg_10501           |  26|   0|   26|          0|
    |mul_ln1118_35_reg_10506           |  26|   0|   26|          0|
    |mul_ln1118_36_reg_10511           |  26|   0|   26|          0|
    |mul_ln1118_37_reg_10516           |  26|   0|   26|          0|
    |mul_ln1118_38_reg_10521           |  26|   0|   26|          0|
    |mul_ln1118_39_reg_10526           |  26|   0|   26|          0|
    |mul_ln1118_40_reg_10531           |  26|   0|   26|          0|
    |mul_ln1118_41_reg_10536           |  26|   0|   26|          0|
    |mul_ln1118_42_reg_10541           |  26|   0|   26|          0|
    |mul_ln1118_43_reg_10546           |  26|   0|   26|          0|
    |mul_ln1118_44_reg_10551           |  26|   0|   26|          0|
    |mul_ln1118_45_reg_10556           |  26|   0|   26|          0|
    |mul_ln1118_46_reg_10561           |  26|   0|   26|          0|
    |mul_ln1118_47_reg_10566           |  26|   0|   26|          0|
    |mul_ln1118_48_reg_10571           |  26|   0|   26|          0|
    |mul_ln1118_49_reg_10576           |  26|   0|   26|          0|
    |mul_ln1118_50_reg_10581           |  26|   0|   26|          0|
    |mul_ln1118_51_reg_10586           |  26|   0|   26|          0|
    |mul_ln1118_52_reg_10591           |  26|   0|   26|          0|
    |mul_ln1118_53_reg_10596           |  26|   0|   26|          0|
    |mul_ln1118_54_reg_10601           |  26|   0|   26|          0|
    |mul_ln1118_55_reg_10606           |  26|   0|   26|          0|
    |mul_ln1118_56_reg_10611           |  26|   0|   26|          0|
    |mul_ln1118_57_reg_10616           |  26|   0|   26|          0|
    |mul_ln1118_58_reg_10621           |  26|   0|   26|          0|
    |mul_ln1118_59_reg_10626           |  26|   0|   26|          0|
    |mul_ln1118_5_reg_10356            |  26|   0|   26|          0|
    |mul_ln1118_60_reg_10631           |  26|   0|   26|          0|
    |mul_ln1118_61_reg_10636           |  26|   0|   26|          0|
    |mul_ln1118_62_reg_10641           |  26|   0|   26|          0|
    |mul_ln1118_63_reg_10646           |  26|   0|   26|          0|
    |mul_ln1118_64_reg_10651           |  26|   0|   26|          0|
    |mul_ln1118_65_reg_10656           |  26|   0|   26|          0|
    |mul_ln1118_66_reg_10661           |  26|   0|   26|          0|
    |mul_ln1118_67_reg_10666           |  25|   0|   25|          0|
    |mul_ln1118_6_reg_10361            |  26|   0|   26|          0|
    |mul_ln1118_7_reg_10366            |  26|   0|   26|          0|
    |mul_ln1118_8_reg_10371            |  26|   0|   26|          0|
    |mul_ln1118_9_reg_10376            |  26|   0|   26|          0|
    |mul_ln1118_reg_10351              |  26|   0|   26|          0|
    |phi_ln76_10_reg_9181              |  15|   0|   15|          0|
    |phi_ln76_11_reg_9191              |  15|   0|   15|          0|
    |phi_ln76_12_reg_9201              |  15|   0|   15|          0|
    |phi_ln76_13_reg_9211              |  15|   0|   15|          0|
    |phi_ln76_14_reg_9221              |  15|   0|   15|          0|
    |phi_ln76_15_reg_9231              |  15|   0|   15|          0|
    |phi_ln76_16_reg_9241              |  15|   0|   15|          0|
    |phi_ln76_17_reg_9251              |  15|   0|   15|          0|
    |phi_ln76_18_reg_9261              |  15|   0|   15|          0|
    |phi_ln76_19_reg_9271              |  15|   0|   15|          0|
    |phi_ln76_1_reg_9081               |  15|   0|   15|          0|
    |phi_ln76_20_reg_9281              |  15|   0|   15|          0|
    |phi_ln76_21_reg_9291              |  15|   0|   15|          0|
    |phi_ln76_22_reg_9301              |  15|   0|   15|          0|
    |phi_ln76_23_reg_9311              |  15|   0|   15|          0|
    |phi_ln76_24_reg_9321              |  15|   0|   15|          0|
    |phi_ln76_25_reg_9331              |  15|   0|   15|          0|
    |phi_ln76_26_reg_9341              |  15|   0|   15|          0|
    |phi_ln76_27_reg_9351              |  15|   0|   15|          0|
    |phi_ln76_28_reg_9361              |  15|   0|   15|          0|
    |phi_ln76_29_reg_9371              |  15|   0|   15|          0|
    |phi_ln76_2_reg_9091               |  15|   0|   15|          0|
    |phi_ln76_30_reg_9381              |  15|   0|   15|          0|
    |phi_ln76_31_reg_9391              |  15|   0|   15|          0|
    |phi_ln76_32_reg_9401              |  15|   0|   15|          0|
    |phi_ln76_33_reg_9411              |  15|   0|   15|          0|
    |phi_ln76_34_reg_9421              |  15|   0|   15|          0|
    |phi_ln76_35_reg_9431              |  15|   0|   15|          0|
    |phi_ln76_36_reg_9441              |  15|   0|   15|          0|
    |phi_ln76_37_reg_9451              |  15|   0|   15|          0|
    |phi_ln76_38_reg_9461              |  15|   0|   15|          0|
    |phi_ln76_39_reg_9471              |  15|   0|   15|          0|
    |phi_ln76_3_reg_9101               |  15|   0|   15|          0|
    |phi_ln76_40_reg_9481              |  15|   0|   15|          0|
    |phi_ln76_41_reg_9491              |  15|   0|   15|          0|
    |phi_ln76_42_reg_9501              |  15|   0|   15|          0|
    |phi_ln76_43_reg_9511              |  15|   0|   15|          0|
    |phi_ln76_44_reg_9521              |  15|   0|   15|          0|
    |phi_ln76_45_reg_9531              |  15|   0|   15|          0|
    |phi_ln76_46_reg_9541              |  15|   0|   15|          0|
    |phi_ln76_47_reg_9551              |  15|   0|   15|          0|
    |phi_ln76_48_reg_9561              |  15|   0|   15|          0|
    |phi_ln76_49_reg_9571              |  15|   0|   15|          0|
    |phi_ln76_4_reg_9111               |  15|   0|   15|          0|
    |phi_ln76_50_reg_9581              |  15|   0|   15|          0|
    |phi_ln76_51_reg_9591              |  15|   0|   15|          0|
    |phi_ln76_52_reg_9601              |  15|   0|   15|          0|
    |phi_ln76_53_reg_9611              |  15|   0|   15|          0|
    |phi_ln76_54_reg_9621              |  15|   0|   15|          0|
    |phi_ln76_55_reg_9631              |  15|   0|   15|          0|
    |phi_ln76_56_reg_9641              |  15|   0|   15|          0|
    |phi_ln76_57_reg_9651              |  15|   0|   15|          0|
    |phi_ln76_58_reg_9661              |  15|   0|   15|          0|
    |phi_ln76_59_reg_9671              |  15|   0|   15|          0|
    |phi_ln76_5_reg_9121               |  15|   0|   15|          0|
    |phi_ln76_60_reg_9681              |  15|   0|   15|          0|
    |phi_ln76_61_reg_9691              |  15|   0|   15|          0|
    |phi_ln76_62_reg_9701              |  15|   0|   15|          0|
    |phi_ln76_6_reg_9131               |  15|   0|   15|          0|
    |phi_ln76_7_reg_9141               |  15|   0|   15|          0|
    |phi_ln76_8_reg_9151               |  15|   0|   15|          0|
    |phi_ln76_9_reg_9161               |  15|   0|   15|          0|
    |phi_ln76_s_reg_9171               |  15|   0|   15|          0|
    |phi_ln_reg_9071                   |  15|   0|   15|          0|
    |res_0_V_write_assign65_reg_1538   |  16|   0|   16|          0|
    |res_10_V_write_assign45_reg_1678  |  16|   0|   16|          0|
    |res_11_V_write_assign43_reg_1692  |  16|   0|   16|          0|
    |res_12_V_write_assign41_reg_1706  |  16|   0|   16|          0|
    |res_13_V_write_assign39_reg_1720  |  16|   0|   16|          0|
    |res_14_V_write_assign37_reg_1734  |  16|   0|   16|          0|
    |res_15_V_write_assign35_reg_1748  |  16|   0|   16|          0|
    |res_16_V_write_assign33_reg_1762  |  16|   0|   16|          0|
    |res_17_V_write_assign31_reg_1776  |  16|   0|   16|          0|
    |res_18_V_write_assign29_reg_1790  |  16|   0|   16|          0|
    |res_19_V_write_assign27_reg_1804  |  16|   0|   16|          0|
    |res_1_V_write_assign63_reg_1552   |  16|   0|   16|          0|
    |res_20_V_write_assign25_reg_1818  |  16|   0|   16|          0|
    |res_21_V_write_assign23_reg_1832  |  16|   0|   16|          0|
    |res_22_V_write_assign21_reg_1846  |  16|   0|   16|          0|
    |res_23_V_write_assign19_reg_1860  |  16|   0|   16|          0|
    |res_24_V_write_assign17_reg_1874  |  16|   0|   16|          0|
    |res_25_V_write_assign15_reg_1888  |  16|   0|   16|          0|
    |res_26_V_write_assign13_reg_1902  |  16|   0|   16|          0|
    |res_27_V_write_assign11_reg_1916  |  16|   0|   16|          0|
    |res_28_V_write_assign9_reg_1930   |  16|   0|   16|          0|
    |res_29_V_write_assign7_reg_1944   |  16|   0|   16|          0|
    |res_2_V_write_assign61_reg_1566   |  16|   0|   16|          0|
    |res_30_V_write_assign5_reg_1958   |  16|   0|   16|          0|
    |res_31_V_write_assign3_reg_1972   |  16|   0|   16|          0|
    |res_3_V_write_assign59_reg_1580   |  16|   0|   16|          0|
    |res_4_V_write_assign57_reg_1594   |  16|   0|   16|          0|
    |res_5_V_write_assign55_reg_1608   |  16|   0|   16|          0|
    |res_6_V_write_assign53_reg_1622   |  16|   0|   16|          0|
    |res_7_V_write_assign51_reg_1636   |  16|   0|   16|          0|
    |res_8_V_write_assign49_reg_1650   |  16|   0|   16|          0|
    |res_9_V_write_assign47_reg_1664   |  16|   0|   16|          0|
    |tmp_10_reg_9186                   |  16|   0|   16|          0|
    |tmp_11_reg_9196                   |  16|   0|   16|          0|
    |tmp_12_reg_9206                   |  16|   0|   16|          0|
    |tmp_13_reg_9216                   |  16|   0|   16|          0|
    |tmp_14_reg_9226                   |  16|   0|   16|          0|
    |tmp_15_reg_9236                   |  16|   0|   16|          0|
    |tmp_16_reg_9246                   |  16|   0|   16|          0|
    |tmp_17_reg_9256                   |  16|   0|   16|          0|
    |tmp_18_reg_9266                   |  16|   0|   16|          0|
    |tmp_19_reg_9276                   |  16|   0|   16|          0|
    |tmp_1_reg_9086                    |  16|   0|   16|          0|
    |tmp_20_reg_9286                   |  16|   0|   16|          0|
    |tmp_21_reg_9296                   |  16|   0|   16|          0|
    |tmp_22_reg_9306                   |  16|   0|   16|          0|
    |tmp_23_reg_9316                   |  16|   0|   16|          0|
    |tmp_24_reg_9326                   |  16|   0|   16|          0|
    |tmp_25_reg_9336                   |  16|   0|   16|          0|
    |tmp_26_reg_9346                   |  16|   0|   16|          0|
    |tmp_27_reg_9356                   |  16|   0|   16|          0|
    |tmp_28_reg_9366                   |  16|   0|   16|          0|
    |tmp_29_reg_9376                   |  16|   0|   16|          0|
    |tmp_2_reg_9096                    |  16|   0|   16|          0|
    |tmp_30_reg_9386                   |  16|   0|   16|          0|
    |tmp_31_reg_9396                   |  16|   0|   16|          0|
    |tmp_32_reg_9406                   |  16|   0|   16|          0|
    |tmp_33_reg_9416                   |  16|   0|   16|          0|
    |tmp_34_reg_9426                   |  16|   0|   16|          0|
    |tmp_35_reg_9436                   |  16|   0|   16|          0|
    |tmp_36_reg_9446                   |  16|   0|   16|          0|
    |tmp_37_reg_9456                   |  16|   0|   16|          0|
    |tmp_38_reg_9466                   |  16|   0|   16|          0|
    |tmp_39_reg_9476                   |  16|   0|   16|          0|
    |tmp_3_reg_9106                    |  16|   0|   16|          0|
    |tmp_40_reg_9486                   |  16|   0|   16|          0|
    |tmp_41_reg_9496                   |  16|   0|   16|          0|
    |tmp_42_reg_9506                   |  16|   0|   16|          0|
    |tmp_43_reg_9516                   |  16|   0|   16|          0|
    |tmp_44_reg_9526                   |  16|   0|   16|          0|
    |tmp_45_reg_9536                   |  16|   0|   16|          0|
    |tmp_46_reg_9546                   |  16|   0|   16|          0|
    |tmp_47_reg_9556                   |  16|   0|   16|          0|
    |tmp_48_reg_9566                   |  16|   0|   16|          0|
    |tmp_49_reg_9576                   |  16|   0|   16|          0|
    |tmp_4_reg_9116                    |  16|   0|   16|          0|
    |tmp_50_reg_9586                   |  16|   0|   16|          0|
    |tmp_51_reg_9596                   |  16|   0|   16|          0|
    |tmp_52_reg_9606                   |  16|   0|   16|          0|
    |tmp_53_reg_9616                   |  16|   0|   16|          0|
    |tmp_54_reg_9626                   |  16|   0|   16|          0|
    |tmp_55_reg_9636                   |  16|   0|   16|          0|
    |tmp_56_reg_9646                   |  16|   0|   16|          0|
    |tmp_57_reg_9656                   |  16|   0|   16|          0|
    |tmp_58_reg_9666                   |  16|   0|   16|          0|
    |tmp_59_reg_9676                   |  16|   0|   16|          0|
    |tmp_5_reg_9126                    |  16|   0|   16|          0|
    |tmp_60_reg_9686                   |  16|   0|   16|          0|
    |tmp_61_reg_9696                   |  16|   0|   16|          0|
    |tmp_62_reg_9706                   |  10|   0|   10|          0|
    |tmp_6_reg_9136                    |  16|   0|   16|          0|
    |tmp_7_reg_9146                    |  16|   0|   16|          0|
    |tmp_8_reg_9156                    |  16|   0|   16|          0|
    |tmp_9_reg_9166                    |  16|   0|   16|          0|
    |tmp_s_reg_9176                    |  16|   0|   16|          0|
    |trunc_ln76_reg_9076               |  16|   0|   16|          0|
    |w_index67_reg_1107                |   4|   0|    4|          0|
    |w_index_reg_9062                  |   4|   0|    4|          0|
    |icmp_ln64_reg_9067                |  64|  32|    1|          0|
    +----------------------------------+----+----+-----+-----------+
    |Total                             |5707|  32| 5644|          0|
    +----------------------------------+----+----+-----+-----------+



================================================================
== Interface
================================================================
* Summary: 
+----------------+-----+-----+------------+-------------------------------------------------------+--------------+
|    RTL Ports   | Dir | Bits|  Protocol  |                     Source Object                     |    C Type    |
+----------------+-----+-----+------------+-------------------------------------------------------+--------------+
|ap_clk          |  in |    1| ap_ctrl_hs | dense_resource<ap_fixed,ap_fixed<16,6,5,3,0>,config8> | return value |
|ap_rst          |  in |    1| ap_ctrl_hs | dense_resource<ap_fixed,ap_fixed<16,6,5,3,0>,config8> | return value |
|ap_start        |  in |    1| ap_ctrl_hs | dense_resource<ap_fixed,ap_fixed<16,6,5,3,0>,config8> | return value |
|ap_done         | out |    1| ap_ctrl_hs | dense_resource<ap_fixed,ap_fixed<16,6,5,3,0>,config8> | return value |
|ap_continue     |  in |    1| ap_ctrl_hs | dense_resource<ap_fixed,ap_fixed<16,6,5,3,0>,config8> | return value |
|ap_idle         | out |    1| ap_ctrl_hs | dense_resource<ap_fixed,ap_fixed<16,6,5,3,0>,config8> | return value |
|ap_ready        | out |    1| ap_ctrl_hs | dense_resource<ap_fixed,ap_fixed<16,6,5,3,0>,config8> | return value |
|ap_return_0     | out |   16| ap_ctrl_hs | dense_resource<ap_fixed,ap_fixed<16,6,5,3,0>,config8> | return value |
|ap_return_1     | out |   16| ap_ctrl_hs | dense_resource<ap_fixed,ap_fixed<16,6,5,3,0>,config8> | return value |
|ap_return_2     | out |   16| ap_ctrl_hs | dense_resource<ap_fixed,ap_fixed<16,6,5,3,0>,config8> | return value |
|ap_return_3     | out |   16| ap_ctrl_hs | dense_resource<ap_fixed,ap_fixed<16,6,5,3,0>,config8> | return value |
|ap_return_4     | out |   16| ap_ctrl_hs | dense_resource<ap_fixed,ap_fixed<16,6,5,3,0>,config8> | return value |
|ap_return_5     | out |   16| ap_ctrl_hs | dense_resource<ap_fixed,ap_fixed<16,6,5,3,0>,config8> | return value |
|ap_return_6     | out |   16| ap_ctrl_hs | dense_resource<ap_fixed,ap_fixed<16,6,5,3,0>,config8> | return value |
|ap_return_7     | out |   16| ap_ctrl_hs | dense_resource<ap_fixed,ap_fixed<16,6,5,3,0>,config8> | return value |
|ap_return_8     | out |   16| ap_ctrl_hs | dense_resource<ap_fixed,ap_fixed<16,6,5,3,0>,config8> | return value |
|ap_return_9     | out |   16| ap_ctrl_hs | dense_resource<ap_fixed,ap_fixed<16,6,5,3,0>,config8> | return value |
|ap_return_10    | out |   16| ap_ctrl_hs | dense_resource<ap_fixed,ap_fixed<16,6,5,3,0>,config8> | return value |
|ap_return_11    | out |   16| ap_ctrl_hs | dense_resource<ap_fixed,ap_fixed<16,6,5,3,0>,config8> | return value |
|ap_return_12    | out |   16| ap_ctrl_hs | dense_resource<ap_fixed,ap_fixed<16,6,5,3,0>,config8> | return value |
|ap_return_13    | out |   16| ap_ctrl_hs | dense_resource<ap_fixed,ap_fixed<16,6,5,3,0>,config8> | return value |
|ap_return_14    | out |   16| ap_ctrl_hs | dense_resource<ap_fixed,ap_fixed<16,6,5,3,0>,config8> | return value |
|ap_return_15    | out |   16| ap_ctrl_hs | dense_resource<ap_fixed,ap_fixed<16,6,5,3,0>,config8> | return value |
|ap_return_16    | out |   16| ap_ctrl_hs | dense_resource<ap_fixed,ap_fixed<16,6,5,3,0>,config8> | return value |
|ap_return_17    | out |   16| ap_ctrl_hs | dense_resource<ap_fixed,ap_fixed<16,6,5,3,0>,config8> | return value |
|ap_return_18    | out |   16| ap_ctrl_hs | dense_resource<ap_fixed,ap_fixed<16,6,5,3,0>,config8> | return value |
|ap_return_19    | out |   16| ap_ctrl_hs | dense_resource<ap_fixed,ap_fixed<16,6,5,3,0>,config8> | return value |
|ap_return_20    | out |   16| ap_ctrl_hs | dense_resource<ap_fixed,ap_fixed<16,6,5,3,0>,config8> | return value |
|ap_return_21    | out |   16| ap_ctrl_hs | dense_resource<ap_fixed,ap_fixed<16,6,5,3,0>,config8> | return value |
|ap_return_22    | out |   16| ap_ctrl_hs | dense_resource<ap_fixed,ap_fixed<16,6,5,3,0>,config8> | return value |
|ap_return_23    | out |   16| ap_ctrl_hs | dense_resource<ap_fixed,ap_fixed<16,6,5,3,0>,config8> | return value |
|ap_return_24    | out |   16| ap_ctrl_hs | dense_resource<ap_fixed,ap_fixed<16,6,5,3,0>,config8> | return value |
|ap_return_25    | out |   16| ap_ctrl_hs | dense_resource<ap_fixed,ap_fixed<16,6,5,3,0>,config8> | return value |
|ap_return_26    | out |   16| ap_ctrl_hs | dense_resource<ap_fixed,ap_fixed<16,6,5,3,0>,config8> | return value |
|ap_return_27    | out |   16| ap_ctrl_hs | dense_resource<ap_fixed,ap_fixed<16,6,5,3,0>,config8> | return value |
|ap_return_28    | out |   16| ap_ctrl_hs | dense_resource<ap_fixed,ap_fixed<16,6,5,3,0>,config8> | return value |
|ap_return_29    | out |   16| ap_ctrl_hs | dense_resource<ap_fixed,ap_fixed<16,6,5,3,0>,config8> | return value |
|ap_return_30    | out |   16| ap_ctrl_hs | dense_resource<ap_fixed,ap_fixed<16,6,5,3,0>,config8> | return value |
|ap_return_31    | out |   16| ap_ctrl_hs | dense_resource<ap_fixed,ap_fixed<16,6,5,3,0>,config8> | return value |
|data_0_V_read   |  in |   15|   ap_none  |                     data_0_V_read                     |    scalar    |
|data_1_V_read   |  in |   15|   ap_none  |                     data_1_V_read                     |    scalar    |
|data_2_V_read   |  in |   15|   ap_none  |                     data_2_V_read                     |    scalar    |
|data_3_V_read   |  in |   15|   ap_none  |                     data_3_V_read                     |    scalar    |
|data_4_V_read   |  in |   15|   ap_none  |                     data_4_V_read                     |    scalar    |
|data_5_V_read   |  in |   15|   ap_none  |                     data_5_V_read                     |    scalar    |
|data_6_V_read   |  in |   15|   ap_none  |                     data_6_V_read                     |    scalar    |
|data_7_V_read   |  in |   15|   ap_none  |                     data_7_V_read                     |    scalar    |
|data_8_V_read   |  in |   15|   ap_none  |                     data_8_V_read                     |    scalar    |
|data_9_V_read   |  in |   15|   ap_none  |                     data_9_V_read                     |    scalar    |
|data_10_V_read  |  in |   15|   ap_none  |                     data_10_V_read                    |    scalar    |
|data_11_V_read  |  in |   15|   ap_none  |                     data_11_V_read                    |    scalar    |
|data_12_V_read  |  in |   15|   ap_none  |                     data_12_V_read                    |    scalar    |
|data_13_V_read  |  in |   15|   ap_none  |                     data_13_V_read                    |    scalar    |
|data_14_V_read  |  in |   15|   ap_none  |                     data_14_V_read                    |    scalar    |
|data_15_V_read  |  in |   15|   ap_none  |                     data_15_V_read                    |    scalar    |
|data_16_V_read  |  in |   15|   ap_none  |                     data_16_V_read                    |    scalar    |
|data_17_V_read  |  in |   15|   ap_none  |                     data_17_V_read                    |    scalar    |
|data_18_V_read  |  in |   15|   ap_none  |                     data_18_V_read                    |    scalar    |
|data_19_V_read  |  in |   15|   ap_none  |                     data_19_V_read                    |    scalar    |
|data_20_V_read  |  in |   15|   ap_none  |                     data_20_V_read                    |    scalar    |
|data_21_V_read  |  in |   15|   ap_none  |                     data_21_V_read                    |    scalar    |
|data_22_V_read  |  in |   15|   ap_none  |                     data_22_V_read                    |    scalar    |
|data_23_V_read  |  in |   15|   ap_none  |                     data_23_V_read                    |    scalar    |
|data_24_V_read  |  in |   15|   ap_none  |                     data_24_V_read                    |    scalar    |
|data_25_V_read  |  in |   15|   ap_none  |                     data_25_V_read                    |    scalar    |
|data_26_V_read  |  in |   15|   ap_none  |                     data_26_V_read                    |    scalar    |
|data_27_V_read  |  in |   15|   ap_none  |                     data_27_V_read                    |    scalar    |
|data_28_V_read  |  in |   15|   ap_none  |                     data_28_V_read                    |    scalar    |
|data_29_V_read  |  in |   15|   ap_none  |                     data_29_V_read                    |    scalar    |
|data_30_V_read  |  in |   15|   ap_none  |                     data_30_V_read                    |    scalar    |
|data_31_V_read  |  in |   15|   ap_none  |                     data_31_V_read                    |    scalar    |
+----------------+-----+-----+------------+-------------------------------------------------------+--------------+

