

================================================================
== Vivado HLS Report for 'relu_ap_fixed_ap_fixed_16_6_0_0_0_relu_config4_s'
================================================================
* Date:           Wed Sep  8 19:08:52 2021

* Version:        2020.1 (Build 2897737 on Wed May 27 20:21:37 MDT 2020)
* Project:        myproject_prj
* Solution:       solution1
* Product family: zynq
* Target device:  xc7z020-clg400-1


================================================================
== Performance Estimates
================================================================
+ Timing: 
    * Summary: 
    +--------+---------+----------+------------+
    |  Clock |  Target | Estimated| Uncertainty|
    +--------+---------+----------+------------+
    |ap_clk  | 5.00 ns | 3.183 ns |   0.62 ns  |
    +--------+---------+----------+------------+

+ Latency: 
    * Summary: 
    +---------+---------+----------+----------+-----+-----+----------+
    |  Latency (cycles) |  Latency (absolute) |  Interval | Pipeline |
    |   min   |   max   |    min   |    max   | min | max |   Type   |
    +---------+---------+----------+----------+-----+-----+----------+
    |        0|        0|   0 ns   |   0 ns   |    1|    1| function |
    +---------+---------+----------+----------+-----+-----+----------+

    + Detail: 
        * Instance: 
        N/A

        * Loop: 
        N/A



================================================================
== Utilization Estimates
================================================================
* Summary: 
+-----------------+---------+-------+--------+-------+-----+
|       Name      | BRAM_18K| DSP48E|   FF   |  LUT  | URAM|
+-----------------+---------+-------+--------+-------+-----+
|DSP              |        -|      -|       -|      -|    -|
|Expression       |        -|      -|       0|   1794|    -|
|FIFO             |        -|      -|       -|      -|    -|
|Instance         |        -|      -|       -|      -|    -|
|Memory           |        -|      -|       -|      -|    -|
|Multiplexer      |        -|      -|       -|    585|    -|
|Register         |        -|      -|     962|      -|    -|
+-----------------+---------+-------+--------+-------+-----+
|Total            |        0|      0|     962|   2379|    0|
+-----------------+---------+-------+--------+-------+-----+
|Available        |      280|    220|  106400|  53200|    0|
+-----------------+---------+-------+--------+-------+-----+
|Utilization (%)  |        0|      0|   ~0   |      4|    0|
+-----------------+---------+-------+--------+-------+-----+

+ Detail: 
    * Instance: 
    N/A

    * DSP48E: 
    N/A

    * Memory: 
    N/A

    * FIFO: 
    N/A

    * Expression: 
    +---------------------------+----------+-------+---+----+------------+------------+
    |       Variable Name       | Operation| DSP48E| FF| LUT| Bitwidth P0| Bitwidth P1|
    +---------------------------+----------+-------+---+----+------------+------------+
    |icmp_ln1494_10_fu_720_p2   |   icmp   |      0|  0|  13|          16|           1|
    |icmp_ln1494_11_fu_738_p2   |   icmp   |      0|  0|  13|          16|           1|
    |icmp_ln1494_12_fu_756_p2   |   icmp   |      0|  0|  13|          16|           1|
    |icmp_ln1494_13_fu_774_p2   |   icmp   |      0|  0|  13|          16|           1|
    |icmp_ln1494_14_fu_792_p2   |   icmp   |      0|  0|  13|          16|           1|
    |icmp_ln1494_15_fu_810_p2   |   icmp   |      0|  0|  13|          16|           1|
    |icmp_ln1494_16_fu_828_p2   |   icmp   |      0|  0|  13|          16|           1|
    |icmp_ln1494_17_fu_846_p2   |   icmp   |      0|  0|  13|          16|           1|
    |icmp_ln1494_18_fu_864_p2   |   icmp   |      0|  0|  13|          16|           1|
    |icmp_ln1494_19_fu_882_p2   |   icmp   |      0|  0|  13|          16|           1|
    |icmp_ln1494_1_fu_558_p2    |   icmp   |      0|  0|  13|          16|           1|
    |icmp_ln1494_20_fu_900_p2   |   icmp   |      0|  0|  13|          16|           1|
    |icmp_ln1494_21_fu_918_p2   |   icmp   |      0|  0|  13|          16|           1|
    |icmp_ln1494_22_fu_936_p2   |   icmp   |      0|  0|  13|          16|           1|
    |icmp_ln1494_23_fu_954_p2   |   icmp   |      0|  0|  13|          16|           1|
    |icmp_ln1494_24_fu_972_p2   |   icmp   |      0|  0|  13|          16|           1|
    |icmp_ln1494_25_fu_990_p2   |   icmp   |      0|  0|  13|          16|           1|
    |icmp_ln1494_26_fu_1008_p2  |   icmp   |      0|  0|  13|          16|           1|
    |icmp_ln1494_27_fu_1026_p2  |   icmp   |      0|  0|  13|          16|           1|
    |icmp_ln1494_28_fu_1044_p2  |   icmp   |      0|  0|  13|          16|           1|
    |icmp_ln1494_29_fu_1062_p2  |   icmp   |      0|  0|  13|          16|           1|
    |icmp_ln1494_2_fu_576_p2    |   icmp   |      0|  0|  13|          16|           1|
    |icmp_ln1494_30_fu_1080_p2  |   icmp   |      0|  0|  13|          16|           1|
    |icmp_ln1494_31_fu_1098_p2  |   icmp   |      0|  0|  13|          16|           1|
    |icmp_ln1494_32_fu_1116_p2  |   icmp   |      0|  0|  13|          16|           1|
    |icmp_ln1494_33_fu_1134_p2  |   icmp   |      0|  0|  13|          16|           1|
    |icmp_ln1494_34_fu_1152_p2  |   icmp   |      0|  0|  13|          16|           1|
    |icmp_ln1494_35_fu_1170_p2  |   icmp   |      0|  0|  13|          16|           1|
    |icmp_ln1494_36_fu_1188_p2  |   icmp   |      0|  0|  13|          16|           1|
    |icmp_ln1494_37_fu_1206_p2  |   icmp   |      0|  0|  13|          16|           1|
    |icmp_ln1494_38_fu_1224_p2  |   icmp   |      0|  0|  13|          16|           1|
    |icmp_ln1494_39_fu_1242_p2  |   icmp   |      0|  0|  13|          16|           1|
    |icmp_ln1494_3_fu_594_p2    |   icmp   |      0|  0|  13|          16|           1|
    |icmp_ln1494_40_fu_1260_p2  |   icmp   |      0|  0|  13|          16|           1|
    |icmp_ln1494_41_fu_1278_p2  |   icmp   |      0|  0|  13|          16|           1|
    |icmp_ln1494_42_fu_1296_p2  |   icmp   |      0|  0|  13|          16|           1|
    |icmp_ln1494_43_fu_1314_p2  |   icmp   |      0|  0|  13|          16|           1|
    |icmp_ln1494_44_fu_1332_p2  |   icmp   |      0|  0|  13|          16|           1|
    |icmp_ln1494_45_fu_1350_p2  |   icmp   |      0|  0|  13|          16|           1|
    |icmp_ln1494_46_fu_1368_p2  |   icmp   |      0|  0|  13|          16|           1|
    |icmp_ln1494_47_fu_1386_p2  |   icmp   |      0|  0|  13|          16|           1|
    |icmp_ln1494_48_fu_1404_p2  |   icmp   |      0|  0|  13|          16|           1|
    |icmp_ln1494_49_fu_1422_p2  |   icmp   |      0|  0|  13|          16|           1|
    |icmp_ln1494_4_fu_612_p2    |   icmp   |      0|  0|  13|          16|           1|
    |icmp_ln1494_50_fu_1440_p2  |   icmp   |      0|  0|  13|          16|           1|
    |icmp_ln1494_51_fu_1458_p2  |   icmp   |      0|  0|  13|          16|           1|
    |icmp_ln1494_52_fu_1476_p2  |   icmp   |      0|  0|  13|          16|           1|
    |icmp_ln1494_53_fu_1494_p2  |   icmp   |      0|  0|  13|          16|           1|
    |icmp_ln1494_54_fu_1512_p2  |   icmp   |      0|  0|  13|          16|           1|
    |icmp_ln1494_55_fu_1530_p2  |   icmp   |      0|  0|  13|          16|           1|
    |icmp_ln1494_56_fu_1548_p2  |   icmp   |      0|  0|  13|          16|           1|
    |icmp_ln1494_57_fu_1566_p2  |   icmp   |      0|  0|  13|          16|           1|
    |icmp_ln1494_58_fu_1584_p2  |   icmp   |      0|  0|  13|          16|           1|
    |icmp_ln1494_59_fu_1602_p2  |   icmp   |      0|  0|  13|          16|           1|
    |icmp_ln1494_5_fu_630_p2    |   icmp   |      0|  0|  13|          16|           1|
    |icmp_ln1494_60_fu_1620_p2  |   icmp   |      0|  0|  13|          16|           1|
    |icmp_ln1494_61_fu_1638_p2  |   icmp   |      0|  0|  13|          16|           1|
    |icmp_ln1494_62_fu_1656_p2  |   icmp   |      0|  0|  13|          16|           1|
    |icmp_ln1494_63_fu_1674_p2  |   icmp   |      0|  0|  13|          16|           1|
    |icmp_ln1494_6_fu_648_p2    |   icmp   |      0|  0|  13|          16|           1|
    |icmp_ln1494_7_fu_666_p2    |   icmp   |      0|  0|  13|          16|           1|
    |icmp_ln1494_8_fu_684_p2    |   icmp   |      0|  0|  13|          16|           1|
    |icmp_ln1494_9_fu_702_p2    |   icmp   |      0|  0|  13|          16|           1|
    |icmp_ln1494_fu_540_p2      |   icmp   |      0|  0|  13|          16|           1|
    |ap_block_state1            |    or    |      0|  0|   2|           1|           1|
    |select_ln81_32_fu_564_p3   |  select  |      0|  0|  15|           1|          15|
    |select_ln81_33_fu_582_p3   |  select  |      0|  0|  15|           1|          15|
    |select_ln81_34_fu_600_p3   |  select  |      0|  0|  15|           1|          15|
    |select_ln81_35_fu_618_p3   |  select  |      0|  0|  15|           1|          15|
    |select_ln81_36_fu_636_p3   |  select  |      0|  0|  15|           1|          15|
    |select_ln81_37_fu_654_p3   |  select  |      0|  0|  15|           1|          15|
    |select_ln81_38_fu_672_p3   |  select  |      0|  0|  15|           1|          15|
    |select_ln81_39_fu_690_p3   |  select  |      0|  0|  15|           1|          15|
    |select_ln81_40_fu_708_p3   |  select  |      0|  0|  15|           1|          15|
    |select_ln81_41_fu_726_p3   |  select  |      0|  0|  15|           1|          15|
    |select_ln81_42_fu_744_p3   |  select  |      0|  0|  15|           1|          15|
    |select_ln81_43_fu_762_p3   |  select  |      0|  0|  15|           1|          15|
    |select_ln81_44_fu_780_p3   |  select  |      0|  0|  15|           1|          15|
    |select_ln81_45_fu_798_p3   |  select  |      0|  0|  15|           1|          15|
    |select_ln81_46_fu_816_p3   |  select  |      0|  0|  15|           1|          15|
    |select_ln81_47_fu_834_p3   |  select  |      0|  0|  15|           1|          15|
    |select_ln81_48_fu_852_p3   |  select  |      0|  0|  15|           1|          15|
    |select_ln81_49_fu_870_p3   |  select  |      0|  0|  15|           1|          15|
    |select_ln81_50_fu_888_p3   |  select  |      0|  0|  15|           1|          15|
    |select_ln81_51_fu_906_p3   |  select  |      0|  0|  15|           1|          15|
    |select_ln81_52_fu_924_p3   |  select  |      0|  0|  15|           1|          15|
    |select_ln81_53_fu_942_p3   |  select  |      0|  0|  15|           1|          15|
    |select_ln81_54_fu_960_p3   |  select  |      0|  0|  15|           1|          15|
    |select_ln81_55_fu_978_p3   |  select  |      0|  0|  15|           1|          15|
    |select_ln81_56_fu_996_p3   |  select  |      0|  0|  15|           1|          15|
    |select_ln81_57_fu_1014_p3  |  select  |      0|  0|  15|           1|          15|
    |select_ln81_58_fu_1032_p3  |  select  |      0|  0|  15|           1|          15|
    |select_ln81_59_fu_1050_p3  |  select  |      0|  0|  15|           1|          15|
    |select_ln81_60_fu_1068_p3  |  select  |      0|  0|  15|           1|          15|
    |select_ln81_61_fu_1086_p3  |  select  |      0|  0|  15|           1|          15|
    |select_ln81_62_fu_1104_p3  |  select  |      0|  0|  15|           1|          15|
    |select_ln81_63_fu_1122_p3  |  select  |      0|  0|  15|           1|          15|
    |select_ln81_64_fu_1140_p3  |  select  |      0|  0|  15|           1|          15|
    |select_ln81_65_fu_1158_p3  |  select  |      0|  0|  15|           1|          15|
    |select_ln81_66_fu_1176_p3  |  select  |      0|  0|  15|           1|          15|
    |select_ln81_67_fu_1194_p3  |  select  |      0|  0|  15|           1|          15|
    |select_ln81_68_fu_1212_p3  |  select  |      0|  0|  15|           1|          15|
    |select_ln81_69_fu_1230_p3  |  select  |      0|  0|  15|           1|          15|
    |select_ln81_70_fu_1248_p3  |  select  |      0|  0|  15|           1|          15|
    |select_ln81_71_fu_1266_p3  |  select  |      0|  0|  15|           1|          15|
    |select_ln81_72_fu_1284_p3  |  select  |      0|  0|  15|           1|          15|
    |select_ln81_73_fu_1302_p3  |  select  |      0|  0|  15|           1|          15|
    |select_ln81_74_fu_1320_p3  |  select  |      0|  0|  15|           1|          15|
    |select_ln81_75_fu_1338_p3  |  select  |      0|  0|  15|           1|          15|
    |select_ln81_76_fu_1356_p3  |  select  |      0|  0|  15|           1|          15|
    |select_ln81_77_fu_1374_p3  |  select  |      0|  0|  15|           1|          15|
    |select_ln81_78_fu_1392_p3  |  select  |      0|  0|  15|           1|          15|
    |select_ln81_79_fu_1410_p3  |  select  |      0|  0|  15|           1|          15|
    |select_ln81_80_fu_1428_p3  |  select  |      0|  0|  15|           1|          15|
    |select_ln81_81_fu_1446_p3  |  select  |      0|  0|  15|           1|          15|
    |select_ln81_82_fu_1464_p3  |  select  |      0|  0|  15|           1|          15|
    |select_ln81_83_fu_1482_p3  |  select  |      0|  0|  15|           1|          15|
    |select_ln81_84_fu_1500_p3  |  select  |      0|  0|  15|           1|          15|
    |select_ln81_85_fu_1518_p3  |  select  |      0|  0|  15|           1|          15|
    |select_ln81_86_fu_1536_p3  |  select  |      0|  0|  15|           1|          15|
    |select_ln81_87_fu_1554_p3  |  select  |      0|  0|  15|           1|          15|
    |select_ln81_88_fu_1572_p3  |  select  |      0|  0|  15|           1|          15|
    |select_ln81_89_fu_1590_p3  |  select  |      0|  0|  15|           1|          15|
    |select_ln81_90_fu_1608_p3  |  select  |      0|  0|  15|           1|          15|
    |select_ln81_91_fu_1626_p3  |  select  |      0|  0|  15|           1|          15|
    |select_ln81_92_fu_1644_p3  |  select  |      0|  0|  15|           1|          15|
    |select_ln81_93_fu_1662_p3  |  select  |      0|  0|  15|           1|          15|
    |select_ln81_94_fu_1680_p3  |  select  |      0|  0|  15|           1|          15|
    |select_ln81_fu_546_p3      |  select  |      0|  0|  15|           1|          15|
    +---------------------------+----------+-------+---+----+------------+------------+
    |Total                      |          |      0|  0|1794|        1089|        1025|
    +---------------------------+----------+-------+---+----+------------+------------+

    * Multiplexer: 
    +--------------+----+-----------+-----+-----------+
    |     Name     | LUT| Input Size| Bits| Total Bits|
    +--------------+----+-----------+-----+-----------+
    |ap_done       |   9|          2|    1|          2|
    |ap_return_0   |   9|          2|   15|         30|
    |ap_return_1   |   9|          2|   15|         30|
    |ap_return_10  |   9|          2|   15|         30|
    |ap_return_11  |   9|          2|   15|         30|
    |ap_return_12  |   9|          2|   15|         30|
    |ap_return_13  |   9|          2|   15|         30|
    |ap_return_14  |   9|          2|   15|         30|
    |ap_return_15  |   9|          2|   15|         30|
    |ap_return_16  |   9|          2|   15|         30|
    |ap_return_17  |   9|          2|   15|         30|
    |ap_return_18  |   9|          2|   15|         30|
    |ap_return_19  |   9|          2|   15|         30|
    |ap_return_2   |   9|          2|   15|         30|
    |ap_return_20  |   9|          2|   15|         30|
    |ap_return_21  |   9|          2|   15|         30|
    |ap_return_22  |   9|          2|   15|         30|
    |ap_return_23  |   9|          2|   15|         30|
    |ap_return_24  |   9|          2|   15|         30|
    |ap_return_25  |   9|          2|   15|         30|
    |ap_return_26  |   9|          2|   15|         30|
    |ap_return_27  |   9|          2|   15|         30|
    |ap_return_28  |   9|          2|   15|         30|
    |ap_return_29  |   9|          2|   15|         30|
    |ap_return_3   |   9|          2|   15|         30|
    |ap_return_30  |   9|          2|   15|         30|
    |ap_return_31  |   9|          2|   15|         30|
    |ap_return_32  |   9|          2|   15|         30|
    |ap_return_33  |   9|          2|   15|         30|
    |ap_return_34  |   9|          2|   15|         30|
    |ap_return_35  |   9|          2|   15|         30|
    |ap_return_36  |   9|          2|   15|         30|
    |ap_return_37  |   9|          2|   15|         30|
    |ap_return_38  |   9|          2|   15|         30|
    |ap_return_39  |   9|          2|   15|         30|
    |ap_return_4   |   9|          2|   15|         30|
    |ap_return_40  |   9|          2|   15|         30|
    |ap_return_41  |   9|          2|   15|         30|
    |ap_return_42  |   9|          2|   15|         30|
    |ap_return_43  |   9|          2|   15|         30|
    |ap_return_44  |   9|          2|   15|         30|
    |ap_return_45  |   9|          2|   15|         30|
    |ap_return_46  |   9|          2|   15|         30|
    |ap_return_47  |   9|          2|   15|         30|
    |ap_return_48  |   9|          2|   15|         30|
    |ap_return_49  |   9|          2|   15|         30|
    |ap_return_5   |   9|          2|   15|         30|
    |ap_return_50  |   9|          2|   15|         30|
    |ap_return_51  |   9|          2|   15|         30|
    |ap_return_52  |   9|          2|   15|         30|
    |ap_return_53  |   9|          2|   15|         30|
    |ap_return_54  |   9|          2|   15|         30|
    |ap_return_55  |   9|          2|   15|         30|
    |ap_return_56  |   9|          2|   15|         30|
    |ap_return_57  |   9|          2|   15|         30|
    |ap_return_58  |   9|          2|   15|         30|
    |ap_return_59  |   9|          2|   15|         30|
    |ap_return_6   |   9|          2|   15|         30|
    |ap_return_60  |   9|          2|   15|         30|
    |ap_return_61  |   9|          2|   15|         30|
    |ap_return_62  |   9|          2|   15|         30|
    |ap_return_63  |   9|          2|   15|         30|
    |ap_return_7   |   9|          2|   15|         30|
    |ap_return_8   |   9|          2|   15|         30|
    |ap_return_9   |   9|          2|   15|         30|
    +--------------+----+-----------+-----+-----------+
    |Total         | 585|        130|  961|       1922|
    +--------------+----+-----------+-----+-----------+

    * Register: 
    +-------------------+----+----+-----+-----------+
    |        Name       | FF | LUT| Bits| Const Bits|
    +-------------------+----+----+-----+-----------+
    |ap_CS_fsm          |   1|   0|    1|          0|
    |ap_done_reg        |   1|   0|    1|          0|
    |ap_return_0_preg   |  15|   0|   15|          0|
    |ap_return_10_preg  |  15|   0|   15|          0|
    |ap_return_11_preg  |  15|   0|   15|          0|
    |ap_return_12_preg  |  15|   0|   15|          0|
    |ap_return_13_preg  |  15|   0|   15|          0|
    |ap_return_14_preg  |  15|   0|   15|          0|
    |ap_return_15_preg  |  15|   0|   15|          0|
    |ap_return_16_preg  |  15|   0|   15|          0|
    |ap_return_17_preg  |  15|   0|   15|          0|
    |ap_return_18_preg  |  15|   0|   15|          0|
    |ap_return_19_preg  |  15|   0|   15|          0|
    |ap_return_1_preg   |  15|   0|   15|          0|
    |ap_return_20_preg  |  15|   0|   15|          0|
    |ap_return_21_preg  |  15|   0|   15|          0|
    |ap_return_22_preg  |  15|   0|   15|          0|
    |ap_return_23_preg  |  15|   0|   15|          0|
    |ap_return_24_preg  |  15|   0|   15|          0|
    |ap_return_25_preg  |  15|   0|   15|          0|
    |ap_return_26_preg  |  15|   0|   15|          0|
    |ap_return_27_preg  |  15|   0|   15|          0|
    |ap_return_28_preg  |  15|   0|   15|          0|
    |ap_return_29_preg  |  15|   0|   15|          0|
    |ap_return_2_preg   |  15|   0|   15|          0|
    |ap_return_30_preg  |  15|   0|   15|          0|
    |ap_return_31_preg  |  15|   0|   15|          0|
    |ap_return_32_preg  |  15|   0|   15|          0|
    |ap_return_33_preg  |  15|   0|   15|          0|
    |ap_return_34_preg  |  15|   0|   15|          0|
    |ap_return_35_preg  |  15|   0|   15|          0|
    |ap_return_36_preg  |  15|   0|   15|          0|
    |ap_return_37_preg  |  15|   0|   15|          0|
    |ap_return_38_preg  |  15|   0|   15|          0|
    |ap_return_39_preg  |  15|   0|   15|          0|
    |ap_return_3_preg   |  15|   0|   15|          0|
    |ap_return_40_preg  |  15|   0|   15|          0|
    |ap_return_41_preg  |  15|   0|   15|          0|
    |ap_return_42_preg  |  15|   0|   15|          0|
    |ap_return_43_preg  |  15|   0|   15|          0|
    |ap_return_44_preg  |  15|   0|   15|          0|
    |ap_return_45_preg  |  15|   0|   15|          0|
    |ap_return_46_preg  |  15|   0|   15|          0|
    |ap_return_47_preg  |  15|   0|   15|          0|
    |ap_return_48_preg  |  15|   0|   15|          0|
    |ap_return_49_preg  |  15|   0|   15|          0|
    |ap_return_4_preg   |  15|   0|   15|          0|
    |ap_return_50_preg  |  15|   0|   15|          0|
    |ap_return_51_preg  |  15|   0|   15|          0|
    |ap_return_52_preg  |  15|   0|   15|          0|
    |ap_return_53_preg  |  15|   0|   15|          0|
    |ap_return_54_preg  |  15|   0|   15|          0|
    |ap_return_55_preg  |  15|   0|   15|          0|
    |ap_return_56_preg  |  15|   0|   15|          0|
    |ap_return_57_preg  |  15|   0|   15|          0|
    |ap_return_58_preg  |  15|   0|   15|          0|
    |ap_return_59_preg  |  15|   0|   15|          0|
    |ap_return_5_preg   |  15|   0|   15|          0|
    |ap_return_60_preg  |  15|   0|   15|          0|
    |ap_return_61_preg  |  15|   0|   15|          0|
    |ap_return_62_preg  |  15|   0|   15|          0|
    |ap_return_63_preg  |  15|   0|   15|          0|
    |ap_return_6_preg   |  15|   0|   15|          0|
    |ap_return_7_preg   |  15|   0|   15|          0|
    |ap_return_8_preg   |  15|   0|   15|          0|
    |ap_return_9_preg   |  15|   0|   15|          0|
    +-------------------+----+----+-----+-----------+
    |Total              | 962|   0|  962|          0|
    +-------------------+----+----+-----+-----------+



================================================================
== Interface
================================================================
* Summary: 
+----------------+-----+-----+------------+--------------------------------------------------+--------------+
|    RTL Ports   | Dir | Bits|  Protocol  |                   Source Object                  |    C Type    |
+----------------+-----+-----+------------+--------------------------------------------------+--------------+
|ap_clk          |  in |    1| ap_ctrl_hs | relu<ap_fixed,ap_fixed<16,6,0,0,0>,relu_config4> | return value |
|ap_rst          |  in |    1| ap_ctrl_hs | relu<ap_fixed,ap_fixed<16,6,0,0,0>,relu_config4> | return value |
|ap_start        |  in |    1| ap_ctrl_hs | relu<ap_fixed,ap_fixed<16,6,0,0,0>,relu_config4> | return value |
|ap_done         | out |    1| ap_ctrl_hs | relu<ap_fixed,ap_fixed<16,6,0,0,0>,relu_config4> | return value |
|ap_continue     |  in |    1| ap_ctrl_hs | relu<ap_fixed,ap_fixed<16,6,0,0,0>,relu_config4> | return value |
|ap_idle         | out |    1| ap_ctrl_hs | relu<ap_fixed,ap_fixed<16,6,0,0,0>,relu_config4> | return value |
|ap_ready        | out |    1| ap_ctrl_hs | relu<ap_fixed,ap_fixed<16,6,0,0,0>,relu_config4> | return value |
|ap_return_0     | out |   15| ap_ctrl_hs | relu<ap_fixed,ap_fixed<16,6,0,0,0>,relu_config4> | return value |
|ap_return_1     | out |   15| ap_ctrl_hs | relu<ap_fixed,ap_fixed<16,6,0,0,0>,relu_config4> | return value |
|ap_return_2     | out |   15| ap_ctrl_hs | relu<ap_fixed,ap_fixed<16,6,0,0,0>,relu_config4> | return value |
|ap_return_3     | out |   15| ap_ctrl_hs | relu<ap_fixed,ap_fixed<16,6,0,0,0>,relu_config4> | return value |
|ap_return_4     | out |   15| ap_ctrl_hs | relu<ap_fixed,ap_fixed<16,6,0,0,0>,relu_config4> | return value |
|ap_return_5     | out |   15| ap_ctrl_hs | relu<ap_fixed,ap_fixed<16,6,0,0,0>,relu_config4> | return value |
|ap_return_6     | out |   15| ap_ctrl_hs | relu<ap_fixed,ap_fixed<16,6,0,0,0>,relu_config4> | return value |
|ap_return_7     | out |   15| ap_ctrl_hs | relu<ap_fixed,ap_fixed<16,6,0,0,0>,relu_config4> | return value |
|ap_return_8     | out |   15| ap_ctrl_hs | relu<ap_fixed,ap_fixed<16,6,0,0,0>,relu_config4> | return value |
|ap_return_9     | out |   15| ap_ctrl_hs | relu<ap_fixed,ap_fixed<16,6,0,0,0>,relu_config4> | return value |
|ap_return_10    | out |   15| ap_ctrl_hs | relu<ap_fixed,ap_fixed<16,6,0,0,0>,relu_config4> | return value |
|ap_return_11    | out |   15| ap_ctrl_hs | relu<ap_fixed,ap_fixed<16,6,0,0,0>,relu_config4> | return value |
|ap_return_12    | out |   15| ap_ctrl_hs | relu<ap_fixed,ap_fixed<16,6,0,0,0>,relu_config4> | return value |
|ap_return_13    | out |   15| ap_ctrl_hs | relu<ap_fixed,ap_fixed<16,6,0,0,0>,relu_config4> | return value |
|ap_return_14    | out |   15| ap_ctrl_hs | relu<ap_fixed,ap_fixed<16,6,0,0,0>,relu_config4> | return value |
|ap_return_15    | out |   15| ap_ctrl_hs | relu<ap_fixed,ap_fixed<16,6,0,0,0>,relu_config4> | return value |
|ap_return_16    | out |   15| ap_ctrl_hs | relu<ap_fixed,ap_fixed<16,6,0,0,0>,relu_config4> | return value |
|ap_return_17    | out |   15| ap_ctrl_hs | relu<ap_fixed,ap_fixed<16,6,0,0,0>,relu_config4> | return value |
|ap_return_18    | out |   15| ap_ctrl_hs | relu<ap_fixed,ap_fixed<16,6,0,0,0>,relu_config4> | return value |
|ap_return_19    | out |   15| ap_ctrl_hs | relu<ap_fixed,ap_fixed<16,6,0,0,0>,relu_config4> | return value |
|ap_return_20    | out |   15| ap_ctrl_hs | relu<ap_fixed,ap_fixed<16,6,0,0,0>,relu_config4> | return value |
|ap_return_21    | out |   15| ap_ctrl_hs | relu<ap_fixed,ap_fixed<16,6,0,0,0>,relu_config4> | return value |
|ap_return_22    | out |   15| ap_ctrl_hs | relu<ap_fixed,ap_fixed<16,6,0,0,0>,relu_config4> | return value |
|ap_return_23    | out |   15| ap_ctrl_hs | relu<ap_fixed,ap_fixed<16,6,0,0,0>,relu_config4> | return value |
|ap_return_24    | out |   15| ap_ctrl_hs | relu<ap_fixed,ap_fixed<16,6,0,0,0>,relu_config4> | return value |
|ap_return_25    | out |   15| ap_ctrl_hs | relu<ap_fixed,ap_fixed<16,6,0,0,0>,relu_config4> | return value |
|ap_return_26    | out |   15| ap_ctrl_hs | relu<ap_fixed,ap_fixed<16,6,0,0,0>,relu_config4> | return value |
|ap_return_27    | out |   15| ap_ctrl_hs | relu<ap_fixed,ap_fixed<16,6,0,0,0>,relu_config4> | return value |
|ap_return_28    | out |   15| ap_ctrl_hs | relu<ap_fixed,ap_fixed<16,6,0,0,0>,relu_config4> | return value |
|ap_return_29    | out |   15| ap_ctrl_hs | relu<ap_fixed,ap_fixed<16,6,0,0,0>,relu_config4> | return value |
|ap_return_30    | out |   15| ap_ctrl_hs | relu<ap_fixed,ap_fixed<16,6,0,0,0>,relu_config4> | return value |
|ap_return_31    | out |   15| ap_ctrl_hs | relu<ap_fixed,ap_fixed<16,6,0,0,0>,relu_config4> | return value |
|ap_return_32    | out |   15| ap_ctrl_hs | relu<ap_fixed,ap_fixed<16,6,0,0,0>,relu_config4> | return value |
|ap_return_33    | out |   15| ap_ctrl_hs | relu<ap_fixed,ap_fixed<16,6,0,0,0>,relu_config4> | return value |
|ap_return_34    | out |   15| ap_ctrl_hs | relu<ap_fixed,ap_fixed<16,6,0,0,0>,relu_config4> | return value |
|ap_return_35    | out |   15| ap_ctrl_hs | relu<ap_fixed,ap_fixed<16,6,0,0,0>,relu_config4> | return value |
|ap_return_36    | out |   15| ap_ctrl_hs | relu<ap_fixed,ap_fixed<16,6,0,0,0>,relu_config4> | return value |
|ap_return_37    | out |   15| ap_ctrl_hs | relu<ap_fixed,ap_fixed<16,6,0,0,0>,relu_config4> | return value |
|ap_return_38    | out |   15| ap_ctrl_hs | relu<ap_fixed,ap_fixed<16,6,0,0,0>,relu_config4> | return value |
|ap_return_39    | out |   15| ap_ctrl_hs | relu<ap_fixed,ap_fixed<16,6,0,0,0>,relu_config4> | return value |
|ap_return_40    | out |   15| ap_ctrl_hs | relu<ap_fixed,ap_fixed<16,6,0,0,0>,relu_config4> | return value |
|ap_return_41    | out |   15| ap_ctrl_hs | relu<ap_fixed,ap_fixed<16,6,0,0,0>,relu_config4> | return value |
|ap_return_42    | out |   15| ap_ctrl_hs | relu<ap_fixed,ap_fixed<16,6,0,0,0>,relu_config4> | return value |
|ap_return_43    | out |   15| ap_ctrl_hs | relu<ap_fixed,ap_fixed<16,6,0,0,0>,relu_config4> | return value |
|ap_return_44    | out |   15| ap_ctrl_hs | relu<ap_fixed,ap_fixed<16,6,0,0,0>,relu_config4> | return value |
|ap_return_45    | out |   15| ap_ctrl_hs | relu<ap_fixed,ap_fixed<16,6,0,0,0>,relu_config4> | return value |
|ap_return_46    | out |   15| ap_ctrl_hs | relu<ap_fixed,ap_fixed<16,6,0,0,0>,relu_config4> | return value |
|ap_return_47    | out |   15| ap_ctrl_hs | relu<ap_fixed,ap_fixed<16,6,0,0,0>,relu_config4> | return value |
|ap_return_48    | out |   15| ap_ctrl_hs | relu<ap_fixed,ap_fixed<16,6,0,0,0>,relu_config4> | return value |
|ap_return_49    | out |   15| ap_ctrl_hs | relu<ap_fixed,ap_fixed<16,6,0,0,0>,relu_config4> | return value |
|ap_return_50    | out |   15| ap_ctrl_hs | relu<ap_fixed,ap_fixed<16,6,0,0,0>,relu_config4> | return value |
|ap_return_51    | out |   15| ap_ctrl_hs | relu<ap_fixed,ap_fixed<16,6,0,0,0>,relu_config4> | return value |
|ap_return_52    | out |   15| ap_ctrl_hs | relu<ap_fixed,ap_fixed<16,6,0,0,0>,relu_config4> | return value |
|ap_return_53    | out |   15| ap_ctrl_hs | relu<ap_fixed,ap_fixed<16,6,0,0,0>,relu_config4> | return value |
|ap_return_54    | out |   15| ap_ctrl_hs | relu<ap_fixed,ap_fixed<16,6,0,0,0>,relu_config4> | return value |
|ap_return_55    | out |   15| ap_ctrl_hs | relu<ap_fixed,ap_fixed<16,6,0,0,0>,relu_config4> | return value |
|ap_return_56    | out |   15| ap_ctrl_hs | relu<ap_fixed,ap_fixed<16,6,0,0,0>,relu_config4> | return value |
|ap_return_57    | out |   15| ap_ctrl_hs | relu<ap_fixed,ap_fixed<16,6,0,0,0>,relu_config4> | return value |
|ap_return_58    | out |   15| ap_ctrl_hs | relu<ap_fixed,ap_fixed<16,6,0,0,0>,relu_config4> | return value |
|ap_return_59    | out |   15| ap_ctrl_hs | relu<ap_fixed,ap_fixed<16,6,0,0,0>,relu_config4> | return value |
|ap_return_60    | out |   15| ap_ctrl_hs | relu<ap_fixed,ap_fixed<16,6,0,0,0>,relu_config4> | return value |
|ap_return_61    | out |   15| ap_ctrl_hs | relu<ap_fixed,ap_fixed<16,6,0,0,0>,relu_config4> | return value |
|ap_return_62    | out |   15| ap_ctrl_hs | relu<ap_fixed,ap_fixed<16,6,0,0,0>,relu_config4> | return value |
|ap_return_63    | out |   15| ap_ctrl_hs | relu<ap_fixed,ap_fixed<16,6,0,0,0>,relu_config4> | return value |
|data_0_V_read   |  in |   16|   ap_none  |                   data_0_V_read                  |    scalar    |
|data_1_V_read   |  in |   16|   ap_none  |                   data_1_V_read                  |    scalar    |
|data_2_V_read   |  in |   16|   ap_none  |                   data_2_V_read                  |    scalar    |
|data_3_V_read   |  in |   16|   ap_none  |                   data_3_V_read                  |    scalar    |
|data_4_V_read   |  in |   16|   ap_none  |                   data_4_V_read                  |    scalar    |
|data_5_V_read   |  in |   16|   ap_none  |                   data_5_V_read                  |    scalar    |
|data_6_V_read   |  in |   16|   ap_none  |                   data_6_V_read                  |    scalar    |
|data_7_V_read   |  in |   16|   ap_none  |                   data_7_V_read                  |    scalar    |
|data_8_V_read   |  in |   16|   ap_none  |                   data_8_V_read                  |    scalar    |
|data_9_V_read   |  in |   16|   ap_none  |                   data_9_V_read                  |    scalar    |
|data_10_V_read  |  in |   16|   ap_none  |                  data_10_V_read                  |    scalar    |
|data_11_V_read  |  in |   16|   ap_none  |                  data_11_V_read                  |    scalar    |
|data_12_V_read  |  in |   16|   ap_none  |                  data_12_V_read                  |    scalar    |
|data_13_V_read  |  in |   16|   ap_none  |                  data_13_V_read                  |    scalar    |
|data_14_V_read  |  in |   16|   ap_none  |                  data_14_V_read                  |    scalar    |
|data_15_V_read  |  in |   16|   ap_none  |                  data_15_V_read                  |    scalar    |
|data_16_V_read  |  in |   16|   ap_none  |                  data_16_V_read                  |    scalar    |
|data_17_V_read  |  in |   16|   ap_none  |                  data_17_V_read                  |    scalar    |
|data_18_V_read  |  in |   16|   ap_none  |                  data_18_V_read                  |    scalar    |
|data_19_V_read  |  in |   16|   ap_none  |                  data_19_V_read                  |    scalar    |
|data_20_V_read  |  in |   16|   ap_none  |                  data_20_V_read                  |    scalar    |
|data_21_V_read  |  in |   16|   ap_none  |                  data_21_V_read                  |    scalar    |
|data_22_V_read  |  in |   16|   ap_none  |                  data_22_V_read                  |    scalar    |
|data_23_V_read  |  in |   16|   ap_none  |                  data_23_V_read                  |    scalar    |
|data_24_V_read  |  in |   16|   ap_none  |                  data_24_V_read                  |    scalar    |
|data_25_V_read  |  in |   16|   ap_none  |                  data_25_V_read                  |    scalar    |
|data_26_V_read  |  in |   16|   ap_none  |                  data_26_V_read                  |    scalar    |
|data_27_V_read  |  in |   16|   ap_none  |                  data_27_V_read                  |    scalar    |
|data_28_V_read  |  in |   16|   ap_none  |                  data_28_V_read                  |    scalar    |
|data_29_V_read  |  in |   16|   ap_none  |                  data_29_V_read                  |    scalar    |
|data_30_V_read  |  in |   16|   ap_none  |                  data_30_V_read                  |    scalar    |
|data_31_V_read  |  in |   16|   ap_none  |                  data_31_V_read                  |    scalar    |
|data_32_V_read  |  in |   16|   ap_none  |                  data_32_V_read                  |    scalar    |
|data_33_V_read  |  in |   16|   ap_none  |                  data_33_V_read                  |    scalar    |
|data_34_V_read  |  in |   16|   ap_none  |                  data_34_V_read                  |    scalar    |
|data_35_V_read  |  in |   16|   ap_none  |                  data_35_V_read                  |    scalar    |
|data_36_V_read  |  in |   16|   ap_none  |                  data_36_V_read                  |    scalar    |
|data_37_V_read  |  in |   16|   ap_none  |                  data_37_V_read                  |    scalar    |
|data_38_V_read  |  in |   16|   ap_none  |                  data_38_V_read                  |    scalar    |
|data_39_V_read  |  in |   16|   ap_none  |                  data_39_V_read                  |    scalar    |
|data_40_V_read  |  in |   16|   ap_none  |                  data_40_V_read                  |    scalar    |
|data_41_V_read  |  in |   16|   ap_none  |                  data_41_V_read                  |    scalar    |
|data_42_V_read  |  in |   16|   ap_none  |                  data_42_V_read                  |    scalar    |
|data_43_V_read  |  in |   16|   ap_none  |                  data_43_V_read                  |    scalar    |
|data_44_V_read  |  in |   16|   ap_none  |                  data_44_V_read                  |    scalar    |
|data_45_V_read  |  in |   16|   ap_none  |                  data_45_V_read                  |    scalar    |
|data_46_V_read  |  in |   16|   ap_none  |                  data_46_V_read                  |    scalar    |
|data_47_V_read  |  in |   16|   ap_none  |                  data_47_V_read                  |    scalar    |
|data_48_V_read  |  in |   16|   ap_none  |                  data_48_V_read                  |    scalar    |
|data_49_V_read  |  in |   16|   ap_none  |                  data_49_V_read                  |    scalar    |
|data_50_V_read  |  in |   16|   ap_none  |                  data_50_V_read                  |    scalar    |
|data_51_V_read  |  in |   16|   ap_none  |                  data_51_V_read                  |    scalar    |
|data_52_V_read  |  in |   16|   ap_none  |                  data_52_V_read                  |    scalar    |
|data_53_V_read  |  in |   16|   ap_none  |                  data_53_V_read                  |    scalar    |
|data_54_V_read  |  in |   16|   ap_none  |                  data_54_V_read                  |    scalar    |
|data_55_V_read  |  in |   16|   ap_none  |                  data_55_V_read                  |    scalar    |
|data_56_V_read  |  in |   16|   ap_none  |                  data_56_V_read                  |    scalar    |
|data_57_V_read  |  in |   16|   ap_none  |                  data_57_V_read                  |    scalar    |
|data_58_V_read  |  in |   16|   ap_none  |                  data_58_V_read                  |    scalar    |
|data_59_V_read  |  in |   16|   ap_none  |                  data_59_V_read                  |    scalar    |
|data_60_V_read  |  in |   16|   ap_none  |                  data_60_V_read                  |    scalar    |
|data_61_V_read  |  in |   16|   ap_none  |                  data_61_V_read                  |    scalar    |
|data_62_V_read  |  in |   16|   ap_none  |                  data_62_V_read                  |    scalar    |
|data_63_V_read  |  in |   16|   ap_none  |                  data_63_V_read                  |    scalar    |
+----------------+-----+-----+------------+--------------------------------------------------+--------------+

