

================================================================
== Vivado HLS Report for 'myproject'
================================================================
* Date:           Wed Sep  8 18:15:22 2021

* Version:        2020.1 (Build 2897737 on Wed May 27 20:21:37 MDT 2020)
* Project:        myproject_prj
* Solution:       solution1
* Product family: zynq
* Target device:  xc7z020-clg400-1


================================================================
== Performance Estimates
================================================================
+ Timing: 
    * Summary: 
    +--------+---------+----------+------------+
    |  Clock |  Target | Estimated| Uncertainty|
    +--------+---------+----------+------------+
    |ap_clk  | 5.00 ns | 5.554 ns |   0.62 ns  |
    +--------+---------+----------+------------+

+ Latency: 
    * Summary: 
    +---------+---------+----------+----------+-----+-----+----------+
    |  Latency (cycles) |  Latency (absolute) |  Interval | Pipeline |
    |   min   |   max   |    min   |    max   | min | max |   Type   |
    +---------+---------+----------+----------+-----+-----+----------+
    |       89|       89| 0.494 us | 0.494 us |   25|   25| function |
    +---------+---------+----------+----------+-----+-----+----------+

    + Detail: 
        * Instance: 
        +--------------------------------------------------------------------------+---------------------------------------------------------------+---------+---------+-----------+-----------+-----+-----+----------+
        |                                                                          |                                                               |  Latency (cycles) |   Latency (absolute)  |  Interval | Pipeline |
        |                                 Instance                                 |                             Module                            |   min   |   max   |    min    |    max    | min | max |   Type   |
        +--------------------------------------------------------------------------+---------------------------------------------------------------+---------+---------+-----------+-----------+-----+-----+----------+
        |grp_dense_latency_0_0_0_0_0_0_0_0_0_0_0_0_0_0_0_0_0_0_0_0_0_0_0_1_fu_123  |dense_latency_0_0_0_0_0_0_0_0_0_0_0_0_0_0_0_0_0_0_0_0_0_0_0_1  |       24|       24|  0.133 us |  0.133 us |   25|   25| function |
        |grp_dense_latency_0_0_0_0_0_0_0_0_0_0_0_0_0_0_0_0_0_0_0_0_0_0_0_2_fu_191  |dense_latency_0_0_0_0_0_0_0_0_0_0_0_0_0_0_0_0_0_0_0_0_0_0_0_2  |       11|       11| 61.096 ns | 61.096 ns |   12|   12| function |
        |grp_dense_latency_0_0_0_0_0_0_0_0_0_0_0_0_0_0_0_0_0_0_0_0_0_0_0_s_fu_197  |dense_latency_0_0_0_0_0_0_0_0_0_0_0_0_0_0_0_0_0_0_0_0_0_0_0_s  |       14|       14| 77.758 ns | 77.758 ns |   15|   15| function |
        |grp_dense_latency_ap_fixed_ap_fixed_config11_0_0_0_0_0_0_fu_233           |dense_latency_ap_fixed_ap_fixed_config11_0_0_0_0_0_0           |       23|       23|  0.128 us |  0.128 us |   24|   24| function |
        |call_ret1_relu_ap_fixed_ap_fixed_16_6_5_3_0_relu_config4_s_fu_269         |relu_ap_fixed_ap_fixed_16_6_5_3_0_relu_config4_s               |        0|        0|    0 ns   |    0 ns   |    1|    1| function |
        |grp_softmax_latency_ap_fixed_ap_fixed_softmax_config13_s_fu_337           |softmax_latency_ap_fixed_ap_fixed_softmax_config13_s           |       10|       10| 55.541 ns | 55.541 ns |    1|    1| function |
        |call_ret3_relu_ap_fixed_ap_fixed_16_6_5_3_0_relu_config7_s_fu_350         |relu_ap_fixed_ap_fixed_16_6_5_3_0_relu_config7_s               |        0|        0|    0 ns   |    0 ns   |    1|    1| function |
        |call_ret5_relu_ap_fixed_ap_fixed_16_6_5_3_0_relu_config10_s_fu_386        |relu_ap_fixed_ap_fixed_16_6_5_3_0_relu_config10_s              |        0|        0|    0 ns   |    0 ns   |    1|    1| function |
        +--------------------------------------------------------------------------+---------------------------------------------------------------+---------+---------+-----------+-----------+-----+-----+----------+

        * Loop: 
        N/A



================================================================
== Utilization Estimates
================================================================
* Summary: 
+-----------------+---------+-------+--------+-------+-----+
|       Name      | BRAM_18K| DSP48E|   FF   |  LUT  | URAM|
+-----------------+---------+-------+--------+-------+-----+
|DSP              |        -|      -|       -|      -|    -|
|Expression       |        -|      -|       0|      6|    -|
|FIFO             |        -|      -|       -|      -|    -|
|Instance         |        4|    138|   65168|  94252|    -|
|Memory           |        -|      -|       -|      -|    -|
|Multiplexer      |        -|      -|       -|    175|    -|
|Register         |        -|      -|    4466|      -|    -|
+-----------------+---------+-------+--------+-------+-----+
|Total            |        4|    138|   69634|  94433|    0|
+-----------------+---------+-------+--------+-------+-----+
|Available        |      280|    220|  106400|  53200|    0|
+-----------------+---------+-------+--------+-------+-----+
|Utilization (%)  |        1|     62|      65|    177|    0|
+-----------------+---------+-------+--------+-------+-----+

+ Detail: 
    * Instance: 
    +--------------------------------------------------------------------------+---------------------------------------------------------------+---------+-------+-------+-------+-----+
    |                                 Instance                                 |                             Module                            | BRAM_18K| DSP48E|   FF  |  LUT  | URAM|
    +--------------------------------------------------------------------------+---------------------------------------------------------------+---------+-------+-------+-------+-----+
    |grp_dense_latency_0_0_0_0_0_0_0_0_0_0_0_0_0_0_0_0_0_0_0_0_0_0_0_1_fu_123  |dense_latency_0_0_0_0_0_0_0_0_0_0_0_0_0_0_0_0_0_0_0_0_0_0_0_1  |        0|     32|  26304|  40427|    0|
    |grp_dense_latency_0_0_0_0_0_0_0_0_0_0_0_0_0_0_0_0_0_0_0_0_0_0_0_2_fu_191  |dense_latency_0_0_0_0_0_0_0_0_0_0_0_0_0_0_0_0_0_0_0_0_0_0_0_2  |        0|     64|  20037|  25404|    0|
    |grp_dense_latency_0_0_0_0_0_0_0_0_0_0_0_0_0_0_0_0_0_0_0_0_0_0_0_s_fu_197  |dense_latency_0_0_0_0_0_0_0_0_0_0_0_0_0_0_0_0_0_0_0_0_0_0_0_s  |        0|     32|  14549|  20014|    0|
    |grp_dense_latency_ap_fixed_ap_fixed_config11_0_0_0_0_0_0_fu_233           |dense_latency_ap_fixed_ap_fixed_config11_0_0_0_0_0_0           |        0|      5|   3630|   4363|    0|
    |call_ret5_relu_ap_fixed_ap_fixed_16_6_5_3_0_relu_config10_s_fu_386        |relu_ap_fixed_ap_fixed_16_6_5_3_0_relu_config10_s              |        0|      0|      0|    896|    0|
    |call_ret1_relu_ap_fixed_ap_fixed_16_6_5_3_0_relu_config4_s_fu_269         |relu_ap_fixed_ap_fixed_16_6_5_3_0_relu_config4_s               |        0|      0|      0|   1792|    0|
    |call_ret3_relu_ap_fixed_ap_fixed_16_6_5_3_0_relu_config7_s_fu_350         |relu_ap_fixed_ap_fixed_16_6_5_3_0_relu_config7_s               |        0|      0|      0|    896|    0|
    |grp_softmax_latency_ap_fixed_ap_fixed_softmax_config13_s_fu_337           |softmax_latency_ap_fixed_ap_fixed_softmax_config13_s           |        4|      5|    648|    460|    0|
    +--------------------------------------------------------------------------+---------------------------------------------------------------+---------+-------+-------+-------+-----+
    |Total                                                                     |                                                               |        4|    138|  65168|  94252|    0|
    +--------------------------------------------------------------------------+---------------------------------------------------------------+---------+-------+-------+-------+-----+

    * DSP48E: 
    N/A

    * Memory: 
    N/A

    * FIFO: 
    N/A

    * Expression: 
    +----------------------------------+----------+-------+---+----+------------+------------+
    |           Variable Name          | Operation| DSP48E| FF| LUT| Bitwidth P0| Bitwidth P1|
    +----------------------------------+----------+-------+---+----+------------+------------+
    |ap_block_pp0_stage0_11001         |    and   |      0|  0|   2|           1|           1|
    |ap_block_state1_pp0_stage0_iter0  |    or    |      0|  0|   2|           1|           1|
    |ap_enable_pp0                     |    xor   |      0|  0|   2|           1|           2|
    +----------------------------------+----------+-------+---+----+------------+------------+
    |Total                             |          |      0|  0|   6|           3|           4|
    +----------------------------------+----------+-------+---+----+------------+------------+

    * Multiplexer: 
    +---------------------------+-----+-----------+-----+-----------+
    |            Name           | LUT | Input Size| Bits| Total Bits|
    +---------------------------+-----+-----------+-----+-----------+
    |ap_NS_fsm                  |  121|         26|    1|         26|
    |ap_enable_reg_pp0_iter0    |    9|          2|    1|          2|
    |ap_enable_reg_pp0_iter3    |    9|          2|    1|          2|
    |fc1_input_V_ap_vld_in_sig  |    9|          2|    1|          2|
    |fc1_input_V_ap_vld_preg    |    9|          2|    1|          2|
    |fc1_input_V_blk_n          |    9|          2|    1|          2|
    |fc1_input_V_in_sig         |    9|          2|  256|        512|
    +---------------------------+-----+-----------+-----+-----------+
    |Total                      |  175|         38|  262|        548|
    +---------------------------+-----+-----------+-----+-----------+

    * Register: 
    +---------------------------------------------------------------------------------------+-----+----+-----+-----------+
    |                                          Name                                         |  FF | LUT| Bits| Const Bits|
    +---------------------------------------------------------------------------------------+-----+----+-----+-----------+
    |ap_CS_fsm                                                                              |   25|   0|   25|          0|
    |ap_enable_reg_pp0_iter0_reg                                                            |    1|   0|    1|          0|
    |ap_enable_reg_pp0_iter1                                                                |    1|   0|    1|          0|
    |ap_enable_reg_pp0_iter2                                                                |    1|   0|    1|          0|
    |ap_enable_reg_pp0_iter3                                                                |    1|   0|    1|          0|
    |fc1_input_V_ap_vld_preg                                                                |    1|   0|    1|          0|
    |fc1_input_V_preg                                                                       |  256|   0|  256|          0|
    |grp_dense_latency_0_0_0_0_0_0_0_0_0_0_0_0_0_0_0_0_0_0_0_0_0_0_0_1_fu_123_ap_start_reg  |    1|   0|    1|          0|
    |grp_dense_latency_0_0_0_0_0_0_0_0_0_0_0_0_0_0_0_0_0_0_0_0_0_0_0_s_fu_197_ap_start_reg  |    1|   0|    1|          0|
    |grp_dense_latency_ap_fixed_ap_fixed_config11_0_0_0_0_0_0_fu_233_ap_start_reg           |    1|   0|    1|          0|
    |grp_softmax_latency_ap_fixed_ap_fixed_softmax_config13_s_fu_337_ap_start_reg           |    1|   0|    1|          0|
    |layer10_out_0_V_reg_2611                                                               |   16|   0|   16|          0|
    |layer10_out_10_V_reg_2661                                                              |   16|   0|   16|          0|
    |layer10_out_11_V_reg_2666                                                              |   16|   0|   16|          0|
    |layer10_out_12_V_reg_2671                                                              |   16|   0|   16|          0|
    |layer10_out_13_V_reg_2676                                                              |   16|   0|   16|          0|
    |layer10_out_14_V_reg_2681                                                              |   16|   0|   16|          0|
    |layer10_out_15_V_reg_2686                                                              |   16|   0|   16|          0|
    |layer10_out_16_V_reg_2691                                                              |   16|   0|   16|          0|
    |layer10_out_17_V_reg_2696                                                              |   16|   0|   16|          0|
    |layer10_out_18_V_reg_2701                                                              |   16|   0|   16|          0|
    |layer10_out_19_V_reg_2706                                                              |   16|   0|   16|          0|
    |layer10_out_1_V_reg_2616                                                               |   16|   0|   16|          0|
    |layer10_out_20_V_reg_2711                                                              |   16|   0|   16|          0|
    |layer10_out_21_V_reg_2716                                                              |   16|   0|   16|          0|
    |layer10_out_22_V_reg_2721                                                              |   16|   0|   16|          0|
    |layer10_out_23_V_reg_2726                                                              |   16|   0|   16|          0|
    |layer10_out_24_V_reg_2731                                                              |   16|   0|   16|          0|
    |layer10_out_25_V_reg_2736                                                              |   16|   0|   16|          0|
    |layer10_out_26_V_reg_2741                                                              |   16|   0|   16|          0|
    |layer10_out_27_V_reg_2746                                                              |   16|   0|   16|          0|
    |layer10_out_28_V_reg_2751                                                              |   16|   0|   16|          0|
    |layer10_out_29_V_reg_2756                                                              |   16|   0|   16|          0|
    |layer10_out_2_V_reg_2621                                                               |   16|   0|   16|          0|
    |layer10_out_30_V_reg_2761                                                              |   16|   0|   16|          0|
    |layer10_out_31_V_reg_2766                                                              |   16|   0|   16|          0|
    |layer10_out_3_V_reg_2626                                                               |   16|   0|   16|          0|
    |layer10_out_4_V_reg_2631                                                               |   16|   0|   16|          0|
    |layer10_out_5_V_reg_2636                                                               |   16|   0|   16|          0|
    |layer10_out_6_V_reg_2641                                                               |   16|   0|   16|          0|
    |layer10_out_7_V_reg_2646                                                               |   16|   0|   16|          0|
    |layer10_out_8_V_reg_2651                                                               |   16|   0|   16|          0|
    |layer10_out_9_V_reg_2656                                                               |   16|   0|   16|          0|
    |layer11_out_0_V_reg_2771                                                               |   16|   0|   16|          0|
    |layer11_out_1_V_reg_2776                                                               |   16|   0|   16|          0|
    |layer11_out_2_V_reg_2781                                                               |   16|   0|   16|          0|
    |layer11_out_3_V_reg_2786                                                               |   16|   0|   16|          0|
    |layer11_out_4_V_reg_2791                                                               |   16|   0|   16|          0|
    |layer2_out_0_V_reg_1491                                                                |   16|   0|   16|          0|
    |layer2_out_10_V_reg_1541                                                               |   16|   0|   16|          0|
    |layer2_out_11_V_reg_1546                                                               |   16|   0|   16|          0|
    |layer2_out_12_V_reg_1551                                                               |   16|   0|   16|          0|
    |layer2_out_13_V_reg_1556                                                               |   16|   0|   16|          0|
    |layer2_out_14_V_reg_1561                                                               |   16|   0|   16|          0|
    |layer2_out_15_V_reg_1566                                                               |   16|   0|   16|          0|
    |layer2_out_16_V_reg_1571                                                               |   16|   0|   16|          0|
    |layer2_out_17_V_reg_1576                                                               |   16|   0|   16|          0|
    |layer2_out_18_V_reg_1581                                                               |   16|   0|   16|          0|
    |layer2_out_19_V_reg_1586                                                               |   16|   0|   16|          0|
    |layer2_out_1_V_reg_1496                                                                |   16|   0|   16|          0|
    |layer2_out_20_V_reg_1591                                                               |   16|   0|   16|          0|
    |layer2_out_21_V_reg_1596                                                               |   16|   0|   16|          0|
    |layer2_out_22_V_reg_1601                                                               |   16|   0|   16|          0|
    |layer2_out_23_V_reg_1606                                                               |   16|   0|   16|          0|
    |layer2_out_24_V_reg_1611                                                               |   16|   0|   16|          0|
    |layer2_out_25_V_reg_1616                                                               |   16|   0|   16|          0|
    |layer2_out_26_V_reg_1621                                                               |   16|   0|   16|          0|
    |layer2_out_27_V_reg_1626                                                               |   16|   0|   16|          0|
    |layer2_out_28_V_reg_1631                                                               |   16|   0|   16|          0|
    |layer2_out_29_V_reg_1636                                                               |   16|   0|   16|          0|
    |layer2_out_2_V_reg_1501                                                                |   16|   0|   16|          0|
    |layer2_out_30_V_reg_1641                                                               |   16|   0|   16|          0|
    |layer2_out_31_V_reg_1646                                                               |   16|   0|   16|          0|
    |layer2_out_32_V_reg_1651                                                               |   16|   0|   16|          0|
    |layer2_out_33_V_reg_1656                                                               |   16|   0|   16|          0|
    |layer2_out_34_V_reg_1661                                                               |   16|   0|   16|          0|
    |layer2_out_35_V_reg_1666                                                               |   16|   0|   16|          0|
    |layer2_out_36_V_reg_1671                                                               |   16|   0|   16|          0|
    |layer2_out_37_V_reg_1676                                                               |   16|   0|   16|          0|
    |layer2_out_38_V_reg_1681                                                               |   16|   0|   16|          0|
    |layer2_out_39_V_reg_1686                                                               |   16|   0|   16|          0|
    |layer2_out_3_V_reg_1506                                                                |   16|   0|   16|          0|
    |layer2_out_40_V_reg_1691                                                               |   16|   0|   16|          0|
    |layer2_out_41_V_reg_1696                                                               |   16|   0|   16|          0|
    |layer2_out_42_V_reg_1701                                                               |   16|   0|   16|          0|
    |layer2_out_43_V_reg_1706                                                               |   16|   0|   16|          0|
    |layer2_out_44_V_reg_1711                                                               |   16|   0|   16|          0|
    |layer2_out_45_V_reg_1716                                                               |   16|   0|   16|          0|
    |layer2_out_46_V_reg_1721                                                               |   16|   0|   16|          0|
    |layer2_out_47_V_reg_1726                                                               |   16|   0|   16|          0|
    |layer2_out_48_V_reg_1731                                                               |   16|   0|   16|          0|
    |layer2_out_49_V_reg_1736                                                               |   16|   0|   16|          0|
    |layer2_out_4_V_reg_1511                                                                |   16|   0|   16|          0|
    |layer2_out_50_V_reg_1741                                                               |   16|   0|   16|          0|
    |layer2_out_51_V_reg_1746                                                               |   16|   0|   16|          0|
    |layer2_out_52_V_reg_1751                                                               |   16|   0|   16|          0|
    |layer2_out_53_V_reg_1756                                                               |   16|   0|   16|          0|
    |layer2_out_54_V_reg_1761                                                               |   16|   0|   16|          0|
    |layer2_out_55_V_reg_1766                                                               |   16|   0|   16|          0|
    |layer2_out_56_V_reg_1771                                                               |   16|   0|   16|          0|
    |layer2_out_57_V_reg_1776                                                               |   16|   0|   16|          0|
    |layer2_out_58_V_reg_1781                                                               |   16|   0|   16|          0|
    |layer2_out_59_V_reg_1786                                                               |   16|   0|   16|          0|
    |layer2_out_5_V_reg_1516                                                                |   16|   0|   16|          0|
    |layer2_out_60_V_reg_1791                                                               |   16|   0|   16|          0|
    |layer2_out_61_V_reg_1796                                                               |   16|   0|   16|          0|
    |layer2_out_62_V_reg_1801                                                               |   16|   0|   16|          0|
    |layer2_out_63_V_reg_1806                                                               |   16|   0|   16|          0|
    |layer2_out_6_V_reg_1521                                                                |   16|   0|   16|          0|
    |layer2_out_7_V_reg_1526                                                                |   16|   0|   16|          0|
    |layer2_out_8_V_reg_1531                                                                |   16|   0|   16|          0|
    |layer2_out_9_V_reg_1536                                                                |   16|   0|   16|          0|
    |layer4_out_0_V_reg_1811                                                                |   16|   0|   16|          0|
    |layer4_out_10_V_reg_1861                                                               |   16|   0|   16|          0|
    |layer4_out_11_V_reg_1866                                                               |   16|   0|   16|          0|
    |layer4_out_12_V_reg_1871                                                               |   16|   0|   16|          0|
    |layer4_out_13_V_reg_1876                                                               |   16|   0|   16|          0|
    |layer4_out_14_V_reg_1881                                                               |   16|   0|   16|          0|
    |layer4_out_15_V_reg_1886                                                               |   16|   0|   16|          0|
    |layer4_out_16_V_reg_1891                                                               |   16|   0|   16|          0|
    |layer4_out_17_V_reg_1896                                                               |   16|   0|   16|          0|
    |layer4_out_18_V_reg_1901                                                               |   16|   0|   16|          0|
    |layer4_out_19_V_reg_1906                                                               |   16|   0|   16|          0|
    |layer4_out_1_V_reg_1816                                                                |   16|   0|   16|          0|
    |layer4_out_20_V_reg_1911                                                               |   16|   0|   16|          0|
    |layer4_out_21_V_reg_1916                                                               |   16|   0|   16|          0|
    |layer4_out_22_V_reg_1921                                                               |   16|   0|   16|          0|
    |layer4_out_23_V_reg_1926                                                               |   16|   0|   16|          0|
    |layer4_out_24_V_reg_1931                                                               |   16|   0|   16|          0|
    |layer4_out_25_V_reg_1936                                                               |   16|   0|   16|          0|
    |layer4_out_26_V_reg_1941                                                               |   16|   0|   16|          0|
    |layer4_out_27_V_reg_1946                                                               |   16|   0|   16|          0|
    |layer4_out_28_V_reg_1951                                                               |   16|   0|   16|          0|
    |layer4_out_29_V_reg_1956                                                               |   16|   0|   16|          0|
    |layer4_out_2_V_reg_1821                                                                |   16|   0|   16|          0|
    |layer4_out_30_V_reg_1961                                                               |   16|   0|   16|          0|
    |layer4_out_31_V_reg_1966                                                               |   16|   0|   16|          0|
    |layer4_out_32_V_reg_1971                                                               |   16|   0|   16|          0|
    |layer4_out_33_V_reg_1976                                                               |   16|   0|   16|          0|
    |layer4_out_34_V_reg_1981                                                               |   16|   0|   16|          0|
    |layer4_out_35_V_reg_1986                                                               |   16|   0|   16|          0|
    |layer4_out_36_V_reg_1991                                                               |   16|   0|   16|          0|
    |layer4_out_37_V_reg_1996                                                               |   16|   0|   16|          0|
    |layer4_out_38_V_reg_2001                                                               |   16|   0|   16|          0|
    |layer4_out_39_V_reg_2006                                                               |   16|   0|   16|          0|
    |layer4_out_3_V_reg_1826                                                                |   16|   0|   16|          0|
    |layer4_out_40_V_reg_2011                                                               |   16|   0|   16|          0|
    |layer4_out_41_V_reg_2016                                                               |   16|   0|   16|          0|
    |layer4_out_42_V_reg_2021                                                               |   16|   0|   16|          0|
    |layer4_out_43_V_reg_2026                                                               |   16|   0|   16|          0|
    |layer4_out_44_V_reg_2031                                                               |   16|   0|   16|          0|
    |layer4_out_45_V_reg_2036                                                               |   16|   0|   16|          0|
    |layer4_out_46_V_reg_2041                                                               |   16|   0|   16|          0|
    |layer4_out_47_V_reg_2046                                                               |   16|   0|   16|          0|
    |layer4_out_48_V_reg_2051                                                               |   16|   0|   16|          0|
    |layer4_out_49_V_reg_2056                                                               |   16|   0|   16|          0|
    |layer4_out_4_V_reg_1831                                                                |   16|   0|   16|          0|
    |layer4_out_50_V_reg_2061                                                               |   16|   0|   16|          0|
    |layer4_out_51_V_reg_2066                                                               |   16|   0|   16|          0|
    |layer4_out_52_V_reg_2071                                                               |   16|   0|   16|          0|
    |layer4_out_53_V_reg_2076                                                               |   16|   0|   16|          0|
    |layer4_out_54_V_reg_2081                                                               |   16|   0|   16|          0|
    |layer4_out_55_V_reg_2086                                                               |   16|   0|   16|          0|
    |layer4_out_56_V_reg_2091                                                               |   16|   0|   16|          0|
    |layer4_out_57_V_reg_2096                                                               |   16|   0|   16|          0|
    |layer4_out_58_V_reg_2101                                                               |   16|   0|   16|          0|
    |layer4_out_59_V_reg_2106                                                               |   16|   0|   16|          0|
    |layer4_out_5_V_reg_1836                                                                |   16|   0|   16|          0|
    |layer4_out_60_V_reg_2111                                                               |   16|   0|   16|          0|
    |layer4_out_61_V_reg_2116                                                               |   16|   0|   16|          0|
    |layer4_out_62_V_reg_2121                                                               |   16|   0|   16|          0|
    |layer4_out_63_V_reg_2126                                                               |   16|   0|   16|          0|
    |layer4_out_6_V_reg_1841                                                                |   16|   0|   16|          0|
    |layer4_out_7_V_reg_1846                                                                |   16|   0|   16|          0|
    |layer4_out_8_V_reg_1851                                                                |   16|   0|   16|          0|
    |layer4_out_9_V_reg_1856                                                                |   16|   0|   16|          0|
    |layer5_out_0_V_reg_2131                                                                |   16|   0|   16|          0|
    |layer5_out_10_V_reg_2181                                                               |   16|   0|   16|          0|
    |layer5_out_11_V_reg_2186                                                               |   16|   0|   16|          0|
    |layer5_out_12_V_reg_2191                                                               |   16|   0|   16|          0|
    |layer5_out_13_V_reg_2196                                                               |   16|   0|   16|          0|
    |layer5_out_14_V_reg_2201                                                               |   16|   0|   16|          0|
    |layer5_out_15_V_reg_2206                                                               |   16|   0|   16|          0|
    |layer5_out_16_V_reg_2211                                                               |   16|   0|   16|          0|
    |layer5_out_17_V_reg_2216                                                               |   16|   0|   16|          0|
    |layer5_out_18_V_reg_2221                                                               |   16|   0|   16|          0|
    |layer5_out_19_V_reg_2226                                                               |   16|   0|   16|          0|
    |layer5_out_1_V_reg_2136                                                                |   16|   0|   16|          0|
    |layer5_out_20_V_reg_2231                                                               |   16|   0|   16|          0|
    |layer5_out_21_V_reg_2236                                                               |   16|   0|   16|          0|
    |layer5_out_22_V_reg_2241                                                               |   16|   0|   16|          0|
    |layer5_out_23_V_reg_2246                                                               |   16|   0|   16|          0|
    |layer5_out_24_V_reg_2251                                                               |   16|   0|   16|          0|
    |layer5_out_25_V_reg_2256                                                               |   16|   0|   16|          0|
    |layer5_out_26_V_reg_2261                                                               |   16|   0|   16|          0|
    |layer5_out_27_V_reg_2266                                                               |   16|   0|   16|          0|
    |layer5_out_28_V_reg_2271                                                               |   16|   0|   16|          0|
    |layer5_out_29_V_reg_2276                                                               |   16|   0|   16|          0|
    |layer5_out_2_V_reg_2141                                                                |   16|   0|   16|          0|
    |layer5_out_30_V_reg_2281                                                               |   16|   0|   16|          0|
    |layer5_out_31_V_reg_2286                                                               |   16|   0|   16|          0|
    |layer5_out_3_V_reg_2146                                                                |   16|   0|   16|          0|
    |layer5_out_4_V_reg_2151                                                                |   16|   0|   16|          0|
    |layer5_out_5_V_reg_2156                                                                |   16|   0|   16|          0|
    |layer5_out_6_V_reg_2161                                                                |   16|   0|   16|          0|
    |layer5_out_7_V_reg_2166                                                                |   16|   0|   16|          0|
    |layer5_out_8_V_reg_2171                                                                |   16|   0|   16|          0|
    |layer5_out_9_V_reg_2176                                                                |   16|   0|   16|          0|
    |layer7_out_0_V_reg_2291                                                                |   16|   0|   16|          0|
    |layer7_out_10_V_reg_2341                                                               |   16|   0|   16|          0|
    |layer7_out_11_V_reg_2346                                                               |   16|   0|   16|          0|
    |layer7_out_12_V_reg_2351                                                               |   16|   0|   16|          0|
    |layer7_out_13_V_reg_2356                                                               |   16|   0|   16|          0|
    |layer7_out_14_V_reg_2361                                                               |   16|   0|   16|          0|
    |layer7_out_15_V_reg_2366                                                               |   16|   0|   16|          0|
    |layer7_out_16_V_reg_2371                                                               |   16|   0|   16|          0|
    |layer7_out_17_V_reg_2376                                                               |   16|   0|   16|          0|
    |layer7_out_18_V_reg_2381                                                               |   16|   0|   16|          0|
    |layer7_out_19_V_reg_2386                                                               |   16|   0|   16|          0|
    |layer7_out_1_V_reg_2296                                                                |   16|   0|   16|          0|
    |layer7_out_20_V_reg_2391                                                               |   16|   0|   16|          0|
    |layer7_out_21_V_reg_2396                                                               |   16|   0|   16|          0|
    |layer7_out_22_V_reg_2401                                                               |   16|   0|   16|          0|
    |layer7_out_23_V_reg_2406                                                               |   16|   0|   16|          0|
    |layer7_out_24_V_reg_2411                                                               |   16|   0|   16|          0|
    |layer7_out_25_V_reg_2416                                                               |   16|   0|   16|          0|
    |layer7_out_26_V_reg_2421                                                               |   16|   0|   16|          0|
    |layer7_out_27_V_reg_2426                                                               |   16|   0|   16|          0|
    |layer7_out_28_V_reg_2431                                                               |   16|   0|   16|          0|
    |layer7_out_29_V_reg_2436                                                               |   16|   0|   16|          0|
    |layer7_out_2_V_reg_2301                                                                |   16|   0|   16|          0|
    |layer7_out_30_V_reg_2441                                                               |   16|   0|   16|          0|
    |layer7_out_31_V_reg_2446                                                               |   16|   0|   16|          0|
    |layer7_out_3_V_reg_2306                                                                |   16|   0|   16|          0|
    |layer7_out_4_V_reg_2311                                                                |   16|   0|   16|          0|
    |layer7_out_5_V_reg_2316                                                                |   16|   0|   16|          0|
    |layer7_out_6_V_reg_2321                                                                |   16|   0|   16|          0|
    |layer7_out_7_V_reg_2326                                                                |   16|   0|   16|          0|
    |layer7_out_8_V_reg_2331                                                                |   16|   0|   16|          0|
    |layer7_out_9_V_reg_2336                                                                |   16|   0|   16|          0|
    |layer8_out_0_V_reg_2451                                                                |   16|   0|   16|          0|
    |layer8_out_10_V_reg_2501                                                               |   16|   0|   16|          0|
    |layer8_out_11_V_reg_2506                                                               |   16|   0|   16|          0|
    |layer8_out_12_V_reg_2511                                                               |   16|   0|   16|          0|
    |layer8_out_13_V_reg_2516                                                               |   16|   0|   16|          0|
    |layer8_out_14_V_reg_2521                                                               |   16|   0|   16|          0|
    |layer8_out_15_V_reg_2526                                                               |   16|   0|   16|          0|
    |layer8_out_16_V_reg_2531                                                               |   16|   0|   16|          0|
    |layer8_out_17_V_reg_2536                                                               |   16|   0|   16|          0|
    |layer8_out_18_V_reg_2541                                                               |   16|   0|   16|          0|
    |layer8_out_19_V_reg_2546                                                               |   16|   0|   16|          0|
    |layer8_out_1_V_reg_2456                                                                |   16|   0|   16|          0|
    |layer8_out_20_V_reg_2551                                                               |   16|   0|   16|          0|
    |layer8_out_21_V_reg_2556                                                               |   16|   0|   16|          0|
    |layer8_out_22_V_reg_2561                                                               |   16|   0|   16|          0|
    |layer8_out_23_V_reg_2566                                                               |   16|   0|   16|          0|
    |layer8_out_24_V_reg_2571                                                               |   16|   0|   16|          0|
    |layer8_out_25_V_reg_2576                                                               |   16|   0|   16|          0|
    |layer8_out_26_V_reg_2581                                                               |   16|   0|   16|          0|
    |layer8_out_27_V_reg_2586                                                               |   16|   0|   16|          0|
    |layer8_out_28_V_reg_2591                                                               |   16|   0|   16|          0|
    |layer8_out_29_V_reg_2596                                                               |   16|   0|   16|          0|
    |layer8_out_2_V_reg_2461                                                                |   16|   0|   16|          0|
    |layer8_out_30_V_reg_2601                                                               |   16|   0|   16|          0|
    |layer8_out_31_V_reg_2606                                                               |   16|   0|   16|          0|
    |layer8_out_3_V_reg_2466                                                                |   16|   0|   16|          0|
    |layer8_out_4_V_reg_2471                                                                |   16|   0|   16|          0|
    |layer8_out_5_V_reg_2476                                                                |   16|   0|   16|          0|
    |layer8_out_6_V_reg_2481                                                                |   16|   0|   16|          0|
    |layer8_out_7_V_reg_2486                                                                |   16|   0|   16|          0|
    |layer8_out_8_V_reg_2491                                                                |   16|   0|   16|          0|
    |layer8_out_9_V_reg_2496                                                                |   16|   0|   16|          0|
    +---------------------------------------------------------------------------------------+-----+----+-----+-----------+
    |Total                                                                                  | 4466|   0| 4466|          0|
    +---------------------------------------------------------------------------------------+-----+----+-----+-----------+



================================================================
== Interface
================================================================
* Summary: 
+-------------------------+-----+-----+------------+------------------+--------------+
|        RTL Ports        | Dir | Bits|  Protocol  |   Source Object  |    C Type    |
+-------------------------+-----+-----+------------+------------------+--------------+
|ap_clk                   |  in |    1| ap_ctrl_hs |     myproject    | return value |
|ap_rst                   |  in |    1| ap_ctrl_hs |     myproject    | return value |
|ap_start                 |  in |    1| ap_ctrl_hs |     myproject    | return value |
|ap_done                  | out |    1| ap_ctrl_hs |     myproject    | return value |
|ap_idle                  | out |    1| ap_ctrl_hs |     myproject    | return value |
|ap_ready                 | out |    1| ap_ctrl_hs |     myproject    | return value |
|fc1_input_V              |  in |  256|   ap_vld   |    fc1_input_V   |    pointer   |
|fc1_input_V_ap_vld       |  in |    1|   ap_vld   |    fc1_input_V   |    pointer   |
|layer13_out_0_V          | out |   16|   ap_vld   |  layer13_out_0_V |    pointer   |
|layer13_out_0_V_ap_vld   | out |    1|   ap_vld   |  layer13_out_0_V |    pointer   |
|layer13_out_1_V          | out |   16|   ap_vld   |  layer13_out_1_V |    pointer   |
|layer13_out_1_V_ap_vld   | out |    1|   ap_vld   |  layer13_out_1_V |    pointer   |
|layer13_out_2_V          | out |   16|   ap_vld   |  layer13_out_2_V |    pointer   |
|layer13_out_2_V_ap_vld   | out |    1|   ap_vld   |  layer13_out_2_V |    pointer   |
|layer13_out_3_V          | out |   16|   ap_vld   |  layer13_out_3_V |    pointer   |
|layer13_out_3_V_ap_vld   | out |    1|   ap_vld   |  layer13_out_3_V |    pointer   |
|layer13_out_4_V          | out |   16|   ap_vld   |  layer13_out_4_V |    pointer   |
|layer13_out_4_V_ap_vld   | out |    1|   ap_vld   |  layer13_out_4_V |    pointer   |
|const_size_in_1          | out |   16|   ap_vld   |  const_size_in_1 |    pointer   |
|const_size_in_1_ap_vld   | out |    1|   ap_vld   |  const_size_in_1 |    pointer   |
|const_size_out_1         | out |   16|   ap_vld   | const_size_out_1 |    pointer   |
|const_size_out_1_ap_vld  | out |    1|   ap_vld   | const_size_out_1 |    pointer   |
+-------------------------+-----+-----+------------+------------------+--------------+

