

================================================================
== Vivado HLS Report for 'dense_resource_ap_fixed_ap_fixed_16_6_5_3_0_config11_s'
================================================================
* Date:           Wed Sep  8 19:00:10 2021

* Version:        2020.1 (Build 2897737 on Wed May 27 20:21:37 MDT 2020)
* Project:        myproject_prj
* Solution:       solution1
* Product family: zynq
* Target device:  xc7z020-clg400-1


================================================================
== Performance Estimates
================================================================
+ Timing: 
    * Summary: 
    +--------+---------+----------+------------+
    |  Clock |  Target | Estimated| Uncertainty|
    +--------+---------+----------+------------+
    |ap_clk  | 5.00 ns | 4.304 ns |   0.62 ns  |
    +--------+---------+----------+------------+

+ Latency: 
    * Summary: 
    +---------+---------+-----------+----------+-----+-----+---------------------------------------------+
    |  Latency (cycles) |  Latency (absolute)  |  Interval |                   Pipeline                  |
    |   min   |   max   |    min    |    max   | min | max |                     Type                    |
    +---------+---------+-----------+----------+-----+-----+---------------------------------------------+
    |       19|       20| 95.000 ns | 0.100 us |   16|   16| loop rewind(delay=0 initiation interval(s)) |
    +---------+---------+-----------+----------+-----+-----+---------------------------------------------+

    + Detail: 
        * Instance: 
        N/A

        * Loop: 
        +-------------+---------+---------+----------+-----------+-----------+------+----------+
        |             |  Latency (cycles) | Iteration|  Initiation Interval  | Trip |          |
        |  Loop Name  |   min   |   max   |  Latency |  achieved |   target  | Count| Pipelined|
        +-------------+---------+---------+----------+-----------+-----------+------+----------+
        |- ReuseLoop  |       19|       19|         5|          1|          1|    16|    yes   |
        +-------------+---------+---------+----------+-----------+-----------+------+----------+

============================================================
+ Verbose Summary: Synthesis Manager
============================================================
InlineROM: 1
ExposeGlobal: 0
============================================================
+ Verbose Summary: CDFG Model
============================================================
IsTopModel: 0
ResetActiveHigh: 1
IsCombinational: 2
IsDatapathOnly: 0
HasWiredReturn: 1
HasMFsm: 0
HasVarLatency: 1
IsPipeline: 0
IsRtlPipelined: 0
IsInstanceOverlapped: 0
IsDontTouch: 0
HasImplIP: 0
IsGatedGlobalClock: 0

+ Individual pipeline summary: 
  * Pipeline-0: initiation interval (II) = 1, depth = 5


============================================================
+ Verbose Summary: Schedule
============================================================
* Number of FSM states : 6
* Pipeline : 1
  Pipeline-0 : II = 1, D = 5, States = { 2 3 4 5 6 }
* Dataflow Pipeline: 0

* FSM state transitions: 
1 --> 2 
2 --> 3 
3 --> 4 
4 --> 5 
5 --> 6 
6 --> 2 

* FSM state operations: 

State 1 <SV = 0> <Delay = 1.76>
ST_1 : Operation 7 [1/1] (1.76ns)   --->   "br label %rewind_header" [firmware/nnet_utils/nnet_dense_resource.h:64->firmware/nnet_utils/nnet_dense_resource.h:274]   --->   Operation 7 'br' <Predicate = true> <Delay = 1.76>

State 2 <SV = 1> <Delay = 3.25>
ST_2 : Operation 8 [1/1] (0.00ns)   --->   "%do_init = phi i1 [ true, %_ZN8ap_fixedILi16ELi6EL9ap_q_mode5EL9ap_o_mode3ELi0EEC1ILi6ELi1ELb1ELS0_5ELS1_3ELi0EEERK13ap_fixed_baseIXT_EXT0_EXT1_EXT2_EXT3_EXT4_EE.exit.i.0 ], [ false, %ReuseLoop ], [ true, %.preheader.i.0 ]"   --->   Operation 8 'phi' 'do_init' <Predicate = true> <Delay = 0.00>
ST_2 : Operation 9 [1/1] (0.00ns)   --->   "%data_0_V_read14_rewind = phi i5 [ undef, %_ZN8ap_fixedILi16ELi6EL9ap_q_mode5EL9ap_o_mode3ELi0EEC1ILi6ELi1ELb1ELS0_5ELS1_3ELi0EEERK13ap_fixed_baseIXT_EXT0_EXT1_EXT2_EXT3_EXT4_EE.exit.i.0 ], [ %data_0_V_read14_phi, %ReuseLoop ], [ undef, %.preheader.i.0 ]" [firmware/nnet_utils/nnet_dense_resource.h:266]   --->   Operation 9 'phi' 'data_0_V_read14_rewind' <Predicate = true> <Delay = 0.00>
ST_2 : Operation 10 [1/1] (0.00ns)   --->   "%data_1_V_read15_rewind = phi i5 [ undef, %_ZN8ap_fixedILi16ELi6EL9ap_q_mode5EL9ap_o_mode3ELi0EEC1ILi6ELi1ELb1ELS0_5ELS1_3ELi0EEERK13ap_fixed_baseIXT_EXT0_EXT1_EXT2_EXT3_EXT4_EE.exit.i.0 ], [ %data_1_V_read15_phi, %ReuseLoop ], [ undef, %.preheader.i.0 ]" [firmware/nnet_utils/nnet_dense_resource.h:266]   --->   Operation 10 'phi' 'data_1_V_read15_rewind' <Predicate = true> <Delay = 0.00>
ST_2 : Operation 11 [1/1] (0.00ns)   --->   "%data_2_V_read16_rewind = phi i5 [ undef, %_ZN8ap_fixedILi16ELi6EL9ap_q_mode5EL9ap_o_mode3ELi0EEC1ILi6ELi1ELb1ELS0_5ELS1_3ELi0EEERK13ap_fixed_baseIXT_EXT0_EXT1_EXT2_EXT3_EXT4_EE.exit.i.0 ], [ %data_2_V_read16_phi, %ReuseLoop ], [ undef, %.preheader.i.0 ]" [firmware/nnet_utils/nnet_dense_resource.h:266]   --->   Operation 11 'phi' 'data_2_V_read16_rewind' <Predicate = true> <Delay = 0.00>
ST_2 : Operation 12 [1/1] (0.00ns)   --->   "%data_3_V_read17_rewind = phi i5 [ undef, %_ZN8ap_fixedILi16ELi6EL9ap_q_mode5EL9ap_o_mode3ELi0EEC1ILi6ELi1ELb1ELS0_5ELS1_3ELi0EEERK13ap_fixed_baseIXT_EXT0_EXT1_EXT2_EXT3_EXT4_EE.exit.i.0 ], [ %data_3_V_read17_phi, %ReuseLoop ], [ undef, %.preheader.i.0 ]" [firmware/nnet_utils/nnet_dense_resource.h:266]   --->   Operation 12 'phi' 'data_3_V_read17_rewind' <Predicate = true> <Delay = 0.00>
ST_2 : Operation 13 [1/1] (0.00ns)   --->   "%data_4_V_read18_rewind = phi i5 [ undef, %_ZN8ap_fixedILi16ELi6EL9ap_q_mode5EL9ap_o_mode3ELi0EEC1ILi6ELi1ELb1ELS0_5ELS1_3ELi0EEERK13ap_fixed_baseIXT_EXT0_EXT1_EXT2_EXT3_EXT4_EE.exit.i.0 ], [ %data_4_V_read18_phi, %ReuseLoop ], [ undef, %.preheader.i.0 ]" [firmware/nnet_utils/nnet_dense_resource.h:266]   --->   Operation 13 'phi' 'data_4_V_read18_rewind' <Predicate = true> <Delay = 0.00>
ST_2 : Operation 14 [1/1] (0.00ns)   --->   "%data_5_V_read19_rewind = phi i5 [ undef, %_ZN8ap_fixedILi16ELi6EL9ap_q_mode5EL9ap_o_mode3ELi0EEC1ILi6ELi1ELb1ELS0_5ELS1_3ELi0EEERK13ap_fixed_baseIXT_EXT0_EXT1_EXT2_EXT3_EXT4_EE.exit.i.0 ], [ %data_5_V_read19_phi, %ReuseLoop ], [ undef, %.preheader.i.0 ]" [firmware/nnet_utils/nnet_dense_resource.h:266]   --->   Operation 14 'phi' 'data_5_V_read19_rewind' <Predicate = true> <Delay = 0.00>
ST_2 : Operation 15 [1/1] (0.00ns)   --->   "%data_6_V_read20_rewind = phi i5 [ undef, %_ZN8ap_fixedILi16ELi6EL9ap_q_mode5EL9ap_o_mode3ELi0EEC1ILi6ELi1ELb1ELS0_5ELS1_3ELi0EEERK13ap_fixed_baseIXT_EXT0_EXT1_EXT2_EXT3_EXT4_EE.exit.i.0 ], [ %data_6_V_read20_phi, %ReuseLoop ], [ undef, %.preheader.i.0 ]" [firmware/nnet_utils/nnet_dense_resource.h:266]   --->   Operation 15 'phi' 'data_6_V_read20_rewind' <Predicate = true> <Delay = 0.00>
ST_2 : Operation 16 [1/1] (0.00ns)   --->   "%data_7_V_read21_rewind = phi i5 [ undef, %_ZN8ap_fixedILi16ELi6EL9ap_q_mode5EL9ap_o_mode3ELi0EEC1ILi6ELi1ELb1ELS0_5ELS1_3ELi0EEERK13ap_fixed_baseIXT_EXT0_EXT1_EXT2_EXT3_EXT4_EE.exit.i.0 ], [ %data_7_V_read21_phi, %ReuseLoop ], [ undef, %.preheader.i.0 ]" [firmware/nnet_utils/nnet_dense_resource.h:266]   --->   Operation 16 'phi' 'data_7_V_read21_rewind' <Predicate = true> <Delay = 0.00>
ST_2 : Operation 17 [1/1] (0.00ns)   --->   "%data_8_V_read22_rewind = phi i5 [ undef, %_ZN8ap_fixedILi16ELi6EL9ap_q_mode5EL9ap_o_mode3ELi0EEC1ILi6ELi1ELb1ELS0_5ELS1_3ELi0EEERK13ap_fixed_baseIXT_EXT0_EXT1_EXT2_EXT3_EXT4_EE.exit.i.0 ], [ %data_8_V_read22_phi, %ReuseLoop ], [ undef, %.preheader.i.0 ]" [firmware/nnet_utils/nnet_dense_resource.h:266]   --->   Operation 17 'phi' 'data_8_V_read22_rewind' <Predicate = true> <Delay = 0.00>
ST_2 : Operation 18 [1/1] (0.00ns)   --->   "%data_9_V_read23_rewind = phi i5 [ undef, %_ZN8ap_fixedILi16ELi6EL9ap_q_mode5EL9ap_o_mode3ELi0EEC1ILi6ELi1ELb1ELS0_5ELS1_3ELi0EEERK13ap_fixed_baseIXT_EXT0_EXT1_EXT2_EXT3_EXT4_EE.exit.i.0 ], [ %data_9_V_read23_phi, %ReuseLoop ], [ undef, %.preheader.i.0 ]" [firmware/nnet_utils/nnet_dense_resource.h:266]   --->   Operation 18 'phi' 'data_9_V_read23_rewind' <Predicate = true> <Delay = 0.00>
ST_2 : Operation 19 [1/1] (0.00ns)   --->   "%data_10_V_read24_rewind = phi i5 [ undef, %_ZN8ap_fixedILi16ELi6EL9ap_q_mode5EL9ap_o_mode3ELi0EEC1ILi6ELi1ELb1ELS0_5ELS1_3ELi0EEERK13ap_fixed_baseIXT_EXT0_EXT1_EXT2_EXT3_EXT4_EE.exit.i.0 ], [ %data_10_V_read24_phi, %ReuseLoop ], [ undef, %.preheader.i.0 ]" [firmware/nnet_utils/nnet_dense_resource.h:266]   --->   Operation 19 'phi' 'data_10_V_read24_rewind' <Predicate = true> <Delay = 0.00>
ST_2 : Operation 20 [1/1] (0.00ns)   --->   "%data_11_V_read25_rewind = phi i5 [ undef, %_ZN8ap_fixedILi16ELi6EL9ap_q_mode5EL9ap_o_mode3ELi0EEC1ILi6ELi1ELb1ELS0_5ELS1_3ELi0EEERK13ap_fixed_baseIXT_EXT0_EXT1_EXT2_EXT3_EXT4_EE.exit.i.0 ], [ %data_11_V_read25_phi, %ReuseLoop ], [ undef, %.preheader.i.0 ]" [firmware/nnet_utils/nnet_dense_resource.h:266]   --->   Operation 20 'phi' 'data_11_V_read25_rewind' <Predicate = true> <Delay = 0.00>
ST_2 : Operation 21 [1/1] (0.00ns)   --->   "%data_12_V_read26_rewind = phi i5 [ undef, %_ZN8ap_fixedILi16ELi6EL9ap_q_mode5EL9ap_o_mode3ELi0EEC1ILi6ELi1ELb1ELS0_5ELS1_3ELi0EEERK13ap_fixed_baseIXT_EXT0_EXT1_EXT2_EXT3_EXT4_EE.exit.i.0 ], [ %data_12_V_read26_phi, %ReuseLoop ], [ undef, %.preheader.i.0 ]" [firmware/nnet_utils/nnet_dense_resource.h:266]   --->   Operation 21 'phi' 'data_12_V_read26_rewind' <Predicate = true> <Delay = 0.00>
ST_2 : Operation 22 [1/1] (0.00ns)   --->   "%data_13_V_read27_rewind = phi i5 [ undef, %_ZN8ap_fixedILi16ELi6EL9ap_q_mode5EL9ap_o_mode3ELi0EEC1ILi6ELi1ELb1ELS0_5ELS1_3ELi0EEERK13ap_fixed_baseIXT_EXT0_EXT1_EXT2_EXT3_EXT4_EE.exit.i.0 ], [ %data_13_V_read27_phi, %ReuseLoop ], [ undef, %.preheader.i.0 ]" [firmware/nnet_utils/nnet_dense_resource.h:266]   --->   Operation 22 'phi' 'data_13_V_read27_rewind' <Predicate = true> <Delay = 0.00>
ST_2 : Operation 23 [1/1] (0.00ns)   --->   "%data_14_V_read28_rewind = phi i5 [ undef, %_ZN8ap_fixedILi16ELi6EL9ap_q_mode5EL9ap_o_mode3ELi0EEC1ILi6ELi1ELb1ELS0_5ELS1_3ELi0EEERK13ap_fixed_baseIXT_EXT0_EXT1_EXT2_EXT3_EXT4_EE.exit.i.0 ], [ %data_14_V_read28_phi, %ReuseLoop ], [ undef, %.preheader.i.0 ]" [firmware/nnet_utils/nnet_dense_resource.h:266]   --->   Operation 23 'phi' 'data_14_V_read28_rewind' <Predicate = true> <Delay = 0.00>
ST_2 : Operation 24 [1/1] (0.00ns)   --->   "%data_15_V_read29_rewind = phi i5 [ undef, %_ZN8ap_fixedILi16ELi6EL9ap_q_mode5EL9ap_o_mode3ELi0EEC1ILi6ELi1ELb1ELS0_5ELS1_3ELi0EEERK13ap_fixed_baseIXT_EXT0_EXT1_EXT2_EXT3_EXT4_EE.exit.i.0 ], [ %data_15_V_read29_phi, %ReuseLoop ], [ undef, %.preheader.i.0 ]" [firmware/nnet_utils/nnet_dense_resource.h:266]   --->   Operation 24 'phi' 'data_15_V_read29_rewind' <Predicate = true> <Delay = 0.00>
ST_2 : Operation 25 [1/1] (0.00ns)   --->   "%data_16_V_read30_rewind = phi i5 [ undef, %_ZN8ap_fixedILi16ELi6EL9ap_q_mode5EL9ap_o_mode3ELi0EEC1ILi6ELi1ELb1ELS0_5ELS1_3ELi0EEERK13ap_fixed_baseIXT_EXT0_EXT1_EXT2_EXT3_EXT4_EE.exit.i.0 ], [ %data_16_V_read30_phi, %ReuseLoop ], [ undef, %.preheader.i.0 ]" [firmware/nnet_utils/nnet_dense_resource.h:266]   --->   Operation 25 'phi' 'data_16_V_read30_rewind' <Predicate = true> <Delay = 0.00>
ST_2 : Operation 26 [1/1] (0.00ns)   --->   "%data_17_V_read31_rewind = phi i5 [ undef, %_ZN8ap_fixedILi16ELi6EL9ap_q_mode5EL9ap_o_mode3ELi0EEC1ILi6ELi1ELb1ELS0_5ELS1_3ELi0EEERK13ap_fixed_baseIXT_EXT0_EXT1_EXT2_EXT3_EXT4_EE.exit.i.0 ], [ %data_17_V_read31_phi, %ReuseLoop ], [ undef, %.preheader.i.0 ]" [firmware/nnet_utils/nnet_dense_resource.h:266]   --->   Operation 26 'phi' 'data_17_V_read31_rewind' <Predicate = true> <Delay = 0.00>
ST_2 : Operation 27 [1/1] (0.00ns)   --->   "%data_18_V_read32_rewind = phi i5 [ undef, %_ZN8ap_fixedILi16ELi6EL9ap_q_mode5EL9ap_o_mode3ELi0EEC1ILi6ELi1ELb1ELS0_5ELS1_3ELi0EEERK13ap_fixed_baseIXT_EXT0_EXT1_EXT2_EXT3_EXT4_EE.exit.i.0 ], [ %data_18_V_read32_phi, %ReuseLoop ], [ undef, %.preheader.i.0 ]" [firmware/nnet_utils/nnet_dense_resource.h:266]   --->   Operation 27 'phi' 'data_18_V_read32_rewind' <Predicate = true> <Delay = 0.00>
ST_2 : Operation 28 [1/1] (0.00ns)   --->   "%data_19_V_read33_rewind = phi i5 [ undef, %_ZN8ap_fixedILi16ELi6EL9ap_q_mode5EL9ap_o_mode3ELi0EEC1ILi6ELi1ELb1ELS0_5ELS1_3ELi0EEERK13ap_fixed_baseIXT_EXT0_EXT1_EXT2_EXT3_EXT4_EE.exit.i.0 ], [ %data_19_V_read33_phi, %ReuseLoop ], [ undef, %.preheader.i.0 ]" [firmware/nnet_utils/nnet_dense_resource.h:266]   --->   Operation 28 'phi' 'data_19_V_read33_rewind' <Predicate = true> <Delay = 0.00>
ST_2 : Operation 29 [1/1] (0.00ns)   --->   "%data_20_V_read34_rewind = phi i5 [ undef, %_ZN8ap_fixedILi16ELi6EL9ap_q_mode5EL9ap_o_mode3ELi0EEC1ILi6ELi1ELb1ELS0_5ELS1_3ELi0EEERK13ap_fixed_baseIXT_EXT0_EXT1_EXT2_EXT3_EXT4_EE.exit.i.0 ], [ %data_20_V_read34_phi, %ReuseLoop ], [ undef, %.preheader.i.0 ]" [firmware/nnet_utils/nnet_dense_resource.h:266]   --->   Operation 29 'phi' 'data_20_V_read34_rewind' <Predicate = true> <Delay = 0.00>
ST_2 : Operation 30 [1/1] (0.00ns)   --->   "%data_21_V_read35_rewind = phi i5 [ undef, %_ZN8ap_fixedILi16ELi6EL9ap_q_mode5EL9ap_o_mode3ELi0EEC1ILi6ELi1ELb1ELS0_5ELS1_3ELi0EEERK13ap_fixed_baseIXT_EXT0_EXT1_EXT2_EXT3_EXT4_EE.exit.i.0 ], [ %data_21_V_read35_phi, %ReuseLoop ], [ undef, %.preheader.i.0 ]" [firmware/nnet_utils/nnet_dense_resource.h:266]   --->   Operation 30 'phi' 'data_21_V_read35_rewind' <Predicate = true> <Delay = 0.00>
ST_2 : Operation 31 [1/1] (0.00ns)   --->   "%data_22_V_read36_rewind = phi i5 [ undef, %_ZN8ap_fixedILi16ELi6EL9ap_q_mode5EL9ap_o_mode3ELi0EEC1ILi6ELi1ELb1ELS0_5ELS1_3ELi0EEERK13ap_fixed_baseIXT_EXT0_EXT1_EXT2_EXT3_EXT4_EE.exit.i.0 ], [ %data_22_V_read36_phi, %ReuseLoop ], [ undef, %.preheader.i.0 ]" [firmware/nnet_utils/nnet_dense_resource.h:266]   --->   Operation 31 'phi' 'data_22_V_read36_rewind' <Predicate = true> <Delay = 0.00>
ST_2 : Operation 32 [1/1] (0.00ns)   --->   "%data_23_V_read37_rewind = phi i5 [ undef, %_ZN8ap_fixedILi16ELi6EL9ap_q_mode5EL9ap_o_mode3ELi0EEC1ILi6ELi1ELb1ELS0_5ELS1_3ELi0EEERK13ap_fixed_baseIXT_EXT0_EXT1_EXT2_EXT3_EXT4_EE.exit.i.0 ], [ %data_23_V_read37_phi, %ReuseLoop ], [ undef, %.preheader.i.0 ]" [firmware/nnet_utils/nnet_dense_resource.h:266]   --->   Operation 32 'phi' 'data_23_V_read37_rewind' <Predicate = true> <Delay = 0.00>
ST_2 : Operation 33 [1/1] (0.00ns)   --->   "%data_24_V_read38_rewind = phi i5 [ undef, %_ZN8ap_fixedILi16ELi6EL9ap_q_mode5EL9ap_o_mode3ELi0EEC1ILi6ELi1ELb1ELS0_5ELS1_3ELi0EEERK13ap_fixed_baseIXT_EXT0_EXT1_EXT2_EXT3_EXT4_EE.exit.i.0 ], [ %data_24_V_read38_phi, %ReuseLoop ], [ undef, %.preheader.i.0 ]" [firmware/nnet_utils/nnet_dense_resource.h:266]   --->   Operation 33 'phi' 'data_24_V_read38_rewind' <Predicate = true> <Delay = 0.00>
ST_2 : Operation 34 [1/1] (0.00ns)   --->   "%data_25_V_read39_rewind = phi i5 [ undef, %_ZN8ap_fixedILi16ELi6EL9ap_q_mode5EL9ap_o_mode3ELi0EEC1ILi6ELi1ELb1ELS0_5ELS1_3ELi0EEERK13ap_fixed_baseIXT_EXT0_EXT1_EXT2_EXT3_EXT4_EE.exit.i.0 ], [ %data_25_V_read39_phi, %ReuseLoop ], [ undef, %.preheader.i.0 ]" [firmware/nnet_utils/nnet_dense_resource.h:266]   --->   Operation 34 'phi' 'data_25_V_read39_rewind' <Predicate = true> <Delay = 0.00>
ST_2 : Operation 35 [1/1] (0.00ns)   --->   "%data_26_V_read40_rewind = phi i5 [ undef, %_ZN8ap_fixedILi16ELi6EL9ap_q_mode5EL9ap_o_mode3ELi0EEC1ILi6ELi1ELb1ELS0_5ELS1_3ELi0EEERK13ap_fixed_baseIXT_EXT0_EXT1_EXT2_EXT3_EXT4_EE.exit.i.0 ], [ %data_26_V_read40_phi, %ReuseLoop ], [ undef, %.preheader.i.0 ]" [firmware/nnet_utils/nnet_dense_resource.h:266]   --->   Operation 35 'phi' 'data_26_V_read40_rewind' <Predicate = true> <Delay = 0.00>
ST_2 : Operation 36 [1/1] (0.00ns)   --->   "%data_27_V_read41_rewind = phi i5 [ undef, %_ZN8ap_fixedILi16ELi6EL9ap_q_mode5EL9ap_o_mode3ELi0EEC1ILi6ELi1ELb1ELS0_5ELS1_3ELi0EEERK13ap_fixed_baseIXT_EXT0_EXT1_EXT2_EXT3_EXT4_EE.exit.i.0 ], [ %data_27_V_read41_phi, %ReuseLoop ], [ undef, %.preheader.i.0 ]" [firmware/nnet_utils/nnet_dense_resource.h:266]   --->   Operation 36 'phi' 'data_27_V_read41_rewind' <Predicate = true> <Delay = 0.00>
ST_2 : Operation 37 [1/1] (0.00ns)   --->   "%data_28_V_read42_rewind = phi i5 [ undef, %_ZN8ap_fixedILi16ELi6EL9ap_q_mode5EL9ap_o_mode3ELi0EEC1ILi6ELi1ELb1ELS0_5ELS1_3ELi0EEERK13ap_fixed_baseIXT_EXT0_EXT1_EXT2_EXT3_EXT4_EE.exit.i.0 ], [ %data_28_V_read42_phi, %ReuseLoop ], [ undef, %.preheader.i.0 ]" [firmware/nnet_utils/nnet_dense_resource.h:266]   --->   Operation 37 'phi' 'data_28_V_read42_rewind' <Predicate = true> <Delay = 0.00>
ST_2 : Operation 38 [1/1] (0.00ns)   --->   "%data_29_V_read43_rewind = phi i5 [ undef, %_ZN8ap_fixedILi16ELi6EL9ap_q_mode5EL9ap_o_mode3ELi0EEC1ILi6ELi1ELb1ELS0_5ELS1_3ELi0EEERK13ap_fixed_baseIXT_EXT0_EXT1_EXT2_EXT3_EXT4_EE.exit.i.0 ], [ %data_29_V_read43_phi, %ReuseLoop ], [ undef, %.preheader.i.0 ]" [firmware/nnet_utils/nnet_dense_resource.h:266]   --->   Operation 38 'phi' 'data_29_V_read43_rewind' <Predicate = true> <Delay = 0.00>
ST_2 : Operation 39 [1/1] (0.00ns)   --->   "%data_30_V_read44_rewind = phi i5 [ undef, %_ZN8ap_fixedILi16ELi6EL9ap_q_mode5EL9ap_o_mode3ELi0EEC1ILi6ELi1ELb1ELS0_5ELS1_3ELi0EEERK13ap_fixed_baseIXT_EXT0_EXT1_EXT2_EXT3_EXT4_EE.exit.i.0 ], [ %data_30_V_read44_phi, %ReuseLoop ], [ undef, %.preheader.i.0 ]" [firmware/nnet_utils/nnet_dense_resource.h:266]   --->   Operation 39 'phi' 'data_30_V_read44_rewind' <Predicate = true> <Delay = 0.00>
ST_2 : Operation 40 [1/1] (0.00ns)   --->   "%data_31_V_read45_rewind = phi i5 [ undef, %_ZN8ap_fixedILi16ELi6EL9ap_q_mode5EL9ap_o_mode3ELi0EEC1ILi6ELi1ELb1ELS0_5ELS1_3ELi0EEERK13ap_fixed_baseIXT_EXT0_EXT1_EXT2_EXT3_EXT4_EE.exit.i.0 ], [ %data_31_V_read45_phi, %ReuseLoop ], [ undef, %.preheader.i.0 ]" [firmware/nnet_utils/nnet_dense_resource.h:266]   --->   Operation 40 'phi' 'data_31_V_read45_rewind' <Predicate = true> <Delay = 0.00>
ST_2 : Operation 41 [1/1] (0.00ns)   --->   "%w_index13 = phi i4 [ 0, %_ZN8ap_fixedILi16ELi6EL9ap_q_mode5EL9ap_o_mode3ELi0EEC1ILi6ELi1ELb1ELS0_5ELS1_3ELi0EEERK13ap_fixed_baseIXT_EXT0_EXT1_EXT2_EXT3_EXT4_EE.exit.i.0 ], [ %w_index, %ReuseLoop ], [ 0, %.preheader.i.0 ]"   --->   Operation 41 'phi' 'w_index13' <Predicate = true> <Delay = 0.00>
ST_2 : Operation 42 [1/1] (1.76ns)   --->   "br i1 %do_init, label %rewind_init, label %ReuseLoop"   --->   Operation 42 'br' <Predicate = true> <Delay = 1.76>
ST_2 : Operation 43 [1/1] (0.00ns)   --->   "%data_31_V_read_5 = call i5 @_ssdm_op_Read.ap_auto.i5(i5 %data_31_V_read)" [firmware/nnet_utils/nnet_dense_resource.h:266]   --->   Operation 43 'read' 'data_31_V_read_5' <Predicate = (do_init)> <Delay = 0.00>
ST_2 : Operation 44 [1/1] (0.00ns)   --->   "%data_30_V_read_4 = call i5 @_ssdm_op_Read.ap_auto.i5(i5 %data_30_V_read)" [firmware/nnet_utils/nnet_dense_resource.h:266]   --->   Operation 44 'read' 'data_30_V_read_4' <Predicate = (do_init)> <Delay = 0.00>
ST_2 : Operation 45 [1/1] (0.00ns)   --->   "%data_29_V_read43 = call i5 @_ssdm_op_Read.ap_auto.i5(i5 %data_29_V_read)" [firmware/nnet_utils/nnet_dense_resource.h:266]   --->   Operation 45 'read' 'data_29_V_read43' <Predicate = (do_init)> <Delay = 0.00>
ST_2 : Operation 46 [1/1] (0.00ns)   --->   "%data_28_V_read42 = call i5 @_ssdm_op_Read.ap_auto.i5(i5 %data_28_V_read)" [firmware/nnet_utils/nnet_dense_resource.h:266]   --->   Operation 46 'read' 'data_28_V_read42' <Predicate = (do_init)> <Delay = 0.00>
ST_2 : Operation 47 [1/1] (0.00ns)   --->   "%data_27_V_read41 = call i5 @_ssdm_op_Read.ap_auto.i5(i5 %data_27_V_read)" [firmware/nnet_utils/nnet_dense_resource.h:266]   --->   Operation 47 'read' 'data_27_V_read41' <Predicate = (do_init)> <Delay = 0.00>
ST_2 : Operation 48 [1/1] (0.00ns)   --->   "%data_26_V_read_5 = call i5 @_ssdm_op_Read.ap_auto.i5(i5 %data_26_V_read)" [firmware/nnet_utils/nnet_dense_resource.h:266]   --->   Operation 48 'read' 'data_26_V_read_5' <Predicate = (do_init)> <Delay = 0.00>
ST_2 : Operation 49 [1/1] (0.00ns)   --->   "%data_25_V_read_4 = call i5 @_ssdm_op_Read.ap_auto.i5(i5 %data_25_V_read)" [firmware/nnet_utils/nnet_dense_resource.h:266]   --->   Operation 49 'read' 'data_25_V_read_4' <Predicate = (do_init)> <Delay = 0.00>
ST_2 : Operation 50 [1/1] (0.00ns)   --->   "%data_24_V_read_4 = call i5 @_ssdm_op_Read.ap_auto.i5(i5 %data_24_V_read)" [firmware/nnet_utils/nnet_dense_resource.h:266]   --->   Operation 50 'read' 'data_24_V_read_4' <Predicate = (do_init)> <Delay = 0.00>
ST_2 : Operation 51 [1/1] (0.00ns)   --->   "%data_23_V_read_4 = call i5 @_ssdm_op_Read.ap_auto.i5(i5 %data_23_V_read)" [firmware/nnet_utils/nnet_dense_resource.h:266]   --->   Operation 51 'read' 'data_23_V_read_4' <Predicate = (do_init)> <Delay = 0.00>
ST_2 : Operation 52 [1/1] (0.00ns)   --->   "%data_22_V_read_6 = call i5 @_ssdm_op_Read.ap_auto.i5(i5 %data_22_V_read)" [firmware/nnet_utils/nnet_dense_resource.h:266]   --->   Operation 52 'read' 'data_22_V_read_6' <Predicate = (do_init)> <Delay = 0.00>
ST_2 : Operation 53 [1/1] (0.00ns)   --->   "%data_21_V_read_5 = call i5 @_ssdm_op_Read.ap_auto.i5(i5 %data_21_V_read)" [firmware/nnet_utils/nnet_dense_resource.h:266]   --->   Operation 53 'read' 'data_21_V_read_5' <Predicate = (do_init)> <Delay = 0.00>
ST_2 : Operation 54 [1/1] (0.00ns)   --->   "%data_20_V_read_4 = call i5 @_ssdm_op_Read.ap_auto.i5(i5 %data_20_V_read)" [firmware/nnet_utils/nnet_dense_resource.h:266]   --->   Operation 54 'read' 'data_20_V_read_4' <Predicate = (do_init)> <Delay = 0.00>
ST_2 : Operation 55 [1/1] (0.00ns)   --->   "%data_19_V_read33 = call i5 @_ssdm_op_Read.ap_auto.i5(i5 %data_19_V_read)" [firmware/nnet_utils/nnet_dense_resource.h:266]   --->   Operation 55 'read' 'data_19_V_read33' <Predicate = (do_init)> <Delay = 0.00>
ST_2 : Operation 56 [1/1] (0.00ns)   --->   "%data_18_V_read32 = call i5 @_ssdm_op_Read.ap_auto.i5(i5 %data_18_V_read)" [firmware/nnet_utils/nnet_dense_resource.h:266]   --->   Operation 56 'read' 'data_18_V_read32' <Predicate = (do_init)> <Delay = 0.00>
ST_2 : Operation 57 [1/1] (0.00ns)   --->   "%data_17_V_read31 = call i5 @_ssdm_op_Read.ap_auto.i5(i5 %data_17_V_read)" [firmware/nnet_utils/nnet_dense_resource.h:266]   --->   Operation 57 'read' 'data_17_V_read31' <Predicate = (do_init)> <Delay = 0.00>
ST_2 : Operation 58 [1/1] (0.00ns)   --->   "%data_16_V_read_5 = call i5 @_ssdm_op_Read.ap_auto.i5(i5 %data_16_V_read)" [firmware/nnet_utils/nnet_dense_resource.h:266]   --->   Operation 58 'read' 'data_16_V_read_5' <Predicate = (do_init)> <Delay = 0.00>
ST_2 : Operation 59 [1/1] (0.00ns)   --->   "%data_15_V_read_4 = call i5 @_ssdm_op_Read.ap_auto.i5(i5 %data_15_V_read)" [firmware/nnet_utils/nnet_dense_resource.h:266]   --->   Operation 59 'read' 'data_15_V_read_4' <Predicate = (do_init)> <Delay = 0.00>
ST_2 : Operation 60 [1/1] (0.00ns)   --->   "%data_14_V_read_4 = call i5 @_ssdm_op_Read.ap_auto.i5(i5 %data_14_V_read)" [firmware/nnet_utils/nnet_dense_resource.h:266]   --->   Operation 60 'read' 'data_14_V_read_4' <Predicate = (do_init)> <Delay = 0.00>
ST_2 : Operation 61 [1/1] (0.00ns)   --->   "%data_13_V_read_4 = call i5 @_ssdm_op_Read.ap_auto.i5(i5 %data_13_V_read)" [firmware/nnet_utils/nnet_dense_resource.h:266]   --->   Operation 61 'read' 'data_13_V_read_4' <Predicate = (do_init)> <Delay = 0.00>
ST_2 : Operation 62 [1/1] (0.00ns)   --->   "%data_12_V_read_6 = call i5 @_ssdm_op_Read.ap_auto.i5(i5 %data_12_V_read)" [firmware/nnet_utils/nnet_dense_resource.h:266]   --->   Operation 62 'read' 'data_12_V_read_6' <Predicate = (do_init)> <Delay = 0.00>
ST_2 : Operation 63 [1/1] (0.00ns)   --->   "%data_11_V_read_5 = call i5 @_ssdm_op_Read.ap_auto.i5(i5 %data_11_V_read)" [firmware/nnet_utils/nnet_dense_resource.h:266]   --->   Operation 63 'read' 'data_11_V_read_5' <Predicate = (do_init)> <Delay = 0.00>
ST_2 : Operation 64 [1/1] (0.00ns)   --->   "%data_10_V_read_4 = call i5 @_ssdm_op_Read.ap_auto.i5(i5 %data_10_V_read)" [firmware/nnet_utils/nnet_dense_resource.h:266]   --->   Operation 64 'read' 'data_10_V_read_4' <Predicate = (do_init)> <Delay = 0.00>
ST_2 : Operation 65 [1/1] (0.00ns)   --->   "%data_9_V_read23 = call i5 @_ssdm_op_Read.ap_auto.i5(i5 %data_9_V_read)" [firmware/nnet_utils/nnet_dense_resource.h:266]   --->   Operation 65 'read' 'data_9_V_read23' <Predicate = (do_init)> <Delay = 0.00>
ST_2 : Operation 66 [1/1] (0.00ns)   --->   "%data_8_V_read22 = call i5 @_ssdm_op_Read.ap_auto.i5(i5 %data_8_V_read)" [firmware/nnet_utils/nnet_dense_resource.h:266]   --->   Operation 66 'read' 'data_8_V_read22' <Predicate = (do_init)> <Delay = 0.00>
ST_2 : Operation 67 [1/1] (0.00ns)   --->   "%data_7_V_read21 = call i5 @_ssdm_op_Read.ap_auto.i5(i5 %data_7_V_read)" [firmware/nnet_utils/nnet_dense_resource.h:266]   --->   Operation 67 'read' 'data_7_V_read21' <Predicate = (do_init)> <Delay = 0.00>
ST_2 : Operation 68 [1/1] (0.00ns)   --->   "%data_6_V_read_5 = call i5 @_ssdm_op_Read.ap_auto.i5(i5 %data_6_V_read)" [firmware/nnet_utils/nnet_dense_resource.h:266]   --->   Operation 68 'read' 'data_6_V_read_5' <Predicate = (do_init)> <Delay = 0.00>
ST_2 : Operation 69 [1/1] (0.00ns)   --->   "%data_5_V_read_4 = call i5 @_ssdm_op_Read.ap_auto.i5(i5 %data_5_V_read)" [firmware/nnet_utils/nnet_dense_resource.h:266]   --->   Operation 69 'read' 'data_5_V_read_4' <Predicate = (do_init)> <Delay = 0.00>
ST_2 : Operation 70 [1/1] (0.00ns)   --->   "%data_4_V_read_5 = call i5 @_ssdm_op_Read.ap_auto.i5(i5 %data_4_V_read)" [firmware/nnet_utils/nnet_dense_resource.h:266]   --->   Operation 70 'read' 'data_4_V_read_5' <Predicate = (do_init)> <Delay = 0.00>
ST_2 : Operation 71 [1/1] (0.00ns)   --->   "%data_3_V_read_5 = call i5 @_ssdm_op_Read.ap_auto.i5(i5 %data_3_V_read)" [firmware/nnet_utils/nnet_dense_resource.h:266]   --->   Operation 71 'read' 'data_3_V_read_5' <Predicate = (do_init)> <Delay = 0.00>
ST_2 : Operation 72 [1/1] (0.00ns)   --->   "%data_2_V_read16 = call i5 @_ssdm_op_Read.ap_auto.i5(i5 %data_2_V_read)" [firmware/nnet_utils/nnet_dense_resource.h:266]   --->   Operation 72 'read' 'data_2_V_read16' <Predicate = (do_init)> <Delay = 0.00>
ST_2 : Operation 73 [1/1] (0.00ns)   --->   "%data_1_V_read15 = call i5 @_ssdm_op_Read.ap_auto.i5(i5 %data_1_V_read)" [firmware/nnet_utils/nnet_dense_resource.h:266]   --->   Operation 73 'read' 'data_1_V_read15' <Predicate = (do_init)> <Delay = 0.00>
ST_2 : Operation 74 [1/1] (0.00ns)   --->   "%data_0_V_read14 = call i5 @_ssdm_op_Read.ap_auto.i5(i5 %data_0_V_read)" [firmware/nnet_utils/nnet_dense_resource.h:266]   --->   Operation 74 'read' 'data_0_V_read14' <Predicate = (do_init)> <Delay = 0.00>
ST_2 : Operation 75 [1/1] (1.76ns)   --->   "br label %ReuseLoop" [firmware/nnet_utils/nnet_dense_resource.h:64->firmware/nnet_utils/nnet_dense_resource.h:274]   --->   Operation 75 'br' <Predicate = (do_init)> <Delay = 1.76>
ST_2 : Operation 76 [1/1] (0.00ns)   --->   "%data_0_V_read14_phi = phi i5 [ %data_0_V_read14, %rewind_init ], [ %data_0_V_read14_rewind, %rewind_header ]" [firmware/nnet_utils/nnet_dense_resource.h:266]   --->   Operation 76 'phi' 'data_0_V_read14_phi' <Predicate = true> <Delay = 0.00>
ST_2 : Operation 77 [1/1] (0.00ns)   --->   "%data_1_V_read15_phi = phi i5 [ %data_1_V_read15, %rewind_init ], [ %data_1_V_read15_rewind, %rewind_header ]" [firmware/nnet_utils/nnet_dense_resource.h:266]   --->   Operation 77 'phi' 'data_1_V_read15_phi' <Predicate = true> <Delay = 0.00>
ST_2 : Operation 78 [1/1] (0.00ns)   --->   "%data_2_V_read16_phi = phi i5 [ %data_2_V_read16, %rewind_init ], [ %data_2_V_read16_rewind, %rewind_header ]" [firmware/nnet_utils/nnet_dense_resource.h:266]   --->   Operation 78 'phi' 'data_2_V_read16_phi' <Predicate = true> <Delay = 0.00>
ST_2 : Operation 79 [1/1] (0.00ns)   --->   "%data_3_V_read17_phi = phi i5 [ %data_3_V_read_5, %rewind_init ], [ %data_3_V_read17_rewind, %rewind_header ]" [firmware/nnet_utils/nnet_dense_resource.h:266]   --->   Operation 79 'phi' 'data_3_V_read17_phi' <Predicate = true> <Delay = 0.00>
ST_2 : Operation 80 [1/1] (0.00ns)   --->   "%data_4_V_read18_phi = phi i5 [ %data_4_V_read_5, %rewind_init ], [ %data_4_V_read18_rewind, %rewind_header ]" [firmware/nnet_utils/nnet_dense_resource.h:266]   --->   Operation 80 'phi' 'data_4_V_read18_phi' <Predicate = true> <Delay = 0.00>
ST_2 : Operation 81 [1/1] (0.00ns)   --->   "%data_5_V_read19_phi = phi i5 [ %data_5_V_read_4, %rewind_init ], [ %data_5_V_read19_rewind, %rewind_header ]" [firmware/nnet_utils/nnet_dense_resource.h:266]   --->   Operation 81 'phi' 'data_5_V_read19_phi' <Predicate = true> <Delay = 0.00>
ST_2 : Operation 82 [1/1] (0.00ns)   --->   "%data_6_V_read20_phi = phi i5 [ %data_6_V_read_5, %rewind_init ], [ %data_6_V_read20_rewind, %rewind_header ]" [firmware/nnet_utils/nnet_dense_resource.h:266]   --->   Operation 82 'phi' 'data_6_V_read20_phi' <Predicate = true> <Delay = 0.00>
ST_2 : Operation 83 [1/1] (0.00ns)   --->   "%data_7_V_read21_phi = phi i5 [ %data_7_V_read21, %rewind_init ], [ %data_7_V_read21_rewind, %rewind_header ]" [firmware/nnet_utils/nnet_dense_resource.h:266]   --->   Operation 83 'phi' 'data_7_V_read21_phi' <Predicate = true> <Delay = 0.00>
ST_2 : Operation 84 [1/1] (0.00ns)   --->   "%data_8_V_read22_phi = phi i5 [ %data_8_V_read22, %rewind_init ], [ %data_8_V_read22_rewind, %rewind_header ]" [firmware/nnet_utils/nnet_dense_resource.h:266]   --->   Operation 84 'phi' 'data_8_V_read22_phi' <Predicate = true> <Delay = 0.00>
ST_2 : Operation 85 [1/1] (0.00ns)   --->   "%data_9_V_read23_phi = phi i5 [ %data_9_V_read23, %rewind_init ], [ %data_9_V_read23_rewind, %rewind_header ]" [firmware/nnet_utils/nnet_dense_resource.h:266]   --->   Operation 85 'phi' 'data_9_V_read23_phi' <Predicate = true> <Delay = 0.00>
ST_2 : Operation 86 [1/1] (0.00ns)   --->   "%data_10_V_read24_phi = phi i5 [ %data_10_V_read_4, %rewind_init ], [ %data_10_V_read24_rewind, %rewind_header ]" [firmware/nnet_utils/nnet_dense_resource.h:266]   --->   Operation 86 'phi' 'data_10_V_read24_phi' <Predicate = true> <Delay = 0.00>
ST_2 : Operation 87 [1/1] (0.00ns)   --->   "%data_11_V_read25_phi = phi i5 [ %data_11_V_read_5, %rewind_init ], [ %data_11_V_read25_rewind, %rewind_header ]" [firmware/nnet_utils/nnet_dense_resource.h:266]   --->   Operation 87 'phi' 'data_11_V_read25_phi' <Predicate = true> <Delay = 0.00>
ST_2 : Operation 88 [1/1] (0.00ns)   --->   "%data_12_V_read26_phi = phi i5 [ %data_12_V_read_6, %rewind_init ], [ %data_12_V_read26_rewind, %rewind_header ]" [firmware/nnet_utils/nnet_dense_resource.h:266]   --->   Operation 88 'phi' 'data_12_V_read26_phi' <Predicate = true> <Delay = 0.00>
ST_2 : Operation 89 [1/1] (0.00ns)   --->   "%data_13_V_read27_phi = phi i5 [ %data_13_V_read_4, %rewind_init ], [ %data_13_V_read27_rewind, %rewind_header ]" [firmware/nnet_utils/nnet_dense_resource.h:266]   --->   Operation 89 'phi' 'data_13_V_read27_phi' <Predicate = true> <Delay = 0.00>
ST_2 : Operation 90 [1/1] (0.00ns)   --->   "%data_14_V_read28_phi = phi i5 [ %data_14_V_read_4, %rewind_init ], [ %data_14_V_read28_rewind, %rewind_header ]" [firmware/nnet_utils/nnet_dense_resource.h:266]   --->   Operation 90 'phi' 'data_14_V_read28_phi' <Predicate = true> <Delay = 0.00>
ST_2 : Operation 91 [1/1] (0.00ns)   --->   "%data_15_V_read29_phi = phi i5 [ %data_15_V_read_4, %rewind_init ], [ %data_15_V_read29_rewind, %rewind_header ]" [firmware/nnet_utils/nnet_dense_resource.h:266]   --->   Operation 91 'phi' 'data_15_V_read29_phi' <Predicate = true> <Delay = 0.00>
ST_2 : Operation 92 [1/1] (0.00ns)   --->   "%data_16_V_read30_phi = phi i5 [ %data_16_V_read_5, %rewind_init ], [ %data_16_V_read30_rewind, %rewind_header ]" [firmware/nnet_utils/nnet_dense_resource.h:266]   --->   Operation 92 'phi' 'data_16_V_read30_phi' <Predicate = true> <Delay = 0.00>
ST_2 : Operation 93 [1/1] (0.00ns)   --->   "%data_17_V_read31_phi = phi i5 [ %data_17_V_read31, %rewind_init ], [ %data_17_V_read31_rewind, %rewind_header ]" [firmware/nnet_utils/nnet_dense_resource.h:266]   --->   Operation 93 'phi' 'data_17_V_read31_phi' <Predicate = true> <Delay = 0.00>
ST_2 : Operation 94 [1/1] (0.00ns)   --->   "%data_18_V_read32_phi = phi i5 [ %data_18_V_read32, %rewind_init ], [ %data_18_V_read32_rewind, %rewind_header ]" [firmware/nnet_utils/nnet_dense_resource.h:266]   --->   Operation 94 'phi' 'data_18_V_read32_phi' <Predicate = true> <Delay = 0.00>
ST_2 : Operation 95 [1/1] (0.00ns)   --->   "%data_19_V_read33_phi = phi i5 [ %data_19_V_read33, %rewind_init ], [ %data_19_V_read33_rewind, %rewind_header ]" [firmware/nnet_utils/nnet_dense_resource.h:266]   --->   Operation 95 'phi' 'data_19_V_read33_phi' <Predicate = true> <Delay = 0.00>
ST_2 : Operation 96 [1/1] (0.00ns)   --->   "%data_20_V_read34_phi = phi i5 [ %data_20_V_read_4, %rewind_init ], [ %data_20_V_read34_rewind, %rewind_header ]" [firmware/nnet_utils/nnet_dense_resource.h:266]   --->   Operation 96 'phi' 'data_20_V_read34_phi' <Predicate = true> <Delay = 0.00>
ST_2 : Operation 97 [1/1] (0.00ns)   --->   "%data_21_V_read35_phi = phi i5 [ %data_21_V_read_5, %rewind_init ], [ %data_21_V_read35_rewind, %rewind_header ]" [firmware/nnet_utils/nnet_dense_resource.h:266]   --->   Operation 97 'phi' 'data_21_V_read35_phi' <Predicate = true> <Delay = 0.00>
ST_2 : Operation 98 [1/1] (0.00ns)   --->   "%data_22_V_read36_phi = phi i5 [ %data_22_V_read_6, %rewind_init ], [ %data_22_V_read36_rewind, %rewind_header ]" [firmware/nnet_utils/nnet_dense_resource.h:266]   --->   Operation 98 'phi' 'data_22_V_read36_phi' <Predicate = true> <Delay = 0.00>
ST_2 : Operation 99 [1/1] (0.00ns)   --->   "%data_23_V_read37_phi = phi i5 [ %data_23_V_read_4, %rewind_init ], [ %data_23_V_read37_rewind, %rewind_header ]" [firmware/nnet_utils/nnet_dense_resource.h:266]   --->   Operation 99 'phi' 'data_23_V_read37_phi' <Predicate = true> <Delay = 0.00>
ST_2 : Operation 100 [1/1] (0.00ns)   --->   "%data_24_V_read38_phi = phi i5 [ %data_24_V_read_4, %rewind_init ], [ %data_24_V_read38_rewind, %rewind_header ]" [firmware/nnet_utils/nnet_dense_resource.h:266]   --->   Operation 100 'phi' 'data_24_V_read38_phi' <Predicate = true> <Delay = 0.00>
ST_2 : Operation 101 [1/1] (0.00ns)   --->   "%data_25_V_read39_phi = phi i5 [ %data_25_V_read_4, %rewind_init ], [ %data_25_V_read39_rewind, %rewind_header ]" [firmware/nnet_utils/nnet_dense_resource.h:266]   --->   Operation 101 'phi' 'data_25_V_read39_phi' <Predicate = true> <Delay = 0.00>
ST_2 : Operation 102 [1/1] (0.00ns)   --->   "%data_26_V_read40_phi = phi i5 [ %data_26_V_read_5, %rewind_init ], [ %data_26_V_read40_rewind, %rewind_header ]" [firmware/nnet_utils/nnet_dense_resource.h:266]   --->   Operation 102 'phi' 'data_26_V_read40_phi' <Predicate = true> <Delay = 0.00>
ST_2 : Operation 103 [1/1] (0.00ns)   --->   "%data_27_V_read41_phi = phi i5 [ %data_27_V_read41, %rewind_init ], [ %data_27_V_read41_rewind, %rewind_header ]" [firmware/nnet_utils/nnet_dense_resource.h:266]   --->   Operation 103 'phi' 'data_27_V_read41_phi' <Predicate = true> <Delay = 0.00>
ST_2 : Operation 104 [1/1] (0.00ns)   --->   "%data_28_V_read42_phi = phi i5 [ %data_28_V_read42, %rewind_init ], [ %data_28_V_read42_rewind, %rewind_header ]" [firmware/nnet_utils/nnet_dense_resource.h:266]   --->   Operation 104 'phi' 'data_28_V_read42_phi' <Predicate = true> <Delay = 0.00>
ST_2 : Operation 105 [1/1] (0.00ns)   --->   "%data_29_V_read43_phi = phi i5 [ %data_29_V_read43, %rewind_init ], [ %data_29_V_read43_rewind, %rewind_header ]" [firmware/nnet_utils/nnet_dense_resource.h:266]   --->   Operation 105 'phi' 'data_29_V_read43_phi' <Predicate = true> <Delay = 0.00>
ST_2 : Operation 106 [1/1] (0.00ns)   --->   "%data_30_V_read44_phi = phi i5 [ %data_30_V_read_4, %rewind_init ], [ %data_30_V_read44_rewind, %rewind_header ]" [firmware/nnet_utils/nnet_dense_resource.h:266]   --->   Operation 106 'phi' 'data_30_V_read44_phi' <Predicate = true> <Delay = 0.00>
ST_2 : Operation 107 [1/1] (0.00ns)   --->   "%data_31_V_read45_phi = phi i5 [ %data_31_V_read_5, %rewind_init ], [ %data_31_V_read45_rewind, %rewind_header ]" [firmware/nnet_utils/nnet_dense_resource.h:266]   --->   Operation 107 'phi' 'data_31_V_read45_phi' <Predicate = true> <Delay = 0.00>
ST_2 : Operation 108 [1/1] (0.00ns)   --->   "%zext_ln76 = zext i4 %w_index13 to i64" [firmware/nnet_utils/nnet_dense_resource.h:76->firmware/nnet_utils/nnet_dense_resource.h:274]   --->   Operation 108 'zext' 'zext_ln76' <Predicate = true> <Delay = 0.00>
ST_2 : Operation 109 [1/1] (0.00ns)   --->   "%w11_V_addr = getelementptr [16 x i60]* @w11_V, i64 0, i64 %zext_ln76" [firmware/nnet_utils/nnet_dense_resource.h:76->firmware/nnet_utils/nnet_dense_resource.h:274]   --->   Operation 109 'getelementptr' 'w11_V_addr' <Predicate = true> <Delay = 0.00>
ST_2 : Operation 110 [2/2] (3.25ns)   --->   "%w11_V_load = load i60* %w11_V_addr, align 8" [firmware/nnet_utils/nnet_dense_resource.h:76->firmware/nnet_utils/nnet_dense_resource.h:274]   --->   Operation 110 'load' 'w11_V_load' <Predicate = true> <Delay = 3.25> <Core = "ROM_nP">   --->   Core 52 'ROM_nP' <Latency = 1> <II = 1> <Delay = 3.25> <Storage> <Opcode : 'load'> <Ports = 0> <Width = 60> <Depth = 16> <ROM>
ST_2 : Operation 111 [1/1] (1.73ns)   --->   "%w_index = add i4 1, %w_index13" [firmware/nnet_utils/nnet_dense_resource.h:64->firmware/nnet_utils/nnet_dense_resource.h:274]   --->   Operation 111 'add' 'w_index' <Predicate = true> <Delay = 1.73> <Core = "AddSub">   --->   Core 14 'AddSub' <Latency = 0> <II = 1> <Delay = 1.73> <FuncUnit> <Opcode : 'add' 'sub'> <InPorts = 2> <OutPorts = 1>
ST_2 : Operation 112 [1/1] (1.30ns)   --->   "%icmp_ln64 = icmp eq i4 %w_index13, -1" [firmware/nnet_utils/nnet_dense_resource.h:64->firmware/nnet_utils/nnet_dense_resource.h:274]   --->   Operation 112 'icmp' 'icmp_ln64' <Predicate = true> <Delay = 1.30> <Core = "Cmp">   --->   Core 25 'Cmp' <Latency = 0> <II = 1> <Delay = 1.30> <FuncUnit> <Opcode : 'icmp'> <InPorts = 2> <OutPorts = 1>
ST_2 : Operation 113 [1/1] (0.00ns)   --->   "br i1 %icmp_ln64, label %.preheader.i.0, label %rewind_header" [firmware/nnet_utils/nnet_dense_resource.h:64->firmware/nnet_utils/nnet_dense_resource.h:274]   --->   Operation 113 'br' <Predicate = true> <Delay = 0.00>
ST_2 : Operation 114 [1/1] (0.00ns)   --->   "br label %rewind_header" [firmware/nnet_utils/nnet_dense_resource.h:280]   --->   Operation 114 'br' <Predicate = (icmp_ln64)> <Delay = 0.00>

State 3 <SV = 2> <Delay = 4.30>
ST_3 : Operation 115 [1/1] (0.00ns)   --->   "%zext_ln64 = zext i4 %w_index13 to i5" [firmware/nnet_utils/nnet_dense_resource.h:64->firmware/nnet_utils/nnet_dense_resource.h:274]   --->   Operation 115 'zext' 'zext_ln64' <Predicate = true> <Delay = 0.00>
ST_3 : Operation 116 [1/1] (3.20ns)   --->   "%phi_ln = call i5 @_ssdm_op_Mux.ap_auto.32i5.i5(i5 %data_0_V_read14_phi, i5 %data_1_V_read15_phi, i5 %data_2_V_read16_phi, i5 %data_3_V_read17_phi, i5 %data_4_V_read18_phi, i5 %data_5_V_read19_phi, i5 %data_6_V_read20_phi, i5 %data_7_V_read21_phi, i5 %data_8_V_read22_phi, i5 %data_9_V_read23_phi, i5 %data_10_V_read24_phi, i5 %data_11_V_read25_phi, i5 %data_12_V_read26_phi, i5 %data_13_V_read27_phi, i5 %data_14_V_read28_phi, i5 %data_15_V_read29_phi, i5 %data_15_V_read29_phi, i5 %data_15_V_read29_phi, i5 %data_15_V_read29_phi, i5 %data_15_V_read29_phi, i5 %data_15_V_read29_phi, i5 %data_15_V_read29_phi, i5 %data_15_V_read29_phi, i5 %data_15_V_read29_phi, i5 %data_15_V_read29_phi, i5 %data_15_V_read29_phi, i5 %data_15_V_read29_phi, i5 %data_15_V_read29_phi, i5 %data_15_V_read29_phi, i5 %data_15_V_read29_phi, i5 %data_15_V_read29_phi, i5 %data_15_V_read29_phi, i5 %zext_ln64)" [firmware/nnet_utils/nnet_dense_resource.h:76->firmware/nnet_utils/nnet_dense_resource.h:274]   --->   Operation 116 'mux' 'phi_ln' <Predicate = true> <Delay = 3.20> <Core = "MuxnS">   --->   Core 31 'MuxnS' <Latency = 0> <II = 1> <Delay = 3.20> <FuncUnit> <Opcode : 'mux'> <InPorts = 2> <OutPorts = 1>
ST_3 : Operation 117 [1/2] (3.25ns)   --->   "%w11_V_load = load i60* %w11_V_addr, align 8" [firmware/nnet_utils/nnet_dense_resource.h:76->firmware/nnet_utils/nnet_dense_resource.h:274]   --->   Operation 117 'load' 'w11_V_load' <Predicate = true> <Delay = 3.25> <Core = "ROM_nP">   --->   Core 52 'ROM_nP' <Latency = 1> <II = 1> <Delay = 3.25> <Storage> <Opcode : 'load'> <Ports = 0> <Width = 60> <Depth = 16> <ROM>
ST_3 : Operation 118 [1/1] (0.00ns)   --->   "%trunc_ln76 = trunc i60 %w11_V_load to i6" [firmware/nnet_utils/nnet_dense_resource.h:76->firmware/nnet_utils/nnet_dense_resource.h:274]   --->   Operation 118 'trunc' 'trunc_ln76' <Predicate = true> <Delay = 0.00>
ST_3 : Operation 119 [1/1] (0.00ns)   --->   "%zext_ln1118 = zext i5 %phi_ln to i11" [firmware/nnet_utils/nnet_mult.h:106->firmware/nnet_utils/nnet_dense_resource.h:76->firmware/nnet_utils/nnet_dense_resource.h:274]   --->   Operation 119 'zext' 'zext_ln1118' <Predicate = true> <Delay = 0.00>
ST_3 : Operation 120 [1/1] (0.00ns)   --->   "%sext_ln1118 = sext i6 %trunc_ln76 to i11" [firmware/nnet_utils/nnet_mult.h:106->firmware/nnet_utils/nnet_dense_resource.h:76->firmware/nnet_utils/nnet_dense_resource.h:274]   --->   Operation 120 'sext' 'sext_ln1118' <Predicate = true> <Delay = 0.00>
ST_3 : Operation 121 [3/3] (1.05ns) (grouped into DSP with root node add_ln703)   --->   "%mul_ln1118 = mul i11 %sext_ln1118, %zext_ln1118" [firmware/nnet_utils/nnet_mult.h:106->firmware/nnet_utils/nnet_dense_resource.h:76->firmware/nnet_utils/nnet_dense_resource.h:274]   --->   Operation 121 'mul' 'mul_ln1118' <Predicate = true> <Delay = 1.05> <Core = "DSP48">   --->   Core 88 'DSP48' <Latency = 2> <II = 1> <Delay = 3.88> <IPBlock> <Opcode : 'mul' 'add' 'sub' 'select'> <InPorts = 0> <OutPorts = 1> <Sync> <CReg>
ST_3 : Operation 122 [1/1] (0.00ns)   --->   "%xor_ln = call i5 @_ssdm_op_BitConcatenate.i5.i1.i4(i1 true, i4 %w_index13)" [firmware/nnet_utils/nnet_dense_resource.h:76->firmware/nnet_utils/nnet_dense_resource.h:274]   --->   Operation 122 'bitconcatenate' 'xor_ln' <Predicate = true> <Delay = 0.00>
ST_3 : Operation 123 [1/1] (3.20ns)   --->   "%phi_ln76_s = call i5 @_ssdm_op_Mux.ap_auto.32i5.i5(i5 %data_31_V_read45_phi, i5 %data_31_V_read45_phi, i5 %data_31_V_read45_phi, i5 %data_31_V_read45_phi, i5 %data_31_V_read45_phi, i5 %data_31_V_read45_phi, i5 %data_31_V_read45_phi, i5 %data_31_V_read45_phi, i5 %data_31_V_read45_phi, i5 %data_31_V_read45_phi, i5 %data_31_V_read45_phi, i5 %data_31_V_read45_phi, i5 %data_31_V_read45_phi, i5 %data_31_V_read45_phi, i5 %data_31_V_read45_phi, i5 %data_31_V_read45_phi, i5 %data_16_V_read30_phi, i5 %data_17_V_read31_phi, i5 %data_18_V_read32_phi, i5 %data_19_V_read33_phi, i5 %data_20_V_read34_phi, i5 %data_21_V_read35_phi, i5 %data_22_V_read36_phi, i5 %data_23_V_read37_phi, i5 %data_24_V_read38_phi, i5 %data_25_V_read39_phi, i5 %data_26_V_read40_phi, i5 %data_27_V_read41_phi, i5 %data_28_V_read42_phi, i5 %data_29_V_read43_phi, i5 %data_30_V_read44_phi, i5 %data_31_V_read45_phi, i5 %xor_ln)" [firmware/nnet_utils/nnet_dense_resource.h:76->firmware/nnet_utils/nnet_dense_resource.h:274]   --->   Operation 123 'mux' 'phi_ln76_s' <Predicate = true> <Delay = 3.20> <Core = "MuxnS">   --->   Core 31 'MuxnS' <Latency = 0> <II = 1> <Delay = 3.20> <FuncUnit> <Opcode : 'mux'> <InPorts = 2> <OutPorts = 1>
ST_3 : Operation 124 [1/1] (0.00ns)   --->   "%tmp_s = call i6 @_ssdm_op_PartSelect.i6.i60.i32.i32(i60 %w11_V_load, i32 6, i32 11)" [firmware/nnet_utils/nnet_dense_resource.h:76->firmware/nnet_utils/nnet_dense_resource.h:274]   --->   Operation 124 'partselect' 'tmp_s' <Predicate = true> <Delay = 0.00>
ST_3 : Operation 125 [1/1] (3.20ns)   --->   "%phi_ln76_125 = call i5 @_ssdm_op_Mux.ap_auto.32i5.i5(i5 %data_0_V_read14_phi, i5 %data_1_V_read15_phi, i5 %data_2_V_read16_phi, i5 %data_3_V_read17_phi, i5 %data_4_V_read18_phi, i5 %data_5_V_read19_phi, i5 %data_6_V_read20_phi, i5 %data_7_V_read21_phi, i5 %data_8_V_read22_phi, i5 %data_9_V_read23_phi, i5 %data_10_V_read24_phi, i5 %data_11_V_read25_phi, i5 %data_12_V_read26_phi, i5 %data_13_V_read27_phi, i5 %data_14_V_read28_phi, i5 %data_15_V_read29_phi, i5 %data_15_V_read29_phi, i5 %data_15_V_read29_phi, i5 %data_15_V_read29_phi, i5 %data_15_V_read29_phi, i5 %data_15_V_read29_phi, i5 %data_15_V_read29_phi, i5 %data_15_V_read29_phi, i5 %data_15_V_read29_phi, i5 %data_15_V_read29_phi, i5 %data_15_V_read29_phi, i5 %data_15_V_read29_phi, i5 %data_15_V_read29_phi, i5 %data_15_V_read29_phi, i5 %data_15_V_read29_phi, i5 %data_15_V_read29_phi, i5 %data_15_V_read29_phi, i5 %zext_ln64)" [firmware/nnet_utils/nnet_dense_resource.h:76->firmware/nnet_utils/nnet_dense_resource.h:274]   --->   Operation 125 'mux' 'phi_ln76_125' <Predicate = true> <Delay = 3.20> <Core = "MuxnS">   --->   Core 31 'MuxnS' <Latency = 0> <II = 1> <Delay = 3.20> <FuncUnit> <Opcode : 'mux'> <InPorts = 2> <OutPorts = 1>
ST_3 : Operation 126 [1/1] (0.00ns)   --->   "%tmp_125 = call i6 @_ssdm_op_PartSelect.i6.i60.i32.i32(i60 %w11_V_load, i32 12, i32 17)" [firmware/nnet_utils/nnet_dense_resource.h:76->firmware/nnet_utils/nnet_dense_resource.h:274]   --->   Operation 126 'partselect' 'tmp_125' <Predicate = true> <Delay = 0.00>
ST_3 : Operation 127 [1/1] (0.00ns)   --->   "%zext_ln1118_128 = zext i5 %phi_ln76_125 to i11" [firmware/nnet_utils/nnet_mult.h:106->firmware/nnet_utils/nnet_dense_resource.h:76->firmware/nnet_utils/nnet_dense_resource.h:274]   --->   Operation 127 'zext' 'zext_ln1118_128' <Predicate = true> <Delay = 0.00>
ST_3 : Operation 128 [1/1] (0.00ns)   --->   "%sext_ln1118_262 = sext i6 %tmp_125 to i11" [firmware/nnet_utils/nnet_mult.h:106->firmware/nnet_utils/nnet_dense_resource.h:76->firmware/nnet_utils/nnet_dense_resource.h:274]   --->   Operation 128 'sext' 'sext_ln1118_262' <Predicate = true> <Delay = 0.00>
ST_3 : Operation 129 [3/3] (1.05ns) (grouped into DSP with root node add_ln703_131)   --->   "%mul_ln1118_132 = mul i11 %sext_ln1118_262, %zext_ln1118_128" [firmware/nnet_utils/nnet_mult.h:106->firmware/nnet_utils/nnet_dense_resource.h:76->firmware/nnet_utils/nnet_dense_resource.h:274]   --->   Operation 129 'mul' 'mul_ln1118_132' <Predicate = true> <Delay = 1.05> <Core = "DSP48">   --->   Core 88 'DSP48' <Latency = 2> <II = 1> <Delay = 3.88> <IPBlock> <Opcode : 'mul' 'add' 'sub' 'select'> <InPorts = 0> <OutPorts = 1> <Sync> <CReg>
ST_3 : Operation 130 [1/1] (3.20ns)   --->   "%phi_ln76_126 = call i5 @_ssdm_op_Mux.ap_auto.32i5.i5(i5 %data_31_V_read45_phi, i5 %data_31_V_read45_phi, i5 %data_31_V_read45_phi, i5 %data_31_V_read45_phi, i5 %data_31_V_read45_phi, i5 %data_31_V_read45_phi, i5 %data_31_V_read45_phi, i5 %data_31_V_read45_phi, i5 %data_31_V_read45_phi, i5 %data_31_V_read45_phi, i5 %data_31_V_read45_phi, i5 %data_31_V_read45_phi, i5 %data_31_V_read45_phi, i5 %data_31_V_read45_phi, i5 %data_31_V_read45_phi, i5 %data_31_V_read45_phi, i5 %data_16_V_read30_phi, i5 %data_17_V_read31_phi, i5 %data_18_V_read32_phi, i5 %data_19_V_read33_phi, i5 %data_20_V_read34_phi, i5 %data_21_V_read35_phi, i5 %data_22_V_read36_phi, i5 %data_23_V_read37_phi, i5 %data_24_V_read38_phi, i5 %data_25_V_read39_phi, i5 %data_26_V_read40_phi, i5 %data_27_V_read41_phi, i5 %data_28_V_read42_phi, i5 %data_29_V_read43_phi, i5 %data_30_V_read44_phi, i5 %data_31_V_read45_phi, i5 %xor_ln)" [firmware/nnet_utils/nnet_dense_resource.h:76->firmware/nnet_utils/nnet_dense_resource.h:274]   --->   Operation 130 'mux' 'phi_ln76_126' <Predicate = true> <Delay = 3.20> <Core = "MuxnS">   --->   Core 31 'MuxnS' <Latency = 0> <II = 1> <Delay = 3.20> <FuncUnit> <Opcode : 'mux'> <InPorts = 2> <OutPorts = 1>
ST_3 : Operation 131 [1/1] (0.00ns)   --->   "%tmp_126 = call i6 @_ssdm_op_PartSelect.i6.i60.i32.i32(i60 %w11_V_load, i32 18, i32 23)" [firmware/nnet_utils/nnet_dense_resource.h:76->firmware/nnet_utils/nnet_dense_resource.h:274]   --->   Operation 131 'partselect' 'tmp_126' <Predicate = true> <Delay = 0.00>
ST_3 : Operation 132 [1/1] (3.20ns)   --->   "%phi_ln76_127 = call i5 @_ssdm_op_Mux.ap_auto.32i5.i5(i5 %data_0_V_read14_phi, i5 %data_1_V_read15_phi, i5 %data_2_V_read16_phi, i5 %data_3_V_read17_phi, i5 %data_4_V_read18_phi, i5 %data_5_V_read19_phi, i5 %data_6_V_read20_phi, i5 %data_7_V_read21_phi, i5 %data_8_V_read22_phi, i5 %data_9_V_read23_phi, i5 %data_10_V_read24_phi, i5 %data_11_V_read25_phi, i5 %data_12_V_read26_phi, i5 %data_13_V_read27_phi, i5 %data_14_V_read28_phi, i5 %data_15_V_read29_phi, i5 %data_15_V_read29_phi, i5 %data_15_V_read29_phi, i5 %data_15_V_read29_phi, i5 %data_15_V_read29_phi, i5 %data_15_V_read29_phi, i5 %data_15_V_read29_phi, i5 %data_15_V_read29_phi, i5 %data_15_V_read29_phi, i5 %data_15_V_read29_phi, i5 %data_15_V_read29_phi, i5 %data_15_V_read29_phi, i5 %data_15_V_read29_phi, i5 %data_15_V_read29_phi, i5 %data_15_V_read29_phi, i5 %data_15_V_read29_phi, i5 %data_15_V_read29_phi, i5 %zext_ln64)" [firmware/nnet_utils/nnet_dense_resource.h:76->firmware/nnet_utils/nnet_dense_resource.h:274]   --->   Operation 132 'mux' 'phi_ln76_127' <Predicate = true> <Delay = 3.20> <Core = "MuxnS">   --->   Core 31 'MuxnS' <Latency = 0> <II = 1> <Delay = 3.20> <FuncUnit> <Opcode : 'mux'> <InPorts = 2> <OutPorts = 1>
ST_3 : Operation 133 [1/1] (0.00ns)   --->   "%tmp_127 = call i6 @_ssdm_op_PartSelect.i6.i60.i32.i32(i60 %w11_V_load, i32 24, i32 29)" [firmware/nnet_utils/nnet_dense_resource.h:76->firmware/nnet_utils/nnet_dense_resource.h:274]   --->   Operation 133 'partselect' 'tmp_127' <Predicate = true> <Delay = 0.00>
ST_3 : Operation 134 [1/1] (0.00ns)   --->   "%zext_ln1118_130 = zext i5 %phi_ln76_127 to i11" [firmware/nnet_utils/nnet_mult.h:106->firmware/nnet_utils/nnet_dense_resource.h:76->firmware/nnet_utils/nnet_dense_resource.h:274]   --->   Operation 134 'zext' 'zext_ln1118_130' <Predicate = true> <Delay = 0.00>
ST_3 : Operation 135 [1/1] (0.00ns)   --->   "%sext_ln1118_266 = sext i6 %tmp_127 to i11" [firmware/nnet_utils/nnet_mult.h:106->firmware/nnet_utils/nnet_dense_resource.h:76->firmware/nnet_utils/nnet_dense_resource.h:274]   --->   Operation 135 'sext' 'sext_ln1118_266' <Predicate = true> <Delay = 0.00>
ST_3 : Operation 136 [3/3] (1.05ns) (grouped into DSP with root node add_ln703_133)   --->   "%mul_ln1118_134 = mul i11 %sext_ln1118_266, %zext_ln1118_130" [firmware/nnet_utils/nnet_mult.h:106->firmware/nnet_utils/nnet_dense_resource.h:76->firmware/nnet_utils/nnet_dense_resource.h:274]   --->   Operation 136 'mul' 'mul_ln1118_134' <Predicate = true> <Delay = 1.05> <Core = "DSP48">   --->   Core 88 'DSP48' <Latency = 2> <II = 1> <Delay = 3.88> <IPBlock> <Opcode : 'mul' 'add' 'sub' 'select'> <InPorts = 0> <OutPorts = 1> <Sync> <CReg>
ST_3 : Operation 137 [1/1] (3.20ns)   --->   "%phi_ln76_128 = call i5 @_ssdm_op_Mux.ap_auto.32i5.i5(i5 %data_31_V_read45_phi, i5 %data_31_V_read45_phi, i5 %data_31_V_read45_phi, i5 %data_31_V_read45_phi, i5 %data_31_V_read45_phi, i5 %data_31_V_read45_phi, i5 %data_31_V_read45_phi, i5 %data_31_V_read45_phi, i5 %data_31_V_read45_phi, i5 %data_31_V_read45_phi, i5 %data_31_V_read45_phi, i5 %data_31_V_read45_phi, i5 %data_31_V_read45_phi, i5 %data_31_V_read45_phi, i5 %data_31_V_read45_phi, i5 %data_31_V_read45_phi, i5 %data_16_V_read30_phi, i5 %data_17_V_read31_phi, i5 %data_18_V_read32_phi, i5 %data_19_V_read33_phi, i5 %data_20_V_read34_phi, i5 %data_21_V_read35_phi, i5 %data_22_V_read36_phi, i5 %data_23_V_read37_phi, i5 %data_24_V_read38_phi, i5 %data_25_V_read39_phi, i5 %data_26_V_read40_phi, i5 %data_27_V_read41_phi, i5 %data_28_V_read42_phi, i5 %data_29_V_read43_phi, i5 %data_30_V_read44_phi, i5 %data_31_V_read45_phi, i5 %xor_ln)" [firmware/nnet_utils/nnet_dense_resource.h:76->firmware/nnet_utils/nnet_dense_resource.h:274]   --->   Operation 137 'mux' 'phi_ln76_128' <Predicate = true> <Delay = 3.20> <Core = "MuxnS">   --->   Core 31 'MuxnS' <Latency = 0> <II = 1> <Delay = 3.20> <FuncUnit> <Opcode : 'mux'> <InPorts = 2> <OutPorts = 1>
ST_3 : Operation 138 [1/1] (0.00ns)   --->   "%tmp_128 = call i6 @_ssdm_op_PartSelect.i6.i60.i32.i32(i60 %w11_V_load, i32 30, i32 35)" [firmware/nnet_utils/nnet_dense_resource.h:76->firmware/nnet_utils/nnet_dense_resource.h:274]   --->   Operation 138 'partselect' 'tmp_128' <Predicate = true> <Delay = 0.00>
ST_3 : Operation 139 [1/1] (3.20ns)   --->   "%phi_ln76_129 = call i5 @_ssdm_op_Mux.ap_auto.32i5.i5(i5 %data_0_V_read14_phi, i5 %data_1_V_read15_phi, i5 %data_2_V_read16_phi, i5 %data_3_V_read17_phi, i5 %data_4_V_read18_phi, i5 %data_5_V_read19_phi, i5 %data_6_V_read20_phi, i5 %data_7_V_read21_phi, i5 %data_8_V_read22_phi, i5 %data_9_V_read23_phi, i5 %data_10_V_read24_phi, i5 %data_11_V_read25_phi, i5 %data_12_V_read26_phi, i5 %data_13_V_read27_phi, i5 %data_14_V_read28_phi, i5 %data_15_V_read29_phi, i5 %data_15_V_read29_phi, i5 %data_15_V_read29_phi, i5 %data_15_V_read29_phi, i5 %data_15_V_read29_phi, i5 %data_15_V_read29_phi, i5 %data_15_V_read29_phi, i5 %data_15_V_read29_phi, i5 %data_15_V_read29_phi, i5 %data_15_V_read29_phi, i5 %data_15_V_read29_phi, i5 %data_15_V_read29_phi, i5 %data_15_V_read29_phi, i5 %data_15_V_read29_phi, i5 %data_15_V_read29_phi, i5 %data_15_V_read29_phi, i5 %data_15_V_read29_phi, i5 %zext_ln64)" [firmware/nnet_utils/nnet_dense_resource.h:76->firmware/nnet_utils/nnet_dense_resource.h:274]   --->   Operation 139 'mux' 'phi_ln76_129' <Predicate = true> <Delay = 3.20> <Core = "MuxnS">   --->   Core 31 'MuxnS' <Latency = 0> <II = 1> <Delay = 3.20> <FuncUnit> <Opcode : 'mux'> <InPorts = 2> <OutPorts = 1>
ST_3 : Operation 140 [1/1] (0.00ns)   --->   "%tmp_129 = call i6 @_ssdm_op_PartSelect.i6.i60.i32.i32(i60 %w11_V_load, i32 36, i32 41)" [firmware/nnet_utils/nnet_dense_resource.h:76->firmware/nnet_utils/nnet_dense_resource.h:274]   --->   Operation 140 'partselect' 'tmp_129' <Predicate = true> <Delay = 0.00>
ST_3 : Operation 141 [1/1] (0.00ns)   --->   "%zext_ln1118_132 = zext i5 %phi_ln76_129 to i11" [firmware/nnet_utils/nnet_mult.h:106->firmware/nnet_utils/nnet_dense_resource.h:76->firmware/nnet_utils/nnet_dense_resource.h:274]   --->   Operation 141 'zext' 'zext_ln1118_132' <Predicate = true> <Delay = 0.00>
ST_3 : Operation 142 [1/1] (0.00ns)   --->   "%sext_ln1118_270 = sext i6 %tmp_129 to i11" [firmware/nnet_utils/nnet_mult.h:106->firmware/nnet_utils/nnet_dense_resource.h:76->firmware/nnet_utils/nnet_dense_resource.h:274]   --->   Operation 142 'sext' 'sext_ln1118_270' <Predicate = true> <Delay = 0.00>
ST_3 : Operation 143 [3/3] (1.05ns) (grouped into DSP with root node add_ln703_135)   --->   "%mul_ln1118_136 = mul i11 %sext_ln1118_270, %zext_ln1118_132" [firmware/nnet_utils/nnet_mult.h:106->firmware/nnet_utils/nnet_dense_resource.h:76->firmware/nnet_utils/nnet_dense_resource.h:274]   --->   Operation 143 'mul' 'mul_ln1118_136' <Predicate = true> <Delay = 1.05> <Core = "DSP48">   --->   Core 88 'DSP48' <Latency = 2> <II = 1> <Delay = 3.88> <IPBlock> <Opcode : 'mul' 'add' 'sub' 'select'> <InPorts = 0> <OutPorts = 1> <Sync> <CReg>
ST_3 : Operation 144 [1/1] (3.20ns)   --->   "%phi_ln76_130 = call i5 @_ssdm_op_Mux.ap_auto.32i5.i5(i5 %data_31_V_read45_phi, i5 %data_31_V_read45_phi, i5 %data_31_V_read45_phi, i5 %data_31_V_read45_phi, i5 %data_31_V_read45_phi, i5 %data_31_V_read45_phi, i5 %data_31_V_read45_phi, i5 %data_31_V_read45_phi, i5 %data_31_V_read45_phi, i5 %data_31_V_read45_phi, i5 %data_31_V_read45_phi, i5 %data_31_V_read45_phi, i5 %data_31_V_read45_phi, i5 %data_31_V_read45_phi, i5 %data_31_V_read45_phi, i5 %data_31_V_read45_phi, i5 %data_16_V_read30_phi, i5 %data_17_V_read31_phi, i5 %data_18_V_read32_phi, i5 %data_19_V_read33_phi, i5 %data_20_V_read34_phi, i5 %data_21_V_read35_phi, i5 %data_22_V_read36_phi, i5 %data_23_V_read37_phi, i5 %data_24_V_read38_phi, i5 %data_25_V_read39_phi, i5 %data_26_V_read40_phi, i5 %data_27_V_read41_phi, i5 %data_28_V_read42_phi, i5 %data_29_V_read43_phi, i5 %data_30_V_read44_phi, i5 %data_31_V_read45_phi, i5 %xor_ln)" [firmware/nnet_utils/nnet_dense_resource.h:76->firmware/nnet_utils/nnet_dense_resource.h:274]   --->   Operation 144 'mux' 'phi_ln76_130' <Predicate = true> <Delay = 3.20> <Core = "MuxnS">   --->   Core 31 'MuxnS' <Latency = 0> <II = 1> <Delay = 3.20> <FuncUnit> <Opcode : 'mux'> <InPorts = 2> <OutPorts = 1>
ST_3 : Operation 145 [1/1] (0.00ns)   --->   "%tmp_130 = call i6 @_ssdm_op_PartSelect.i6.i60.i32.i32(i60 %w11_V_load, i32 42, i32 47)" [firmware/nnet_utils/nnet_dense_resource.h:76->firmware/nnet_utils/nnet_dense_resource.h:274]   --->   Operation 145 'partselect' 'tmp_130' <Predicate = true> <Delay = 0.00>
ST_3 : Operation 146 [1/1] (3.20ns)   --->   "%phi_ln76_131 = call i5 @_ssdm_op_Mux.ap_auto.32i5.i5(i5 %data_0_V_read14_phi, i5 %data_1_V_read15_phi, i5 %data_2_V_read16_phi, i5 %data_3_V_read17_phi, i5 %data_4_V_read18_phi, i5 %data_5_V_read19_phi, i5 %data_6_V_read20_phi, i5 %data_7_V_read21_phi, i5 %data_8_V_read22_phi, i5 %data_9_V_read23_phi, i5 %data_10_V_read24_phi, i5 %data_11_V_read25_phi, i5 %data_12_V_read26_phi, i5 %data_13_V_read27_phi, i5 %data_14_V_read28_phi, i5 %data_15_V_read29_phi, i5 %data_15_V_read29_phi, i5 %data_15_V_read29_phi, i5 %data_15_V_read29_phi, i5 %data_15_V_read29_phi, i5 %data_15_V_read29_phi, i5 %data_15_V_read29_phi, i5 %data_15_V_read29_phi, i5 %data_15_V_read29_phi, i5 %data_15_V_read29_phi, i5 %data_15_V_read29_phi, i5 %data_15_V_read29_phi, i5 %data_15_V_read29_phi, i5 %data_15_V_read29_phi, i5 %data_15_V_read29_phi, i5 %data_15_V_read29_phi, i5 %data_15_V_read29_phi, i5 %zext_ln64)" [firmware/nnet_utils/nnet_dense_resource.h:76->firmware/nnet_utils/nnet_dense_resource.h:274]   --->   Operation 146 'mux' 'phi_ln76_131' <Predicate = true> <Delay = 3.20> <Core = "MuxnS">   --->   Core 31 'MuxnS' <Latency = 0> <II = 1> <Delay = 3.20> <FuncUnit> <Opcode : 'mux'> <InPorts = 2> <OutPorts = 1>
ST_3 : Operation 147 [1/1] (0.00ns)   --->   "%tmp_131 = call i6 @_ssdm_op_PartSelect.i6.i60.i32.i32(i60 %w11_V_load, i32 48, i32 53)" [firmware/nnet_utils/nnet_dense_resource.h:76->firmware/nnet_utils/nnet_dense_resource.h:274]   --->   Operation 147 'partselect' 'tmp_131' <Predicate = true> <Delay = 0.00>
ST_3 : Operation 148 [1/1] (0.00ns)   --->   "%zext_ln1118_134 = zext i5 %phi_ln76_131 to i11" [firmware/nnet_utils/nnet_mult.h:106->firmware/nnet_utils/nnet_dense_resource.h:76->firmware/nnet_utils/nnet_dense_resource.h:274]   --->   Operation 148 'zext' 'zext_ln1118_134' <Predicate = true> <Delay = 0.00>
ST_3 : Operation 149 [1/1] (0.00ns)   --->   "%sext_ln1118_274 = sext i6 %tmp_131 to i11" [firmware/nnet_utils/nnet_mult.h:106->firmware/nnet_utils/nnet_dense_resource.h:76->firmware/nnet_utils/nnet_dense_resource.h:274]   --->   Operation 149 'sext' 'sext_ln1118_274' <Predicate = true> <Delay = 0.00>
ST_3 : Operation 150 [3/3] (1.05ns) (grouped into DSP with root node add_ln703_137)   --->   "%mul_ln1118_138 = mul i11 %sext_ln1118_274, %zext_ln1118_134" [firmware/nnet_utils/nnet_mult.h:106->firmware/nnet_utils/nnet_dense_resource.h:76->firmware/nnet_utils/nnet_dense_resource.h:274]   --->   Operation 150 'mul' 'mul_ln1118_138' <Predicate = true> <Delay = 1.05> <Core = "DSP48">   --->   Core 88 'DSP48' <Latency = 2> <II = 1> <Delay = 3.88> <IPBlock> <Opcode : 'mul' 'add' 'sub' 'select'> <InPorts = 0> <OutPorts = 1> <Sync> <CReg>
ST_3 : Operation 151 [1/1] (3.20ns)   --->   "%phi_ln76_132 = call i5 @_ssdm_op_Mux.ap_auto.32i5.i5(i5 %data_31_V_read45_phi, i5 %data_31_V_read45_phi, i5 %data_31_V_read45_phi, i5 %data_31_V_read45_phi, i5 %data_31_V_read45_phi, i5 %data_31_V_read45_phi, i5 %data_31_V_read45_phi, i5 %data_31_V_read45_phi, i5 %data_31_V_read45_phi, i5 %data_31_V_read45_phi, i5 %data_31_V_read45_phi, i5 %data_31_V_read45_phi, i5 %data_31_V_read45_phi, i5 %data_31_V_read45_phi, i5 %data_31_V_read45_phi, i5 %data_31_V_read45_phi, i5 %data_16_V_read30_phi, i5 %data_17_V_read31_phi, i5 %data_18_V_read32_phi, i5 %data_19_V_read33_phi, i5 %data_20_V_read34_phi, i5 %data_21_V_read35_phi, i5 %data_22_V_read36_phi, i5 %data_23_V_read37_phi, i5 %data_24_V_read38_phi, i5 %data_25_V_read39_phi, i5 %data_26_V_read40_phi, i5 %data_27_V_read41_phi, i5 %data_28_V_read42_phi, i5 %data_29_V_read43_phi, i5 %data_30_V_read44_phi, i5 %data_31_V_read45_phi, i5 %xor_ln)" [firmware/nnet_utils/nnet_dense_resource.h:76->firmware/nnet_utils/nnet_dense_resource.h:274]   --->   Operation 151 'mux' 'phi_ln76_132' <Predicate = true> <Delay = 3.20> <Core = "MuxnS">   --->   Core 31 'MuxnS' <Latency = 0> <II = 1> <Delay = 3.20> <FuncUnit> <Opcode : 'mux'> <InPorts = 2> <OutPorts = 1>
ST_3 : Operation 152 [1/1] (0.00ns)   --->   "%tmp_132 = call i6 @_ssdm_op_PartSelect.i6.i60.i32.i32(i60 %w11_V_load, i32 54, i32 59)" [firmware/nnet_utils/nnet_dense_resource.h:76->firmware/nnet_utils/nnet_dense_resource.h:274]   --->   Operation 152 'partselect' 'tmp_132' <Predicate = true> <Delay = 0.00>

State 4 <SV = 3> <Delay = 3.78>
ST_4 : Operation 153 [2/3] (1.05ns) (grouped into DSP with root node add_ln703)   --->   "%mul_ln1118 = mul i11 %sext_ln1118, %zext_ln1118" [firmware/nnet_utils/nnet_mult.h:106->firmware/nnet_utils/nnet_dense_resource.h:76->firmware/nnet_utils/nnet_dense_resource.h:274]   --->   Operation 153 'mul' 'mul_ln1118' <Predicate = true> <Delay = 1.05> <Core = "DSP48">   --->   Core 88 'DSP48' <Latency = 2> <II = 1> <Delay = 3.88> <IPBlock> <Opcode : 'mul' 'add' 'sub' 'select'> <InPorts = 0> <OutPorts = 1> <Sync> <CReg>
ST_4 : Operation 154 [1/1] (0.00ns)   --->   "%zext_ln1118_127 = zext i5 %phi_ln76_s to i11" [firmware/nnet_utils/nnet_mult.h:106->firmware/nnet_utils/nnet_dense_resource.h:76->firmware/nnet_utils/nnet_dense_resource.h:274]   --->   Operation 154 'zext' 'zext_ln1118_127' <Predicate = true> <Delay = 0.00>
ST_4 : Operation 155 [1/1] (0.00ns)   --->   "%sext_ln1118_260 = sext i6 %tmp_s to i11" [firmware/nnet_utils/nnet_mult.h:106->firmware/nnet_utils/nnet_dense_resource.h:76->firmware/nnet_utils/nnet_dense_resource.h:274]   --->   Operation 155 'sext' 'sext_ln1118_260' <Predicate = true> <Delay = 0.00>
ST_4 : Operation 156 [1/1] (3.78ns)   --->   "%mul_ln1118_131 = mul i11 %sext_ln1118_260, %zext_ln1118_127" [firmware/nnet_utils/nnet_mult.h:106->firmware/nnet_utils/nnet_dense_resource.h:76->firmware/nnet_utils/nnet_dense_resource.h:274]   --->   Operation 156 'mul' 'mul_ln1118_131' <Predicate = true> <Delay = 3.78> <Core = "Mul">   --->   Core 16 'Mul' <Latency = 0> <II = 1> <Delay = 3.78> <FuncUnit> <Opcode : 'mul'> <InPorts = 2> <OutPorts = 1>
ST_4 : Operation 157 [2/3] (1.05ns) (grouped into DSP with root node add_ln703_131)   --->   "%mul_ln1118_132 = mul i11 %sext_ln1118_262, %zext_ln1118_128" [firmware/nnet_utils/nnet_mult.h:106->firmware/nnet_utils/nnet_dense_resource.h:76->firmware/nnet_utils/nnet_dense_resource.h:274]   --->   Operation 157 'mul' 'mul_ln1118_132' <Predicate = true> <Delay = 1.05> <Core = "DSP48">   --->   Core 88 'DSP48' <Latency = 2> <II = 1> <Delay = 3.88> <IPBlock> <Opcode : 'mul' 'add' 'sub' 'select'> <InPorts = 0> <OutPorts = 1> <Sync> <CReg>
ST_4 : Operation 158 [1/1] (0.00ns)   --->   "%zext_ln1118_129 = zext i5 %phi_ln76_126 to i11" [firmware/nnet_utils/nnet_mult.h:106->firmware/nnet_utils/nnet_dense_resource.h:76->firmware/nnet_utils/nnet_dense_resource.h:274]   --->   Operation 158 'zext' 'zext_ln1118_129' <Predicate = true> <Delay = 0.00>
ST_4 : Operation 159 [1/1] (0.00ns)   --->   "%sext_ln1118_264 = sext i6 %tmp_126 to i11" [firmware/nnet_utils/nnet_mult.h:106->firmware/nnet_utils/nnet_dense_resource.h:76->firmware/nnet_utils/nnet_dense_resource.h:274]   --->   Operation 159 'sext' 'sext_ln1118_264' <Predicate = true> <Delay = 0.00>
ST_4 : Operation 160 [1/1] (3.78ns)   --->   "%mul_ln1118_133 = mul i11 %sext_ln1118_264, %zext_ln1118_129" [firmware/nnet_utils/nnet_mult.h:106->firmware/nnet_utils/nnet_dense_resource.h:76->firmware/nnet_utils/nnet_dense_resource.h:274]   --->   Operation 160 'mul' 'mul_ln1118_133' <Predicate = true> <Delay = 3.78> <Core = "Mul">   --->   Core 16 'Mul' <Latency = 0> <II = 1> <Delay = 3.78> <FuncUnit> <Opcode : 'mul'> <InPorts = 2> <OutPorts = 1>
ST_4 : Operation 161 [2/3] (1.05ns) (grouped into DSP with root node add_ln703_133)   --->   "%mul_ln1118_134 = mul i11 %sext_ln1118_266, %zext_ln1118_130" [firmware/nnet_utils/nnet_mult.h:106->firmware/nnet_utils/nnet_dense_resource.h:76->firmware/nnet_utils/nnet_dense_resource.h:274]   --->   Operation 161 'mul' 'mul_ln1118_134' <Predicate = true> <Delay = 1.05> <Core = "DSP48">   --->   Core 88 'DSP48' <Latency = 2> <II = 1> <Delay = 3.88> <IPBlock> <Opcode : 'mul' 'add' 'sub' 'select'> <InPorts = 0> <OutPorts = 1> <Sync> <CReg>
ST_4 : Operation 162 [1/1] (0.00ns)   --->   "%zext_ln1118_131 = zext i5 %phi_ln76_128 to i11" [firmware/nnet_utils/nnet_mult.h:106->firmware/nnet_utils/nnet_dense_resource.h:76->firmware/nnet_utils/nnet_dense_resource.h:274]   --->   Operation 162 'zext' 'zext_ln1118_131' <Predicate = true> <Delay = 0.00>
ST_4 : Operation 163 [1/1] (0.00ns)   --->   "%sext_ln1118_268 = sext i6 %tmp_128 to i11" [firmware/nnet_utils/nnet_mult.h:106->firmware/nnet_utils/nnet_dense_resource.h:76->firmware/nnet_utils/nnet_dense_resource.h:274]   --->   Operation 163 'sext' 'sext_ln1118_268' <Predicate = true> <Delay = 0.00>
ST_4 : Operation 164 [1/1] (3.78ns)   --->   "%mul_ln1118_135 = mul i11 %sext_ln1118_268, %zext_ln1118_131" [firmware/nnet_utils/nnet_mult.h:106->firmware/nnet_utils/nnet_dense_resource.h:76->firmware/nnet_utils/nnet_dense_resource.h:274]   --->   Operation 164 'mul' 'mul_ln1118_135' <Predicate = true> <Delay = 3.78> <Core = "Mul">   --->   Core 16 'Mul' <Latency = 0> <II = 1> <Delay = 3.78> <FuncUnit> <Opcode : 'mul'> <InPorts = 2> <OutPorts = 1>
ST_4 : Operation 165 [2/3] (1.05ns) (grouped into DSP with root node add_ln703_135)   --->   "%mul_ln1118_136 = mul i11 %sext_ln1118_270, %zext_ln1118_132" [firmware/nnet_utils/nnet_mult.h:106->firmware/nnet_utils/nnet_dense_resource.h:76->firmware/nnet_utils/nnet_dense_resource.h:274]   --->   Operation 165 'mul' 'mul_ln1118_136' <Predicate = true> <Delay = 1.05> <Core = "DSP48">   --->   Core 88 'DSP48' <Latency = 2> <II = 1> <Delay = 3.88> <IPBlock> <Opcode : 'mul' 'add' 'sub' 'select'> <InPorts = 0> <OutPorts = 1> <Sync> <CReg>
ST_4 : Operation 166 [1/1] (0.00ns)   --->   "%zext_ln1118_133 = zext i5 %phi_ln76_130 to i11" [firmware/nnet_utils/nnet_mult.h:106->firmware/nnet_utils/nnet_dense_resource.h:76->firmware/nnet_utils/nnet_dense_resource.h:274]   --->   Operation 166 'zext' 'zext_ln1118_133' <Predicate = true> <Delay = 0.00>
ST_4 : Operation 167 [1/1] (0.00ns)   --->   "%sext_ln1118_272 = sext i6 %tmp_130 to i11" [firmware/nnet_utils/nnet_mult.h:106->firmware/nnet_utils/nnet_dense_resource.h:76->firmware/nnet_utils/nnet_dense_resource.h:274]   --->   Operation 167 'sext' 'sext_ln1118_272' <Predicate = true> <Delay = 0.00>
ST_4 : Operation 168 [1/1] (3.78ns)   --->   "%mul_ln1118_137 = mul i11 %sext_ln1118_272, %zext_ln1118_133" [firmware/nnet_utils/nnet_mult.h:106->firmware/nnet_utils/nnet_dense_resource.h:76->firmware/nnet_utils/nnet_dense_resource.h:274]   --->   Operation 168 'mul' 'mul_ln1118_137' <Predicate = true> <Delay = 3.78> <Core = "Mul">   --->   Core 16 'Mul' <Latency = 0> <II = 1> <Delay = 3.78> <FuncUnit> <Opcode : 'mul'> <InPorts = 2> <OutPorts = 1>
ST_4 : Operation 169 [2/3] (1.05ns) (grouped into DSP with root node add_ln703_137)   --->   "%mul_ln1118_138 = mul i11 %sext_ln1118_274, %zext_ln1118_134" [firmware/nnet_utils/nnet_mult.h:106->firmware/nnet_utils/nnet_dense_resource.h:76->firmware/nnet_utils/nnet_dense_resource.h:274]   --->   Operation 169 'mul' 'mul_ln1118_138' <Predicate = true> <Delay = 1.05> <Core = "DSP48">   --->   Core 88 'DSP48' <Latency = 2> <II = 1> <Delay = 3.88> <IPBlock> <Opcode : 'mul' 'add' 'sub' 'select'> <InPorts = 0> <OutPorts = 1> <Sync> <CReg>
ST_4 : Operation 170 [1/1] (0.00ns)   --->   "%zext_ln1118_135 = zext i5 %phi_ln76_132 to i11" [firmware/nnet_utils/nnet_mult.h:106->firmware/nnet_utils/nnet_dense_resource.h:76->firmware/nnet_utils/nnet_dense_resource.h:274]   --->   Operation 170 'zext' 'zext_ln1118_135' <Predicate = true> <Delay = 0.00>
ST_4 : Operation 171 [1/1] (0.00ns)   --->   "%sext_ln1118_276 = sext i6 %tmp_132 to i11" [firmware/nnet_utils/nnet_mult.h:106->firmware/nnet_utils/nnet_dense_resource.h:76->firmware/nnet_utils/nnet_dense_resource.h:274]   --->   Operation 171 'sext' 'sext_ln1118_276' <Predicate = true> <Delay = 0.00>
ST_4 : Operation 172 [1/1] (3.78ns)   --->   "%mul_ln1118_139 = mul i11 %sext_ln1118_276, %zext_ln1118_135" [firmware/nnet_utils/nnet_mult.h:106->firmware/nnet_utils/nnet_dense_resource.h:76->firmware/nnet_utils/nnet_dense_resource.h:274]   --->   Operation 172 'mul' 'mul_ln1118_139' <Predicate = true> <Delay = 3.78> <Core = "Mul">   --->   Core 16 'Mul' <Latency = 0> <II = 1> <Delay = 3.78> <FuncUnit> <Opcode : 'mul'> <InPorts = 2> <OutPorts = 1>

State 5 <SV = 4> <Delay = 3.02>
ST_5 : Operation 173 [1/3] (0.00ns) (grouped into DSP with root node add_ln703)   --->   "%mul_ln1118 = mul i11 %sext_ln1118, %zext_ln1118" [firmware/nnet_utils/nnet_mult.h:106->firmware/nnet_utils/nnet_dense_resource.h:76->firmware/nnet_utils/nnet_dense_resource.h:274]   --->   Operation 173 'mul' 'mul_ln1118' <Predicate = true> <Delay = 0.00> <Core = "DSP48">   --->   Core 88 'DSP48' <Latency = 2> <II = 1> <Delay = 3.88> <IPBlock> <Opcode : 'mul' 'add' 'sub' 'select'> <InPorts = 0> <OutPorts = 1> <Sync> <CReg>
ST_5 : Operation 174 [1/1] (0.00ns) (grouped into DSP with root node add_ln703)   --->   "%sext_ln1118_259 = sext i11 %mul_ln1118 to i12" [firmware/nnet_utils/nnet_mult.h:106->firmware/nnet_utils/nnet_dense_resource.h:76->firmware/nnet_utils/nnet_dense_resource.h:274]   --->   Operation 174 'sext' 'sext_ln1118_259' <Predicate = true> <Delay = 0.00>
ST_5 : Operation 175 [1/1] (0.00ns)   --->   "%sext_ln1118_261 = sext i11 %mul_ln1118_131 to i12" [firmware/nnet_utils/nnet_mult.h:106->firmware/nnet_utils/nnet_dense_resource.h:76->firmware/nnet_utils/nnet_dense_resource.h:274]   --->   Operation 175 'sext' 'sext_ln1118_261' <Predicate = true> <Delay = 0.00>
ST_5 : Operation 176 [1/1] (3.02ns) (root node of the DSP)   --->   "%add_ln703 = add i12 %sext_ln1118_261, %sext_ln1118_259" [firmware/nnet_utils/nnet_dense_resource.h:76->firmware/nnet_utils/nnet_dense_resource.h:274]   --->   Operation 176 'add' 'add_ln703' <Predicate = true> <Delay = 3.02> <Core = "DSP48">   --->   Core 88 'DSP48' <Latency = 2> <II = 1> <Delay = 3.88> <IPBlock> <Opcode : 'mul' 'add' 'sub' 'select'> <InPorts = 0> <OutPorts = 1> <Sync> <CReg>
ST_5 : Operation 177 [1/3] (0.00ns) (grouped into DSP with root node add_ln703_131)   --->   "%mul_ln1118_132 = mul i11 %sext_ln1118_262, %zext_ln1118_128" [firmware/nnet_utils/nnet_mult.h:106->firmware/nnet_utils/nnet_dense_resource.h:76->firmware/nnet_utils/nnet_dense_resource.h:274]   --->   Operation 177 'mul' 'mul_ln1118_132' <Predicate = true> <Delay = 0.00> <Core = "DSP48">   --->   Core 88 'DSP48' <Latency = 2> <II = 1> <Delay = 3.88> <IPBlock> <Opcode : 'mul' 'add' 'sub' 'select'> <InPorts = 0> <OutPorts = 1> <Sync> <CReg>
ST_5 : Operation 178 [1/1] (0.00ns) (grouped into DSP with root node add_ln703_131)   --->   "%sext_ln1118_263 = sext i11 %mul_ln1118_132 to i12" [firmware/nnet_utils/nnet_mult.h:106->firmware/nnet_utils/nnet_dense_resource.h:76->firmware/nnet_utils/nnet_dense_resource.h:274]   --->   Operation 178 'sext' 'sext_ln1118_263' <Predicate = true> <Delay = 0.00>
ST_5 : Operation 179 [1/1] (0.00ns)   --->   "%sext_ln1118_265 = sext i11 %mul_ln1118_133 to i12" [firmware/nnet_utils/nnet_mult.h:106->firmware/nnet_utils/nnet_dense_resource.h:76->firmware/nnet_utils/nnet_dense_resource.h:274]   --->   Operation 179 'sext' 'sext_ln1118_265' <Predicate = true> <Delay = 0.00>
ST_5 : Operation 180 [1/1] (3.02ns) (root node of the DSP)   --->   "%add_ln703_131 = add i12 %sext_ln1118_265, %sext_ln1118_263" [firmware/nnet_utils/nnet_dense_resource.h:76->firmware/nnet_utils/nnet_dense_resource.h:274]   --->   Operation 180 'add' 'add_ln703_131' <Predicate = true> <Delay = 3.02> <Core = "DSP48">   --->   Core 88 'DSP48' <Latency = 2> <II = 1> <Delay = 3.88> <IPBlock> <Opcode : 'mul' 'add' 'sub' 'select'> <InPorts = 0> <OutPorts = 1> <Sync> <CReg>
ST_5 : Operation 181 [1/3] (0.00ns) (grouped into DSP with root node add_ln703_133)   --->   "%mul_ln1118_134 = mul i11 %sext_ln1118_266, %zext_ln1118_130" [firmware/nnet_utils/nnet_mult.h:106->firmware/nnet_utils/nnet_dense_resource.h:76->firmware/nnet_utils/nnet_dense_resource.h:274]   --->   Operation 181 'mul' 'mul_ln1118_134' <Predicate = true> <Delay = 0.00> <Core = "DSP48">   --->   Core 88 'DSP48' <Latency = 2> <II = 1> <Delay = 3.88> <IPBlock> <Opcode : 'mul' 'add' 'sub' 'select'> <InPorts = 0> <OutPorts = 1> <Sync> <CReg>
ST_5 : Operation 182 [1/1] (0.00ns) (grouped into DSP with root node add_ln703_133)   --->   "%sext_ln1118_267 = sext i11 %mul_ln1118_134 to i12" [firmware/nnet_utils/nnet_mult.h:106->firmware/nnet_utils/nnet_dense_resource.h:76->firmware/nnet_utils/nnet_dense_resource.h:274]   --->   Operation 182 'sext' 'sext_ln1118_267' <Predicate = true> <Delay = 0.00>
ST_5 : Operation 183 [1/1] (0.00ns)   --->   "%sext_ln1118_269 = sext i11 %mul_ln1118_135 to i12" [firmware/nnet_utils/nnet_mult.h:106->firmware/nnet_utils/nnet_dense_resource.h:76->firmware/nnet_utils/nnet_dense_resource.h:274]   --->   Operation 183 'sext' 'sext_ln1118_269' <Predicate = true> <Delay = 0.00>
ST_5 : Operation 184 [1/1] (3.02ns) (root node of the DSP)   --->   "%add_ln703_133 = add i12 %sext_ln1118_269, %sext_ln1118_267" [firmware/nnet_utils/nnet_dense_resource.h:76->firmware/nnet_utils/nnet_dense_resource.h:274]   --->   Operation 184 'add' 'add_ln703_133' <Predicate = true> <Delay = 3.02> <Core = "DSP48">   --->   Core 88 'DSP48' <Latency = 2> <II = 1> <Delay = 3.88> <IPBlock> <Opcode : 'mul' 'add' 'sub' 'select'> <InPorts = 0> <OutPorts = 1> <Sync> <CReg>
ST_5 : Operation 185 [1/3] (0.00ns) (grouped into DSP with root node add_ln703_135)   --->   "%mul_ln1118_136 = mul i11 %sext_ln1118_270, %zext_ln1118_132" [firmware/nnet_utils/nnet_mult.h:106->firmware/nnet_utils/nnet_dense_resource.h:76->firmware/nnet_utils/nnet_dense_resource.h:274]   --->   Operation 185 'mul' 'mul_ln1118_136' <Predicate = true> <Delay = 0.00> <Core = "DSP48">   --->   Core 88 'DSP48' <Latency = 2> <II = 1> <Delay = 3.88> <IPBlock> <Opcode : 'mul' 'add' 'sub' 'select'> <InPorts = 0> <OutPorts = 1> <Sync> <CReg>
ST_5 : Operation 186 [1/1] (0.00ns) (grouped into DSP with root node add_ln703_135)   --->   "%sext_ln1118_271 = sext i11 %mul_ln1118_136 to i12" [firmware/nnet_utils/nnet_mult.h:106->firmware/nnet_utils/nnet_dense_resource.h:76->firmware/nnet_utils/nnet_dense_resource.h:274]   --->   Operation 186 'sext' 'sext_ln1118_271' <Predicate = true> <Delay = 0.00>
ST_5 : Operation 187 [1/1] (0.00ns)   --->   "%sext_ln1118_273 = sext i11 %mul_ln1118_137 to i12" [firmware/nnet_utils/nnet_mult.h:106->firmware/nnet_utils/nnet_dense_resource.h:76->firmware/nnet_utils/nnet_dense_resource.h:274]   --->   Operation 187 'sext' 'sext_ln1118_273' <Predicate = true> <Delay = 0.00>
ST_5 : Operation 188 [1/1] (3.02ns) (root node of the DSP)   --->   "%add_ln703_135 = add i12 %sext_ln1118_273, %sext_ln1118_271" [firmware/nnet_utils/nnet_dense_resource.h:76->firmware/nnet_utils/nnet_dense_resource.h:274]   --->   Operation 188 'add' 'add_ln703_135' <Predicate = true> <Delay = 3.02> <Core = "DSP48">   --->   Core 88 'DSP48' <Latency = 2> <II = 1> <Delay = 3.88> <IPBlock> <Opcode : 'mul' 'add' 'sub' 'select'> <InPorts = 0> <OutPorts = 1> <Sync> <CReg>
ST_5 : Operation 189 [1/3] (0.00ns) (grouped into DSP with root node add_ln703_137)   --->   "%mul_ln1118_138 = mul i11 %sext_ln1118_274, %zext_ln1118_134" [firmware/nnet_utils/nnet_mult.h:106->firmware/nnet_utils/nnet_dense_resource.h:76->firmware/nnet_utils/nnet_dense_resource.h:274]   --->   Operation 189 'mul' 'mul_ln1118_138' <Predicate = true> <Delay = 0.00> <Core = "DSP48">   --->   Core 88 'DSP48' <Latency = 2> <II = 1> <Delay = 3.88> <IPBlock> <Opcode : 'mul' 'add' 'sub' 'select'> <InPorts = 0> <OutPorts = 1> <Sync> <CReg>
ST_5 : Operation 190 [1/1] (0.00ns) (grouped into DSP with root node add_ln703_137)   --->   "%sext_ln1118_275 = sext i11 %mul_ln1118_138 to i12" [firmware/nnet_utils/nnet_mult.h:106->firmware/nnet_utils/nnet_dense_resource.h:76->firmware/nnet_utils/nnet_dense_resource.h:274]   --->   Operation 190 'sext' 'sext_ln1118_275' <Predicate = true> <Delay = 0.00>
ST_5 : Operation 191 [1/1] (0.00ns)   --->   "%sext_ln1118_277 = sext i11 %mul_ln1118_139 to i12" [firmware/nnet_utils/nnet_mult.h:106->firmware/nnet_utils/nnet_dense_resource.h:76->firmware/nnet_utils/nnet_dense_resource.h:274]   --->   Operation 191 'sext' 'sext_ln1118_277' <Predicate = true> <Delay = 0.00>
ST_5 : Operation 192 [1/1] (3.02ns) (root node of the DSP)   --->   "%add_ln703_137 = add i12 %sext_ln1118_277, %sext_ln1118_275" [firmware/nnet_utils/nnet_dense_resource.h:76->firmware/nnet_utils/nnet_dense_resource.h:274]   --->   Operation 192 'add' 'add_ln703_137' <Predicate = true> <Delay = 3.02> <Core = "DSP48">   --->   Core 88 'DSP48' <Latency = 2> <II = 1> <Delay = 3.88> <IPBlock> <Opcode : 'mul' 'add' 'sub' 'select'> <InPorts = 0> <OutPorts = 1> <Sync> <CReg>

State 6 <SV = 5> <Delay = 2.07>
ST_6 : Operation 193 [1/1] (0.00ns)   --->   "%res_0_V_write_assign11 = phi i16 [ -32, %_ZN8ap_fixedILi16ELi6EL9ap_q_mode5EL9ap_o_mode3ELi0EEC1ILi6ELi1ELb1ELS0_5ELS1_3ELi0EEERK13ap_fixed_baseIXT_EXT0_EXT1_EXT2_EXT3_EXT4_EE.exit.i.0 ], [ %acc_0_V, %ReuseLoop ], [ -32, %.preheader.i.0 ]"   --->   Operation 193 'phi' 'res_0_V_write_assign11' <Predicate = true> <Delay = 0.00>
ST_6 : Operation 194 [1/1] (0.00ns)   --->   "%res_1_V_write_assign9 = phi i16 [ -1024, %_ZN8ap_fixedILi16ELi6EL9ap_q_mode5EL9ap_o_mode3ELi0EEC1ILi6ELi1ELb1ELS0_5ELS1_3ELi0EEERK13ap_fixed_baseIXT_EXT0_EXT1_EXT2_EXT3_EXT4_EE.exit.i.0 ], [ %acc_1_V, %ReuseLoop ], [ -1024, %.preheader.i.0 ]"   --->   Operation 194 'phi' 'res_1_V_write_assign9' <Predicate = true> <Delay = 0.00>
ST_6 : Operation 195 [1/1] (0.00ns)   --->   "%res_2_V_write_assign7 = phi i16 [ 992, %_ZN8ap_fixedILi16ELi6EL9ap_q_mode5EL9ap_o_mode3ELi0EEC1ILi6ELi1ELb1ELS0_5ELS1_3ELi0EEERK13ap_fixed_baseIXT_EXT0_EXT1_EXT2_EXT3_EXT4_EE.exit.i.0 ], [ %acc_2_V, %ReuseLoop ], [ 992, %.preheader.i.0 ]"   --->   Operation 195 'phi' 'res_2_V_write_assign7' <Predicate = true> <Delay = 0.00>
ST_6 : Operation 196 [1/1] (0.00ns)   --->   "%res_3_V_write_assign5 = phi i16 [ -320, %_ZN8ap_fixedILi16ELi6EL9ap_q_mode5EL9ap_o_mode3ELi0EEC1ILi6ELi1ELb1ELS0_5ELS1_3ELi0EEERK13ap_fixed_baseIXT_EXT0_EXT1_EXT2_EXT3_EXT4_EE.exit.i.0 ], [ %acc_3_V, %ReuseLoop ], [ -320, %.preheader.i.0 ]"   --->   Operation 196 'phi' 'res_3_V_write_assign5' <Predicate = true> <Delay = 0.00>
ST_6 : Operation 197 [1/1] (0.00ns)   --->   "%res_4_V_write_assign3 = phi i16 [ -1024, %_ZN8ap_fixedILi16ELi6EL9ap_q_mode5EL9ap_o_mode3ELi0EEC1ILi6ELi1ELb1ELS0_5ELS1_3ELi0EEERK13ap_fixed_baseIXT_EXT0_EXT1_EXT2_EXT3_EXT4_EE.exit.i.0 ], [ %acc_4_V, %ReuseLoop ], [ -1024, %.preheader.i.0 ]"   --->   Operation 197 'phi' 'res_4_V_write_assign3' <Predicate = true> <Delay = 0.00>
ST_6 : Operation 198 [1/1] (0.00ns)   --->   "call void (...)* @_ssdm_op_SpecLoopName([10 x i8]* @p_str16) nounwind" [firmware/nnet_utils/nnet_dense_resource.h:64->firmware/nnet_utils/nnet_dense_resource.h:274]   --->   Operation 198 'specloopname' <Predicate = true> <Delay = 0.00>
ST_6 : Operation 199 [1/1] (0.00ns)   --->   "%tmp = call i32 (...)* @_ssdm_op_SpecRegionBegin([10 x i8]* @p_str16)" [firmware/nnet_utils/nnet_dense_resource.h:64->firmware/nnet_utils/nnet_dense_resource.h:274]   --->   Operation 199 'specregionbegin' 'tmp' <Predicate = true> <Delay = 0.00>
ST_6 : Operation 200 [1/1] (0.00ns)   --->   "call void (...)* @_ssdm_op_SpecPipeline(i32 1, i32 1, i32 1, i32 0, [1 x i8]* @p_str9) nounwind" [firmware/nnet_utils/nnet_dense_resource.h:65->firmware/nnet_utils/nnet_dense_resource.h:274]   --->   Operation 200 'specpipeline' <Predicate = true> <Delay = 0.00>
ST_6 : Operation 201 [1/1] (0.00ns)   --->   "%sext_ln703 = sext i12 %add_ln703 to i16" [firmware/nnet_utils/nnet_dense_resource.h:76->firmware/nnet_utils/nnet_dense_resource.h:274]   --->   Operation 201 'sext' 'sext_ln703' <Predicate = true> <Delay = 0.00>
ST_6 : Operation 202 [1/1] (2.07ns)   --->   "%acc_0_V = add i16 %res_0_V_write_assign11, %sext_ln703" [firmware/nnet_utils/nnet_dense_resource.h:76->firmware/nnet_utils/nnet_dense_resource.h:274]   --->   Operation 202 'add' 'acc_0_V' <Predicate = true> <Delay = 2.07> <Core = "AddSub">   --->   Core 14 'AddSub' <Latency = 0> <II = 1> <Delay = 1.73> <FuncUnit> <Opcode : 'add' 'sub'> <InPorts = 2> <OutPorts = 1>
ST_6 : Operation 203 [1/1] (0.00ns)   --->   "%sext_ln703_68 = sext i12 %add_ln703_131 to i16" [firmware/nnet_utils/nnet_dense_resource.h:76->firmware/nnet_utils/nnet_dense_resource.h:274]   --->   Operation 203 'sext' 'sext_ln703_68' <Predicate = true> <Delay = 0.00>
ST_6 : Operation 204 [1/1] (2.07ns)   --->   "%acc_1_V = add i16 %res_1_V_write_assign9, %sext_ln703_68" [firmware/nnet_utils/nnet_dense_resource.h:76->firmware/nnet_utils/nnet_dense_resource.h:274]   --->   Operation 204 'add' 'acc_1_V' <Predicate = true> <Delay = 2.07> <Core = "AddSub">   --->   Core 14 'AddSub' <Latency = 0> <II = 1> <Delay = 1.73> <FuncUnit> <Opcode : 'add' 'sub'> <InPorts = 2> <OutPorts = 1>
ST_6 : Operation 205 [1/1] (0.00ns)   --->   "%sext_ln703_69 = sext i12 %add_ln703_133 to i16" [firmware/nnet_utils/nnet_dense_resource.h:76->firmware/nnet_utils/nnet_dense_resource.h:274]   --->   Operation 205 'sext' 'sext_ln703_69' <Predicate = true> <Delay = 0.00>
ST_6 : Operation 206 [1/1] (2.07ns)   --->   "%acc_2_V = add i16 %res_2_V_write_assign7, %sext_ln703_69" [firmware/nnet_utils/nnet_dense_resource.h:76->firmware/nnet_utils/nnet_dense_resource.h:274]   --->   Operation 206 'add' 'acc_2_V' <Predicate = true> <Delay = 2.07> <Core = "AddSub">   --->   Core 14 'AddSub' <Latency = 0> <II = 1> <Delay = 1.73> <FuncUnit> <Opcode : 'add' 'sub'> <InPorts = 2> <OutPorts = 1>
ST_6 : Operation 207 [1/1] (0.00ns)   --->   "%sext_ln703_70 = sext i12 %add_ln703_135 to i16" [firmware/nnet_utils/nnet_dense_resource.h:76->firmware/nnet_utils/nnet_dense_resource.h:274]   --->   Operation 207 'sext' 'sext_ln703_70' <Predicate = true> <Delay = 0.00>
ST_6 : Operation 208 [1/1] (2.07ns)   --->   "%acc_3_V = add i16 %res_3_V_write_assign5, %sext_ln703_70" [firmware/nnet_utils/nnet_dense_resource.h:76->firmware/nnet_utils/nnet_dense_resource.h:274]   --->   Operation 208 'add' 'acc_3_V' <Predicate = true> <Delay = 2.07> <Core = "AddSub">   --->   Core 14 'AddSub' <Latency = 0> <II = 1> <Delay = 1.73> <FuncUnit> <Opcode : 'add' 'sub'> <InPorts = 2> <OutPorts = 1>
ST_6 : Operation 209 [1/1] (0.00ns)   --->   "%sext_ln703_71 = sext i12 %add_ln703_137 to i16" [firmware/nnet_utils/nnet_dense_resource.h:76->firmware/nnet_utils/nnet_dense_resource.h:274]   --->   Operation 209 'sext' 'sext_ln703_71' <Predicate = true> <Delay = 0.00>
ST_6 : Operation 210 [1/1] (2.07ns)   --->   "%acc_4_V = add i16 %res_4_V_write_assign3, %sext_ln703_71" [firmware/nnet_utils/nnet_dense_resource.h:76->firmware/nnet_utils/nnet_dense_resource.h:274]   --->   Operation 210 'add' 'acc_4_V' <Predicate = true> <Delay = 2.07> <Core = "AddSub">   --->   Core 14 'AddSub' <Latency = 0> <II = 1> <Delay = 1.73> <FuncUnit> <Opcode : 'add' 'sub'> <InPorts = 2> <OutPorts = 1>
ST_6 : Operation 211 [1/1] (0.00ns)   --->   "%empty = call i32 (...)* @_ssdm_op_SpecRegionEnd([10 x i8]* @p_str16, i32 %tmp)" [firmware/nnet_utils/nnet_dense_resource.h:93->firmware/nnet_utils/nnet_dense_resource.h:274]   --->   Operation 211 'specregionend' 'empty' <Predicate = true> <Delay = 0.00>
ST_6 : Operation 212 [1/1] (0.00ns)   --->   "%empty_28 = call i32 (...)* @_ssdm_op_SpecLoopTripCount(i64 16, i64 16, i64 16)"   --->   Operation 212 'speclooptripcount' 'empty_28' <Predicate = true> <Delay = 0.00>
ST_6 : Operation 213 [1/1] (0.00ns)   --->   "%mrv = insertvalue { i16, i16, i16, i16, i16 } undef, i16 %acc_0_V, 0" [firmware/nnet_utils/nnet_dense_resource.h:280]   --->   Operation 213 'insertvalue' 'mrv' <Predicate = (icmp_ln64)> <Delay = 0.00>
ST_6 : Operation 214 [1/1] (0.00ns)   --->   "%mrv_1 = insertvalue { i16, i16, i16, i16, i16 } %mrv, i16 %acc_1_V, 1" [firmware/nnet_utils/nnet_dense_resource.h:280]   --->   Operation 214 'insertvalue' 'mrv_1' <Predicate = (icmp_ln64)> <Delay = 0.00>
ST_6 : Operation 215 [1/1] (0.00ns)   --->   "%mrv_2 = insertvalue { i16, i16, i16, i16, i16 } %mrv_1, i16 %acc_2_V, 2" [firmware/nnet_utils/nnet_dense_resource.h:280]   --->   Operation 215 'insertvalue' 'mrv_2' <Predicate = (icmp_ln64)> <Delay = 0.00>
ST_6 : Operation 216 [1/1] (0.00ns)   --->   "%mrv_3 = insertvalue { i16, i16, i16, i16, i16 } %mrv_2, i16 %acc_3_V, 3" [firmware/nnet_utils/nnet_dense_resource.h:280]   --->   Operation 216 'insertvalue' 'mrv_3' <Predicate = (icmp_ln64)> <Delay = 0.00>
ST_6 : Operation 217 [1/1] (0.00ns)   --->   "%mrv_4 = insertvalue { i16, i16, i16, i16, i16 } %mrv_3, i16 %acc_4_V, 4" [firmware/nnet_utils/nnet_dense_resource.h:280]   --->   Operation 217 'insertvalue' 'mrv_4' <Predicate = (icmp_ln64)> <Delay = 0.00>
ST_6 : Operation 218 [1/1] (0.00ns)   --->   "call void (...)* @_ssdm_op_Return({ i16, i16, i16, i16, i16 } %mrv_4)" [firmware/nnet_utils/nnet_dense_resource.h:280]   --->   Operation 218 'return' <Predicate = (icmp_ln64)> <Delay = 0.00>


============================================================
+ Verbose Summary: Timing violations
============================================================
Target clock period: 5ns, clock uncertainty: 0.625ns.

 <State 1>: 1.77ns
The critical path consists of the following:
	multiplexor before 'phi' operation ('do_init') [37]  (1.77 ns)

 <State 2>: 3.25ns
The critical path consists of the following:
	'phi' operation ('w_index') with incoming values : ('ir', firmware/nnet_utils/nnet_dense_resource.h:64->firmware/nnet_utils/nnet_dense_resource.h:274) [70]  (0 ns)
	'getelementptr' operation ('w11_V_addr', firmware/nnet_utils/nnet_dense_resource.h:76->firmware/nnet_utils/nnet_dense_resource.h:274) [150]  (0 ns)
	'load' operation ('w11_V_load', firmware/nnet_utils/nnet_dense_resource.h:76->firmware/nnet_utils/nnet_dense_resource.h:274) on array 'w11_V' [151]  (3.25 ns)

 <State 3>: 4.3ns
The critical path consists of the following:
	'load' operation ('w11_V_load', firmware/nnet_utils/nnet_dense_resource.h:76->firmware/nnet_utils/nnet_dense_resource.h:274) on array 'w11_V' [151]  (3.25 ns)
	'mul' operation of DSP[164] ('mul_ln1118', firmware/nnet_utils/nnet_mult.h:106->firmware/nnet_utils/nnet_dense_resource.h:76->firmware/nnet_utils/nnet_dense_resource.h:274) [155]  (1.05 ns)

 <State 4>: 3.78ns
The critical path consists of the following:
	'mul' operation ('mul_ln1118_131', firmware/nnet_utils/nnet_mult.h:106->firmware/nnet_utils/nnet_dense_resource.h:76->firmware/nnet_utils/nnet_dense_resource.h:274) [162]  (3.78 ns)

 <State 5>: 3.02ns
The critical path consists of the following:
	'mul' operation of DSP[164] ('mul_ln1118', firmware/nnet_utils/nnet_mult.h:106->firmware/nnet_utils/nnet_dense_resource.h:76->firmware/nnet_utils/nnet_dense_resource.h:274) [155]  (0 ns)
	'add' operation of DSP[164] ('add_ln703', firmware/nnet_utils/nnet_dense_resource.h:76->firmware/nnet_utils/nnet_dense_resource.h:274) [164]  (3.02 ns)

 <State 6>: 2.08ns
The critical path consists of the following:
	'phi' operation ('acc[0].V') with incoming values : ('acc[0].V', firmware/nnet_utils/nnet_dense_resource.h:76->firmware/nnet_utils/nnet_dense_resource.h:274) [71]  (0 ns)
	'add' operation ('acc[0].V', firmware/nnet_utils/nnet_dense_resource.h:76->firmware/nnet_utils/nnet_dense_resource.h:274) [166]  (2.08 ns)
	'insertvalue' operation ('mrv', firmware/nnet_utils/nnet_dense_resource.h:280) [233]  (0 ns)


============================================================
+ Verbose Summary: Binding
============================================================
N/A
* FSMD analyzer results:
  - Output states:
 - Input state : 
  - Chain level:
	State 1
	State 2
	State 3
	State 4
	State 5
	State 6


============================================================
+ Verbose Summary: Datapath Resource usage 
============================================================
N/A
