

================================================================
== Vivado HLS Report for 'relu_ap_fixed_ap_fixed_16_6_0_0_0_relu_config7_s'
================================================================
* Date:           Wed Sep  8 19:08:55 2021

* Version:        2020.1 (Build 2897737 on Wed May 27 20:21:37 MDT 2020)
* Project:        myproject_prj
* Solution:       solution1
* Product family: zynq
* Target device:  xc7z020-clg400-1


================================================================
== Performance Estimates
================================================================
+ Timing: 
    * Summary: 
    +--------+---------+----------+------------+
    |  Clock |  Target | Estimated| Uncertainty|
    +--------+---------+----------+------------+
    |ap_clk  | 5.00 ns | 3.183 ns |   0.62 ns  |
    +--------+---------+----------+------------+

+ Latency: 
    * Summary: 
    +---------+---------+----------+----------+-----+-----+----------+
    |  Latency (cycles) |  Latency (absolute) |  Interval | Pipeline |
    |   min   |   max   |    min   |    max   | min | max |   Type   |
    +---------+---------+----------+----------+-----+-----+----------+
    |        0|        0|   0 ns   |   0 ns   |    1|    1| function |
    +---------+---------+----------+----------+-----+-----+----------+

    + Detail: 
        * Instance: 
        N/A

        * Loop: 
        N/A



================================================================
== Utilization Estimates
================================================================
* Summary: 
+-----------------+---------+-------+--------+-------+-----+
|       Name      | BRAM_18K| DSP48E|   FF   |  LUT  | URAM|
+-----------------+---------+-------+--------+-------+-----+
|DSP              |        -|      -|       -|      -|    -|
|Expression       |        -|      -|       0|    898|    -|
|FIFO             |        -|      -|       -|      -|    -|
|Instance         |        -|      -|       -|      -|    -|
|Memory           |        -|      -|       -|      -|    -|
|Multiplexer      |        -|      -|       -|    297|    -|
|Register         |        -|      -|     482|      -|    -|
+-----------------+---------+-------+--------+-------+-----+
|Total            |        0|      0|     482|   1195|    0|
+-----------------+---------+-------+--------+-------+-----+
|Available        |      280|    220|  106400|  53200|    0|
+-----------------+---------+-------+--------+-------+-----+
|Utilization (%)  |        0|      0|   ~0   |      2|    0|
+-----------------+---------+-------+--------+-------+-----+

+ Detail: 
    * Instance: 
    N/A

    * DSP48E: 
    N/A

    * Memory: 
    N/A

    * FIFO: 
    N/A

    * Expression: 
    +--------------------------+----------+-------+---+----+------------+------------+
    |       Variable Name      | Operation| DSP48E| FF| LUT| Bitwidth P0| Bitwidth P1|
    +--------------------------+----------+-------+---+----+------------+------------+
    |icmp_ln1494_10_fu_464_p2  |   icmp   |      0|  0|  13|          16|           1|
    |icmp_ln1494_11_fu_482_p2  |   icmp   |      0|  0|  13|          16|           1|
    |icmp_ln1494_12_fu_500_p2  |   icmp   |      0|  0|  13|          16|           1|
    |icmp_ln1494_13_fu_518_p2  |   icmp   |      0|  0|  13|          16|           1|
    |icmp_ln1494_14_fu_536_p2  |   icmp   |      0|  0|  13|          16|           1|
    |icmp_ln1494_15_fu_554_p2  |   icmp   |      0|  0|  13|          16|           1|
    |icmp_ln1494_16_fu_572_p2  |   icmp   |      0|  0|  13|          16|           1|
    |icmp_ln1494_17_fu_590_p2  |   icmp   |      0|  0|  13|          16|           1|
    |icmp_ln1494_18_fu_608_p2  |   icmp   |      0|  0|  13|          16|           1|
    |icmp_ln1494_19_fu_626_p2  |   icmp   |      0|  0|  13|          16|           1|
    |icmp_ln1494_1_fu_302_p2   |   icmp   |      0|  0|  13|          16|           1|
    |icmp_ln1494_20_fu_644_p2  |   icmp   |      0|  0|  13|          16|           1|
    |icmp_ln1494_21_fu_662_p2  |   icmp   |      0|  0|  13|          16|           1|
    |icmp_ln1494_22_fu_680_p2  |   icmp   |      0|  0|  13|          16|           1|
    |icmp_ln1494_23_fu_698_p2  |   icmp   |      0|  0|  13|          16|           1|
    |icmp_ln1494_24_fu_716_p2  |   icmp   |      0|  0|  13|          16|           1|
    |icmp_ln1494_25_fu_734_p2  |   icmp   |      0|  0|  13|          16|           1|
    |icmp_ln1494_26_fu_752_p2  |   icmp   |      0|  0|  13|          16|           1|
    |icmp_ln1494_27_fu_770_p2  |   icmp   |      0|  0|  13|          16|           1|
    |icmp_ln1494_28_fu_788_p2  |   icmp   |      0|  0|  13|          16|           1|
    |icmp_ln1494_29_fu_806_p2  |   icmp   |      0|  0|  13|          16|           1|
    |icmp_ln1494_2_fu_320_p2   |   icmp   |      0|  0|  13|          16|           1|
    |icmp_ln1494_30_fu_824_p2  |   icmp   |      0|  0|  13|          16|           1|
    |icmp_ln1494_31_fu_842_p2  |   icmp   |      0|  0|  13|          16|           1|
    |icmp_ln1494_3_fu_338_p2   |   icmp   |      0|  0|  13|          16|           1|
    |icmp_ln1494_4_fu_356_p2   |   icmp   |      0|  0|  13|          16|           1|
    |icmp_ln1494_5_fu_374_p2   |   icmp   |      0|  0|  13|          16|           1|
    |icmp_ln1494_6_fu_392_p2   |   icmp   |      0|  0|  13|          16|           1|
    |icmp_ln1494_7_fu_410_p2   |   icmp   |      0|  0|  13|          16|           1|
    |icmp_ln1494_8_fu_428_p2   |   icmp   |      0|  0|  13|          16|           1|
    |icmp_ln1494_9_fu_446_p2   |   icmp   |      0|  0|  13|          16|           1|
    |icmp_ln1494_fu_284_p2     |   icmp   |      0|  0|  13|          16|           1|
    |ap_block_state1           |    or    |      0|  0|   2|           1|           1|
    |select_ln81_10_fu_470_p3  |  select  |      0|  0|  15|           1|          15|
    |select_ln81_11_fu_488_p3  |  select  |      0|  0|  15|           1|          15|
    |select_ln81_12_fu_506_p3  |  select  |      0|  0|  15|           1|          15|
    |select_ln81_13_fu_524_p3  |  select  |      0|  0|  15|           1|          15|
    |select_ln81_14_fu_542_p3  |  select  |      0|  0|  15|           1|          15|
    |select_ln81_15_fu_560_p3  |  select  |      0|  0|  15|           1|          15|
    |select_ln81_16_fu_578_p3  |  select  |      0|  0|  15|           1|          15|
    |select_ln81_17_fu_596_p3  |  select  |      0|  0|  15|           1|          15|
    |select_ln81_18_fu_614_p3  |  select  |      0|  0|  15|           1|          15|
    |select_ln81_19_fu_632_p3  |  select  |      0|  0|  15|           1|          15|
    |select_ln81_1_fu_308_p3   |  select  |      0|  0|  15|           1|          15|
    |select_ln81_20_fu_650_p3  |  select  |      0|  0|  15|           1|          15|
    |select_ln81_21_fu_668_p3  |  select  |      0|  0|  15|           1|          15|
    |select_ln81_22_fu_686_p3  |  select  |      0|  0|  15|           1|          15|
    |select_ln81_23_fu_704_p3  |  select  |      0|  0|  15|           1|          15|
    |select_ln81_24_fu_722_p3  |  select  |      0|  0|  15|           1|          15|
    |select_ln81_25_fu_740_p3  |  select  |      0|  0|  15|           1|          15|
    |select_ln81_26_fu_758_p3  |  select  |      0|  0|  15|           1|          15|
    |select_ln81_27_fu_776_p3  |  select  |      0|  0|  15|           1|          15|
    |select_ln81_28_fu_794_p3  |  select  |      0|  0|  15|           1|          15|
    |select_ln81_29_fu_812_p3  |  select  |      0|  0|  15|           1|          15|
    |select_ln81_2_fu_326_p3   |  select  |      0|  0|  15|           1|          15|
    |select_ln81_30_fu_830_p3  |  select  |      0|  0|  15|           1|          15|
    |select_ln81_31_fu_848_p3  |  select  |      0|  0|  15|           1|          15|
    |select_ln81_3_fu_344_p3   |  select  |      0|  0|  15|           1|          15|
    |select_ln81_4_fu_362_p3   |  select  |      0|  0|  15|           1|          15|
    |select_ln81_5_fu_380_p3   |  select  |      0|  0|  15|           1|          15|
    |select_ln81_6_fu_398_p3   |  select  |      0|  0|  15|           1|          15|
    |select_ln81_7_fu_416_p3   |  select  |      0|  0|  15|           1|          15|
    |select_ln81_8_fu_434_p3   |  select  |      0|  0|  15|           1|          15|
    |select_ln81_9_fu_452_p3   |  select  |      0|  0|  15|           1|          15|
    |select_ln81_fu_290_p3     |  select  |      0|  0|  15|           1|          15|
    +--------------------------+----------+-------+---+----+------------+------------+
    |Total                     |          |      0|  0| 898|         545|         513|
    +--------------------------+----------+-------+---+----+------------+------------+

    * Multiplexer: 
    +--------------+----+-----------+-----+-----------+
    |     Name     | LUT| Input Size| Bits| Total Bits|
    +--------------+----+-----------+-----+-----------+
    |ap_done       |   9|          2|    1|          2|
    |ap_return_0   |   9|          2|   15|         30|
    |ap_return_1   |   9|          2|   15|         30|
    |ap_return_10  |   9|          2|   15|         30|
    |ap_return_11  |   9|          2|   15|         30|
    |ap_return_12  |   9|          2|   15|         30|
    |ap_return_13  |   9|          2|   15|         30|
    |ap_return_14  |   9|          2|   15|         30|
    |ap_return_15  |   9|          2|   15|         30|
    |ap_return_16  |   9|          2|   15|         30|
    |ap_return_17  |   9|          2|   15|         30|
    |ap_return_18  |   9|          2|   15|         30|
    |ap_return_19  |   9|          2|   15|         30|
    |ap_return_2   |   9|          2|   15|         30|
    |ap_return_20  |   9|          2|   15|         30|
    |ap_return_21  |   9|          2|   15|         30|
    |ap_return_22  |   9|          2|   15|         30|
    |ap_return_23  |   9|          2|   15|         30|
    |ap_return_24  |   9|          2|   15|         30|
    |ap_return_25  |   9|          2|   15|         30|
    |ap_return_26  |   9|          2|   15|         30|
    |ap_return_27  |   9|          2|   15|         30|
    |ap_return_28  |   9|          2|   15|         30|
    |ap_return_29  |   9|          2|   15|         30|
    |ap_return_3   |   9|          2|   15|         30|
    |ap_return_30  |   9|          2|   15|         30|
    |ap_return_31  |   9|          2|   15|         30|
    |ap_return_4   |   9|          2|   15|         30|
    |ap_return_5   |   9|          2|   15|         30|
    |ap_return_6   |   9|          2|   15|         30|
    |ap_return_7   |   9|          2|   15|         30|
    |ap_return_8   |   9|          2|   15|         30|
    |ap_return_9   |   9|          2|   15|         30|
    +--------------+----+-----------+-----+-----------+
    |Total         | 297|         66|  481|        962|
    +--------------+----+-----------+-----+-----------+

    * Register: 
    +-------------------+----+----+-----+-----------+
    |        Name       | FF | LUT| Bits| Const Bits|
    +-------------------+----+----+-----+-----------+
    |ap_CS_fsm          |   1|   0|    1|          0|
    |ap_done_reg        |   1|   0|    1|          0|
    |ap_return_0_preg   |  15|   0|   15|          0|
    |ap_return_10_preg  |  15|   0|   15|          0|
    |ap_return_11_preg  |  15|   0|   15|          0|
    |ap_return_12_preg  |  15|   0|   15|          0|
    |ap_return_13_preg  |  15|   0|   15|          0|
    |ap_return_14_preg  |  15|   0|   15|          0|
    |ap_return_15_preg  |  15|   0|   15|          0|
    |ap_return_16_preg  |  15|   0|   15|          0|
    |ap_return_17_preg  |  15|   0|   15|          0|
    |ap_return_18_preg  |  15|   0|   15|          0|
    |ap_return_19_preg  |  15|   0|   15|          0|
    |ap_return_1_preg   |  15|   0|   15|          0|
    |ap_return_20_preg  |  15|   0|   15|          0|
    |ap_return_21_preg  |  15|   0|   15|          0|
    |ap_return_22_preg  |  15|   0|   15|          0|
    |ap_return_23_preg  |  15|   0|   15|          0|
    |ap_return_24_preg  |  15|   0|   15|          0|
    |ap_return_25_preg  |  15|   0|   15|          0|
    |ap_return_26_preg  |  15|   0|   15|          0|
    |ap_return_27_preg  |  15|   0|   15|          0|
    |ap_return_28_preg  |  15|   0|   15|          0|
    |ap_return_29_preg  |  15|   0|   15|          0|
    |ap_return_2_preg   |  15|   0|   15|          0|
    |ap_return_30_preg  |  15|   0|   15|          0|
    |ap_return_31_preg  |  15|   0|   15|          0|
    |ap_return_3_preg   |  15|   0|   15|          0|
    |ap_return_4_preg   |  15|   0|   15|          0|
    |ap_return_5_preg   |  15|   0|   15|          0|
    |ap_return_6_preg   |  15|   0|   15|          0|
    |ap_return_7_preg   |  15|   0|   15|          0|
    |ap_return_8_preg   |  15|   0|   15|          0|
    |ap_return_9_preg   |  15|   0|   15|          0|
    +-------------------+----+----+-----+-----------+
    |Total              | 482|   0|  482|          0|
    +-------------------+----+----+-----+-----------+



================================================================
== Interface
================================================================
* Summary: 
+----------------+-----+-----+------------+--------------------------------------------------+--------------+
|    RTL Ports   | Dir | Bits|  Protocol  |                   Source Object                  |    C Type    |
+----------------+-----+-----+------------+--------------------------------------------------+--------------+
|ap_clk          |  in |    1| ap_ctrl_hs | relu<ap_fixed,ap_fixed<16,6,0,0,0>,relu_config7> | return value |
|ap_rst          |  in |    1| ap_ctrl_hs | relu<ap_fixed,ap_fixed<16,6,0,0,0>,relu_config7> | return value |
|ap_start        |  in |    1| ap_ctrl_hs | relu<ap_fixed,ap_fixed<16,6,0,0,0>,relu_config7> | return value |
|ap_done         | out |    1| ap_ctrl_hs | relu<ap_fixed,ap_fixed<16,6,0,0,0>,relu_config7> | return value |
|ap_continue     |  in |    1| ap_ctrl_hs | relu<ap_fixed,ap_fixed<16,6,0,0,0>,relu_config7> | return value |
|ap_idle         | out |    1| ap_ctrl_hs | relu<ap_fixed,ap_fixed<16,6,0,0,0>,relu_config7> | return value |
|ap_ready        | out |    1| ap_ctrl_hs | relu<ap_fixed,ap_fixed<16,6,0,0,0>,relu_config7> | return value |
|ap_return_0     | out |   15| ap_ctrl_hs | relu<ap_fixed,ap_fixed<16,6,0,0,0>,relu_config7> | return value |
|ap_return_1     | out |   15| ap_ctrl_hs | relu<ap_fixed,ap_fixed<16,6,0,0,0>,relu_config7> | return value |
|ap_return_2     | out |   15| ap_ctrl_hs | relu<ap_fixed,ap_fixed<16,6,0,0,0>,relu_config7> | return value |
|ap_return_3     | out |   15| ap_ctrl_hs | relu<ap_fixed,ap_fixed<16,6,0,0,0>,relu_config7> | return value |
|ap_return_4     | out |   15| ap_ctrl_hs | relu<ap_fixed,ap_fixed<16,6,0,0,0>,relu_config7> | return value |
|ap_return_5     | out |   15| ap_ctrl_hs | relu<ap_fixed,ap_fixed<16,6,0,0,0>,relu_config7> | return value |
|ap_return_6     | out |   15| ap_ctrl_hs | relu<ap_fixed,ap_fixed<16,6,0,0,0>,relu_config7> | return value |
|ap_return_7     | out |   15| ap_ctrl_hs | relu<ap_fixed,ap_fixed<16,6,0,0,0>,relu_config7> | return value |
|ap_return_8     | out |   15| ap_ctrl_hs | relu<ap_fixed,ap_fixed<16,6,0,0,0>,relu_config7> | return value |
|ap_return_9     | out |   15| ap_ctrl_hs | relu<ap_fixed,ap_fixed<16,6,0,0,0>,relu_config7> | return value |
|ap_return_10    | out |   15| ap_ctrl_hs | relu<ap_fixed,ap_fixed<16,6,0,0,0>,relu_config7> | return value |
|ap_return_11    | out |   15| ap_ctrl_hs | relu<ap_fixed,ap_fixed<16,6,0,0,0>,relu_config7> | return value |
|ap_return_12    | out |   15| ap_ctrl_hs | relu<ap_fixed,ap_fixed<16,6,0,0,0>,relu_config7> | return value |
|ap_return_13    | out |   15| ap_ctrl_hs | relu<ap_fixed,ap_fixed<16,6,0,0,0>,relu_config7> | return value |
|ap_return_14    | out |   15| ap_ctrl_hs | relu<ap_fixed,ap_fixed<16,6,0,0,0>,relu_config7> | return value |
|ap_return_15    | out |   15| ap_ctrl_hs | relu<ap_fixed,ap_fixed<16,6,0,0,0>,relu_config7> | return value |
|ap_return_16    | out |   15| ap_ctrl_hs | relu<ap_fixed,ap_fixed<16,6,0,0,0>,relu_config7> | return value |
|ap_return_17    | out |   15| ap_ctrl_hs | relu<ap_fixed,ap_fixed<16,6,0,0,0>,relu_config7> | return value |
|ap_return_18    | out |   15| ap_ctrl_hs | relu<ap_fixed,ap_fixed<16,6,0,0,0>,relu_config7> | return value |
|ap_return_19    | out |   15| ap_ctrl_hs | relu<ap_fixed,ap_fixed<16,6,0,0,0>,relu_config7> | return value |
|ap_return_20    | out |   15| ap_ctrl_hs | relu<ap_fixed,ap_fixed<16,6,0,0,0>,relu_config7> | return value |
|ap_return_21    | out |   15| ap_ctrl_hs | relu<ap_fixed,ap_fixed<16,6,0,0,0>,relu_config7> | return value |
|ap_return_22    | out |   15| ap_ctrl_hs | relu<ap_fixed,ap_fixed<16,6,0,0,0>,relu_config7> | return value |
|ap_return_23    | out |   15| ap_ctrl_hs | relu<ap_fixed,ap_fixed<16,6,0,0,0>,relu_config7> | return value |
|ap_return_24    | out |   15| ap_ctrl_hs | relu<ap_fixed,ap_fixed<16,6,0,0,0>,relu_config7> | return value |
|ap_return_25    | out |   15| ap_ctrl_hs | relu<ap_fixed,ap_fixed<16,6,0,0,0>,relu_config7> | return value |
|ap_return_26    | out |   15| ap_ctrl_hs | relu<ap_fixed,ap_fixed<16,6,0,0,0>,relu_config7> | return value |
|ap_return_27    | out |   15| ap_ctrl_hs | relu<ap_fixed,ap_fixed<16,6,0,0,0>,relu_config7> | return value |
|ap_return_28    | out |   15| ap_ctrl_hs | relu<ap_fixed,ap_fixed<16,6,0,0,0>,relu_config7> | return value |
|ap_return_29    | out |   15| ap_ctrl_hs | relu<ap_fixed,ap_fixed<16,6,0,0,0>,relu_config7> | return value |
|ap_return_30    | out |   15| ap_ctrl_hs | relu<ap_fixed,ap_fixed<16,6,0,0,0>,relu_config7> | return value |
|ap_return_31    | out |   15| ap_ctrl_hs | relu<ap_fixed,ap_fixed<16,6,0,0,0>,relu_config7> | return value |
|data_0_V_read   |  in |   16|   ap_none  |                   data_0_V_read                  |    scalar    |
|data_1_V_read   |  in |   16|   ap_none  |                   data_1_V_read                  |    scalar    |
|data_2_V_read   |  in |   16|   ap_none  |                   data_2_V_read                  |    scalar    |
|data_3_V_read   |  in |   16|   ap_none  |                   data_3_V_read                  |    scalar    |
|data_4_V_read   |  in |   16|   ap_none  |                   data_4_V_read                  |    scalar    |
|data_5_V_read   |  in |   16|   ap_none  |                   data_5_V_read                  |    scalar    |
|data_6_V_read   |  in |   16|   ap_none  |                   data_6_V_read                  |    scalar    |
|data_7_V_read   |  in |   16|   ap_none  |                   data_7_V_read                  |    scalar    |
|data_8_V_read   |  in |   16|   ap_none  |                   data_8_V_read                  |    scalar    |
|data_9_V_read   |  in |   16|   ap_none  |                   data_9_V_read                  |    scalar    |
|data_10_V_read  |  in |   16|   ap_none  |                  data_10_V_read                  |    scalar    |
|data_11_V_read  |  in |   16|   ap_none  |                  data_11_V_read                  |    scalar    |
|data_12_V_read  |  in |   16|   ap_none  |                  data_12_V_read                  |    scalar    |
|data_13_V_read  |  in |   16|   ap_none  |                  data_13_V_read                  |    scalar    |
|data_14_V_read  |  in |   16|   ap_none  |                  data_14_V_read                  |    scalar    |
|data_15_V_read  |  in |   16|   ap_none  |                  data_15_V_read                  |    scalar    |
|data_16_V_read  |  in |   16|   ap_none  |                  data_16_V_read                  |    scalar    |
|data_17_V_read  |  in |   16|   ap_none  |                  data_17_V_read                  |    scalar    |
|data_18_V_read  |  in |   16|   ap_none  |                  data_18_V_read                  |    scalar    |
|data_19_V_read  |  in |   16|   ap_none  |                  data_19_V_read                  |    scalar    |
|data_20_V_read  |  in |   16|   ap_none  |                  data_20_V_read                  |    scalar    |
|data_21_V_read  |  in |   16|   ap_none  |                  data_21_V_read                  |    scalar    |
|data_22_V_read  |  in |   16|   ap_none  |                  data_22_V_read                  |    scalar    |
|data_23_V_read  |  in |   16|   ap_none  |                  data_23_V_read                  |    scalar    |
|data_24_V_read  |  in |   16|   ap_none  |                  data_24_V_read                  |    scalar    |
|data_25_V_read  |  in |   16|   ap_none  |                  data_25_V_read                  |    scalar    |
|data_26_V_read  |  in |   16|   ap_none  |                  data_26_V_read                  |    scalar    |
|data_27_V_read  |  in |   16|   ap_none  |                  data_27_V_read                  |    scalar    |
|data_28_V_read  |  in |   16|   ap_none  |                  data_28_V_read                  |    scalar    |
|data_29_V_read  |  in |   16|   ap_none  |                  data_29_V_read                  |    scalar    |
|data_30_V_read  |  in |   16|   ap_none  |                  data_30_V_read                  |    scalar    |
|data_31_V_read  |  in |   16|   ap_none  |                  data_31_V_read                  |    scalar    |
+----------------+-----+-----+------------+--------------------------------------------------+--------------+

