0.6921886801719666 0.6995633840560913
0.692036509513855 0.6994463205337524
0.6919252276420593 0.6996973156929016
0.6919340491294861 0.6992791295051575
0.6917511224746704 0.6993085145950317
0.6917355060577393 0.6988908648490906
0.6915827393531799 0.6991583704948425
0.6914517283439636 0.6989393830299377
0.6913569569587708 0.6991278529167175
0.6912845969200134 0.6987539529800415
0.6912514567375183 0.6985655426979065
0.691210925579071 0.6987684369087219
0.6910637021064758 0.69804847240448
0.6909785270690918 0.6989212036132812
0.6909297704696655 0.6980634927749634
0.6907724142074585 0.698035717010498
0.6907150745391846 0.6979368329048157
0.6906709671020508 0.6977401375770569
0.6906346082687378 0.6981604099273682
0.6904385089874268 0.6976648569107056
0.6904283761978149 0.6978195905685425
0.6903399229049683 0.697525143623352
0.6902236938476562 0.6978152990341187
0.6901170015335083 0.6976059675216675
0.6900997757911682 0.6976572871208191
0.6900733113288879 0.697792112827301
0.689886748790741 0.6974153518676758
0.6898065209388733 0.6976521015167236
0.6898138523101807 0.697184145450592
0.6897459626197815 0.6970098614692688
0.6896814703941345 0.6972212791442871
0.6895099878311157 0.6968669891357422
0.6894605755805969 0.6968414187431335
0.6893914341926575 0.6964779496192932
0.6893459558486938 0.6968691349029541
0.6891897320747375 0.6966238021850586
0.6893368363380432 0.697094202041626
0.6891530156135559 0.696239173412323
0.689015805721283 0.6961176991462708
0.6890367269515991 0.6966686248779297
0.6888797879219055 0.6962010264396667
0.6888363361358643 0.696635365486145
0.6886652708053589 0.6962575912475586
0.6886918544769287 0.6961765289306641
0.6886003017425537 0.6961088180541992
0.688528835773468 0.6967736482620239
0.6884036660194397 0.6961987018585205
0.6884453892707825 0.6959079504013062
0.6884058713912964 0.6955941319465637
0.6882351040840149 0.6965226531028748
0.6882820725440979 0.6957514882087708
0.6880986094474792 0.6964774131774902
0.6880479454994202 0.6959648728370667
0.6879766583442688 0.6954114437103271
0.6879361271858215 0.6951149106025696
0.6878606677055359 0.6968211531639099
0.687791645526886 0.6952517628669739
0.6877379417419434 0.6957941651344299
0.6875903606414795 0.696201503276825
0.68758624792099 0.6949782371520996
0.6874635815620422 0.6954277753829956
0.687465488910675 0.6951281428337097
0.6874769926071167 0.6948303580284119
0.6872836947441101 0.6948238015174866
0.6872164011001587 0.6949162483215332
0.6871822476387024 0.6945396065711975
0.6870603561401367 0.6947475075721741
0.6870419383049011 0.694621205329895
0.6870137453079224 0.6946319937705994
0.6869126558303833 0.694850742816925
0.6869052052497864 0.6945825219154358
0.6867771744728088 0.6950658559799194
0.6867245435714722 0.6943451166152954
0.6867164969444275 0.6946675181388855
0.6866392493247986 0.6941894888877869
0.6866587400436401 0.6944609880447388
0.6864315271377563 0.6945360898971558
0.6863609552383423 0.6942680478096008
0.6864063143730164 0.6936801671981812
0.6862423419952393 0.6944847702980042
0.6863279342651367 0.6937780380249023
0.6861512660980225 0.6935917735099792
0.6860640645027161 0.6936402320861816
0.6861693859100342 0.6938056945800781
0.6860289573669434 0.6939054131507874
0.6859897971153259 0.6939719915390015
0.6859049201011658 0.6934225559234619
0.6857744455337524 0.6936972141265869
0.6858005523681641 0.6933337450027466
0.6856836676597595 0.6938866972923279
0.6857473850250244 0.6935997009277344
0.6855069994926453 0.6935744285583496
0.6856046915054321 0.6932234168052673
0.6854602694511414 0.6934208869934082
0.6854318380355835 0.693123996257782
0.6853752732276917 0.6929343342781067
0.6852473020553589 0.693112313747406
0.6852541565895081 0.6934558749198914
0.6851646304130554 0.6930674314498901
0.6851457357406616 0.6931791305541992
